#
# A fatal error has been detected by the Java Runtime Environment:
#
#  SIGSEGV (0xb) at pc=0xa726125e, pid=13366, tid=0x5c4aeb40
#
# JRE version: Java(TM) SE Runtime Environment (8.0_144-b01) (build 1.8.0_144-b01)
# Java VM: Java HotSpot(TM) Server VM (25.144-b01 mixed mode linux-x86 )
# Problematic frame:
# j  java.lang.AbstractStringBuilder.append(Ljava/lang/String;)Ljava/lang/AbstractStringBuilder;+10
#
# Failed to write core dump. Core dumps have been disabled. To enable core dumping, try "ulimit -c unlimited" before starting Java again
#
# If you would like to submit a bug report, please visit:
#   http://bugreport.java.com/bugreport/crash.jsp
#

---------------  T H R E A D  ---------------

Current thread (0x5c50c800):  JavaThread "JavaFX Application Thread" [_thread_in_Java, id=13397, stack(0x5c45e000,0x5c4af000)]

siginfo: si_signo: 11 (SIGSEGV), si_code: 1 (SEGV_MAPERR), si_addr: 0x31302e31

Registers:
EAX=0x00100000, EBX=0x647233e8, ECX=0x31302e31, EDX=0x40500001
ESP=0x5c4aceac, EBP=0x5c4aced4, ESI=0x64779252, EDI=0x5c4acee4
EIP=0xa726125e, EFLAGS=0x00010206, CR2=0x31302e31

Top of Stack: (sp=0x5c4aceac)
0x5c4aceac:   a7243b80 31302e31 5c4aceb4 64779252
0x5c4acebc:   5c4acee4 647f7530 648c6a10 64779288
0x5c4acecc:   00000000 5c4acee0 5c4acf08 a7243e54
0x5c4acedc:   00000000 31302e31 928c2af0 5c4acee8
0x5c4aceec:   6477bdba 5c4acf14 647f7978 648c6918
0x5c4acefc:   6477bdc8 5c4acee0 5c4acf10 5c4acf3c
0x5c4acf0c:   a7243e54 31302e31 928c2af0 92880690
0x5c4acf1c:   5c4acf1c 64946511 5c4acf58 64947970 

Instructions: (pc=0xa726125e)
0xa726123e:   8b f2 c1 ea 1c 8b 14 95 a0 52 0d b7 52 8b d6 8b
0xa726124e:   75 e4 8b c2 81 e0 00 00 10 00 0f 84 33 01 00 00
0xa726125e:   3b 01 8b 45 f0 85 c0 0f 84 0e 00 00 00 83 40 04
0xa726126e:   01 83 58 04 00 83 c0 18 89 45 f0 8b 45 f0 85 c0 

Register to memory mapping:

EAX=0x00100000 is an unknown value
EBX={method} {0x647233e8} 'length' '()I' in 'java/lang/String'
ECX=0x31302e31 is an unknown value
EDX=0x40500001 is an unknown value
ESP=0x5c4aceac is pointing into the stack for thread: 0x5c50c800
EBP=0x5c4aced4 is pointing into the stack for thread: 0x5c50c800
ESI=0x64779252 is pointing into metadata
EDI=0x5c4acee4 is pointing into the stack for thread: 0x5c50c800


Stack: [0x5c45e000,0x5c4af000],  sp=0x5c4aceac,  free space=315k
Native frames: (J=compiled Java code, j=interpreted, Vv=VM code, C=native code)
j  java.lang.AbstractStringBuilder.append(Ljava/lang/String;)Ljava/lang/AbstractStringBuilder;+10
j  java.lang.StringBuilder.append(Ljava/lang/String;)Ljava/lang/StringBuilder;+2
j  xprojectcam.main.Main.start(Ljavafx/stage/Stage;)V+25
j  com.sun.javafx.application.LauncherImpl.lambda$launchApplication1$162(Ljava/util/concurrent/atomic/AtomicBoolean;Ljavafx/application/Application;)V+20
j  com.sun.javafx.application.LauncherImpl$$Lambda$59.run()V+8
j  com.sun.javafx.application.PlatformImpl.lambda$runAndWait$175(Ljava/lang/Runnable;Ljava/util/concurrent/CountDownLatch;)V+1
j  com.sun.javafx.application.PlatformImpl$$Lambda$51.run()V+8
j  com.sun.javafx.application.PlatformImpl.lambda$null$173(Ljava/lang/Runnable;)Ljava/lang/Void;+1
j  com.sun.javafx.application.PlatformImpl$$Lambda$54.run()Ljava/lang/Object;+4
v  ~StubRoutines::call_stub
V  [libjvm.so+0x503b2f]  JavaCalls::call_helper(JavaValue*, methodHandle*, JavaCallArguments*, Thread*)+0x101f
V  [libjvm.so+0x756ef9]  os::os_exception_wrapper(void (*)(JavaValue*, methodHandle*, JavaCallArguments*, Thread*), JavaValue*, methodHandle*, JavaCallArguments*, Thread*)+0x19
V  [libjvm.so+0x5020ff]  JavaCalls::call(JavaValue*, methodHandle, JavaCallArguments*, Thread*)+0x2f
V  [libjvm.so+0x585630]  JVM_DoPrivileged+0x2a0
C  [libjava.so+0x9fca]  Java_java_security_AccessController_doPrivileged__Ljava_security_PrivilegedAction_2Ljava_security_AccessControlContext_2+0x3a
j  java.security.AccessController.doPrivileged(Ljava/security/PrivilegedAction;Ljava/security/AccessControlContext;)Ljava/lang/Object;+0
j  com.sun.javafx.application.PlatformImpl.lambda$runLater$174(Ljava/lang/Runnable;Ljava/security/AccessControlContext;)V+7
j  com.sun.javafx.application.PlatformImpl$$Lambda$52.run()V+8
j  com.sun.glass.ui.InvokeLaterDispatcher$Future.run()V+4
v  ~StubRoutines::call_stub
V  [libjvm.so+0x503b2f]  JavaCalls::call_helper(JavaValue*, methodHandle*, JavaCallArguments*, Thread*)+0x101f
V  [libjvm.so+0x756ef9]  os::os_exception_wrapper(void (*)(JavaValue*, methodHandle*, JavaCallArguments*, Thread*), JavaValue*, methodHandle*, JavaCallArguments*, Thread*)+0x19
V  [libjvm.so+0x5020ff]  JavaCalls::call(JavaValue*, methodHandle, JavaCallArguments*, Thread*)+0x2f
V  [libjvm.so+0x5467b1]  jni_invoke_nonstatic(JNIEnv_*, JavaValue*, _jobject*, JNICallType, _jmethodID*, JNI_ArgumentPusher*, Thread*)+0x441
V  [libjvm.so+0x5491e1]  jni_CallVoidMethodV+0xe1
C  [libglass.so+0x12ffc]  JNIEnv_::CallVoidMethod(_jobject*, _jmethodID*, ...)+0x1c
C  [libglass.so+0x1dad0]  call_runnable(void*)+0x30
C  [libgdk-x11-2.0.so.0+0x150a0]


---------------  P R O C E S S  ---------------

Java Threads: ( => current thread )
  0x5c513800 JavaThread "JavaFX-Launcher" [_thread_blocked, id=13398, stack(0x5c40d000,0x5c45e000)]
=>0x5c50c800 JavaThread "JavaFX Application Thread" [_thread_in_Java, id=13397, stack(0x5c45e000,0x5c4af000)]
  0x5c507000 JavaThread "Thread-1" daemon [_thread_blocked, id=13396, stack(0x5c4af000,0x5c500000)]
  0x63a99400 JavaThread "QuantumRenderer-0" daemon [_thread_blocked, id=13391, stack(0x63baf000,0x63c00000)]
  0x644be800 JavaThread "Service Thread" daemon [_thread_blocked, id=13389, stack(0x63e2c000,0x63e7d000)]
  0x644b2800 JavaThread "C1 CompilerThread2" daemon [_thread_blocked, id=13388, stack(0x63e7d000,0x63efe000)]
  0x644b1400 JavaThread "C2 CompilerThread1" daemon [_thread_blocked, id=13387, stack(0x63efe000,0x63f7f000)]
  0x644af400 JavaThread "C2 CompilerThread0" daemon [_thread_blocked, id=13386, stack(0x63f7f000,0x64000000)]
  0x64200800 JavaThread "JDWP Command Reader" daemon [_thread_in_native, id=13381, stack(0x6410d000,0x6415e000)]
  0x644adc00 JavaThread "JDWP Event Helper Thread" daemon [_thread_blocked, id=13380, stack(0x6415e000,0x641af000)]
  0x644aa400 JavaThread "JDWP Transport Listener: dt_socket" daemon [_thread_blocked, id=13379, stack(0x641af000,0x64200000)]
  0x644a2000 JavaThread "Signal Dispatcher" daemon [_thread_blocked, id=13378, stack(0x6432e000,0x6437f000)]
  0x64488000 JavaThread "Finalizer" daemon [_thread_blocked, id=13377, stack(0x6702e000,0x6707f000)]
  0x64485400 JavaThread "Reference Handler" daemon [_thread_blocked, id=13376, stack(0x6722e000,0x6727f000)]
  0xb6508c00 JavaThread "main" [_thread_blocked, id=13368, stack(0xb661b000,0xb666c000)]

Other Threads:
  0x64480c00 VMThread [stack: 0x6437f000,0x64400000] [id=13375]
  0x644c0c00 WatcherThread [stack: 0x63dab000,0x63e2c000] [id=13390]

VM state:not at safepoint (normal execution)

VM Mutex/Monitor currently owned by a thread: None

Heap:
 PSYoungGen      total 19200K, used 12502K [0x91cc0000, 0x93200000, 0xa6e00000)
  eden space 16640K, 75% used [0x91cc0000,0x928f5ac8,0x92d00000)
  from space 2560K, 0% used [0x92f80000,0x92f80000,0x93200000)
  to   space 2560K, 0% used [0x92d00000,0x92d00000,0x92f80000)
 ParOldGen       total 43776K, used 0K [0x67a00000, 0x6a4c0000, 0x91cc0000)
  object space 43776K, 0% used [0x67a00000,0x67a00000,0x6a4c0000)
 Metaspace       used 5373K, capacity 5680K, committed 5784K, reserved 6448K

Card table byte_map: [0x67805000,0x67a00000] byte_map_base: 0x674c8000

Marking Bits: (ParMarkBitMap*) 0xb70d39c0
 Begin Bits: [0x64f60000, 0x65f30000)
 End Bits:   [0x65f30000, 0x66f00000)

Polling page: 0xb76e5000

CodeCache: size=245760Kb used=1813Kb max_used=1813Kb free=243946Kb
 bounds [0xa723f000, 0xa747f000, 0xb623f000]
 total_blobs=819 nmethods=564 adapters=177
 compilation: enabled

Compilation events (10 events):
Event: 1.249 Thread 0x644b2800  560       3       java.lang.invoke.MethodType$ConcurrentWeakInternSet::add (66 bytes)
Event: 1.250 Thread 0x644b2800 nmethod 560 0xa7401c48 code [0xa7401e60, 0xa740293c]
Event: 1.250 Thread 0x644b2800  561       3       sun.invoke.util.VerifyAccess::isClassAccessible (66 bytes)
Event: 1.251 Thread 0x644b2800 nmethod 561 0xa7403008 code [0xa7403180, 0xa740365c]
Event: 1.251 Thread 0x644b2800  562       3       sun.invoke.util.VerifyAccess::getClassModifiers (24 bytes)
Event: 1.251 Thread 0x644b2800 nmethod 562 0xa7403848 code [0xa7403980, 0xa7403c70]
Event: 1.254 Thread 0x644b2800  563       3       java.lang.invoke.MemberName::getType (19 bytes)
Event: 1.255 Thread 0x644b2800 nmethod 563 0xa7403f08 code [0xa7404060, 0xa7404478]
Event: 1.255 Thread 0x644b2800  564       3       java.lang.invoke.LambdaForm::uncustomize (58 bytes)
Event: 1.255 Thread 0x644b2800 nmethod 564 0xa74045c8 code [0xa74046e0, 0xa74048c0]

GC Heap History (0 events):
No events

Deoptimization events (5 events):
Event: 1.157 Thread 0x5c50c800 Uncommon trap: reason=unstable_if action=reinterpret pc=0xa735a738 method=java.lang.String.replace(CC)Ljava/lang/String; @ 26
Event: 1.158 Thread 0x5c50c800 Uncommon trap: reason=unstable_if action=reinterpret pc=0xa737ca9c method=java.lang.String.indexOf([CII[CIII)I @ 134
Event: 1.195 Thread 0x5c50c800 Uncommon trap: reason=unstable_if action=reinterpret pc=0xa73d6ef8 method=java.io.BufferedInputStream.read()I @ 8
Event: 1.226 Thread 0x5c50c800 Uncommon trap: reason=unstable_if action=reinterpret pc=0xa73e7d70 method=java.util.HashMap.getNode(ILjava/lang/Object;)Ljava/util/HashMap$Node; @ 84
Event: 1.226 Thread 0x5c50c800 Uncommon trap: reason=unstable_if action=reinterpret pc=0xa73ead44 method=java.util.HashMap.getNode(ILjava/lang/Object;)Ljava/util/HashMap$Node; @ 84

Internal exceptions (10 events):
Event: 0.059 Thread 0xb6508c00 Exception <a 'java/lang/NoSuchMethodError': Method sun.misc.Unsafe.prefetchRead(Ljava/lang/Object;J)V name or signature does not match> (0x91cc7160) thrown at [/HUDSON3/workspace/8-2-build-linux-i586/jdk8u144/9417/hotspot/src/share/vm/prims/jni.cpp, line 
Event: 0.570 Thread 0xb6508c00 Exception <a 'java/lang/NoSuchFieldError': method resolution failed> (0x91ecab10) thrown at [/HUDSON3/workspace/8-2-build-linux-i586/jdk8u144/9417/hotspot/src/share/vm/prims/methodHandles.cpp, line 1146]
Event: 0.583 Thread 0xb6508c00 Exception <a 'java/lang/NoSuchFieldError': method resolution failed> (0x91ed6c60) thrown at [/HUDSON3/workspace/8-2-build-linux-i586/jdk8u144/9417/hotspot/src/share/vm/prims/methodHandles.cpp, line 1146]
Event: 0.624 Thread 0xb6508c00 Exception <a 'java/security/PrivilegedActionException'> (0x91f55030) thrown at [/HUDSON3/workspace/8-2-build-linux-i586/jdk8u144/9417/hotspot/src/share/vm/prims/jvm.cpp, line 1390]
Event: 0.624 Thread 0xb6508c00 Exception <a 'java/security/PrivilegedActionException'> (0x91f55230) thrown at [/HUDSON3/workspace/8-2-build-linux-i586/jdk8u144/9417/hotspot/src/share/vm/prims/jvm.cpp, line 1390]
Event: 0.625 Thread 0xb6508c00 Exception <a 'java/security/PrivilegedActionException'> (0x91f57438) thrown at [/HUDSON3/workspace/8-2-build-linux-i586/jdk8u144/9417/hotspot/src/share/vm/prims/jvm.cpp, line 1390]
Event: 0.625 Thread 0xb6508c00 Exception <a 'java/security/PrivilegedActionException'> (0x91f57638) thrown at [/HUDSON3/workspace/8-2-build-linux-i586/jdk8u144/9417/hotspot/src/share/vm/prims/jvm.cpp, line 1390]
Event: 0.626 Thread 0xb6508c00 Exception <a 'java/lang/NullPointerException'> (0x91f57ba0) thrown at [/HUDSON3/workspace/8-2-build-linux-i586/jdk8u144/9417/hotspot/src/share/vm/interpreter/linkResolver.cpp, line 1197]
Event: 1.117 Thread 0x5c50c800 Exception <a 'java/lang/NullPointerException'> (0x925c9a08) thrown at [/HUDSON3/workspace/8-2-build-linux-i586/jdk8u144/9417/hotspot/src/share/vm/interpreter/linkResolver.cpp, line 1197]
Event: 1.117 Thread 0x5c50c800 Exception <a 'java/lang/NullPointerException'> (0x925c9a08) thrown at [/HUDSON3/workspace/8-2-build-linux-i586/jdk8u144/9417/hotspot/src/share/vm/prims/jvm.cpp, line 1394]

Events (10 events):
Event: 4.242 Executing VM operation: ChangeSingleStep
Event: 4.242 Executing VM operation: ChangeSingleStep done
Event: 4.242 Executing VM operation: ChangeSingleStep
Event: 4.242 Executing VM operation: ChangeSingleStep done
Event: 4.242 Executing VM operation: GetCurrentLocation
Event: 4.242 Executing VM operation: GetCurrentLocation done
Event: 4.242 Executing VM operation: ChangeSingleStep
Event: 4.242 Executing VM operation: ChangeSingleStep done
Event: 4.243 Executing VM operation: ChangeSingleStep
Event: 4.243 Executing VM operation: ChangeSingleStep done


Dynamic libraries:
08048000-08049000 r-xp 00000000 08:01 1341235    /usr/lib/jvm/java-8-oracle/jre/bin/java
08049000-0804a000 rw-p 00000000 08:01 1341235    /usr/lib/jvm/java-8-oracle/jre/bin/java
08f7f000-08fa0000 rw-p 00000000 00:00 0          [heap]
5bfb9000-5c26d000 rw-p 00000000 00:00 0 
5c26d000-5c30d000 ---p 00000000 00:00 0 
5c30d000-5c40d000 rw-p 00000000 00:00 0 
5c40d000-5c410000 ---p 00000000 00:00 0 
5c410000-5c45e000 rw-p 00000000 00:00 0 
5c45e000-5c461000 ---p 00000000 00:00 0 
5c461000-5c4af000 rw-p 00000000 00:00 0 
5c4af000-5c4b2000 ---p 00000000 00:00 0 
5c4b2000-5c500000 rw-p 00000000 00:00 0 
5c500000-5c52b000 rw-p 00000000 00:00 0 
5c52b000-5c600000 ---p 00000000 00:00 0 
5c64a000-5c651000 r-xp 00000000 08:01 1314123    /usr/lib/i386-linux-gnu/libogg.so.0.8.2
5c651000-5c652000 r--p 00006000 08:01 1314123    /usr/lib/i386-linux-gnu/libogg.so.0.8.2
5c652000-5c653000 rw-p 00007000 08:01 1314123    /usr/lib/i386-linux-gnu/libogg.so.0.8.2
5c653000-5c67d000 r-xp 00000000 08:01 1314141    /usr/lib/i386-linux-gnu/libvorbis.so.0.4.8
5c67d000-5c67e000 r--p 00029000 08:01 1314141    /usr/lib/i386-linux-gnu/libvorbis.so.0.4.8
5c67e000-5c67f000 rw-p 0002a000 08:01 1314141    /usr/lib/i386-linux-gnu/libvorbis.so.0.4.8
5c67f000-5c688000 r-xp 00000000 08:01 1325645    /usr/lib/i386-linux-gnu/libltdl.so.7.3.1
5c688000-5c689000 ---p 00009000 08:01 1325645    /usr/lib/i386-linux-gnu/libltdl.so.7.3.1
5c689000-5c68a000 r--p 00009000 08:01 1325645    /usr/lib/i386-linux-gnu/libltdl.so.7.3.1
5c68a000-5c68b000 rw-p 0000a000 08:01 1325645    /usr/lib/i386-linux-gnu/libltdl.so.7.3.1
5c68b000-5c6a2000 r-xp 00000000 08:01 1323436    /usr/lib/i386-linux-gnu/libtdb.so.1.3.8
5c6a2000-5c6a3000 r--p 00016000 08:01 1323436    /usr/lib/i386-linux-gnu/libtdb.so.1.3.8
5c6a3000-5c6a4000 rw-p 00017000 08:01 1323436    /usr/lib/i386-linux-gnu/libtdb.so.1.3.8
5c6a4000-5c6ad000 r-xp 00000000 08:01 1314139    /usr/lib/i386-linux-gnu/libvorbisfile.so.3.3.7
5c6ad000-5c6ae000 r--p 00008000 08:01 1314139    /usr/lib/i386-linux-gnu/libvorbisfile.so.3.3.7
5c6ae000-5c6af000 rw-p 00009000 08:01 1314139    /usr/lib/i386-linux-gnu/libvorbisfile.so.3.3.7
5c6af000-5c6c0000 r-xp 00000000 08:01 1323536    /usr/lib/i386-linux-gnu/libcanberra.so.0.2.5
5c6c0000-5c6c1000 r--p 00010000 08:01 1323536    /usr/lib/i386-linux-gnu/libcanberra.so.0.2.5
5c6c1000-5c6c2000 rw-p 00011000 08:01 1323536    /usr/lib/i386-linux-gnu/libcanberra.so.0.2.5
5c6c2000-5c6fe000 r-xp 00000000 08:01 1707823    /usr/lib/i386-linux-gnu/gtk-2.0/2.10.0/engines/libmurrine.so
5c6fe000-5c6ff000 r--p 0003b000 08:01 1707823    /usr/lib/i386-linux-gnu/gtk-2.0/2.10.0/engines/libmurrine.so
5c6ff000-5c700000 rw-p 0003c000 08:01 1707823    /usr/lib/i386-linux-gnu/gtk-2.0/2.10.0/engines/libmurrine.so
5c700000-5c7bb000 rw-p 00000000 00:00 0 
5c7bb000-5c800000 ---p 00000000 00:00 0 
5c800000-5c804000 r-xp 00000000 08:01 1332161    /usr/lib/i386-linux-gnu/libcanberra-gtk.so.0.1.9
5c804000-5c805000 r--p 00003000 08:01 1332161    /usr/lib/i386-linux-gnu/libcanberra-gtk.so.0.1.9
5c805000-5c806000 rw-p 00004000 08:01 1332161    /usr/lib/i386-linux-gnu/libcanberra-gtk.so.0.1.9
5c822000-5c846000 r-xp 00000000 08:01 1366698    /usr/lib/jvm/java-8-oracle/jre/lib/i386/libglass.so
5c846000-5c848000 rw-p 00024000 08:01 1366698    /usr/lib/jvm/java-8-oracle/jre/lib/i386/libglass.so
5c848000-5c87d000 r-xp 00000000 08:01 1317301    /usr/lib/i386-linux-gnu/libtxc_dxtn_s2tc.so.0.0.0
5c87d000-5c87e000 r--p 00034000 08:01 1317301    /usr/lib/i386-linux-gnu/libtxc_dxtn_s2tc.so.0.0.0
5c87e000-5c87f000 rw-p 00035000 08:01 1317301    /usr/lib/i386-linux-gnu/libtxc_dxtn_s2tc.so.0.0.0
5c87f000-5c880000 ---p 00000000 00:00 0 
5c880000-5d080000 rw-p 00000000 00:00 0 
5d080000-5d081000 ---p 00000000 00:00 0 
5d081000-5d881000 rw-p 00000000 00:00 0 
5d881000-5d882000 ---p 00000000 00:00 0 
5d882000-5e082000 rw-p 00000000 00:00 0 
5e082000-5e083000 ---p 00000000 00:00 0 
5e083000-5e883000 rw-p 00000000 00:00 0 
5e883000-5e89d000 r-xp 00000000 08:01 543675     /lib/i386-linux-gnu/libbsd.so.0.8.2
5e89d000-5e89e000 r--p 00019000 08:01 543675     /lib/i386-linux-gnu/libbsd.so.0.8.2
5e89e000-5e89f000 rw-p 0001a000 08:01 543675     /lib/i386-linux-gnu/libbsd.so.0.8.2
5e89f000-5e8bf000 r-xp 00000000 08:01 546403     /lib/i386-linux-gnu/libtinfo.so.5.9
5e8bf000-5e8c1000 r--p 0001f000 08:01 546403     /lib/i386-linux-gnu/libtinfo.so.5.9
5e8c1000-5e8c2000 rw-p 00021000 08:01 546403     /lib/i386-linux-gnu/libtinfo.so.5.9
5e8c2000-5e8f4000 r-xp 00000000 08:01 1314960    /usr/lib/i386-linux-gnu/libedit.so.2.0.53
5e8f4000-5e8f5000 ---p 00032000 08:01 1314960    /usr/lib/i386-linux-gnu/libedit.so.2.0.53
5e8f5000-5e8f6000 r--p 00032000 08:01 1314960    /usr/lib/i386-linux-gnu/libedit.so.2.0.53
5e8f6000-5e8f7000 rw-p 00033000 08:01 1314960    /usr/lib/i386-linux-gnu/libedit.so.2.0.53
5e8f7000-5e8f9000 rw-p 00000000 00:00 0 
5e8f9000-619b1000 r-xp 00000000 08:01 1318039    /usr/lib/i386-linux-gnu/libLLVM-4.0.so.1
619b1000-61bdf000 r--p 030b7000 08:01 1318039    /usr/lib/i386-linux-gnu/libLLVM-4.0.so.1
61bdf000-61be3000 rw-p 032e5000 08:01 1318039    /usr/lib/i386-linux-gnu/libLLVM-4.0.so.1
61be3000-61c17000 rw-p 00000000 00:00 0 
61c17000-61c31000 r-xp 00000000 08:01 1314958    /usr/lib/i386-linux-gnu/libelf-0.165.so
61c31000-61c32000 r--p 00019000 08:01 1314958    /usr/lib/i386-linux-gnu/libelf-0.165.so
61c32000-61c33000 rw-p 0001a000 08:01 1314958    /usr/lib/i386-linux-gnu/libelf-0.165.so
61c33000-61c3d000 r-xp 00000000 08:01 1314963    /usr/lib/i386-linux-gnu/libdrm_amdgpu.so.1.0.0
61c3d000-61c3e000 r--p 00009000 08:01 1314963    /usr/lib/i386-linux-gnu/libdrm_amdgpu.so.1.0.0
61c3e000-61c3f000 rw-p 0000a000 08:01 1314963    /usr/lib/i386-linux-gnu/libdrm_amdgpu.so.1.0.0
61c3f000-61c4b000 r-xp 00000000 08:01 1317266    /usr/lib/i386-linux-gnu/libdrm_radeon.so.1.0.1
61c4b000-61c4c000 r--p 0000b000 08:01 1317266    /usr/lib/i386-linux-gnu/libdrm_radeon.so.1.0.1
61c4c000-61c4d000 rw-p 0000c000 08:01 1317266    /usr/lib/i386-linux-gnu/libdrm_radeon.so.1.0.1
61c4d000-61c55000 r-xp 00000000 08:01 1345630    /usr/lib/i386-linux-gnu/libdrm_nouveau.so.2.0.0
61c55000-61c56000 r--p 00007000 08:01 1345630    /usr/lib/i386-linux-gnu/libdrm_nouveau.so.2.0.0
61c56000-61c57000 rw-p 00008000 08:01 1345630    /usr/lib/i386-linux-gnu/libdrm_nouveau.so.2.0.0
61c57000-61c65000 r-xp 00000000 08:01 1318873    /usr/lib/i386-linux-gnu/libsensors.so.4.4.0
61c65000-61c66000 r--p 0000d000 08:01 1318873    /usr/lib/i386-linux-gnu/libsensors.so.4.4.0
61c66000-61c67000 rw-p 0000e000 08:01 1318873    /usr/lib/i386-linux-gnu/libsensors.so.4.4.0
61c67000-626d8000 r-xp 00000000 08:01 1347980    /usr/lib/i386-linux-gnu/dri/swrast_dri.so
626d8000-626d9000 ---p 00a71000 08:01 1347980    /usr/lib/i386-linux-gnu/dri/swrast_dri.so
626d9000-626fe000 r--p 00a71000 08:01 1347980    /usr/lib/i386-linux-gnu/dri/swrast_dri.so
626fe000-62707000 rw-p 00a96000 08:01 1347980    /usr/lib/i386-linux-gnu/dri/swrast_dri.so
62707000-628fc000 rw-p 00000000 00:00 0 
628fc000-62903000 r-xp 00000000 08:01 1319001    /usr/lib/i386-linux-gnu/libdatrie.so.1.3.3
62903000-62904000 ---p 00007000 08:01 1319001    /usr/lib/i386-linux-gnu/libdatrie.so.1.3.3
62904000-62905000 r--p 00007000 08:01 1319001    /usr/lib/i386-linux-gnu/libdatrie.so.1.3.3
62905000-62906000 rw-p 00008000 08:01 1319001    /usr/lib/i386-linux-gnu/libdatrie.so.1.3.3
62906000-6292b000 r-xp 00000000 08:01 1313463    /usr/lib/i386-linux-gnu/libgraphite2.so.3.0.1
6292b000-6292c000 ---p 00025000 08:01 1313463    /usr/lib/i386-linux-gnu/libgraphite2.so.3.0.1
6292c000-6292d000 r--p 00025000 08:01 1313463    /usr/lib/i386-linux-gnu/libgraphite2.so.3.0.1
6292d000-6292e000 rw-p 00026000 08:01 1313463    /usr/lib/i386-linux-gnu/libgraphite2.so.3.0.1
6292e000-6293f000 r-xp 00000000 08:01 1345646    /usr/lib/i386-linux-gnu/libdrm.so.2.4.0
6293f000-62940000 r--p 00010000 08:01 1345646    /usr/lib/i386-linux-gnu/libdrm.so.2.4.0
62940000-62941000 rw-p 00011000 08:01 1345646    /usr/lib/i386-linux-gnu/libdrm.so.2.4.0
62941000-62959000 r-xp 00000000 08:01 1315203    /usr/lib/i386-linux-gnu/libxcb-glx.so.0.0.0
62959000-6295a000 ---p 00018000 08:01 1315203    /usr/lib/i386-linux-gnu/libxcb-glx.so.0.0.0
6295a000-6295b000 r--p 00018000 08:01 1315203    /usr/lib/i386-linux-gnu/libxcb-glx.so.0.0.0
6295b000-6295c000 rw-p 00019000 08:01 1315203    /usr/lib/i386-linux-gnu/libxcb-glx.so.0.0.0
6295c000-6296f000 r-xp 00000000 08:01 1325890    /usr/lib/i386-linux-gnu/libglapi.so.0.0.0
6296f000-62970000 ---p 00013000 08:01 1325890    /usr/lib/i386-linux-gnu/libglapi.so.0.0.0
62970000-62972000 r--p 00013000 08:01 1325890    /usr/lib/i386-linux-gnu/libglapi.so.0.0.0
62972000-62978000 rwxp 00015000 08:01 1325890    /usr/lib/i386-linux-gnu/libglapi.so.0.0.0
62978000-629eb000 r-xp 00000000 08:01 549519     /lib/i386-linux-gnu/libpcre.so.3.13.2
629eb000-629ec000 r--p 00072000 08:01 549519     /lib/i386-linux-gnu/libpcre.so.3.13.2
629ec000-629ed000 rw-p 00073000 08:01 549519     /lib/i386-linux-gnu/libpcre.so.3.13.2
629ed000-62a13000 r-xp 00000000 08:01 524515     /lib/i386-linux-gnu/libexpat.so.1.6.0
62a13000-62a14000 ---p 00026000 08:01 524515     /lib/i386-linux-gnu/libexpat.so.1.6.0
62a14000-62a16000 r--p 00026000 08:01 524515     /lib/i386-linux-gnu/libexpat.so.1.6.0
62a16000-62a17000 rw-p 00028000 08:01 524515     /lib/i386-linux-gnu/libexpat.so.1.6.0
62a17000-62a3b000 r-xp 00000000 08:01 1314593    /usr/lib/i386-linux-gnu/libxcb.so.1.1.0
62a3b000-62a3c000 r--p 00023000 08:01 1314593    /usr/lib/i386-linux-gnu/libxcb.so.1.1.0
62a3c000-62a3d000 rw-p 00024000 08:01 1314593    /usr/lib/i386-linux-gnu/libxcb.so.1.1.0
62a3d000-62a66000 r-xp 00000000 08:01 549610     /lib/i386-linux-gnu/libpng12.so.0.54.0
62a66000-62a67000 r--p 00028000 08:01 549610     /lib/i386-linux-gnu/libpng12.so.0.54.0
62a67000-62a68000 rw-p 00029000 08:01 549610     /lib/i386-linux-gnu/libpng12.so.0.54.0
62a68000-62b11000 r-xp 00000000 08:01 1312402    /usr/lib/i386-linux-gnu/libpixman-1.so.0.33.6
62b11000-62b17000 r--p 000a8000 08:01 1312402    /usr/lib/i386-linux-gnu/libpixman-1.so.0.33.6
62b17000-62b18000 rw-p 000ae000 08:01 1312402    /usr/lib/i386-linux-gnu/libpixman-1.so.0.33.6
62b18000-62b7a000 r-xp 00000000 08:01 1319111    /usr/lib/i386-linux-gnu/libharfbuzz.so.0.10000.1
62b7a000-62b7b000 r--p 00061000 08:01 1319111    /usr/lib/i386-linux-gnu/libharfbuzz.so.0.10000.1
62b7b000-62b7c000 rw-p 00062000 08:01 1319111    /usr/lib/i386-linux-gnu/libharfbuzz.so.0.10000.1
62b7c000-62b90000 r-xp 00000000 08:01 547953     /lib/i386-linux-gnu/libresolv-2.23.so
62b90000-62b91000 ---p 00014000 08:01 547953     /lib/i386-linux-gnu/libresolv-2.23.so
62b91000-62b92000 r--p 00014000 08:01 547953     /lib/i386-linux-gnu/libresolv-2.23.so
62b92000-62b93000 rw-p 00015000 08:01 547953     /lib/i386-linux-gnu/libresolv-2.23.so
62b93000-62b95000 rw-p 00000000 00:00 0 
62b95000-62bb7000 r-xp 00000000 08:01 546459     /lib/i386-linux-gnu/libselinux.so.1
62bb7000-62bb8000 ---p 00022000 08:01 546459     /lib/i386-linux-gnu/libselinux.so.1
62bb8000-62bb9000 r--p 00022000 08:01 546459     /lib/i386-linux-gnu/libselinux.so.1
62bb9000-62bba000 rw-p 00023000 08:01 546459     /lib/i386-linux-gnu/libselinux.so.1
62bba000-62bbb000 rw-p 00000000 00:00 0 
62bbb000-62bd4000 r-xp 00000000 08:01 524338     /lib/i386-linux-gnu/libz.so.1.2.8
62bd4000-62bd5000 r--p 00018000 08:01 524338     /lib/i386-linux-gnu/libz.so.1.2.8
62bd5000-62bd6000 rw-p 00019000 08:01 524338     /lib/i386-linux-gnu/libz.so.1.2.8
62bd6000-62d43000 r-xp 00000000 08:01 1318002    /usr/lib/i386-linux-gnu/libstdc++.so.6.0.21
62d43000-62d44000 ---p 0016d000 08:01 1318002    /usr/lib/i386-linux-gnu/libstdc++.so.6.0.21
62d44000-62d49000 r--p 0016d000 08:01 1318002    /usr/lib/i386-linux-gnu/libstdc++.so.6.0.21
62d49000-62d4a000 rw-p 00172000 08:01 1318002    /usr/lib/i386-linux-gnu/libstdc++.so.6.0.21
62d4a000-62d4d000 rw-p 00000000 00:00 0 
62d4d000-62db5000 r-xp 00000000 08:01 1315318    /usr/lib/i386-linux-gnu/mesa/libGL.so.1.2.0
62db5000-62db6000 ---p 00068000 08:01 1315318    /usr/lib/i386-linux-gnu/mesa/libGL.so.1.2.0
62db6000-62db8000 r--p 00068000 08:01 1315318    /usr/lib/i386-linux-gnu/mesa/libGL.so.1.2.0
62db8000-62dbd000 rwxp 0006a000 08:01 1315318    /usr/lib/i386-linux-gnu/mesa/libGL.so.1.2.0
62dbd000-62f03000 r-xp 00000000 08:01 1314934    /usr/lib/i386-linux-gnu/libX11.so.6.3.0
62f03000-62f04000 ---p 00146000 08:01 1314934    /usr/lib/i386-linux-gnu/libX11.so.6.3.0
62f04000-62f05000 r--p 00146000 08:01 1314934    /usr/lib/i386-linux-gnu/libX11.so.6.3.0
62f05000-62f07000 rw-p 00147000 08:01 1314934    /usr/lib/i386-linux-gnu/libX11.so.6.3.0
62f07000-62f08000 rw-p 00000000 00:00 0 
62f08000-6302f000 r-xp 00000000 08:01 546543     /lib/i386-linux-gnu/libglib-2.0.so.0.4800.2
6302f000-63030000 r--p 00126000 08:01 546543     /lib/i386-linux-gnu/libglib-2.0.so.0.4800.2
63030000-63031000 rw-p 00127000 08:01 546543     /lib/i386-linux-gnu/libglib-2.0.so.0.4800.2
63031000-6308d000 r-xp 00000000 08:01 1317844    /usr/lib/i386-linux-gnu/libgobject-2.0.so.0.4800.2
6308d000-6308e000 ---p 0005c000 08:01 1317844    /usr/lib/i386-linux-gnu/libgobject-2.0.so.0.4800.2
6308e000-6308f000 r--p 0005c000 08:01 1317844    /usr/lib/i386-linux-gnu/libgobject-2.0.so.0.4800.2
6308f000-63090000 rw-p 0005d000 08:01 1317844    /usr/lib/i386-linux-gnu/libgobject-2.0.so.0.4800.2
63090000-6313b000 r-xp 00000000 08:01 1315068    /usr/lib/i386-linux-gnu/libfreetype.so.6.12.1
6313b000-6313f000 r--p 000aa000 08:01 1315068    /usr/lib/i386-linux-gnu/libfreetype.so.6.12.1
6313f000-63140000 rw-p 000ae000 08:01 1315068    /usr/lib/i386-linux-gnu/libfreetype.so.6.12.1
63140000-6327d000 r-xp 00000000 08:01 1318053    /usr/lib/i386-linux-gnu/libcairo.so.2.11400.6
6327d000-6327f000 r--p 0013c000 08:01 1318053    /usr/lib/i386-linux-gnu/libcairo.so.2.11400.6
6327f000-63280000 rw-p 0013e000 08:01 1318053    /usr/lib/i386-linux-gnu/libcairo.so.2.11400.6
63280000-63281000 rw-p 00000000 00:00 0 
63281000-63445000 r-xp 00000000 08:01 1317845    /usr/lib/i386-linux-gnu/libgio-2.0.so.0.4800.2
63445000-63446000 ---p 001c4000 08:01 1317845    /usr/lib/i386-linux-gnu/libgio-2.0.so.0.4800.2
63446000-63448000 r--p 001c4000 08:01 1317845    /usr/lib/i386-linux-gnu/libgio-2.0.so.0.4800.2
63448000-63449000 rw-p 001c6000 08:01 1317845    /usr/lib/i386-linux-gnu/libgio-2.0.so.0.4800.2
63449000-6344a000 rw-p 00000000 00:00 0 
6344a000-63507000 r-xp 00000000 08:01 1325452    /usr/lib/i386-linux-gnu/libgdk-x11-2.0.so.0.2400.30
63507000-63509000 r--p 000bc000 08:01 1325452    /usr/lib/i386-linux-gnu/libgdk-x11-2.0.so.0.2400.30
63509000-6350a000 rw-p 000be000 08:01 1325452    /usr/lib/i386-linux-gnu/libgdk-x11-2.0.so.0.2400.30
6350a000-639f7000 r-xp 00000000 08:01 1325455    /usr/lib/i386-linux-gnu/libgtk-x11-2.0.so.0.2400.30
639f7000-639f8000 ---p 004ed000 08:01 1325455    /usr/lib/i386-linux-gnu/libgtk-x11-2.0.so.0.2400.30
639f8000-639fc000 r--p 004ed000 08:01 1325455    /usr/lib/i386-linux-gnu/libgtk-x11-2.0.so.0.2400.30
639fc000-639fe000 rw-p 004f1000 08:01 1325455    /usr/lib/i386-linux-gnu/libgtk-x11-2.0.so.0.2400.30
639fe000-63a00000 rw-p 00000000 00:00 0 
63a00000-63b00000 rw-p 00000000 00:00 0 
63b00000-63b03000 r-xp 00000000 08:01 1366700    /usr/lib/jvm/java-8-oracle/jre/lib/i386/libjavafx_font.so
63b03000-63b04000 rw-p 00002000 08:01 1366700    /usr/lib/jvm/java-8-oracle/jre/lib/i386/libjavafx_font.so
63b04000-63b09000 r-xp 00000000 08:01 1314596    /usr/lib/i386-linux-gnu/libXdmcp.so.6.0.0
63b09000-63b0a000 r--p 00004000 08:01 1314596    /usr/lib/i386-linux-gnu/libXdmcp.so.6.0.0
63b0a000-63b0b000 rw-p 00005000 08:01 1314596    /usr/lib/i386-linux-gnu/libXdmcp.so.6.0.0
63b0b000-63b0d000 r-xp 00000000 08:01 1314590    /usr/lib/i386-linux-gnu/libXau.so.6.0.0
63b0d000-63b0e000 r--p 00001000 08:01 1314590    /usr/lib/i386-linux-gnu/libXau.so.6.0.0
63b0e000-63b0f000 rw-p 00002000 08:01 1314590    /usr/lib/i386-linux-gnu/libXau.so.6.0.0
63b0f000-63b13000 r-xp 00000000 08:01 1313583    /usr/lib/i386-linux-gnu/libxcb-dri2.so.0.0.0
63b13000-63b14000 r--p 00003000 08:01 1313583    /usr/lib/i386-linux-gnu/libxcb-dri2.so.0.0.0
63b14000-63b15000 rw-p 00004000 08:01 1313583    /usr/lib/i386-linux-gnu/libxcb-dri2.so.0.0.0
63b15000-63b57000 r-xp 00000000 08:01 1317809    /usr/lib/i386-linux-gnu/libfontconfig.so.1.9.0
63b57000-63b58000 ---p 00042000 08:01 1317809    /usr/lib/i386-linux-gnu/libfontconfig.so.1.9.0
63b58000-63b59000 r--p 00042000 08:01 1317809    /usr/lib/i386-linux-gnu/libfontconfig.so.1.9.0
63b59000-63b5e000 rw-p 00043000 08:01 1317809    /usr/lib/i386-linux-gnu/libfontconfig.so.1.9.0
63b5e000-63bac000 r-xp 00000000 08:01 1319103    /usr/lib/i386-linux-gnu/libpango-1.0.so.0.3800.1
63bac000-63bad000 ---p 0004e000 08:01 1319103    /usr/lib/i386-linux-gnu/libpango-1.0.so.0.3800.1
63bad000-63bae000 r--p 0004e000 08:01 1319103    /usr/lib/i386-linux-gnu/libpango-1.0.so.0.3800.1
63bae000-63baf000 rw-p 0004f000 08:01 1319103    /usr/lib/i386-linux-gnu/libpango-1.0.so.0.3800.1
63baf000-63bb2000 ---p 00000000 00:00 0 
63bb2000-63c00000 rw-p 00000000 00:00 0 
63c00000-63cfb000 rw-p 00000000 00:00 0 
63cfb000-63d00000 ---p 00000000 00:00 0 
63d03000-63d04000 r-xp 00000000 08:01 1317255    /usr/lib/i386-linux-gnu/libX11-xcb.so.1.0.0
63d04000-63d05000 r--p 00000000 08:01 1317255    /usr/lib/i386-linux-gnu/libX11-xcb.so.1.0.0
63d05000-63d06000 rw-p 00001000 08:01 1317255    /usr/lib/i386-linux-gnu/libX11-xcb.so.1.0.0
63d06000-63d0b000 r-xp 00000000 08:01 1323038    /usr/lib/i386-linux-gnu/libxcb-sync.so.1.0.0
63d0b000-63d0c000 ---p 00005000 08:01 1323038    /usr/lib/i386-linux-gnu/libxcb-sync.so.1.0.0
63d0c000-63d0d000 r--p 00005000 08:01 1323038    /usr/lib/i386-linux-gnu/libxcb-sync.so.1.0.0
63d0d000-63d0e000 rw-p 00006000 08:01 1323038    /usr/lib/i386-linux-gnu/libxcb-sync.so.1.0.0
63d0e000-63d10000 r-xp 00000000 08:01 1315005    /usr/lib/i386-linux-gnu/libxcb-present.so.0.0.0
63d10000-63d11000 r--p 00001000 08:01 1315005    /usr/lib/i386-linux-gnu/libxcb-present.so.0.0.0
63d11000-63d12000 rw-p 00002000 08:01 1315005    /usr/lib/i386-linux-gnu/libxcb-present.so.0.0.0
63d12000-63d14000 r-xp 00000000 08:01 1313615    /usr/lib/i386-linux-gnu/libxcb-dri3.so.0.0.0
63d14000-63d15000 r--p 00001000 08:01 1313615    /usr/lib/i386-linux-gnu/libxcb-dri3.so.0.0.0
63d15000-63d16000 rw-p 00002000 08:01 1313615    /usr/lib/i386-linux-gnu/libxcb-dri3.so.0.0.0
63d16000-63dab000 r--s 01110000 08:01 1366606    /usr/lib/jvm/java-8-oracle/jre/lib/ext/jfxrt.jar
63dab000-63dac000 ---p 00000000 00:00 0 
63dac000-63e2c000 rw-p 00000000 00:00 0 
63e2c000-63e2f000 ---p 00000000 00:00 0 
63e2f000-63e7d000 rw-p 00000000 00:00 0 
63e7d000-63e80000 ---p 00000000 00:00 0 
63e80000-63efe000 rw-p 00000000 00:00 0 
63efe000-63f01000 ---p 00000000 00:00 0 
63f01000-63f7f000 rw-p 00000000 00:00 0 
63f7f000-63f82000 ---p 00000000 00:00 0 
63f82000-64000000 rw-p 00000000 00:00 0 
64000000-64021000 rw-p 00000000 00:00 0 
64021000-64100000 ---p 00000000 00:00 0 
64102000-6410b000 r-xp 00000000 08:01 1319005    /usr/lib/i386-linux-gnu/libthai.so.0.2.4
6410b000-6410c000 r--p 00008000 08:01 1319005    /usr/lib/i386-linux-gnu/libthai.so.0.2.4
6410c000-6410d000 rw-p 00009000 08:01 1319005    /usr/lib/i386-linux-gnu/libthai.so.0.2.4
6410d000-64110000 ---p 00000000 00:00 0 
64110000-6415e000 rw-p 00000000 00:00 0 
6415e000-64161000 ---p 00000000 00:00 0 
64161000-641af000 rw-p 00000000 00:00 0 
641af000-641b2000 ---p 00000000 00:00 0 
641b2000-64200000 rw-p 00000000 00:00 0 
64200000-64300000 rw-p 00000000 00:00 0 
64300000-64301000 r-xp 00000000 08:01 1313660    /usr/lib/i386-linux-gnu/libxshmfence.so.1.0.0
64301000-64302000 r--p 00000000 08:01 1313660    /usr/lib/i386-linux-gnu/libxshmfence.so.1.0.0
64302000-64303000 rw-p 00001000 08:01 1313660    /usr/lib/i386-linux-gnu/libxshmfence.so.1.0.0
64303000-6430c000 r-xp 00000000 08:01 1314599    /usr/lib/i386-linux-gnu/libxcb-render.so.0.0.0
6430c000-6430d000 r--p 00008000 08:01 1314599    /usr/lib/i386-linux-gnu/libxcb-render.so.0.0.0
6430d000-6430e000 rw-p 00009000 08:01 1314599    /usr/lib/i386-linux-gnu/libxcb-render.so.0.0.0
6430e000-64321000 r-xp 00000000 08:01 1314940    /usr/lib/i386-linux-gnu/libXext.so.6.4.0
64321000-64322000 r--p 00012000 08:01 1314940    /usr/lib/i386-linux-gnu/libXext.so.6.4.0
64322000-64323000 rw-p 00013000 08:01 1314940    /usr/lib/i386-linux-gnu/libXext.so.6.4.0
64323000-6432c000 r-xp 00000000 08:01 1317279    /usr/lib/i386-linux-gnu/libXcursor.so.1.0.2
6432c000-6432d000 r--p 00008000 08:01 1317279    /usr/lib/i386-linux-gnu/libXcursor.so.1.0.2
6432d000-6432e000 rw-p 00009000 08:01 1317279    /usr/lib/i386-linux-gnu/libXcursor.so.1.0.2
6432e000-64331000 ---p 00000000 00:00 0 
64331000-6437f000 rw-p 00000000 00:00 0 
6437f000-64380000 ---p 00000000 00:00 0 
64380000-64400000 rw-p 00000000 00:00 0 
64400000-644fc000 rw-p 00000000 00:00 0 
644fc000-64500000 ---p 00000000 00:00 0 
64500000-64507000 r-xp 00000000 08:01 1311491    /usr/lib/i386-linux-gnu/libffi.so.6.0.4
64507000-64508000 r--p 00006000 08:01 1311491    /usr/lib/i386-linux-gnu/libffi.so.6.0.4
64508000-64509000 rw-p 00007000 08:01 1311491    /usr/lib/i386-linux-gnu/libffi.so.6.0.4
64509000-64514000 r-xp 00000000 08:01 1324240    /usr/lib/i386-linux-gnu/libXrandr.so.2.2.0
64514000-64515000 r--p 0000a000 08:01 1324240    /usr/lib/i386-linux-gnu/libXrandr.so.2.2.0
64515000-64516000 rw-p 0000b000 08:01 1324240    /usr/lib/i386-linux-gnu/libXrandr.so.2.2.0
64516000-64527000 r-xp 00000000 08:01 1317424    /usr/lib/i386-linux-gnu/libXi.so.6.1.0
64527000-64528000 r--p 00010000 08:01 1317424    /usr/lib/i386-linux-gnu/libXi.so.6.1.0
64528000-64529000 rw-p 00011000 08:01 1317424    /usr/lib/i386-linux-gnu/libXi.so.6.1.0
64529000-64545000 r-xp 00000000 08:01 549621     /lib/i386-linux-gnu/libgcc_s.so.1
64545000-64546000 rw-p 0001b000 08:01 549621     /lib/i386-linux-gnu/libgcc_s.so.1
64546000-64720000 r--s 03d4d000 08:01 1366594    /usr/lib/jvm/java-8-oracle/jre/lib/rt.jar
64720000-64b66000 rw-p 00000000 00:00 0 
64b66000-64b6c000 ---p 00000000 00:00 0 
64b6c000-66f00000 rw-p 00000000 00:00 0 
66f00000-66f21000 rw-p 00000000 00:00 0 
66f21000-67000000 ---p 00000000 00:00 0 
67001000-67003000 r-xp 00000000 08:01 1314938    /usr/lib/i386-linux-gnu/libxcb-shm.so.0.0.0
67003000-67004000 r--p 00001000 08:01 1314938    /usr/lib/i386-linux-gnu/libxcb-shm.so.0.0.0
67004000-67005000 rw-p 00002000 08:01 1314938    /usr/lib/i386-linux-gnu/libxcb-shm.so.0.0.0
67005000-6702c000 r-xp 00000000 08:01 1331938    /usr/lib/i386-linux-gnu/libgdk_pixbuf-2.0.so.0.3200.2
6702c000-6702d000 r--p 00026000 08:01 1331938    /usr/lib/i386-linux-gnu/libgdk_pixbuf-2.0.so.0.3200.2
6702d000-6702e000 rw-p 00027000 08:01 1331938    /usr/lib/i386-linux-gnu/libgdk_pixbuf-2.0.so.0.3200.2
6702e000-67031000 ---p 00000000 00:00 0 
67031000-6707f000 rw-p 00000000 00:00 0 
6707f000-67080000 ---p 00000000 00:00 0 
67080000-67100000 rw-p 00000000 00:00 0 
67100000-671b5000 rw-p 00000000 00:00 0 
671b5000-67200000 ---p 00000000 00:00 0 
67202000-67204000 r-xp 00000000 08:01 1313623    /usr/lib/i386-linux-gnu/libXdamage.so.1.1.0
67204000-67205000 r--p 00001000 08:01 1313623    /usr/lib/i386-linux-gnu/libXdamage.so.1.1.0
67205000-67206000 rw-p 00002000 08:01 1313623    /usr/lib/i386-linux-gnu/libXdamage.so.1.1.0
67206000-67208000 r-xp 00000000 08:01 1319141    /usr/lib/i386-linux-gnu/libXcomposite.so.1.0.0
67208000-67209000 r--p 00001000 08:01 1319141    /usr/lib/i386-linux-gnu/libXcomposite.so.1.0.0
67209000-6720a000 rw-p 00002000 08:01 1319141    /usr/lib/i386-linux-gnu/libXcomposite.so.1.0.0
6720a000-67214000 r-xp 00000000 08:01 1314605    /usr/lib/i386-linux-gnu/libXrender.so.1.3.0
67214000-67215000 r--p 00009000 08:01 1314605    /usr/lib/i386-linux-gnu/libXrender.so.1.3.0
67215000-67216000 rw-p 0000a000 08:01 1314605    /usr/lib/i386-linux-gnu/libXrender.so.1.3.0
67216000-6722c000 r-xp 00000000 08:01 1319127    /usr/lib/i386-linux-gnu/libpangoft2-1.0.so.0.3800.1
6722c000-6722d000 r--p 00015000 08:01 1319127    /usr/lib/i386-linux-gnu/libpangoft2-1.0.so.0.3800.1
6722d000-6722e000 rw-p 00016000 08:01 1319127    /usr/lib/i386-linux-gnu/libpangoft2-1.0.so.0.3800.1
6722e000-67231000 ---p 00000000 00:00 0 
67231000-6727f000 rw-p 00000000 00:00 0 
6727f000-67280000 ---p 00000000 00:00 0 
67280000-67300000 rw-p 00000000 00:00 0 
67300000-67398000 rw-p 00000000 00:00 0 
67398000-67400000 ---p 00000000 00:00 0 
67402000-67407000 r-xp 00000000 08:01 1317362    /usr/lib/i386-linux-gnu/libXfixes.so.3.1.0
67407000-67408000 r--p 00004000 08:01 1317362    /usr/lib/i386-linux-gnu/libXfixes.so.3.1.0
67408000-67409000 rw-p 00005000 08:01 1317362    /usr/lib/i386-linux-gnu/libXfixes.so.3.1.0
67409000-6742d000 r-xp 00000000 08:01 1318049    /usr/lib/i386-linux-gnu/libatk-1.0.so.0.21809.1
6742d000-6742f000 r--p 00023000 08:01 1318049    /usr/lib/i386-linux-gnu/libatk-1.0.so.0.21809.1
6742f000-67430000 rw-p 00025000 08:01 1318049    /usr/lib/i386-linux-gnu/libatk-1.0.so.0.21809.1
67430000-6747f000 rw-p 00000000 00:00 0 
6747f000-67480000 ---p 00000000 00:00 0 
67480000-67500000 rw-p 00000000 00:00 0 
67500000-67522000 rw-p 00000000 00:00 0 
67522000-67600000 ---p 00000000 00:00 0 
67601000-67606000 r-xp 00000000 08:01 1317290    /usr/lib/i386-linux-gnu/libXxf86vm.so.1.0.0
67606000-67607000 r--p 00004000 08:01 1317290    /usr/lib/i386-linux-gnu/libXxf86vm.so.1.0.0
67607000-67608000 rw-p 00005000 08:01 1317290    /usr/lib/i386-linux-gnu/libXxf86vm.so.1.0.0
67608000-67614000 r-xp 00000000 08:01 1319107    /usr/lib/i386-linux-gnu/libpangocairo-1.0.so.0.3800.1
67614000-67615000 r--p 0000b000 08:01 1319107    /usr/lib/i386-linux-gnu/libpangocairo-1.0.so.0.3800.1
67615000-67616000 rw-p 0000c000 08:01 1319107    /usr/lib/i386-linux-gnu/libpangocairo-1.0.so.0.3800.1
67618000-67619000 r-xp 00000000 08:01 1382674    /usr/lib/libxProjectCAMLib.so
67619000-6761a000 r--p 00000000 08:01 1382674    /usr/lib/libxProjectCAMLib.so
6761a000-6761b000 rw-p 00001000 08:01 1382674    /usr/lib/libxProjectCAMLib.so
6761b000-67620000 r-xp 00000000 08:01 262374     /usr/lib/i386-linux-gnu/gtk-2.0/modules/libcanberra-gtk-module.so
67620000-67621000 r--p 00004000 08:01 262374     /usr/lib/i386-linux-gnu/gtk-2.0/modules/libcanberra-gtk-module.so
67621000-67622000 rw-p 00005000 08:01 262374     /usr/lib/i386-linux-gnu/gtk-2.0/modules/libcanberra-gtk-module.so
67622000-67631000 r-xp 00000000 08:01 1366656    /usr/lib/jvm/java-8-oracle/jre/lib/i386/libprism_sw.so
67631000-67632000 rw-p 0000f000 08:01 1366656    /usr/lib/jvm/java-8-oracle/jre/lib/i386/libprism_sw.so
67632000-67633000 ---p 00000000 00:00 0 
67633000-676c9000 rw-p 00000000 00:00 0 
676c9000-67805000 ---p 00000000 00:00 0 
67805000-6781b000 rw-p 00000000 00:00 0 
6781b000-67956000 ---p 00000000 00:00 0 
67956000-67961000 rw-p 00000000 00:00 0 
67961000-679ff000 ---p 00000000 00:00 0 
679ff000-6a4c0000 rw-p 00000000 00:00 0 
6a4c0000-91cc0000 ---p 00000000 00:00 0 
91cc0000-93200000 rw-p 00000000 00:00 0 
93200000-a6e00000 ---p 00000000 00:00 0 
a6e01000-a6e03000 r-xp 00000000 08:01 1317285    /usr/lib/i386-linux-gnu/libXinerama.so.1.0.0
a6e03000-a6e04000 r--p 00001000 08:01 1317285    /usr/lib/i386-linux-gnu/libXinerama.so.1.0.0
a6e04000-a6e05000 rw-p 00002000 08:01 1317285    /usr/lib/i386-linux-gnu/libXinerama.so.1.0.0
a6e05000-a6e0a000 r-xp 00000000 08:01 1317291    /usr/lib/i386-linux-gnu/libXtst.so.6.1.0
a6e0a000-a6e0b000 r--p 00004000 08:01 1317291    /usr/lib/i386-linux-gnu/libXtst.so.6.1.0
a6e0b000-a6e0c000 rw-p 00005000 08:01 1317291    /usr/lib/i386-linux-gnu/libXtst.so.6.1.0
a6e0c000-a6e88000 rw-p 00000000 00:00 0 
a6e88000-a723f000 ---p 00000000 00:00 0 
a723f000-a747f000 rwxp 00000000 00:00 0 
a747f000-b623f000 ---p 00000000 00:00 0 
b623f000-b6258000 r-xp 00000000 08:01 1366671    /usr/lib/jvm/java-8-oracle/jre/lib/i386/libzip.so
b6258000-b6259000 rw-p 00019000 08:01 1366671    /usr/lib/jvm/java-8-oracle/jre/lib/i386/libzip.so
b6259000-b6264000 r-xp 00000000 08:01 529614     /lib/i386-linux-gnu/libnss_files-2.23.so
b6264000-b6265000 r--p 0000a000 08:01 529614     /lib/i386-linux-gnu/libnss_files-2.23.so
b6265000-b6266000 rw-p 0000b000 08:01 529614     /lib/i386-linux-gnu/libnss_files-2.23.so
b6266000-b626c000 rw-p 00000000 00:00 0 
b626c000-b6283000 r-xp 00000000 08:01 529608     /lib/i386-linux-gnu/libnsl-2.23.so
b6283000-b6284000 r--p 00016000 08:01 529608     /lib/i386-linux-gnu/libnsl-2.23.so
b6284000-b6285000 rw-p 00017000 08:01 529608     /lib/i386-linux-gnu/libnsl-2.23.so
b6285000-b6287000 rw-p 00000000 00:00 0 
b6287000-b6288000 r-xp 00000000 08:01 1317843    /usr/lib/i386-linux-gnu/libgthread-2.0.so.0.4800.2
b6288000-b6289000 r--p 00000000 08:01 1317843    /usr/lib/i386-linux-gnu/libgthread-2.0.so.0.4800.2
b6289000-b628a000 rw-p 00001000 08:01 1317843    /usr/lib/i386-linux-gnu/libgthread-2.0.so.0.4800.2
b628a000-b628d000 r-xp 00000000 08:01 1317842    /usr/lib/i386-linux-gnu/libgmodule-2.0.so.0.4800.2
b628d000-b628e000 r--p 00002000 08:01 1317842    /usr/lib/i386-linux-gnu/libgmodule-2.0.so.0.4800.2
b628e000-b628f000 rw-p 00003000 08:01 1317842    /usr/lib/i386-linux-gnu/libgmodule-2.0.so.0.4800.2
b628f000-b629a000 r-xp 00000000 08:01 1366645    /usr/lib/jvm/java-8-oracle/jre/lib/i386/libprism_es2.so
b629a000-b629b000 rw-p 0000a000 08:01 1366645    /usr/lib/jvm/java-8-oracle/jre/lib/i386/libprism_es2.so
b629b000-b62a3000 rw-s 00000000 08:01 670489     /tmp/hsperfdata_root/13366
b62a3000-b64a3000 r--p 00000000 08:01 1357384    /usr/lib/locale/locale-archive
b64a3000-b64da000 r-xp 00000000 08:01 1366672    /usr/lib/jvm/java-8-oracle/jre/lib/i386/libjdwp.so
b64da000-b64db000 rw-p 00037000 08:01 1366672    /usr/lib/jvm/java-8-oracle/jre/lib/i386/libjdwp.so
b64db000-b64ff000 r-xp 00000000 08:01 1366638    /usr/lib/jvm/java-8-oracle/jre/lib/i386/libjava.so
b64ff000-b6500000 rw-p 00024000 08:01 1366638    /usr/lib/jvm/java-8-oracle/jre/lib/i386/libjava.so
b6500000-b65fd000 rw-p 00000000 00:00 0 
b65fd000-b6600000 ---p 00000000 00:00 0 
b6600000-b6601000 r--s 00001000 08:01 1197755    /home/ubuntu/NetBeansProjects/xProjectCAM/dist/run1064383067/xProjectCAM-JOL.jar
b6601000-b6604000 r-xp 00000000 08:01 1366678    /usr/lib/jvm/java-8-oracle/jre/lib/i386/libdt_socket.so
b6604000-b6605000 rw-p 00003000 08:01 1366678    /usr/lib/jvm/java-8-oracle/jre/lib/i386/libdt_socket.so
b6605000-b6610000 r-xp 00000000 08:01 547027     /lib/i386-linux-gnu/libnss_nis-2.23.so
b6610000-b6611000 r--p 0000a000 08:01 547027     /lib/i386-linux-gnu/libnss_nis-2.23.so
b6611000-b6612000 rw-p 0000b000 08:01 547027     /lib/i386-linux-gnu/libnss_nis-2.23.so
b6612000-b6619000 r-xp 00000000 08:01 547029     /lib/i386-linux-gnu/librt-2.23.so
b6619000-b661a000 r--p 00006000 08:01 547029     /lib/i386-linux-gnu/librt-2.23.so
b661a000-b661b000 rw-p 00007000 08:01 547029     /lib/i386-linux-gnu/librt-2.23.so
b661b000-b661e000 ---p 00000000 00:00 0 
b661e000-b666c000 rw-p 00000000 00:00 0 
b666c000-b66bf000 r-xp 00000000 08:01 547956     /lib/i386-linux-gnu/libm-2.23.so
b66bf000-b66c0000 r--p 00052000 08:01 547956     /lib/i386-linux-gnu/libm-2.23.so
b66c0000-b66c1000 rw-p 00053000 08:01 547956     /lib/i386-linux-gnu/libm-2.23.so
b66c1000-b7052000 r-xp 00000000 08:01 1366653    /usr/lib/jvm/java-8-oracle/jre/lib/i386/server/libjvm.so
b7052000-b70c0000 rw-p 00990000 08:01 1366653    /usr/lib/jvm/java-8-oracle/jre/lib/i386/server/libjvm.so
b70c0000-b74e9000 rw-p 00000000 00:00 0 
b74e9000-b7699000 r-xp 00000000 08:01 548079     /lib/i386-linux-gnu/libc-2.23.so
b7699000-b769b000 r--p 001af000 08:01 548079     /lib/i386-linux-gnu/libc-2.23.so
b769b000-b769c000 rw-p 001b1000 08:01 548079     /lib/i386-linux-gnu/libc-2.23.so
b769c000-b769f000 rw-p 00000000 00:00 0 
b769f000-b76a2000 r-xp 00000000 08:01 547145     /lib/i386-linux-gnu/libdl-2.23.so
b76a2000-b76a3000 r--p 00002000 08:01 547145     /lib/i386-linux-gnu/libdl-2.23.so
b76a3000-b76a4000 rw-p 00003000 08:01 547145     /lib/i386-linux-gnu/libdl-2.23.so
b76a4000-b76b8000 r-xp 00000000 08:01 1366680    /usr/lib/jvm/java-8-oracle/jre/lib/i386/jli/libjli.so
b76b8000-b76b9000 rw-p 00014000 08:01 1366680    /usr/lib/jvm/java-8-oracle/jre/lib/i386/jli/libjli.so
b76b9000-b76d2000 r-xp 00000000 08:01 546475     /lib/i386-linux-gnu/libpthread-2.23.so
b76d2000-b76d3000 r--p 00018000 08:01 546475     /lib/i386-linux-gnu/libpthread-2.23.so
b76d3000-b76d4000 rw-p 00019000 08:01 546475     /lib/i386-linux-gnu/libpthread-2.23.so
b76d4000-b76d6000 rw-p 00000000 00:00 0 
b76d6000-b76de000 r-xp 00000000 08:01 547146     /lib/i386-linux-gnu/libnss_compat-2.23.so
b76de000-b76df000 r--p 00007000 08:01 547146     /lib/i386-linux-gnu/libnss_compat-2.23.so
b76df000-b76e0000 rw-p 00008000 08:01 547146     /lib/i386-linux-gnu/libnss_compat-2.23.so
b76e0000-b76e1000 r--p 002d4000 08:01 1357384    /usr/lib/locale/locale-archive
b76e1000-b76e3000 r-xp 00000000 08:01 1366642    /usr/lib/jvm/java-8-oracle/jre/lib/i386/libnpt.so
b76e3000-b76e4000 rw-p 00001000 08:01 1366642    /usr/lib/jvm/java-8-oracle/jre/lib/i386/libnpt.so
b76e4000-b76e5000 rw-p 00000000 00:00 0 
b76e5000-b76e6000 r--p 00000000 00:00 0 
b76e6000-b76f1000 r-xp 00000000 08:01 1366709    /usr/lib/jvm/java-8-oracle/jre/lib/i386/libverify.so
b76f1000-b76f2000 rw-p 0000b000 08:01 1366709    /usr/lib/jvm/java-8-oracle/jre/lib/i386/libverify.so
b76f2000-b76f4000 rw-p 00000000 00:00 0 
b76f4000-b76f6000 r--p 00000000 00:00 0          [vvar]
b76f6000-b76f7000 r-xp 00000000 00:00 0          [vdso]
b76f7000-b7719000 r-xp 00000000 08:01 529610     /lib/i386-linux-gnu/ld-2.23.so
b7719000-b771a000 rw-p 00000000 00:00 0 
b771a000-b771b000 r--p 00022000 08:01 529610     /lib/i386-linux-gnu/ld-2.23.so
b771b000-b771c000 rw-p 00023000 08:01 529610     /lib/i386-linux-gnu/ld-2.23.so
bfd7e000-bfd9f000 rw-p 00000000 00:00 0          [stack]

VM Arguments:
jvm_args: -Xdebug -Xrunjdwp:transport=dt_socket,address=localhost:43772 -Dglass.disableGrab=true -Dfile.encoding=UTF-8 
java_command: /home/ubuntu/NetBeansProjects/xProjectCAM/dist/run1064383067/xProjectCAM-JOL.jar
java_class_path (initial): /home/ubuntu/NetBeansProjects/xProjectCAM/dist/run1064383067/xProjectCAM-JOL.jar
Launcher Type: SUN_STANDARD

Environment Variables:
PATH=/usr/local/sbin:/usr/local/bin:/usr/sbin:/usr/bin:/sbin:/bin:/snap/bin
USERNAME=root
LD_LIBRARY_PATH=/usr/lib/jvm/java-8-oracle/jre/lib/amd64:/usr/lib/jvm/java-8-oracle/jre/lib/i386:
SHELL=/bin/bash
DISPLAY=:0

Signal Handlers:
SIGSEGV: [libjvm.so+0x8dbed0], sa_mask[0]=11111111011111111101111111111110, sa_flags=SA_RESTART|SA_SIGINFO
SIGBUS: [libjvm.so+0x8dbed0], sa_mask[0]=11111111011111111101111111111110, sa_flags=SA_RESTART|SA_SIGINFO
SIGFPE: [libjvm.so+0x758b80], sa_mask[0]=11111111011111111101111111111110, sa_flags=SA_RESTART|SA_SIGINFO
SIGPIPE: SIG_IGN, sa_mask[0]=00000000000010000000000000000000, sa_flags=SA_RESTART
SIGXFSZ: [libjvm.so+0x758b80], sa_mask[0]=11111111011111111101111111111110, sa_flags=SA_RESTART|SA_SIGINFO
SIGILL: [libjvm.so+0x758b80], sa_mask[0]=11111111011111111101111111111110, sa_flags=SA_RESTART|SA_SIGINFO
SIGUSR1: SIG_DFL, sa_mask[0]=00000000000000000000000000000000, sa_flags=none
SIGUSR2: [libjvm.so+0x75a430], sa_mask[0]=00100000000000000000000000000000, sa_flags=SA_RESTART|SA_SIGINFO
SIGHUP: [libjvm.so+0x75b8e0], sa_mask[0]=11111111011111111101111111111110, sa_flags=SA_RESTART|SA_SIGINFO
SIGINT: SIG_IGN, sa_mask[0]=00000000000000000000000000000000, sa_flags=none
SIGTERM: [libjvm.so+0x75b8e0], sa_mask[0]=11111111011111111101111111111110, sa_flags=SA_RESTART|SA_SIGINFO
SIGQUIT: [libjvm.so+0x75b8e0], sa_mask[0]=11111111011111111101111111111110, sa_flags=SA_RESTART|SA_SIGINFO


---------------  S Y S T E M  ---------------

OS:DISTRIB_ID=Ubuntu
DISTRIB_RELEASE=16.04
DISTRIB_CODENAME=xenial
DISTRIB_DESCRIPTION="Ubuntu 16.04.3 LTS"

uname:Linux 4.4.0-96-generic #119-Ubuntu SMP Tue Sep 12 14:58:51 UTC 2017 i686
libc:glibc 2.23 NPTL 2.23 
rlimit: STACK 8192k, CORE 0k, NPROC 32038, NOFILE 1048576, AS infinity
load average:2.41 1.75 0.98

/proc/meminfo:
MemTotal:        4138752 kB
MemFree:          927320 kB
MemAvailable:    2326680 kB
Buffers:          214156 kB
Cached:          1172456 kB
SwapCached:         3036 kB
Active:          1707400 kB
Inactive:         959940 kB
Active(anon):    1079480 kB
Inactive(anon):   222432 kB
Active(file):     627920 kB
Inactive(file):   737508 kB
Unevictable:           0 kB
Mlocked:               0 kB
HighTotal:       3280840 kB
HighFree:         819956 kB
LowTotal:         857912 kB
LowFree:          107364 kB
SwapTotal:       4192252 kB
SwapFree:        4134876 kB
Dirty:                32 kB
Writeback:             0 kB
AnonPages:       1278692 kB
Mapped:           252948 kB
Shmem:             21184 kB
Slab:             500060 kB
SReclaimable:     478820 kB
SUnreclaim:        21240 kB
KernelStack:        4456 kB
PageTables:        12752 kB
NFS_Unstable:          0 kB
Bounce:                0 kB
WritebackTmp:          0 kB
CommitLimit:     6261628 kB
Committed_AS:    4752516 kB
VmallocTotal:     122880 kB
VmallocUsed:           0 kB
VmallocChunk:          0 kB
AnonHugePages:    681984 kB
CmaTotal:              0 kB
CmaFree:               0 kB
HugePages_Total:       0
HugePages_Free:        0
HugePages_Rsvd:        0
HugePages_Surp:        0
Hugepagesize:       2048 kB
DirectMap4k:       40952 kB
DirectMap2M:      872448 kB


CPU:total 4 (initial active 4) (4 cores per cpu, 1 threads per core) family 6 model 42 stepping 7, cmov, cx8, fxsr, mmx, sse, sse2, sse3, ssse3, sse4.1, sse4.2, popcnt, avx, aes, clmul, tsc, tscinvbit

/proc/cpuinfo:
processor	: 0
vendor_id	: GenuineIntel
cpu family	: 6
model		: 42
model name	: Intel(R) Core(TM) i7-2630QM CPU @ 2.00GHz
stepping	: 7
cpu MHz		: 2026.088
cache size	: 6144 KB
physical id	: 0
siblings	: 4
core id		: 0
cpu cores	: 4
apicid		: 0
initial apicid	: 0
fdiv_bug	: no
f00f_bug	: no
coma_bug	: no
fpu		: yes
fpu_exception	: yes
cpuid level	: 13
wp		: yes
flags		: fpu vme de pse tsc msr pae mce cx8 apic sep mtrr pge mca cmov pat pse36 clflush mmx fxsr sse sse2 ht nx rdtscp constant_tsc xtopology nonstop_tsc pni pclmulqdq ssse3 cx16 sse4_1 sse4_2 x2apic popcnt aes xsave avx hypervisor lahf_lm
bugs		:
bogomips	: 4052.17
clflush size	: 64
cache_alignment	: 64
address sizes	: 36 bits physical, 48 bits virtual
power management:

processor	: 1
vendor_id	: GenuineIntel
cpu family	: 6
model		: 42
model name	: Intel(R) Core(TM) i7-2630QM CPU @ 2.00GHz
stepping	: 7
cpu MHz		: 2026.088
cache size	: 6144 KB
physical id	: 0
siblings	: 4
core id		: 1
cpu cores	: 4
apicid		: 1
initial apicid	: 1
fdiv_bug	: no
f00f_bug	: no
coma_bug	: no
fpu		: yes
fpu_exception	: yes
cpuid level	: 13
wp		: yes
flags		: fpu vme de pse tsc msr pae mce cx8 apic sep mtrr pge mca cmov pat pse36 clflush mmx fxsr sse sse2 ht nx rdtscp constant_tsc xtopology nonstop_tsc pni pclmulqdq ssse3 cx16 sse4_1 sse4_2 x2apic popcnt aes xsave avx hypervisor lahf_lm
bugs		:
bogomips	: 4052.17
clflush size	: 64
cache_alignment	: 64
address sizes	: 36 bits physical, 48 bits virtual
power management:

processor	: 2
vendor_id	: GenuineIntel
cpu family	: 6
model		: 42
model name	: Intel(R) Core(TM) i7-2630QM CPU @ 2.00GHz
stepping	: 7
cpu MHz		: 2026.088
cache size	: 6144 KB
physical id	: 0
siblings	: 4
core id		: 2
cpu cores	: 4
apicid		: 2
initial apicid	: 2
fdiv_bug	: no
f00f_bug	: no
coma_bug	: no
fpu		: yes
fpu_exception	: yes
cpuid level	: 13
wp		: yes
flags		: fpu vme de pse tsc msr pae mce cx8 apic sep mtrr pge mca cmov pat pse36 clflush mmx fxsr sse sse2 ht nx rdtscp constant_tsc xtopology nonstop_tsc pni pclmulqdq ssse3 cx16 sse4_1 sse4_2 x2apic popcnt aes xsave avx hypervisor lahf_lm
bugs		:
bogomips	: 4052.17
clflush size	: 64
cache_alignment	: 64
address sizes	: 36 bits physical, 48 bits virtual
power management:

processor	: 3
vendor_id	: GenuineIntel
cpu family	: 6
model		: 42
model name	: Intel(R) Core(TM) i7-2630QM CPU @ 2.00GHz
stepping	: 7
cpu MHz		: 2026.088
cache size	: 6144 KB
physical id	: 0
siblings	: 4
core id		: 3
cpu cores	: 4
apicid		: 3
initial apicid	: 3
fdiv_bug	: no
f00f_bug	: no
coma_bug	: no
fpu		: yes
fpu_exception	: yes
cpuid level	: 13
wp		: yes
flags		: fpu vme de pse tsc msr pae mce cx8 apic sep mtrr pge mca cmov pat pse36 clflush mmx fxsr sse sse2 ht nx rdtscp constant_tsc xtopology nonstop_tsc pni pclmulqdq ssse3 cx16 sse4_1 sse4_2 x2apic popcnt aes xsave avx hypervisor lahf_lm
bugs		:
bogomips	: 4052.17
clflush size	: 64
cache_alignment	: 64
address sizes	: 36 bits physical, 48 bits virtual
power management:



Memory: 4k page, physical 4138752k(927320k free), swap 4192252k(4134876k free)

vm_info: Java HotSpot(TM) Server VM (25.144-b01) for linux-x86 JRE (1.8.0_144-b01), built on Jul 22 2017 02:26:52 by "java_re" with gcc 4.3.0 20080428 (Red Hat 4.3.0-8)

time: Thu Sep 28 21:36:44 2017
elapsed time: 4 seconds (0d 0h 0m 4s)

