#
# A fatal error has been detected by the Java Runtime Environment:
#
#  SIGSEGV (0xb) at pc=0x00004f02, pid=2843, tid=0x59caeb40
#
# JRE version: Java(TM) SE Runtime Environment (8.0_144-b01) (build 1.8.0_144-b01)
# Java VM: Java HotSpot(TM) Server VM (25.144-b01 mixed mode linux-x86 )
# Problematic frame:
# C  0x00004f02
#
# Failed to write core dump. Core dumps have been disabled. To enable core dumping, try "ulimit -c unlimited" before starting Java again
#
# If you would like to submit a bug report, please visit:
#   http://bugreport.java.com/bugreport/crash.jsp
# The crash happened outside the Java Virtual Machine in native code.
# See problematic frame for where to report the bug.
#

---------------  T H R E A D  ---------------

Current thread (0x59d0dc00):  JavaThread "AWT-EventQueue-0" [_thread_in_native, id=2887, stack(0x59c5e000,0x59caf000)]

siginfo: si_signo: 11 (SIGSEGV), si_code: 1 (SEGV_MAPERR), si_addr: 0x00004f02

Registers:
EAX=0x59cabffc, EBX=0xb66cb16c, ECX=0x00000022, EDX=0x59d0dd38
ESP=0x59cabfac, EBP=0x59cabfe8, ESI=0x67b54a58, EDI=0x59d0dd38
EIP=0x00004f02, EFLAGS=0x00010206, CR2=0x00004f02

Top of Stack: (sp=0x59cabfac)
0x59cabfac:   b66b32f7 59d0dd38 59cabffc 00000022
0x59cabfbc:   00000017 59d07740 00000016 b697c37e
0x59cabfcc:   672298e0 00000001 00000000 b715d2f0
0x59cabfdc:   649b6220 67b54a58 59d0dc00 59cac018
0x59cabfec:   a750903b 59d0dd38 59cabffc 59cac000
0x59cabffc:   67b54a58 92a32f70 59898018 00000000
0x59cac00c:   67b544c8 00000000 fffffffe 59cac0ac
0x59cac01c:   a756daec 00000016 59d07740 00000015 

Instructions: (pc=0x00004f02)
0x00004ee2:   
[error occurred during error reporting (printing registers, top of stack, instructions near pc), id 0xb]

Register to memory mapping:

EAX=0x59cabffc is pointing into the stack for thread: 0x59d0dc00
EBX=0xb66cb16c: <offset 0x2416c> in /usr/lib/jvm/java-8-oracle/jre/lib/i386/libjava.so at 0xb66a7000
ECX=0x00000022 is an unknown value
EDX=0x59d0dd38 is an unknown value
ESP=0x59cabfac is pointing into the stack for thread: 0x59d0dc00
EBP=0x59cabfe8 is pointing into the stack for thread: 0x59d0dc00
ESI=0x67b54a58 is an oop
java.lang.ClassLoader$NativeLibrary 
 - klass: 'java/lang/ClassLoader$NativeLibrary'
EDI=0x59d0dd38 is an unknown value


Stack: [0x59c5e000,0x59caf000],  sp=0x59cabfac,  free space=311k
Native frames: (J=compiled Java code, j=interpreted, Vv=VM code, C=native code)
C  0x00004f02
J 745  java.lang.ClassLoader$NativeLibrary.find(Ljava/lang/String;)J (0 bytes) @ 0xa750903b [0xa7508fa0+0x9b]
J 920 C1 java.lang.ClassLoader.findNative(Ljava/lang/ClassLoader;Ljava/lang/String;)J (86 bytes) @ 0xa756daec [0xa756d6c0+0x42c]
v  ~StubRoutines::call_stub
V  [libjvm.so+0x503b2f]  JavaCalls::call_helper(JavaValue*, methodHandle*, JavaCallArguments*, Thread*)+0x101f
V  [libjvm.so+0x756ef9]  os::os_exception_wrapper(void (*)(JavaValue*, methodHandle*, JavaCallArguments*, Thread*), JavaValue*, methodHandle*, JavaCallArguments*, Thread*)+0x19
V  [libjvm.so+0x5045c4]  JavaCalls::call_static(JavaValue*, KlassHandle, Symbol*, Symbol*, JavaCallArguments*, Thread*)+0x244
V  [libjvm.so+0x504935]  JavaCalls::call_static(JavaValue*, KlassHandle, Symbol*, Symbol*, Handle, Handle, Thread*)+0x55
V  [libjvm.so+0x725466]  NativeLookup::lookup_style(methodHandle, char*, char const*, int, bool, bool&, Thread*)+0x296
V  [libjvm.so+0x725871]  NativeLookup::lookup_entry(methodHandle, bool&, Thread*)+0x181
V  [libjvm.so+0x725fd1]  NativeLookup::lookup_base(methodHandle, bool&, Thread*)+0x91
V  [libjvm.so+0x726265]  NativeLookup::lookup(methodHandle, bool&, Thread*)+0x55
V  [libjvm.so+0x4fcae2]  InterpreterRuntime::prepare_native_call(JavaThread*, Method*)+0xa2
j  jogamp.opengl.gl4.GL4bcImpl.dispatch_glFlush1(J)V+0
j  jogamp.opengl.gl4.GL4bcImpl.glFlush()V+38
j  xprojectcam.root.OGLWindow$1.display(Lcom/jogamp/opengl/GLAutoDrawable;)V+47
j  jogamp.opengl.GLDrawableHelper.displayImpl(Lcom/jogamp/opengl/GLAutoDrawable;)V+62
j  jogamp.opengl.GLDrawableHelper.display(Lcom/jogamp/opengl/GLAutoDrawable;)V+2
j  com.jogamp.opengl.awt.GLJPanel$Updater.display(Lcom/jogamp/opengl/GLAutoDrawable;)V+200
j  com.jogamp.opengl.awt.GLJPanel$10.run()V+11
j  jogamp.opengl.GLDrawableHelper.invokeGLImpl(Lcom/jogamp/opengl/GLDrawable;Lcom/jogamp/opengl/GLContext;Ljava/lang/Runnable;Ljava/lang/Runnable;)V+203
j  jogamp.opengl.GLDrawableHelper.invokeGL(Lcom/jogamp/opengl/GLDrawable;Lcom/jogamp/opengl/GLContext;Ljava/lang/Runnable;Ljava/lang/Runnable;)V+72
j  com.jogamp.opengl.awt.GLJPanel$OffscreenBackend.doPaintComponent(Ljava/awt/Graphics;)V+29
j  com.jogamp.opengl.awt.GLJPanel.paintComponent(Ljava/awt/Graphics;)V+224
j  javax.swing.JComponent.paint(Ljava/awt/Graphics;)V+286
j  javax.swing.JComponent.paintChildren(Ljava/awt/Graphics;)V+501
j  javax.swing.JComponent.paint(Ljava/awt/Graphics;)V+318
j  javax.swing.JComponent.paintChildren(Ljava/awt/Graphics;)V+501
j  javax.swing.JComponent.paint(Ljava/awt/Graphics;)V+318
j  javax.swing.JLayeredPane.paint(Ljava/awt/Graphics;)V+73
j  javax.swing.JComponent.paintChildren(Ljava/awt/Graphics;)V+501
j  javax.swing.JComponent.paintToOffscreen(Ljava/awt/Graphics;IIIIII)V+72
j  javax.swing.BufferStrategyPaintManager.paint(Ljavax/swing/JComponent;Ljavax/swing/JComponent;Ljava/awt/Graphics;IIII)Z+164
j  javax.swing.RepaintManager.paint(Ljavax/swing/JComponent;Ljavax/swing/JComponent;Ljava/awt/Graphics;IIII)V+51
j  javax.swing.JComponent.paint(Ljava/awt/Graphics;)V+221
j  java.awt.GraphicsCallback$PaintCallback.run(Ljava/awt/Component;Ljava/awt/Graphics;)V+2
j  sun.awt.SunGraphicsCallback.runOneComponent(Ljava/awt/Component;Ljava/awt/Rectangle;Ljava/awt/Graphics;Ljava/awt/Shape;I)V+155
j  sun.awt.SunGraphicsCallback.runComponents([Ljava/awt/Component;Ljava/awt/Graphics;I)V+194
j  java.awt.Container.paint(Ljava/awt/Graphics;)V+58
j  java.awt.Window.paint(Ljava/awt/Graphics;)V+68
j  javax.swing.RepaintManager$4.run()Ljava/lang/Void;+142
j  javax.swing.RepaintManager$4.run()Ljava/lang/Object;+1
v  ~StubRoutines::call_stub
V  [libjvm.so+0x503b2f]  JavaCalls::call_helper(JavaValue*, methodHandle*, JavaCallArguments*, Thread*)+0x101f
V  [libjvm.so+0x756ef9]  os::os_exception_wrapper(void (*)(JavaValue*, methodHandle*, JavaCallArguments*, Thread*), JavaValue*, methodHandle*, JavaCallArguments*, Thread*)+0x19
V  [libjvm.so+0x5020ff]  JavaCalls::call(JavaValue*, methodHandle, JavaCallArguments*, Thread*)+0x2f
V  [libjvm.so+0x585630]  JVM_DoPrivileged+0x2a0
C  [libjava.so+0x9fca]  Java_java_security_AccessController_doPrivileged__Ljava_security_PrivilegedAction_2Ljava_security_AccessControlContext_2+0x3a
j  java.security.AccessController.doPrivileged(Ljava/security/PrivilegedAction;Ljava/security/AccessControlContext;)Ljava/lang/Object;+0
j  java.security.ProtectionDomain$JavaSecurityAccessImpl.doIntersectionPrivilege(Ljava/security/PrivilegedAction;Ljava/security/AccessControlContext;Ljava/security/AccessControlContext;)Ljava/lang/Object;+18
j  javax.swing.RepaintManager.paintDirtyRegions(Ljava/util/Map;)V+154
j  javax.swing.RepaintManager.paintDirtyRegions()V+46
j  javax.swing.RepaintManager.prePaintDirtyRegions()V+73
j  javax.swing.RepaintManager.access$1200(Ljavax/swing/RepaintManager;)V+1
j  javax.swing.RepaintManager$ProcessingRunnable.run()V+37
j  java.awt.event.InvocationEvent.dispatch()V+47
j  java.awt.EventQueue.dispatchEventImpl(Ljava/awt/AWTEvent;Ljava/lang/Object;)V+21
j  java.awt.EventQueue.access$500(Ljava/awt/EventQueue;Ljava/awt/AWTEvent;Ljava/lang/Object;)V+3
j  java.awt.EventQueue$3.run()Ljava/lang/Void;+32
j  java.awt.EventQueue$3.run()Ljava/lang/Object;+1
v  ~StubRoutines::call_stub
V  [libjvm.so+0x503b2f]  JavaCalls::call_helper(JavaValue*, methodHandle*, JavaCallArguments*, Thread*)+0x101f
V  [libjvm.so+0x756ef9]  os::os_exception_wrapper(void (*)(JavaValue*, methodHandle*, JavaCallArguments*, Thread*), JavaValue*, methodHandle*, JavaCallArguments*, Thread*)+0x19
V  [libjvm.so+0x5020ff]  JavaCalls::call(JavaValue*, methodHandle, JavaCallArguments*, Thread*)+0x2f
V  [libjvm.so+0x585630]  JVM_DoPrivileged+0x2a0
C  [libjava.so+0x9fca]  Java_java_security_AccessController_doPrivileged__Ljava_security_PrivilegedAction_2Ljava_security_AccessControlContext_2+0x3a
j  java.security.AccessController.doPrivileged(Ljava/security/PrivilegedAction;Ljava/security/AccessControlContext;)Ljava/lang/Object;+0
j  java.security.ProtectionDomain$JavaSecurityAccessImpl.doIntersectionPrivilege(Ljava/security/PrivilegedAction;Ljava/security/AccessControlContext;Ljava/security/AccessControlContext;)Ljava/lang/Object;+18
j  java.awt.EventQueue.dispatchEvent(Ljava/awt/AWTEvent;)V+46
j  java.awt.EventDispatchThread.pumpOneEventForFilters(I)V+245
j  java.awt.EventDispatchThread.pumpEventsForFilter(ILjava/awt/Conditional;Ljava/awt/EventFilter;)V+35
j  java.awt.EventDispatchThread.pumpEventsForHierarchy(ILjava/awt/Conditional;Ljava/awt/Component;)V+11
j  java.awt.EventDispatchThread.pumpEvents(ILjava/awt/Conditional;)V+4
j  java.awt.EventDispatchThread.pumpEvents(Ljava/awt/Conditional;)V+3
j  java.awt.EventDispatchThread.run()V+9
v  ~StubRoutines::call_stub
V  [libjvm.so+0x503b2f]  JavaCalls::call_helper(JavaValue*, methodHandle*, JavaCallArguments*, Thread*)+0x101f
V  [libjvm.so+0x756ef9]  os::os_exception_wrapper(void (*)(JavaValue*, methodHandle*, JavaCallArguments*, Thread*), JavaValue*, methodHandle*, JavaCallArguments*, Thread*)+0x19
V  [libjvm.so+0x503f3c]  JavaCalls::call_virtual(JavaValue*, KlassHandle, Symbol*, Symbol*, JavaCallArguments*, Thread*)+0x25c
V  [libjvm.so+0x50437b]  JavaCalls::call_virtual(JavaValue*, Handle, KlassHandle, Symbol*, Symbol*, Thread*)+0x4b
V  [libjvm.so+0x597790]  thread_entry(JavaThread*, Thread*)+0x90
V  [libjvm.so+0x88e6df]  JavaThread::thread_main_inner()+0xff
V  [libjvm.so+0x88e85b]  JavaThread::run()+0x14b
V  [libjvm.so+0x75e759]  java_start(Thread*)+0x119
C  [libpthread.so.0+0x6295]  start_thread+0xe5
C  [libc.so.6+0xe705e]  clone+0x6e

Java frames: (J=compiled Java code, j=interpreted, Vv=VM code)
J 745  java.lang.ClassLoader$NativeLibrary.find(Ljava/lang/String;)J (0 bytes) @ 0xa7508ff7 [0xa7508fa0+0x57]
J 920 C1 java.lang.ClassLoader.findNative(Ljava/lang/ClassLoader;Ljava/lang/String;)J (86 bytes) @ 0xa756daec [0xa756d6c0+0x42c]
v  ~StubRoutines::call_stub
j  jogamp.opengl.gl4.GL4bcImpl.dispatch_glFlush1(J)V+0
j  jogamp.opengl.gl4.GL4bcImpl.glFlush()V+38
j  xprojectcam.root.OGLWindow$1.display(Lcom/jogamp/opengl/GLAutoDrawable;)V+47
j  jogamp.opengl.GLDrawableHelper.displayImpl(Lcom/jogamp/opengl/GLAutoDrawable;)V+62
j  jogamp.opengl.GLDrawableHelper.display(Lcom/jogamp/opengl/GLAutoDrawable;)V+2
j  com.jogamp.opengl.awt.GLJPanel$Updater.display(Lcom/jogamp/opengl/GLAutoDrawable;)V+200
j  com.jogamp.opengl.awt.GLJPanel$10.run()V+11
j  jogamp.opengl.GLDrawableHelper.invokeGLImpl(Lcom/jogamp/opengl/GLDrawable;Lcom/jogamp/opengl/GLContext;Ljava/lang/Runnable;Ljava/lang/Runnable;)V+203
j  jogamp.opengl.GLDrawableHelper.invokeGL(Lcom/jogamp/opengl/GLDrawable;Lcom/jogamp/opengl/GLContext;Ljava/lang/Runnable;Ljava/lang/Runnable;)V+72
j  com.jogamp.opengl.awt.GLJPanel$OffscreenBackend.doPaintComponent(Ljava/awt/Graphics;)V+29
j  com.jogamp.opengl.awt.GLJPanel.paintComponent(Ljava/awt/Graphics;)V+224
j  javax.swing.JComponent.paint(Ljava/awt/Graphics;)V+286
j  javax.swing.JComponent.paintChildren(Ljava/awt/Graphics;)V+501
j  javax.swing.JComponent.paint(Ljava/awt/Graphics;)V+318
j  javax.swing.JComponent.paintChildren(Ljava/awt/Graphics;)V+501
j  javax.swing.JComponent.paint(Ljava/awt/Graphics;)V+318
j  javax.swing.JLayeredPane.paint(Ljava/awt/Graphics;)V+73
j  javax.swing.JComponent.paintChildren(Ljava/awt/Graphics;)V+501
j  javax.swing.JComponent.paintToOffscreen(Ljava/awt/Graphics;IIIIII)V+72
j  javax.swing.BufferStrategyPaintManager.paint(Ljavax/swing/JComponent;Ljavax/swing/JComponent;Ljava/awt/Graphics;IIII)Z+164
j  javax.swing.RepaintManager.paint(Ljavax/swing/JComponent;Ljavax/swing/JComponent;Ljava/awt/Graphics;IIII)V+51
j  javax.swing.JComponent.paint(Ljava/awt/Graphics;)V+221
j  java.awt.GraphicsCallback$PaintCallback.run(Ljava/awt/Component;Ljava/awt/Graphics;)V+2
j  sun.awt.SunGraphicsCallback.runOneComponent(Ljava/awt/Component;Ljava/awt/Rectangle;Ljava/awt/Graphics;Ljava/awt/Shape;I)V+155
j  sun.awt.SunGraphicsCallback.runComponents([Ljava/awt/Component;Ljava/awt/Graphics;I)V+194
j  java.awt.Container.paint(Ljava/awt/Graphics;)V+58
j  java.awt.Window.paint(Ljava/awt/Graphics;)V+68
j  javax.swing.RepaintManager$4.run()Ljava/lang/Void;+142
j  javax.swing.RepaintManager$4.run()Ljava/lang/Object;+1
v  ~StubRoutines::call_stub
j  java.security.AccessController.doPrivileged(Ljava/security/PrivilegedAction;Ljava/security/AccessControlContext;)Ljava/lang/Object;+0
j  java.security.ProtectionDomain$JavaSecurityAccessImpl.doIntersectionPrivilege(Ljava/security/PrivilegedAction;Ljava/security/AccessControlContext;Ljava/security/AccessControlContext;)Ljava/lang/Object;+18
j  javax.swing.RepaintManager.paintDirtyRegions(Ljava/util/Map;)V+154
j  javax.swing.RepaintManager.paintDirtyRegions()V+46
j  javax.swing.RepaintManager.prePaintDirtyRegions()V+73
j  javax.swing.RepaintManager.access$1200(Ljavax/swing/RepaintManager;)V+1
j  javax.swing.RepaintManager$ProcessingRunnable.run()V+37
j  java.awt.event.InvocationEvent.dispatch()V+47
j  java.awt.EventQueue.dispatchEventImpl(Ljava/awt/AWTEvent;Ljava/lang/Object;)V+21
j  java.awt.EventQueue.access$500(Ljava/awt/EventQueue;Ljava/awt/AWTEvent;Ljava/lang/Object;)V+3
j  java.awt.EventQueue$3.run()Ljava/lang/Void;+32
j  java.awt.EventQueue$3.run()Ljava/lang/Object;+1
v  ~StubRoutines::call_stub
j  java.security.AccessController.doPrivileged(Ljava/security/PrivilegedAction;Ljava/security/AccessControlContext;)Ljava/lang/Object;+0
j  java.security.ProtectionDomain$JavaSecurityAccessImpl.doIntersectionPrivilege(Ljava/security/PrivilegedAction;Ljava/security/AccessControlContext;Ljava/security/AccessControlContext;)Ljava/lang/Object;+18
j  java.awt.EventQueue.dispatchEvent(Ljava/awt/AWTEvent;)V+46
j  java.awt.EventDispatchThread.pumpOneEventForFilters(I)V+245
j  java.awt.EventDispatchThread.pumpEventsForFilter(ILjava/awt/Conditional;Ljava/awt/EventFilter;)V+35
j  java.awt.EventDispatchThread.pumpEventsForHierarchy(ILjava/awt/Conditional;Ljava/awt/Component;)V+11
j  java.awt.EventDispatchThread.pumpEvents(ILjava/awt/Conditional;)V+4
j  java.awt.EventDispatchThread.pumpEvents(Ljava/awt/Conditional;)V+3
j  java.awt.EventDispatchThread.run()V+9
v  ~StubRoutines::call_stub

---------------  P R O C E S S  ---------------

Java Threads: ( => current thread )
  0x522ff000 JavaThread "FX Access Thread (Visual Debugger)" daemon [_thread_blocked, id=2909, stack(0x54a14000,0x54a65000)]
  0x522ee800 JavaThread "Prism Font Disposer" daemon [_thread_blocked, id=2908, stack(0x57043000,0x57094000)]
  0x59639400 JavaThread "JavaFX Application Thread-SharedResourceRunner" daemon [_thread_blocked, id=2890, stack(0x59098000,0x590e9000)]
  0x5953ec00 JavaThread "JavaFX Application Thread-SharedResourceRunner" daemon [_thread_blocked, id=2889, stack(0x59405000,0x59456000)]
  0x67126c00 JavaThread "org.netbeans.modules.debugger.jpda.visual AWT Access Loop" daemon [_thread_blocked, id=2888, stack(0x59b0d000,0x59b5e000)]
=>0x59d0dc00 JavaThread "AWT-EventQueue-0" [_thread_in_native, id=2887, stack(0x59c5e000,0x59caf000)]
  0x59d0c800 JavaThread "AWT-Shutdown" [_thread_blocked, id=2886, stack(0x59caf000,0x59d00000)]
  0x59d00400 JavaThread "AWT-XAWT" daemon [_thread_in_native, id=2885, stack(0x59e45000,0x59e96000)]
  0x5bff6000 JavaThread "Java2D Disposer" daemon [_thread_blocked, id=2884, stack(0x5c03e000,0x5c08f000)]
  0x63bf4000 JavaThread "JavaFX-Launcher" [_thread_blocked, id=2877, stack(0x5c585000,0x5c5d6000)]
  0x63bebc00 JavaThread "JavaFX Application Thread" [_thread_in_native, id=2876, stack(0x5c65e000,0x5c6af000)]
  0x63be8800 JavaThread "Thread-1" daemon [_thread_blocked, id=2875, stack(0x5c6af000,0x5c700000)]
  0x63b78000 JavaThread "QuantumRenderer-0" daemon [_thread_blocked, id=2870, stack(0x63e30000,0x63e81000)]
  0x645bdc00 JavaThread "Service Thread" daemon [_thread_blocked, id=2868, stack(0x63f97000,0x63fe8000)]
  0x645b2800 JavaThread "C1 CompilerThread2" daemon [_thread_blocked, id=2867, stack(0x63fe8000,0x64069000)]
  0x645b1400 JavaThread "C2 CompilerThread1" daemon [_thread_blocked, id=2866, stack(0x64069000,0x640ea000)]
  0x645af400 JavaThread "C2 CompilerThread0" daemon [_thread_blocked, id=2865, stack(0x640ea000,0x6416b000)]
  0x64300800 JavaThread "JDWP Command Reader" daemon [_thread_in_native, id=2860, stack(0x6416b000,0x641bc000)]
  0x645adc00 JavaThread "JDWP Event Helper Thread" daemon [_thread_blocked, id=2859, stack(0x641bc000,0x6420d000)]
  0x645aa400 JavaThread "JDWP Transport Listener: dt_socket" daemon [_thread_blocked, id=2858, stack(0x6420d000,0x6425e000)]
  0x645a2000 JavaThread "Signal Dispatcher" daemon [_thread_blocked, id=2856, stack(0x6425e000,0x642af000)]
  0x64588000 JavaThread "Finalizer" daemon [_thread_blocked, id=2854, stack(0x642af000,0x64300000)]
  0x64585400 JavaThread "Reference Handler" daemon [_thread_blocked, id=2853, stack(0x64625000,0x64676000)]
  0xb6508c00 JavaThread "main" [_thread_blocked, id=2844, stack(0xb66d5000,0xb6726000)]

Other Threads:
  0x64580c00 VMThread [stack: 0x64676000,0x646f7000] [id=2852]
  0x645bfc00 WatcherThread [stack: 0x63f16000,0x63f97000] [id=2869]

VM state:not at safepoint (normal execution)

VM Mutex/Monitor currently owned by a thread: None

Heap:
 PSYoungGen      total 19200K, used 13813K [0x91cc0000, 0x94240000, 0xa6e00000)
  eden space 16640K, 83% used [0x91cc0000,0x92a3d578,0x92d00000)
  from space 2560K, 0% used [0x92d00000,0x92d00000,0x92f80000)
  to   space 2560K, 0% used [0x93fc0000,0x93fc0000,0x94240000)
 ParOldGen       total 38656K, used 8156K [0x67a00000, 0x69fc0000, 0x91cc0000)
  object space 38656K, 21% used [0x67a00000,0x681f72e0,0x69fc0000)
 Metaspace       used 16645K, capacity 17076K, committed 17280K, reserved 17712K

Card table byte_map: [0x67805000,0x67a00000] byte_map_base: 0x674c8000

Marking Bits: (ParMarkBitMap*) 0xb718d9c0
 Begin Bits: [0x65160000, 0x66130000)
 End Bits:   [0x66130000, 0x67100000)

Polling page: 0xb779f000

CodeCache: size=245760Kb used=3570Kb max_used=3570Kb free=242189Kb
 bounds [0xa72e6000, 0xa7666000, 0xb62e6000]
 total_blobs=1961 nmethods=1356 adapters=526
 compilation: enabled

Compilation events (10 events):
Event: 7.673 Thread 0x645b2800 1352       3       com.sun.javafx.font.freetype.FTGlyph::init (17 bytes)
Event: 7.673 Thread 0x645b2800 nmethod 1352 0xa765f288 code [0xa765f3c0, 0xa765f6ac]
Event: 7.673 Thread 0x645b2800 1353       3       com.sun.javafx.geom.transform.AffineBase::getMxt (5 bytes)
Event: 7.673 Thread 0x645b2800 nmethod 1353 0xa765f808 code [0xa765f920, 0xa765fa00]
Event: 9.141 Thread 0x645b2800 1354       3       com.sun.javafx.tk.quantum.QuantumToolkit$$Lambda$47/11011071::run (8 bytes)
Event: 9.142 Thread 0x645b2800 nmethod 1354 0xa765fa88 code [0xa765fbe0, 0xa765ff24]
Event: 9.142 Thread 0x645b2800 1355   !   3       com.sun.javafx.tk.quantum.QuantumToolkit::lambda$runToolkit$405 (16 bytes)
Event: 9.142 Thread 0x645b2800 nmethod 1355 0xa7660148 code [0xa76602a0, 0xa7660584]
Event: 11.266 Thread 0x645b2800 1356       3       com.sun.javafx.tk.quantum.QuantumToolkit::postPulse (148 bytes)
Event: 11.268 Thread 0x645b2800 nmethod 1356 0xa7660708 code [0xa7660a60, 0xa76623e0]

GC Heap History (8 events):
Event: 2.333 GC heap before
{Heap before GC invocations=1 (full 0):
 PSYoungGen      total 19200K, used 16640K [0x91cc0000, 0x93200000, 0xa6e00000)
  eden space 16640K, 100% used [0x91cc0000,0x92d00000,0x92d00000)
  from space 2560K, 0% used [0x92f80000,0x92f80000,0x93200000)
  to   space 2560K, 0% used [0x92d00000,0x92d00000,0x92f80000)
 ParOldGen       total 43776K, used 0K [0x67a00000, 0x6a4c0000, 0x91cc0000)
  object space 43776K, 0% used [0x67a00000,0x67a00000,0x6a4c0000)
 Metaspace       used 7247K, capacity 7562K, committed 7704K, reserved 8496K
Event: 2.344 GC heap after
Heap after GC invocations=1 (full 0):
 PSYoungGen      total 19200K, used 2408K [0x91cc0000, 0x93200000, 0xa6e00000)
  eden space 16640K, 0% used [0x91cc0000,0x91cc0000,0x92d00000)
  from space 2560K, 94% used [0x92d00000,0x92f5a070,0x92f80000)
  to   space 2560K, 0% used [0x92f80000,0x92f80000,0x93200000)
 ParOldGen       total 43776K, used 0K [0x67a00000, 0x6a4c0000, 0x91cc0000)
  object space 43776K, 0% used [0x67a00000,0x67a00000,0x6a4c0000)
 Metaspace       used 7247K, capacity 7562K, committed 7704K, reserved 8496K
}
Event: 3.501 GC heap before
{Heap before GC invocations=2 (full 0):
 PSYoungGen      total 19200K, used 19048K [0x91cc0000, 0x93200000, 0xa6e00000)
  eden space 16640K, 100% used [0x91cc0000,0x92d00000,0x92d00000)
  from space 2560K, 94% used [0x92d00000,0x92f5a070,0x92f80000)
  to   space 2560K, 0% used [0x92f80000,0x92f80000,0x93200000)
 ParOldGen       total 43776K, used 0K [0x67a00000, 0x6a4c0000, 0x91cc0000)
  object space 43776K, 0% used [0x67a00000,0x67a00000,0x6a4c0000)
 Metaspace       used 12990K, capacity 13364K, committed 13592K, reserved 13616K
Event: 3.540 GC heap after
Heap after GC invocations=2 (full 0):
 PSYoungGen      total 19200K, used 2544K [0x91cc0000, 0x94240000, 0xa6e00000)
  eden space 16640K, 0% used [0x91cc0000,0x91cc0000,0x92d00000)
  from space 2560K, 99% used [0x92f80000,0x931fc1f0,0x93200000)
  to   space 2560K, 0% used [0x92d00000,0x92d00000,0x92f80000)
 ParOldGen       total 43776K, used 4428K [0x67a00000, 0x6a4c0000, 0x91cc0000)
  object space 43776K, 10% used [0x67a00000,0x67e532b8,0x6a4c0000)
 Metaspace       used 12990K, capacity 13364K, committed 13592K, reserved 13616K
}
Event: 4.368 GC heap before
{Heap before GC invocations=3 (full 0):
 PSYoungGen      total 19200K, used 9522K [0x91cc0000, 0x94240000, 0xa6e00000)
  eden space 16640K, 41% used [0x91cc0000,0x923907f8,0x92d00000)
  from space 2560K, 99% used [0x92f80000,0x931fc1f0,0x93200000)
  to   space 2560K, 0% used [0x92d00000,0x92d00000,0x92f80000)
 ParOldGen       total 43776K, used 4428K [0x67a00000, 0x6a4c0000, 0x91cc0000)
  object space 43776K, 10% used [0x67a00000,0x67e532b8,0x6a4c0000)
 Metaspace       used 15843K, capacity 16218K, committed 16384K, reserved 16688K
Event: 4.382 GC heap after
Heap after GC invocations=3 (full 0):
 PSYoungGen      total 19200K, used 2551K [0x91cc0000, 0x94240000, 0xa6e00000)
  eden space 16640K, 0% used [0x91cc0000,0x91cc0000,0x92d00000)
  from space 2560K, 99% used [0x92d00000,0x92f7ddf8,0x92f80000)
  to   space 2560K, 0% used [0x93fc0000,0x93fc0000,0x94240000)
 ParOldGen       total 43776K, used 5873K [0x67a00000, 0x6a4c0000, 0x91cc0000)
  object space 43776K, 13% used [0x67a00000,0x67fbc740,0x6a4c0000)
 Metaspace       used 15843K, capacity 16218K, committed 16384K, reserved 16688K
}
Event: 4.382 GC heap before
{Heap before GC invocations=4 (full 1):
 PSYoungGen      total 19200K, used 2551K [0x91cc0000, 0x94240000, 0xa6e00000)
  eden space 16640K, 0% used [0x91cc0000,0x91cc0000,0x92d00000)
  from space 2560K, 99% used [0x92d00000,0x92f7ddf8,0x92f80000)
  to   space 2560K, 0% used [0x93fc0000,0x93fc0000,0x94240000)
 ParOldGen       total 43776K, used 5873K [0x67a00000, 0x6a4c0000, 0x91cc0000)
  object space 43776K, 13% used [0x67a00000,0x67fbc740,0x6a4c0000)
 Metaspace       used 15843K, capacity 16218K, committed 16384K, reserved 16688K
Event: 4.471 GC heap after
Heap after GC invocations=4 (full 1):
 PSYoungGen      total 19200K, used 0K [0x91cc0000, 0x94240000, 0xa6e00000)
  eden space 16640K, 0% used [0x91cc0000,0x91cc0000,0x92d00000)
  from space 2560K, 0% used [0x92d00000,0x92d00000,0x92f80000)
  to   space 2560K, 0% used [0x93fc0000,0x93fc0000,0x94240000)
 ParOldGen       total 38656K, used 8156K [0x67a00000, 0x69fc0000, 0x91cc0000)
  object space 38656K, 21% used [0x67a00000,0x681f72e0,0x69fc0000)
 Metaspace       used 15843K, capacity 16218K, committed 16384K, reserved 16688K
}

Deoptimization events (10 events):
Event: 4.056 Thread 0x63bebc00 Uncommon trap: reason=class_check action=maybe_recompile pc=0xa748cc60 method=java.io.DataInputStream.readShort()S @ 4
Event: 4.057 Thread 0x63bebc00 Uncommon trap: reason=class_check action=maybe_recompile pc=0xa748cc60 method=java.io.DataInputStream.readShort()S @ 4
Event: 4.059 Thread 0x63bebc00 Uncommon trap: reason=class_check action=maybe_recompile pc=0xa748cc60 method=java.io.DataInputStream.readShort()S @ 4
Event: 4.059 Thread 0x63bebc00 Uncommon trap: reason=class_check action=maybe_recompile pc=0xa748cc60 method=java.io.DataInputStream.readShort()S @ 4
Event: 4.071 Thread 0x63bebc00 Uncommon trap: reason=class_check action=maybe_recompile pc=0xa7397c78 method=java.lang.String.equals(Ljava/lang/Object;)Z @ 8
Event: 4.071 Thread 0x63bebc00 Uncommon trap: reason=class_check action=maybe_recompile pc=0xa7397c78 method=java.lang.String.equals(Ljava/lang/Object;)Z @ 8
Event: 4.071 Thread 0x63bebc00 Uncommon trap: reason=class_check action=maybe_recompile pc=0xa7397c78 method=java.lang.String.equals(Ljava/lang/Object;)Z @ 8
Event: 4.074 Thread 0x63bebc00 Uncommon trap: reason=class_check action=maybe_recompile pc=0xa7397c78 method=java.lang.String.equals(Ljava/lang/Object;)Z @ 8
Event: 4.203 Thread 0x63bebc00 Uncommon trap: reason=unstable_if action=reinterpret pc=0xa7598c64 method=java.lang.ClassLoader.checkName(Ljava/lang/String;)Z @ 20
Event: 4.203 Thread 0x63bebc00 Uncommon trap: reason=unstable_if action=reinterpret pc=0xa75afd04 method=sun.misc.URLClassPath$JarLoader.getResource(Ljava/lang/String;Z)Lsun/misc/Resource; @ 62

Internal exceptions (10 events):
Event: 1.888 Thread 0x63bebc00 Exception <a 'java/lang/NullPointerException'> (0x925ca9d0) thrown at [/HUDSON3/workspace/8-2-build-linux-i586/jdk8u144/9417/hotspot/src/share/vm/prims/jvm.cpp, line 1394]
Event: 2.171 Thread 0x63bebc00 Exception <a 'java/lang/ArrayIndexOutOfBoundsException': 65> (0x92afdf60) thrown at [/HUDSON3/workspace/8-2-build-linux-i586/jdk8u144/9417/hotspot/src/share/vm/interpreter/interpreterRuntime.cpp, line 366]
Event: 2.172 Thread 0x63bebc00 Exception <a 'java/lang/ArrayIndexOutOfBoundsException': 18> (0x92afec80) thrown at [/HUDSON3/workspace/8-2-build-linux-i586/jdk8u144/9417/hotspot/src/share/vm/interpreter/interpreterRuntime.cpp, line 366]
Event: 2.172 Thread 0x63bebc00 Exception <a 'java/lang/ArrayIndexOutOfBoundsException': 86> (0x92affde8) thrown at [/HUDSON3/workspace/8-2-build-linux-i586/jdk8u144/9417/hotspot/src/share/vm/interpreter/interpreterRuntime.cpp, line 366]
Event: 2.182 Thread 0x63bebc00 Exception <a 'java/lang/ArrayIndexOutOfBoundsException'> (0x92b06ab8) thrown at [/HUDSON3/workspace/8-2-build-linux-i586/jdk8u144/9417/hotspot/src/share/vm/runtime/sharedRuntime.cpp, line 605]
Event: 2.526 Thread 0x63bebc00 Exception <a 'java/io/FileNotFoundException'> (0x9200e1b8) thrown at [/HUDSON3/workspace/8-2-build-linux-i586/jdk8u144/9417/hotspot/src/share/vm/prims/jni.cpp, line 709]
Event: 2.548 Thread 0x63bebc00 Exception <a 'java/io/FileNotFoundException'> (0x92071408) thrown at [/HUDSON3/workspace/8-2-build-linux-i586/jdk8u144/9417/hotspot/src/share/vm/prims/jni.cpp, line 709]
Event: 2.548 Thread 0x63bebc00 Exception <a 'java/io/FileNotFoundException'> (0x92071e98) thrown at [/HUDSON3/workspace/8-2-build-linux-i586/jdk8u144/9417/hotspot/src/share/vm/prims/jni.cpp, line 709]
Event: 3.641 Thread 0x63bebc00 Implicit null exception at 0xa74ccd9f to 0xa74cd211
Event: 3.643 Thread 0x63bebc00 Implicit null exception at 0xa745d49f to 0xa745d905

Events (10 events):
Event: 9.362 Executing VM operation: EnterInterpOnlyMode done
Event: 9.364 Executing VM operation: GetCurrentLocation
Event: 9.364 Executing VM operation: GetCurrentLocation done
Event: 9.364 Executing VM operation: ChangeSingleStep
Event: 9.364 Executing VM operation: ChangeSingleStep done
Event: 9.379 Executing VM operation: ChangeSingleStep
Event: 9.379 Executing VM operation: ChangeSingleStep done
Event: 9.380 Executing VM operation: ChangeBreakpoints
Event: 9.380 Executing VM operation: ChangeBreakpoints done
Event: 70.322 Thread 0x5bf9c400 Thread exited: 0x5bf9c400


Dynamic libraries:
08048000-08049000 r-xp 00000000 08:01 1341235    /usr/lib/jvm/java-8-oracle/jre/bin/java
08049000-0804a000 rw-p 00000000 08:01 1341235    /usr/lib/jvm/java-8-oracle/jre/bin/java
09b5b000-09bcc000 rw-p 00000000 00:00 0          [heap]
512ac000-51500000 rw-p 00000000 00:00 0 
51500000-51529000 rw-p 00000000 00:00 0 
51529000-51600000 ---p 00000000 00:00 0 
51698000-51900000 rw-p 00000000 00:00 0 
51900000-5194c000 rw-p 00000000 00:00 0 
5194c000-51a00000 ---p 00000000 00:00 0 
51a00000-51aa0000 rw-p 00000000 00:00 0 
51aa0000-51b00000 ---p 00000000 00:00 0 
51b00000-51bfa000 rw-p 00000000 00:00 0 
51bfa000-51c00000 ---p 00000000 00:00 0 
51c00000-51cdc000 rw-p 00000000 00:00 0 
51cdc000-51d00000 ---p 00000000 00:00 0 
51da6000-52000000 rw-p 00000000 00:00 0 
52000000-52200000 rw-p 00000000 00:00 0 
52200000-52300000 rw-p 00000000 00:00 0 
52300000-52400000 rw-p 00000000 00:00 0 
52400000-524e8000 rw-p 00000000 00:00 0 
524e8000-52500000 ---p 00000000 00:00 0 
52543000-525fc000 r--p 00000000 08:01 278901     /usr/share/fonts/truetype/dejavu/DejaVuSans.ttf
525fc000-526fc000 rw-p 00000000 00:00 0 
526fc000-526fd000 ---p 00000000 00:00 0 
526fd000-52efd000 rw-p 00000000 00:00 0 
52efd000-52efe000 ---p 00000000 00:00 0 
52efe000-536fe000 rw-p 00000000 00:00 0 
536fe000-536ff000 ---p 00000000 00:00 0 
536ff000-53eff000 rw-p 00000000 00:00 0 
53eff000-53f00000 ---p 00000000 00:00 0 
53f00000-54700000 rw-p 00000000 00:00 0 
54700000-547f1000 rw-p 00000000 00:00 0 
547f1000-54800000 ---p 00000000 00:00 0 
54800000-54900000 rw-p 00000000 00:00 0 
54900000-549fe000 rw-p 00000000 00:00 0 
549fe000-54a00000 ---p 00000000 00:00 0 
54a14000-54a17000 ---p 00000000 00:00 0 
54a17000-54afc000 rw-p 00000000 00:00 0 
54afc000-54afd000 ---p 00000000 00:00 0 
54afd000-552fd000 rw-p 00000000 00:00 0 
552fd000-552fe000 ---p 00000000 00:00 0 
552fe000-55afe000 rw-p 00000000 00:00 0 
55afe000-55aff000 ---p 00000000 00:00 0 
55aff000-562ff000 rw-p 00000000 00:00 0 
562ff000-56300000 ---p 00000000 00:00 0 
56300000-56b00000 rw-p 00000000 00:00 0 
56b00000-56b31000 rw-p 00000000 00:00 0 
56b31000-56c00000 ---p 00000000 00:00 0 
56c00000-56cf2000 rw-p 00000000 00:00 0 
56cf2000-56d00000 ---p 00000000 00:00 0 
56d00000-56de4000 rw-p 00000000 00:00 0 
56de4000-56e00000 ---p 00000000 00:00 0 
56e00000-56f00000 rw-p 00000000 00:00 0 
56f00000-57000000 rw-p 00000000 00:00 0 
57030000-57043000 r--s 00345000 08:01 1366580    /usr/lib/jvm/java-8-oracle/jre/lib/resources.jar
57043000-57046000 ---p 00000000 00:00 0 
57046000-57094000 rw-p 00000000 00:00 0 
57094000-57095000 ---p 00000000 00:00 0 
57095000-57895000 rw-p 00000000 00:00 0 
57895000-57896000 ---p 00000000 00:00 0 
57896000-58096000 rw-p 00000000 00:00 0 
58096000-58097000 ---p 00000000 00:00 0 
58097000-58897000 rw-p 00000000 00:00 0 
58897000-58898000 ---p 00000000 00:00 0 
58898000-59098000 rw-p 00000000 00:00 0 
59098000-5909b000 ---p 00000000 00:00 0 
5909b000-590e9000 rw-p 00000000 00:00 0 
590e9000-5913e000 r-xp 00000000 08:01 1199423    /home/ubuntu/NetBeansProjects/xProjectCAM/natives/linux-i586/libjogl_mobile.so
5913e000-5913f000 rw-p 00054000 08:01 1199423    /home/ubuntu/NetBeansProjects/xProjectCAM/natives/linux-i586/libjogl_mobile.so
5913f000-59164000 r-xp 00000000 08:01 1323763    /usr/lib/i386-linux-gnu/libkj-0.5.3.so
59164000-59165000 r--p 00024000 08:01 1323763    /usr/lib/i386-linux-gnu/libkj-0.5.3.so
59165000-59166000 rw-p 00025000 08:01 1323763    /usr/lib/i386-linux-gnu/libkj-0.5.3.so
59166000-5917d000 r-xp 00000000 08:01 1319085    /usr/lib/i386-linux-gnu/libboost_filesystem.so.1.58.0
5917d000-5917e000 r--p 00016000 08:01 1319085    /usr/lib/i386-linux-gnu/libboost_filesystem.so.1.58.0
5917e000-5917f000 rw-p 00017000 08:01 1319085    /usr/lib/i386-linux-gnu/libboost_filesystem.so.1.58.0
5917f000-591ae000 r-xp 00000000 08:01 1319091    /usr/lib/i386-linux-gnu/libprotobuf-lite.so.9.0.1
591ae000-591af000 ---p 0002f000 08:01 1319091    /usr/lib/i386-linux-gnu/libprotobuf-lite.so.9.0.1
591af000-591b0000 r--p 0002f000 08:01 1319091    /usr/lib/i386-linux-gnu/libprotobuf-lite.so.9.0.1
591b0000-591b1000 rw-p 00030000 08:01 1319091    /usr/lib/i386-linux-gnu/libprotobuf-lite.so.9.0.1
591b1000-59235000 r-xp 00000000 08:01 1328244    /usr/lib/i386-linux-gnu/libcapnp-0.5.3.so
59235000-59236000 ---p 00084000 08:01 1328244    /usr/lib/i386-linux-gnu/libcapnp-0.5.3.so
59236000-59238000 r--p 00084000 08:01 1328244    /usr/lib/i386-linux-gnu/libcapnp-0.5.3.so
59238000-59239000 rw-p 00086000 08:01 1328244    /usr/lib/i386-linux-gnu/libcapnp-0.5.3.so
59239000-592a7000 r-xp 00000000 08:01 1329981    /usr/lib/i386-linux-gnu/libmirprotobuf.so.3
592a7000-592a9000 r--p 0006d000 08:01 1329981    /usr/lib/i386-linux-gnu/libmirprotobuf.so.3
592a9000-592aa000 rw-p 0006f000 08:01 1329981    /usr/lib/i386-linux-gnu/libmirprotobuf.so.3
592aa000-592ec000 r-xp 00000000 08:01 1329980    /usr/lib/i386-linux-gnu/libmircommon.so.7
592ec000-592ed000 ---p 00042000 08:01 1329980    /usr/lib/i386-linux-gnu/libmircommon.so.7
592ed000-592ee000 r--p 00042000 08:01 1329980    /usr/lib/i386-linux-gnu/libmircommon.so.7
592ee000-592ef000 rw-p 00043000 08:01 1329980    /usr/lib/i386-linux-gnu/libmircommon.so.7
592ef000-59331000 r-xp 00000000 08:01 1319097    /usr/lib/i386-linux-gnu/libxkbcommon.so.0.0.0
59331000-59332000 r--p 00041000 08:01 1319097    /usr/lib/i386-linux-gnu/libxkbcommon.so.0.0.0
59332000-59333000 rw-p 00042000 08:01 1319097    /usr/lib/i386-linux-gnu/libxkbcommon.so.0.0.0
59333000-593d3000 r-xp 00000000 08:01 1329984    /usr/lib/i386-linux-gnu/libmirclient.so.9
593d3000-593d6000 r--p 0009f000 08:01 1329984    /usr/lib/i386-linux-gnu/libmirclient.so.9
593d6000-593d7000 rw-p 000a2000 08:01 1329984    /usr/lib/i386-linux-gnu/libmirclient.so.9
593d7000-593e3000 r-xp 00000000 08:01 1317064    /usr/lib/i386-linux-gnu/libgbm.so.1.0.0
593e3000-593e4000 ---p 0000c000 08:01 1317064    /usr/lib/i386-linux-gnu/libgbm.so.1.0.0
593e4000-593e5000 r--p 0000c000 08:01 1317064    /usr/lib/i386-linux-gnu/libgbm.so.1.0.0
593e5000-593e6000 rw-p 0000d000 08:01 1317064    /usr/lib/i386-linux-gnu/libgbm.so.1.0.0
593e6000-593f5000 r-xp 00000000 08:01 1319147    /usr/lib/i386-linux-gnu/libwayland-server.so.0.1.0
593f5000-593f6000 r--p 0000e000 08:01 1319147    /usr/lib/i386-linux-gnu/libwayland-server.so.0.1.0
593f6000-593f7000 rw-p 0000f000 08:01 1319147    /usr/lib/i386-linux-gnu/libwayland-server.so.0.1.0
593f7000-59402000 r-xp 00000000 08:01 1327779    /usr/lib/i386-linux-gnu/libwayland-client.so.0.3.0
59402000-59403000 ---p 0000b000 08:01 1327779    /usr/lib/i386-linux-gnu/libwayland-client.so.0.3.0
59403000-59404000 r--p 0000b000 08:01 1327779    /usr/lib/i386-linux-gnu/libwayland-client.so.0.3.0
59404000-59405000 rw-p 0000c000 08:01 1327779    /usr/lib/i386-linux-gnu/libwayland-client.so.0.3.0
59405000-59408000 ---p 00000000 00:00 0 
59408000-59456000 rw-p 00000000 00:00 0 
59456000-594ff000 r-xp 00000000 08:01 1199425    /home/ubuntu/NetBeansProjects/xProjectCAM/natives/linux-i586/libjogl_desktop.so
594ff000-59500000 rw-p 000a9000 08:01 1199425    /home/ubuntu/NetBeansProjects/xProjectCAM/natives/linux-i586/libjogl_desktop.so
59500000-595fe000 rw-p 00000000 00:00 0 
595fe000-59600000 ---p 00000000 00:00 0 
59600000-596fd000 rw-p 00000000 00:00 0 
596fd000-59700000 ---p 00000000 00:00 0 
59700000-597f9000 rw-p 00000000 00:00 0 
597f9000-59800000 ---p 00000000 00:00 0 
59800000-59900000 rw-p 00000000 00:00 0 
59900000-599dd000 rw-p 00000000 00:00 0 
599dd000-59a00000 ---p 00000000 00:00 0 
59a04000-59a0b000 r-xp 00000000 08:01 1329979    /usr/lib/i386-linux-gnu/libmircore.so.1
59a0b000-59a0c000 r--p 00006000 08:01 1329979    /usr/lib/i386-linux-gnu/libmircore.so.1
59a0c000-59a0d000 rw-p 00007000 08:01 1329979    /usr/lib/i386-linux-gnu/libmircore.so.1
59a0d000-59b0d000 rw-p 00000000 00:00 0 
59b0d000-59b10000 ---p 00000000 00:00 0 
59b10000-59c5e000 rw-p 00000000 00:00 0 
59c5e000-59c61000 ---p 00000000 00:00 0 
59c61000-59caf000 rw-p 00000000 00:00 0 
59caf000-59cb2000 ---p 00000000 00:00 0 
59cb2000-59d00000 rw-p 00000000 00:00 0 
59d00000-59dfa000 rw-p 00000000 00:00 0 
59dfa000-59e00000 ---p 00000000 00:00 0 
59e02000-59e05000 r-xp 00000000 08:01 1317973    /usr/lib/i386-linux-gnu/libboost_system.so.1.58.0
59e05000-59e06000 r--p 00002000 08:01 1317973    /usr/lib/i386-linux-gnu/libboost_system.so.1.58.0
59e06000-59e07000 rw-p 00003000 08:01 1317973    /usr/lib/i386-linux-gnu/libboost_system.so.1.58.0
59e07000-59e42000 r-xp 00000000 08:01 1317054    /usr/lib/i386-linux-gnu/mesa-egl/libEGL.so.1.0.0
59e42000-59e43000 ---p 0003b000 08:01 1317054    /usr/lib/i386-linux-gnu/mesa-egl/libEGL.so.1.0.0
59e43000-59e44000 r--p 0003b000 08:01 1317054    /usr/lib/i386-linux-gnu/mesa-egl/libEGL.so.1.0.0
59e44000-59e45000 rw-p 0003c000 08:01 1317054    /usr/lib/i386-linux-gnu/mesa-egl/libEGL.so.1.0.0
59e45000-59e48000 ---p 00000000 00:00 0 
59e48000-59e96000 rw-p 00000000 00:00 0 
59e96000-59ef8000 r-xp 00000000 08:01 1366666    /usr/lib/jvm/java-8-oracle/jre/lib/i386/libfontmanager.so
59ef8000-59efb000 rw-p 00061000 08:01 1366666    /usr/lib/jvm/java-8-oracle/jre/lib/i386/libfontmanager.so
59efb000-59fff000 rw-p 00000000 00:00 0 
59fff000-5a04b000 r-xp 00000000 08:01 1366674    /usr/lib/jvm/java-8-oracle/jre/lib/i386/libawt_xawt.so
5a04b000-5a04d000 rw-p 0004c000 08:01 1366674    /usr/lib/jvm/java-8-oracle/jre/lib/i386/libawt_xawt.so
5a04d000-5a04e000 rw-p 00000000 00:00 0 
5a04e000-5a0d4000 r-xp 00000000 08:01 1366646    /usr/lib/jvm/java-8-oracle/jre/lib/i386/libawt.so
5a0d4000-5a0db000 rw-p 00086000 08:01 1366646    /usr/lib/jvm/java-8-oracle/jre/lib/i386/libawt.so
5a0db000-5be00000 rw-p 00000000 00:00 0 
5be00000-5bf00000 rw-p 00000000 00:00 0 
5bf00000-5c000000 rw-p 00000000 00:00 0 
5c003000-5c00a000 r-xp 00000000 08:01 1317188    /usr/lib/i386-linux-gnu/libxcb-xfixes.so.0.0.0
5c00a000-5c00b000 r--p 00006000 08:01 1317188    /usr/lib/i386-linux-gnu/libxcb-xfixes.so.0.0.0
5c00b000-5c00c000 rw-p 00007000 08:01 1317188    /usr/lib/i386-linux-gnu/libxcb-xfixes.so.0.0.0
5c00c000-5c011000 r-xp 00000000 08:01 1337606    /usr/lib/i386-linux-gnu/mesa-egl/libGLESv2.so.2.0.0
5c011000-5c012000 r--p 00004000 08:01 1337606    /usr/lib/i386-linux-gnu/mesa-egl/libGLESv2.so.2.0.0
5c012000-5c014000 rwxp 00005000 08:01 1337606    /usr/lib/i386-linux-gnu/mesa-egl/libGLESv2.so.2.0.0
5c025000-5c029000 r-xp 00000000 08:01 1366664    /usr/lib/jvm/java-8-oracle/jre/lib/i386/libjavafx_font_pango.so
5c029000-5c02a000 rw-p 00003000 08:01 1366664    /usr/lib/jvm/java-8-oracle/jre/lib/i386/libjavafx_font_pango.so
5c02a000-5c02f000 r--s 00084000 08:01 1366566    /usr/lib/jvm/java-8-oracle/jre/lib/jfr.jar
5c02f000-5c030000 rwxp 00000000 00:00 0 
5c030000-5c036000 r-xp 00000000 08:01 1199430    /home/ubuntu/NetBeansProjects/xProjectCAM/natives/linux-i586/libnativewindow_x11.so
5c036000-5c037000 rw-p 00005000 08:01 1199430    /home/ubuntu/NetBeansProjects/xProjectCAM/natives/linux-i586/libnativewindow_x11.so
5c037000-5c038000 r-xp 00000000 08:01 1199426    /home/ubuntu/NetBeansProjects/xProjectCAM/natives/linux-i586/libnativewindow_awt.so
5c038000-5c039000 rw-p 00001000 08:01 1199426    /home/ubuntu/NetBeansProjects/xProjectCAM/natives/linux-i586/libnativewindow_awt.so
5c039000-5c03a000 r-xp 00000000 08:01 1366684    /usr/lib/jvm/java-8-oracle/jre/lib/i386/libjawt.so
5c03a000-5c03b000 rw-p 00000000 08:01 1366684    /usr/lib/jvm/java-8-oracle/jre/lib/i386/libjawt.so
5c03b000-5c03d000 r-xp 00000000 08:01 670686     /tmp/jogamp_0000/file_cache/jln501598921894271551/jln7654204700933260946/natives/linux-i586/libgluegen-rt.so
5c03d000-5c03e000 rw-p 00001000 08:01 670686     /tmp/jogamp_0000/file_cache/jln501598921894271551/jln7654204700933260946/natives/linux-i586/libgluegen-rt.so
5c03e000-5c041000 ---p 00000000 00:00 0 
5c041000-5c08f000 rw-p 00000000 00:00 0 
5c08f000-5c09e000 r-xp 00000000 08:01 1366668    /usr/lib/jvm/java-8-oracle/jre/lib/i386/libnio.so
5c09e000-5c09f000 rw-p 0000e000 08:01 1366668    /usr/lib/jvm/java-8-oracle/jre/lib/i386/libnio.so
5c09f000-5c0b4000 r-xp 00000000 08:01 1366644    /usr/lib/jvm/java-8-oracle/jre/lib/i386/libnet.so
5c0b4000-5c0b5000 rw-p 00015000 08:01 1366644    /usr/lib/jvm/java-8-oracle/jre/lib/i386/libnet.so
5c0b5000-5c0b8000 ---p 00000000 00:00 0 
5c0b8000-5c0ce000 rw-p 00000000 00:00 0 
5c0ce000-5c0cf000 r--p 00000000 00:00 0 
5c0cf000-5c0d4000 r--s 0009a000 08:01 1365230    /usr/lib/jvm/java-8-oracle/jre/lib/jsse.jar
5c0d4000-5c0dc000 r--s 00000000 08:01 276588     /var/cache/fontconfig/945677eb7aeaf62f1d50efc3fb3ec7d8-le32d4.cache-6
5c0dc000-5c0e0000 r--s 00000000 08:01 271504     /var/cache/fontconfig/2cd17615ca594fa2959ae173292e504c-le32d4.cache-6
5c0e0000-5c0e1000 r--s 00000000 08:01 278881     /var/cache/fontconfig/0d8c3b2ac0904cb8a57a757ad11a4a08-le32d4.cache-6
5c0e1000-5c0f0000 r--s 00000000 08:01 271502     /var/cache/fontconfig/04aabc0a78ac019cf9454389977116d2-le32d4.cache-6
5c0f0000-5c0f1000 r--s 00000000 08:01 278874     /var/cache/fontconfig/1ac9eb803944fde146138c791f5cc56a-le32d4.cache-6
5c0f1000-5c0f4000 r--s 00000000 08:01 271500     /var/cache/fontconfig/385c0604a188198f04d133e54aba7fe7-le32d4.cache-6
5c0f4000-5c0f5000 r--s 00000000 08:01 278872     /var/cache/fontconfig/dc05db6664285cc2f12bf69c139ae4c3-le32d4.cache-6
5c0f5000-5c0f6000 r--s 00000000 08:01 271498     /var/cache/fontconfig/14a5e22175779b556eaa434240950366-le32d4.cache-6
5c0f6000-5c0f7000 r--s 00000000 08:01 271496     /var/cache/fontconfig/660208299946a285a940457d1287da33-le32d4.cache-6
5c0f7000-5c100000 r--s 00000000 08:01 271492     /var/cache/fontconfig/8801497958630a81b71ace7c5f9b32a8-le32d4.cache-6
5c100000-5c200000 rw-p 00000000 00:00 0 
5c200000-5c2fb000 rw-p 00000000 00:00 0 
5c2fb000-5c300000 ---p 00000000 00:00 0 
5c300000-5c301000 r--s 00000000 08:01 278871     /var/cache/fontconfig/4f3e3037c9980c83b53a9351efadef62-le32d4.cache-6
5c301000-5c303000 r--s 00000000 08:01 278870     /var/cache/fontconfig/767a8244fc0220cfb567a839d0392e0b-le32d4.cache-6
5c303000-5c304000 r--s 00000000 08:01 271494     /var/cache/fontconfig/4794a0821666d79190d59a36cb4f44b5-le32d4.cache-6
5c304000-5c306000 r--s 00000000 08:01 271490     /var/cache/fontconfig/a015930274ffcd967d2ca1b57da47cc7-le32d4.cache-6
5c306000-5c307000 r--s 00000000 08:01 271488     /var/cache/fontconfig/b872e6e592da6075ffa4ab0a1fcc0c75-le32d4.cache-6
5c307000-5c308000 r--s 00000000 08:01 271486     /var/cache/fontconfig/f6d4eedfaab2589bde49f7a3ff831d22-le32d4.cache-6
5c308000-5c309000 r--s 00000000 08:01 271484     /var/cache/fontconfig/589f83ef4c36d296ce6e1c846f468f08-le32d4.cache-6
5c309000-5c30a000 r--s 00000000 08:01 271482     /var/cache/fontconfig/bab58bb527bb656aaa9f116d68a48d89-le32d4.cache-6
5c30a000-5c30b000 r--s 00000000 08:01 271480     /var/cache/fontconfig/2171a34dccabdb6bcbbc728186263178-le32d4.cache-6
5c30b000-5c30c000 r--s 00000000 08:01 271478     /var/cache/fontconfig/c5c45a61289222e0d30b1a26ef4effbe-le32d4.cache-6
5c30c000-5c30d000 r--s 00000000 08:01 271476     /var/cache/fontconfig/aec30016f93e1b46d1a973dce0d74068-le32d4.cache-6
5c30d000-5c30e000 r--s 00000000 08:01 271474     /var/cache/fontconfig/3f589640d34b7dc9042c8d453f7c8b9c-le32d4.cache-6
5c30e000-5c30f000 r--s 00000000 08:01 271471     /var/cache/fontconfig/16c2fda60d1b4b719f4b3d06fd951d25-le32d4.cache-6
5c30f000-5c310000 r--s 00000000 08:01 271467     /var/cache/fontconfig/a48eab177a16e4f3713381162db2f3e9-le32d4.cache-6
5c310000-5c311000 r--s 00000000 08:01 271465     /var/cache/fontconfig/564b2e68ac9bc4e36a6f7f6d6125ec1c-le32d4.cache-6
5c311000-5c316000 r--s 00000000 08:01 271462     /var/cache/fontconfig/3047814df9a2f067bd2d96a2b9c36e5a-le32d4.cache-6
5c316000-5c317000 r--s 00000000 08:01 278866     /var/cache/fontconfig/56cf4f4769d0f4abc89a4895d7bd3ae1-le32d4.cache-6
5c317000-5c318000 r--s 00000000 08:01 278865     /var/cache/fontconfig/b9d506c9ac06c20b433354fa67a72993-le32d4.cache-6
5c318000-5c31c000 r--s 00000000 08:01 271460     /var/cache/fontconfig/b47c4e1ecd0709278f4910c18777a504-le32d4.cache-6
5c31c000-5c32c000 r--s 00000000 08:01 278863     /var/cache/fontconfig/d52a8644073d54c13679302ca1180695-le32d4.cache-6
5c32c000-5c32d000 r--s 00000000 08:01 271458     /var/cache/fontconfig/370e5b74bf5dafc30834de68e24a87a4-le32d4.cache-6
5c32d000-5c32e000 r--s 00000000 08:01 271456     /var/cache/fontconfig/6b2c5944714ca7831b25bed9e85cb5c8-le32d4.cache-6
5c32e000-5c32f000 r--s 00000000 08:01 271453     /var/cache/fontconfig/d5178ab6d91b49bf20a416737dcea9e8-le32d4.cache-6
5c32f000-5c330000 r--s 00000000 08:01 271451     /var/cache/fontconfig/551ecf3b0e8b0bca0f25c0944f561853-le32d4.cache-6
5c330000-5c332000 r--s 00000000 08:01 271448     /var/cache/fontconfig/f259c2cffa685e28062317905db73c4a-le32d4.cache-6
5c332000-5c333000 r--s 00000000 08:01 271446     /var/cache/fontconfig/550f3886151c940c12a5ed35f6a00586-le32d4.cache-6
5c333000-5c335000 r--s 00000000 08:01 265095     /var/cache/fontconfig/674d1711f2d1d2a09646eb0bdcadee49-le32d4.cache-6
5c335000-5c33e000 r--s 00000000 08:01 271443     /var/cache/fontconfig/d589a48862398ed80a3d6066f4f56f4c-le32d4.cache-6
5c33e000-5c347000 r--s 00000000 08:01 278860     /var/cache/fontconfig/a0513722a37733a9dfd54dccd328039d-le32d4.cache-6
5c347000-5c349000 r--s 00000000 08:01 271441     /var/cache/fontconfig/099525ddca5eae4f2477b69cf2d7f16d-le32d4.cache-6
5c349000-5c34b000 r--s 00000000 08:01 271437     /var/cache/fontconfig/61092ac79d9058a69eda095afa0a78f1-le32d4.cache-6
5c34b000-5c34d000 r--s 00000000 08:01 271433     /var/cache/fontconfig/a722efc6911bbe16667b1a77497ffd37-le32d4.cache-6
5c34d000-5c34f000 r--s 00000000 08:01 271429     /var/cache/fontconfig/d63fdd8e0f42559533dd777c334fdfcc-le32d4.cache-6
5c34f000-5c350000 r--s 00000000 08:01 271425     /var/cache/fontconfig/30829fa25452a46451e813d634d7f916-le32d4.cache-6
5c350000-5c353000 r--s 00000000 08:01 271421     /var/cache/fontconfig/fac9d1061ce4dddb2143955f84876fd7-le32d4.cache-6
5c353000-5c361000 r--s 00000000 08:01 271388     /var/cache/fontconfig/9b89f8e3dae116d678bbf48e5f21f69b-le32d4.cache-6
5c361000-5c385000 r--s 0031e000 08:01 1200405    /home/ubuntu/NetBeansProjects/xProjectCAM/dist/run1120947384/lib/jogl-all.jar
5c385000-5c485000 rw-p 00000000 00:00 0 
5c485000-5c585000 rw-p 00000000 00:00 0 
5c585000-5c588000 ---p 00000000 00:00 0 
5c588000-5c5d6000 rw-p 00000000 00:00 0 
5c5d6000-5c65a000 r-xp 00000000 08:01 1311820    /usr/lib/libxProjectCAMLib.so
5c65a000-5c65b000 r--p 00083000 08:01 1311820    /usr/lib/libxProjectCAMLib.so
5c65b000-5c65d000 rw-p 00084000 08:01 1311820    /usr/lib/libxProjectCAMLib.so
5c65d000-5c65e000 rw-p 00000000 00:00 0 
5c65e000-5c661000 ---p 00000000 00:00 0 
5c661000-5c6af000 rw-p 00000000 00:00 0 
5c6af000-5c6b2000 ---p 00000000 00:00 0 
5c6b2000-5c700000 rw-p 00000000 00:00 0 
5c700000-5c7ba000 rw-p 00000000 00:00 0 
5c7ba000-5c800000 ---p 00000000 00:00 0 
5c800000-5c801000 r--s 00000000 08:01 271416     /var/cache/fontconfig/0c9eb80ebd1c36541ebe2852d3bb0c49-le32d4.cache-6
5c801000-5c802000 r--s 00000000 08:01 271412     /var/cache/fontconfig/22368d551a680bfe5a62c02760edf4ea-le32d4.cache-6
5c802000-5c803000 r--s 00000000 08:01 271408     /var/cache/fontconfig/4d9c95eba1cb85bbcf2878543262124a-le32d4.cache-6
5c803000-5c810000 r--s 00000000 08:01 263376     /var/cache/fontconfig/e13b20fdb08344e0e664864cc2ede53d-le32d4.cache-6
5c810000-5c817000 r-xp 00000000 08:01 1314123    /usr/lib/i386-linux-gnu/libogg.so.0.8.2
5c817000-5c818000 r--p 00006000 08:01 1314123    /usr/lib/i386-linux-gnu/libogg.so.0.8.2
5c818000-5c819000 rw-p 00007000 08:01 1314123    /usr/lib/i386-linux-gnu/libogg.so.0.8.2
5c819000-5c843000 r-xp 00000000 08:01 1314141    /usr/lib/i386-linux-gnu/libvorbis.so.0.4.8
5c843000-5c844000 r--p 00029000 08:01 1314141    /usr/lib/i386-linux-gnu/libvorbis.so.0.4.8
5c844000-5c845000 rw-p 0002a000 08:01 1314141    /usr/lib/i386-linux-gnu/libvorbis.so.0.4.8
5c845000-5c84e000 r-xp 00000000 08:01 1325645    /usr/lib/i386-linux-gnu/libltdl.so.7.3.1
5c84e000-5c84f000 ---p 00009000 08:01 1325645    /usr/lib/i386-linux-gnu/libltdl.so.7.3.1
5c84f000-5c850000 r--p 00009000 08:01 1325645    /usr/lib/i386-linux-gnu/libltdl.so.7.3.1
5c850000-5c851000 rw-p 0000a000 08:01 1325645    /usr/lib/i386-linux-gnu/libltdl.so.7.3.1
5c851000-5c868000 r-xp 00000000 08:01 1323436    /usr/lib/i386-linux-gnu/libtdb.so.1.3.8
5c868000-5c869000 r--p 00016000 08:01 1323436    /usr/lib/i386-linux-gnu/libtdb.so.1.3.8
5c869000-5c86a000 rw-p 00017000 08:01 1323436    /usr/lib/i386-linux-gnu/libtdb.so.1.3.8
5c86a000-5c873000 r-xp 00000000 08:01 1314139    /usr/lib/i386-linux-gnu/libvorbisfile.so.3.3.7
5c873000-5c874000 r--p 00008000 08:01 1314139    /usr/lib/i386-linux-gnu/libvorbisfile.so.3.3.7
5c874000-5c875000 rw-p 00009000 08:01 1314139    /usr/lib/i386-linux-gnu/libvorbisfile.so.3.3.7
5c875000-5c886000 r-xp 00000000 08:01 1323536    /usr/lib/i386-linux-gnu/libcanberra.so.0.2.5
5c886000-5c887000 r--p 00010000 08:01 1323536    /usr/lib/i386-linux-gnu/libcanberra.so.0.2.5
5c887000-5c888000 rw-p 00011000 08:01 1323536    /usr/lib/i386-linux-gnu/libcanberra.so.0.2.5
5c888000-5c88c000 r-xp 00000000 08:01 1332161    /usr/lib/i386-linux-gnu/libcanberra-gtk.so.0.1.9
5c88c000-5c88d000 r--p 00003000 08:01 1332161    /usr/lib/i386-linux-gnu/libcanberra-gtk.so.0.1.9
5c88d000-5c88e000 rw-p 00004000 08:01 1332161    /usr/lib/i386-linux-gnu/libcanberra-gtk.so.0.1.9
5c88e000-5c88f000 r--s 00000000 08:01 278853     /var/cache/fontconfig/85e0a52ce643a7ba2ae53e5d6949cead-le32d4.cache-6
5c88f000-5c892000 r--s 00000000 08:01 271396     /var/cache/fontconfig/75114ca45c98e8a441da0ff356701271-le32d4.cache-6
5c892000-5c89a000 r--s 00000000 08:01 271392     /var/cache/fontconfig/83bf95040141907cd45bb53cf7c1c148-le32d4.cache-6
5c89a000-5c89e000 r--s 00000000 08:01 263708     /var/cache/fontconfig/7ef2298fde41cc6eeb7af42e48b7d293-le32d4.cache-6
5c89e000-5c8a3000 r-xp 00000000 08:01 1366658    /usr/lib/jvm/java-8-oracle/jre/lib/i386/libjavafx_font_freetype.so
5c8a3000-5c8a4000 rw-p 00004000 08:01 1366658    /usr/lib/jvm/java-8-oracle/jre/lib/i386/libjavafx_font_freetype.so
5c8a4000-5c8aa000 r--s 0004f000 08:01 1200396    /home/ubuntu/NetBeansProjects/xProjectCAM/dist/run1120947384/lib/gluegen-rt.jar
5c8aa000-5c8e6000 r-xp 00000000 08:01 1707823    /usr/lib/i386-linux-gnu/gtk-2.0/2.10.0/engines/libmurrine.so
5c8e6000-5c8e7000 r--p 0003b000 08:01 1707823    /usr/lib/i386-linux-gnu/gtk-2.0/2.10.0/engines/libmurrine.so
5c8e7000-5c8e8000 rw-p 0003c000 08:01 1707823    /usr/lib/i386-linux-gnu/gtk-2.0/2.10.0/engines/libmurrine.so
5c8e8000-5c90c000 r-xp 00000000 08:01 1366698    /usr/lib/jvm/java-8-oracle/jre/lib/i386/libglass.so
5c90c000-5c90e000 rw-p 00024000 08:01 1366698    /usr/lib/jvm/java-8-oracle/jre/lib/i386/libglass.so
5c90e000-5c943000 r-xp 00000000 08:01 1317301    /usr/lib/i386-linux-gnu/libtxc_dxtn_s2tc.so.0.0.0
5c943000-5c944000 r--p 00034000 08:01 1317301    /usr/lib/i386-linux-gnu/libtxc_dxtn_s2tc.so.0.0.0
5c944000-5c945000 rw-p 00035000 08:01 1317301    /usr/lib/i386-linux-gnu/libtxc_dxtn_s2tc.so.0.0.0
5c945000-5c946000 ---p 00000000 00:00 0 
5c946000-5d146000 rw-p 00000000 00:00 0 
5d146000-5d147000 ---p 00000000 00:00 0 
5d147000-5d947000 rw-p 00000000 00:00 0 
5d947000-5d948000 ---p 00000000 00:00 0 
5d948000-5e148000 rw-p 00000000 00:00 0 
5e148000-5e149000 ---p 00000000 00:00 0 
5e149000-5e949000 rw-p 00000000 00:00 0 
5e949000-5e963000 r-xp 00000000 08:01 543675     /lib/i386-linux-gnu/libbsd.so.0.8.2
5e963000-5e964000 r--p 00019000 08:01 543675     /lib/i386-linux-gnu/libbsd.so.0.8.2
5e964000-5e965000 rw-p 0001a000 08:01 543675     /lib/i386-linux-gnu/libbsd.so.0.8.2
5e965000-5e985000 r-xp 00000000 08:01 546403     /lib/i386-linux-gnu/libtinfo.so.5.9
5e985000-5e987000 r--p 0001f000 08:01 546403     /lib/i386-linux-gnu/libtinfo.so.5.9
5e987000-5e988000 rw-p 00021000 08:01 546403     /lib/i386-linux-gnu/libtinfo.so.5.9
5e988000-5e9ba000 r-xp 00000000 08:01 1314960    /usr/lib/i386-linux-gnu/libedit.so.2.0.53
5e9ba000-5e9bb000 ---p 00032000 08:01 1314960    /usr/lib/i386-linux-gnu/libedit.so.2.0.53
5e9bb000-5e9bc000 r--p 00032000 08:01 1314960    /usr/lib/i386-linux-gnu/libedit.so.2.0.53
5e9bc000-5e9bd000 rw-p 00033000 08:01 1314960    /usr/lib/i386-linux-gnu/libedit.so.2.0.53
5e9bd000-5e9bf000 rw-p 00000000 00:00 0 
5e9bf000-61a77000 r-xp 00000000 08:01 1318039    /usr/lib/i386-linux-gnu/libLLVM-4.0.so.1
61a77000-61ca5000 r--p 030b7000 08:01 1318039    /usr/lib/i386-linux-gnu/libLLVM-4.0.so.1
61ca5000-61ca9000 rw-p 032e5000 08:01 1318039    /usr/lib/i386-linux-gnu/libLLVM-4.0.so.1
61ca9000-61cdd000 rw-p 00000000 00:00 0 
61cdd000-61cf7000 r-xp 00000000 08:01 1314958    /usr/lib/i386-linux-gnu/libelf-0.165.so
61cf7000-61cf8000 r--p 00019000 08:01 1314958    /usr/lib/i386-linux-gnu/libelf-0.165.so
61cf8000-61cf9000 rw-p 0001a000 08:01 1314958    /usr/lib/i386-linux-gnu/libelf-0.165.so
61cf9000-61d03000 r-xp 00000000 08:01 1314963    /usr/lib/i386-linux-gnu/libdrm_amdgpu.so.1.0.0
61d03000-61d04000 r--p 00009000 08:01 1314963    /usr/lib/i386-linux-gnu/libdrm_amdgpu.so.1.0.0
61d04000-61d05000 rw-p 0000a000 08:01 1314963    /usr/lib/i386-linux-gnu/libdrm_amdgpu.so.1.0.0
61d05000-61d11000 r-xp 00000000 08:01 1317266    /usr/lib/i386-linux-gnu/libdrm_radeon.so.1.0.1
61d11000-61d12000 r--p 0000b000 08:01 1317266    /usr/lib/i386-linux-gnu/libdrm_radeon.so.1.0.1
61d12000-61d13000 rw-p 0000c000 08:01 1317266    /usr/lib/i386-linux-gnu/libdrm_radeon.so.1.0.1
61d13000-61d1b000 r-xp 00000000 08:01 1345630    /usr/lib/i386-linux-gnu/libdrm_nouveau.so.2.0.0
61d1b000-61d1c000 r--p 00007000 08:01 1345630    /usr/lib/i386-linux-gnu/libdrm_nouveau.so.2.0.0
61d1c000-61d1d000 rw-p 00008000 08:01 1345630    /usr/lib/i386-linux-gnu/libdrm_nouveau.so.2.0.0
61d1d000-61d2b000 r-xp 00000000 08:01 1318873    /usr/lib/i386-linux-gnu/libsensors.so.4.4.0
61d2b000-61d2c000 r--p 0000d000 08:01 1318873    /usr/lib/i386-linux-gnu/libsensors.so.4.4.0
61d2c000-61d2d000 rw-p 0000e000 08:01 1318873    /usr/lib/i386-linux-gnu/libsensors.so.4.4.0
61d2d000-6279e000 r-xp 00000000 08:01 1347980    /usr/lib/i386-linux-gnu/dri/swrast_dri.so
6279e000-6279f000 ---p 00a71000 08:01 1347980    /usr/lib/i386-linux-gnu/dri/swrast_dri.so
6279f000-627c4000 r--p 00a71000 08:01 1347980    /usr/lib/i386-linux-gnu/dri/swrast_dri.so
627c4000-627cd000 rw-p 00a96000 08:01 1347980    /usr/lib/i386-linux-gnu/dri/swrast_dri.so
627cd000-629c2000 rw-p 00000000 00:00 0 
629c2000-629c9000 r-xp 00000000 08:01 1319001    /usr/lib/i386-linux-gnu/libdatrie.so.1.3.3
629c9000-629ca000 ---p 00007000 08:01 1319001    /usr/lib/i386-linux-gnu/libdatrie.so.1.3.3
629ca000-629cb000 r--p 00007000 08:01 1319001    /usr/lib/i386-linux-gnu/libdatrie.so.1.3.3
629cb000-629cc000 rw-p 00008000 08:01 1319001    /usr/lib/i386-linux-gnu/libdatrie.so.1.3.3
629cc000-629d1000 r-xp 00000000 08:01 1314596    /usr/lib/i386-linux-gnu/libXdmcp.so.6.0.0
629d1000-629d2000 r--p 00004000 08:01 1314596    /usr/lib/i386-linux-gnu/libXdmcp.so.6.0.0
629d2000-629d3000 rw-p 00005000 08:01 1314596    /usr/lib/i386-linux-gnu/libXdmcp.so.6.0.0
629d3000-629d5000 r-xp 00000000 08:01 1314590    /usr/lib/i386-linux-gnu/libXau.so.6.0.0
629d5000-629d6000 r--p 00001000 08:01 1314590    /usr/lib/i386-linux-gnu/libXau.so.6.0.0
629d6000-629d7000 rw-p 00002000 08:01 1314590    /usr/lib/i386-linux-gnu/libXau.so.6.0.0
629d7000-629fc000 r-xp 00000000 08:01 1313463    /usr/lib/i386-linux-gnu/libgraphite2.so.3.0.1
629fc000-629fd000 ---p 00025000 08:01 1313463    /usr/lib/i386-linux-gnu/libgraphite2.so.3.0.1
629fd000-629fe000 r--p 00025000 08:01 1313463    /usr/lib/i386-linux-gnu/libgraphite2.so.3.0.1
629fe000-629ff000 rw-p 00026000 08:01 1313463    /usr/lib/i386-linux-gnu/libgraphite2.so.3.0.1
629ff000-62a10000 r-xp 00000000 08:01 1345646    /usr/lib/i386-linux-gnu/libdrm.so.2.4.0
62a10000-62a11000 r--p 00010000 08:01 1345646    /usr/lib/i386-linux-gnu/libdrm.so.2.4.0
62a11000-62a12000 rw-p 00011000 08:01 1345646    /usr/lib/i386-linux-gnu/libdrm.so.2.4.0
62a12000-62a16000 r-xp 00000000 08:01 1313583    /usr/lib/i386-linux-gnu/libxcb-dri2.so.0.0.0
62a16000-62a17000 r--p 00003000 08:01 1313583    /usr/lib/i386-linux-gnu/libxcb-dri2.so.0.0.0
62a17000-62a18000 rw-p 00004000 08:01 1313583    /usr/lib/i386-linux-gnu/libxcb-dri2.so.0.0.0
62a18000-62a30000 r-xp 00000000 08:01 1315203    /usr/lib/i386-linux-gnu/libxcb-glx.so.0.0.0
62a30000-62a31000 ---p 00018000 08:01 1315203    /usr/lib/i386-linux-gnu/libxcb-glx.so.0.0.0
62a31000-62a32000 r--p 00018000 08:01 1315203    /usr/lib/i386-linux-gnu/libxcb-glx.so.0.0.0
62a32000-62a33000 rw-p 00019000 08:01 1315203    /usr/lib/i386-linux-gnu/libxcb-glx.so.0.0.0
62a33000-62a46000 r-xp 00000000 08:01 1325890    /usr/lib/i386-linux-gnu/libglapi.so.0.0.0
62a46000-62a47000 ---p 00013000 08:01 1325890    /usr/lib/i386-linux-gnu/libglapi.so.0.0.0
62a47000-62a49000 r--p 00013000 08:01 1325890    /usr/lib/i386-linux-gnu/libglapi.so.0.0.0
62a49000-62a4f000 rwxp 00015000 08:01 1325890    /usr/lib/i386-linux-gnu/libglapi.so.0.0.0
62a4f000-62a54000 r-xp 00000000 08:01 1323038    /usr/lib/i386-linux-gnu/libxcb-sync.so.1.0.0
62a54000-62a55000 ---p 00005000 08:01 1323038    /usr/lib/i386-linux-gnu/libxcb-sync.so.1.0.0
62a55000-62a56000 r--p 00005000 08:01 1323038    /usr/lib/i386-linux-gnu/libxcb-sync.so.1.0.0
62a56000-62a57000 rw-p 00006000 08:01 1323038    /usr/lib/i386-linux-gnu/libxcb-sync.so.1.0.0
62a57000-62a59000 r-xp 00000000 08:01 1315005    /usr/lib/i386-linux-gnu/libxcb-present.so.0.0.0
62a59000-62a5a000 r--p 00001000 08:01 1315005    /usr/lib/i386-linux-gnu/libxcb-present.so.0.0.0
62a5a000-62a5b000 rw-p 00002000 08:01 1315005    /usr/lib/i386-linux-gnu/libxcb-present.so.0.0.0
62a5b000-62a5d000 r-xp 00000000 08:01 1313615    /usr/lib/i386-linux-gnu/libxcb-dri3.so.0.0.0
62a5d000-62a5e000 r--p 00001000 08:01 1313615    /usr/lib/i386-linux-gnu/libxcb-dri3.so.0.0.0
62a5e000-62a5f000 rw-p 00002000 08:01 1313615    /usr/lib/i386-linux-gnu/libxcb-dri3.so.0.0.0
62a5f000-62ad2000 r-xp 00000000 08:01 549519     /lib/i386-linux-gnu/libpcre.so.3.13.2
62ad2000-62ad3000 r--p 00072000 08:01 549519     /lib/i386-linux-gnu/libpcre.so.3.13.2
62ad3000-62ad4000 rw-p 00073000 08:01 549519     /lib/i386-linux-gnu/libpcre.so.3.13.2
62ad4000-62adb000 r-xp 00000000 08:01 1311491    /usr/lib/i386-linux-gnu/libffi.so.6.0.4
62adb000-62adc000 r--p 00006000 08:01 1311491    /usr/lib/i386-linux-gnu/libffi.so.6.0.4
62adc000-62add000 rw-p 00007000 08:01 1311491    /usr/lib/i386-linux-gnu/libffi.so.6.0.4
62add000-62b03000 r-xp 00000000 08:01 524515     /lib/i386-linux-gnu/libexpat.so.1.6.0
62b03000-62b04000 ---p 00026000 08:01 524515     /lib/i386-linux-gnu/libexpat.so.1.6.0
62b04000-62b06000 r--p 00026000 08:01 524515     /lib/i386-linux-gnu/libexpat.so.1.6.0
62b06000-62b07000 rw-p 00028000 08:01 524515     /lib/i386-linux-gnu/libexpat.so.1.6.0
62b07000-62b10000 r-xp 00000000 08:01 1319005    /usr/lib/i386-linux-gnu/libthai.so.0.2.4
62b10000-62b11000 r--p 00008000 08:01 1319005    /usr/lib/i386-linux-gnu/libthai.so.0.2.4
62b11000-62b12000 rw-p 00009000 08:01 1319005    /usr/lib/i386-linux-gnu/libthai.so.0.2.4
62b12000-62b36000 r-xp 00000000 08:01 1314593    /usr/lib/i386-linux-gnu/libxcb.so.1.1.0
62b36000-62b37000 r--p 00023000 08:01 1314593    /usr/lib/i386-linux-gnu/libxcb.so.1.1.0
62b37000-62b38000 rw-p 00024000 08:01 1314593    /usr/lib/i386-linux-gnu/libxcb.so.1.1.0
62b38000-62b41000 r-xp 00000000 08:01 1314599    /usr/lib/i386-linux-gnu/libxcb-render.so.0.0.0
62b41000-62b42000 r--p 00008000 08:01 1314599    /usr/lib/i386-linux-gnu/libxcb-render.so.0.0.0
62b42000-62b43000 rw-p 00009000 08:01 1314599    /usr/lib/i386-linux-gnu/libxcb-render.so.0.0.0
62b43000-62b6c000 r-xp 00000000 08:01 549610     /lib/i386-linux-gnu/libpng12.so.0.54.0
62b6c000-62b6d000 r--p 00028000 08:01 549610     /lib/i386-linux-gnu/libpng12.so.0.54.0
62b6d000-62b6e000 rw-p 00029000 08:01 549610     /lib/i386-linux-gnu/libpng12.so.0.54.0
62b6e000-62c17000 r-xp 00000000 08:01 1312402    /usr/lib/i386-linux-gnu/libpixman-1.so.0.33.6
62c17000-62c1d000 r--p 000a8000 08:01 1312402    /usr/lib/i386-linux-gnu/libpixman-1.so.0.33.6
62c1d000-62c1e000 rw-p 000ae000 08:01 1312402    /usr/lib/i386-linux-gnu/libpixman-1.so.0.33.6
62c1e000-62c80000 r-xp 00000000 08:01 1319111    /usr/lib/i386-linux-gnu/libharfbuzz.so.0.10000.1
62c80000-62c81000 r--p 00061000 08:01 1319111    /usr/lib/i386-linux-gnu/libharfbuzz.so.0.10000.1
62c81000-62c82000 rw-p 00062000 08:01 1319111    /usr/lib/i386-linux-gnu/libharfbuzz.so.0.10000.1
62c82000-62c96000 r-xp 00000000 08:01 547953     /lib/i386-linux-gnu/libresolv-2.23.so
62c96000-62c97000 ---p 00014000 08:01 547953     /lib/i386-linux-gnu/libresolv-2.23.so
62c97000-62c98000 r--p 00014000 08:01 547953     /lib/i386-linux-gnu/libresolv-2.23.so
62c98000-62c99000 rw-p 00015000 08:01 547953     /lib/i386-linux-gnu/libresolv-2.23.so
62c99000-62c9b000 rw-p 00000000 00:00 0 
62c9b000-62cbd000 r-xp 00000000 08:01 546459     /lib/i386-linux-gnu/libselinux.so.1
62cbd000-62cbe000 ---p 00022000 08:01 546459     /lib/i386-linux-gnu/libselinux.so.1
62cbe000-62cbf000 r--p 00022000 08:01 546459     /lib/i386-linux-gnu/libselinux.so.1
62cbf000-62cc0000 rw-p 00023000 08:01 546459     /lib/i386-linux-gnu/libselinux.so.1
62cc0000-62cc1000 rw-p 00000000 00:00 0 
62cc1000-62cda000 r-xp 00000000 08:01 524338     /lib/i386-linux-gnu/libz.so.1.2.8
62cda000-62cdb000 r--p 00018000 08:01 524338     /lib/i386-linux-gnu/libz.so.1.2.8
62cdb000-62cdc000 rw-p 00019000 08:01 524338     /lib/i386-linux-gnu/libz.so.1.2.8
62cdc000-62cef000 r-xp 00000000 08:01 1314940    /usr/lib/i386-linux-gnu/libXext.so.6.4.0
62cef000-62cf0000 r--p 00012000 08:01 1314940    /usr/lib/i386-linux-gnu/libXext.so.6.4.0
62cf0000-62cf1000 rw-p 00013000 08:01 1314940    /usr/lib/i386-linux-gnu/libXext.so.6.4.0
62cf1000-62cfa000 r-xp 00000000 08:01 1317279    /usr/lib/i386-linux-gnu/libXcursor.so.1.0.2
62cfa000-62cfb000 r--p 00008000 08:01 1317279    /usr/lib/i386-linux-gnu/libXcursor.so.1.0.2
62cfb000-62cfc000 rw-p 00009000 08:01 1317279    /usr/lib/i386-linux-gnu/libXcursor.so.1.0.2
62cfc000-62e69000 r-xp 00000000 08:01 1318002    /usr/lib/i386-linux-gnu/libstdc++.so.6.0.21
62e69000-62e6a000 ---p 0016d000 08:01 1318002    /usr/lib/i386-linux-gnu/libstdc++.so.6.0.21
62e6a000-62e6f000 r--p 0016d000 08:01 1318002    /usr/lib/i386-linux-gnu/libstdc++.so.6.0.21
62e6f000-62e70000 rw-p 00172000 08:01 1318002    /usr/lib/i386-linux-gnu/libstdc++.so.6.0.21
62e70000-62e73000 rw-p 00000000 00:00 0 
62e73000-62edb000 r-xp 00000000 08:01 1315318    /usr/lib/i386-linux-gnu/mesa/libGL.so.1.2.0
62edb000-62edc000 ---p 00068000 08:01 1315318    /usr/lib/i386-linux-gnu/mesa/libGL.so.1.2.0
62edc000-62ede000 r--p 00068000 08:01 1315318    /usr/lib/i386-linux-gnu/mesa/libGL.so.1.2.0
62ede000-62ee3000 rwxp 0006a000 08:01 1315318    /usr/lib/i386-linux-gnu/mesa/libGL.so.1.2.0
62ee3000-63029000 r-xp 00000000 08:01 1314934    /usr/lib/i386-linux-gnu/libX11.so.6.3.0
63029000-6302a000 ---p 00146000 08:01 1314934    /usr/lib/i386-linux-gnu/libX11.so.6.3.0
6302a000-6302b000 r--p 00146000 08:01 1314934    /usr/lib/i386-linux-gnu/libX11.so.6.3.0
6302b000-6302d000 rw-p 00147000 08:01 1314934    /usr/lib/i386-linux-gnu/libX11.so.6.3.0
6302d000-6302e000 rw-p 00000000 00:00 0 
6302e000-63155000 r-xp 00000000 08:01 546543     /lib/i386-linux-gnu/libglib-2.0.so.0.4800.2
63155000-63156000 r--p 00126000 08:01 546543     /lib/i386-linux-gnu/libglib-2.0.so.0.4800.2
63156000-63157000 rw-p 00127000 08:01 546543     /lib/i386-linux-gnu/libglib-2.0.so.0.4800.2
63157000-631b3000 r-xp 00000000 08:01 1317844    /usr/lib/i386-linux-gnu/libgobject-2.0.so.0.4800.2
631b3000-631b4000 ---p 0005c000 08:01 1317844    /usr/lib/i386-linux-gnu/libgobject-2.0.so.0.4800.2
631b4000-631b5000 r--p 0005c000 08:01 1317844    /usr/lib/i386-linux-gnu/libgobject-2.0.so.0.4800.2
631b5000-631b6000 rw-p 0005d000 08:01 1317844    /usr/lib/i386-linux-gnu/libgobject-2.0.so.0.4800.2
631b6000-631f8000 r-xp 00000000 08:01 1317809    /usr/lib/i386-linux-gnu/libfontconfig.so.1.9.0
631f8000-631f9000 ---p 00042000 08:01 1317809    /usr/lib/i386-linux-gnu/libfontconfig.so.1.9.0
631f9000-631fa000 r--p 00042000 08:01 1317809    /usr/lib/i386-linux-gnu/libfontconfig.so.1.9.0
631fa000-631ff000 rw-p 00043000 08:01 1317809    /usr/lib/i386-linux-gnu/libfontconfig.so.1.9.0
631ff000-632aa000 r-xp 00000000 08:01 1315068    /usr/lib/i386-linux-gnu/libfreetype.so.6.12.1
632aa000-632ae000 r--p 000aa000 08:01 1315068    /usr/lib/i386-linux-gnu/libfreetype.so.6.12.1
632ae000-632af000 rw-p 000ae000 08:01 1315068    /usr/lib/i386-linux-gnu/libfreetype.so.6.12.1
632af000-632fd000 r-xp 00000000 08:01 1319103    /usr/lib/i386-linux-gnu/libpango-1.0.so.0.3800.1
632fd000-632fe000 ---p 0004e000 08:01 1319103    /usr/lib/i386-linux-gnu/libpango-1.0.so.0.3800.1
632fe000-632ff000 r--p 0004e000 08:01 1319103    /usr/lib/i386-linux-gnu/libpango-1.0.so.0.3800.1
632ff000-63300000 rw-p 0004f000 08:01 1319103    /usr/lib/i386-linux-gnu/libpango-1.0.so.0.3800.1
63300000-6343d000 r-xp 00000000 08:01 1318053    /usr/lib/i386-linux-gnu/libcairo.so.2.11400.6
6343d000-6343f000 r--p 0013c000 08:01 1318053    /usr/lib/i386-linux-gnu/libcairo.so.2.11400.6
6343f000-63440000 rw-p 0013e000 08:01 1318053    /usr/lib/i386-linux-gnu/libcairo.so.2.11400.6
63440000-63441000 rw-p 00000000 00:00 0 
63441000-63605000 r-xp 00000000 08:01 1317845    /usr/lib/i386-linux-gnu/libgio-2.0.so.0.4800.2
63605000-63606000 ---p 001c4000 08:01 1317845    /usr/lib/i386-linux-gnu/libgio-2.0.so.0.4800.2
63606000-63608000 r--p 001c4000 08:01 1317845    /usr/lib/i386-linux-gnu/libgio-2.0.so.0.4800.2
63608000-63609000 rw-p 001c6000 08:01 1317845    /usr/lib/i386-linux-gnu/libgio-2.0.so.0.4800.2
63609000-6360a000 rw-p 00000000 00:00 0 
6360a000-63af7000 r-xp 00000000 08:01 1325455    /usr/lib/i386-linux-gnu/libgtk-x11-2.0.so.0.2400.30
63af7000-63af8000 ---p 004ed000 08:01 1325455    /usr/lib/i386-linux-gnu/libgtk-x11-2.0.so.0.2400.30
63af8000-63afc000 r--p 004ed000 08:01 1325455    /usr/lib/i386-linux-gnu/libgtk-x11-2.0.so.0.2400.30
63afc000-63afe000 rw-p 004f1000 08:01 1325455    /usr/lib/i386-linux-gnu/libgtk-x11-2.0.so.0.2400.30
63afe000-63b00000 rw-p 00000000 00:00 0 
63b00000-63c00000 rw-p 00000000 00:00 0 
63c00000-63c01000 r--s 00000000 08:01 271404     /var/cache/fontconfig/49f0de54bdd920fe4f0dfd4cbac43e6b-le32d4.cache-6
63c01000-63c03000 r--s 00000000 08:01 1200340    /home/ubuntu/NetBeansProjects/xProjectCAM/dist/run1120947384/lib/gluegen-rt-natives-linux-i586.jar
63c03000-63c0e000 r-xp 00000000 08:01 1324240    /usr/lib/i386-linux-gnu/libXrandr.so.2.2.0
63c0e000-63c0f000 r--p 0000a000 08:01 1324240    /usr/lib/i386-linux-gnu/libXrandr.so.2.2.0
63c0f000-63c10000 rw-p 0000b000 08:01 1324240    /usr/lib/i386-linux-gnu/libXrandr.so.2.2.0
63c10000-63c21000 r-xp 00000000 08:01 1317424    /usr/lib/i386-linux-gnu/libXi.so.6.1.0
63c21000-63c22000 r--p 00010000 08:01 1317424    /usr/lib/i386-linux-gnu/libXi.so.6.1.0
63c22000-63c23000 rw-p 00011000 08:01 1317424    /usr/lib/i386-linux-gnu/libXi.so.6.1.0
63c23000-63c3f000 r-xp 00000000 08:01 549621     /lib/i386-linux-gnu/libgcc_s.so.1
63c3f000-63c40000 rw-p 0001b000 08:01 549621     /lib/i386-linux-gnu/libgcc_s.so.1
63c40000-63cfd000 r-xp 00000000 08:01 1325452    /usr/lib/i386-linux-gnu/libgdk-x11-2.0.so.0.2400.30
63cfd000-63cff000 r--p 000bc000 08:01 1325452    /usr/lib/i386-linux-gnu/libgdk-x11-2.0.so.0.2400.30
63cff000-63d00000 rw-p 000be000 08:01 1325452    /usr/lib/i386-linux-gnu/libgdk-x11-2.0.so.0.2400.30
63d00000-63dfd000 rw-p 00000000 00:00 0 
63dfd000-63e00000 ---p 00000000 00:00 0 
63e00000-63e01000 r-xp 00000000 08:01 1317255    /usr/lib/i386-linux-gnu/libX11-xcb.so.1.0.0
63e01000-63e02000 r--p 00000000 08:01 1317255    /usr/lib/i386-linux-gnu/libX11-xcb.so.1.0.0
63e02000-63e03000 rw-p 00001000 08:01 1317255    /usr/lib/i386-linux-gnu/libX11-xcb.so.1.0.0
63e03000-63e05000 r-xp 00000000 08:01 1314938    /usr/lib/i386-linux-gnu/libxcb-shm.so.0.0.0
63e05000-63e06000 r--p 00001000 08:01 1314938    /usr/lib/i386-linux-gnu/libxcb-shm.so.0.0.0
63e06000-63e07000 rw-p 00002000 08:01 1314938    /usr/lib/i386-linux-gnu/libxcb-shm.so.0.0.0
63e07000-63e2e000 r-xp 00000000 08:01 1331938    /usr/lib/i386-linux-gnu/libgdk_pixbuf-2.0.so.0.3200.2
63e2e000-63e2f000 r--p 00026000 08:01 1331938    /usr/lib/i386-linux-gnu/libgdk_pixbuf-2.0.so.0.3200.2
63e2f000-63e30000 rw-p 00027000 08:01 1331938    /usr/lib/i386-linux-gnu/libgdk_pixbuf-2.0.so.0.3200.2
63e30000-63e33000 ---p 00000000 00:00 0 
63e33000-63e81000 rw-p 00000000 00:00 0 
63e81000-63f16000 r--s 01110000 08:01 1366606    /usr/lib/jvm/java-8-oracle/jre/lib/ext/jfxrt.jar
63f16000-63f17000 ---p 00000000 00:00 0 
63f17000-63f97000 rw-p 00000000 00:00 0 
63f97000-63f9a000 ---p 00000000 00:00 0 
63f9a000-63fe8000 rw-p 00000000 00:00 0 
63fe8000-63feb000 ---p 00000000 00:00 0 
63feb000-64069000 rw-p 00000000 00:00 0 
64069000-6406c000 ---p 00000000 00:00 0 
6406c000-640ea000 rw-p 00000000 00:00 0 
640ea000-640ed000 ---p 00000000 00:00 0 
640ed000-6416b000 rw-p 00000000 00:00 0 
6416b000-6416e000 ---p 00000000 00:00 0 
6416e000-641bc000 rw-p 00000000 00:00 0 
641bc000-641bf000 ---p 00000000 00:00 0 
641bf000-6420d000 rw-p 00000000 00:00 0 
6420d000-64210000 ---p 00000000 00:00 0 
64210000-6425e000 rw-p 00000000 00:00 0 
6425e000-64261000 ---p 00000000 00:00 0 
64261000-642af000 rw-p 00000000 00:00 0 
642af000-642b2000 ---p 00000000 00:00 0 
642b2000-64300000 rw-p 00000000 00:00 0 
64300000-64400000 rw-p 00000000 00:00 0 
64400000-64421000 rw-p 00000000 00:00 0 
64421000-64500000 ---p 00000000 00:00 0 
64500000-645fc000 rw-p 00000000 00:00 0 
645fc000-64600000 ---p 00000000 00:00 0 
64600000-64602000 r-xp 00000000 08:01 1313623    /usr/lib/i386-linux-gnu/libXdamage.so.1.1.0
64602000-64603000 r--p 00001000 08:01 1313623    /usr/lib/i386-linux-gnu/libXdamage.so.1.1.0
64603000-64604000 rw-p 00002000 08:01 1313623    /usr/lib/i386-linux-gnu/libXdamage.so.1.1.0
64604000-6460e000 r-xp 00000000 08:01 1314605    /usr/lib/i386-linux-gnu/libXrender.so.1.3.0
6460e000-6460f000 r--p 00009000 08:01 1314605    /usr/lib/i386-linux-gnu/libXrender.so.1.3.0
6460f000-64610000 rw-p 0000a000 08:01 1314605    /usr/lib/i386-linux-gnu/libXrender.so.1.3.0
64610000-64615000 r-xp 00000000 08:01 1317362    /usr/lib/i386-linux-gnu/libXfixes.so.3.1.0
64615000-64616000 r--p 00004000 08:01 1317362    /usr/lib/i386-linux-gnu/libXfixes.so.3.1.0
64616000-64617000 rw-p 00005000 08:01 1317362    /usr/lib/i386-linux-gnu/libXfixes.so.3.1.0
64617000-64623000 r-xp 00000000 08:01 1319107    /usr/lib/i386-linux-gnu/libpangocairo-1.0.so.0.3800.1
64623000-64624000 r--p 0000b000 08:01 1319107    /usr/lib/i386-linux-gnu/libpangocairo-1.0.so.0.3800.1
64624000-64625000 rw-p 0000c000 08:01 1319107    /usr/lib/i386-linux-gnu/libpangocairo-1.0.so.0.3800.1
64625000-64628000 ---p 00000000 00:00 0 
64628000-64676000 rw-p 00000000 00:00 0 
64676000-64677000 ---p 00000000 00:00 0 
64677000-64746000 rw-p 00000000 00:00 0 
64746000-64920000 r--s 03d4d000 08:01 1366594    /usr/lib/jvm/java-8-oracle/jre/lib/rt.jar
64920000-64d66000 rw-p 00000000 00:00 0 
64d66000-64d6c000 ---p 00000000 00:00 0 
64d6c000-67100000 rw-p 00000000 00:00 0 
67100000-671e8000 rw-p 00000000 00:00 0 
671e8000-67200000 ---p 00000000 00:00 0 
67200000-67201000 r--s 00000000 08:01 265025     /var/cache/fontconfig/f6e6e0a5c3d2f6ae0c0c2e0ecd42a997-le32d4.cache-6
67201000-67203000 r-xp 00000000 08:01 1319141    /usr/lib/i386-linux-gnu/libXcomposite.so.1.0.0
67203000-67204000 r--p 00001000 08:01 1319141    /usr/lib/i386-linux-gnu/libXcomposite.so.1.0.0
67204000-67205000 rw-p 00002000 08:01 1319141    /usr/lib/i386-linux-gnu/libXcomposite.so.1.0.0
67205000-6720a000 r-xp 00000000 08:01 1317290    /usr/lib/i386-linux-gnu/libXxf86vm.so.1.0.0
6720a000-6720b000 r--p 00004000 08:01 1317290    /usr/lib/i386-linux-gnu/libXxf86vm.so.1.0.0
6720b000-6720c000 rw-p 00005000 08:01 1317290    /usr/lib/i386-linux-gnu/libXxf86vm.so.1.0.0
6720c000-67222000 r-xp 00000000 08:01 1319127    /usr/lib/i386-linux-gnu/libpangoft2-1.0.so.0.3800.1
67222000-67223000 r--p 00015000 08:01 1319127    /usr/lib/i386-linux-gnu/libpangoft2-1.0.so.0.3800.1
67223000-67224000 rw-p 00016000 08:01 1319127    /usr/lib/i386-linux-gnu/libpangoft2-1.0.so.0.3800.1
67224000-6727f000 rw-p 00000000 00:00 0 
6727f000-67280000 ---p 00000000 00:00 0 
67280000-67300000 rw-p 00000000 00:00 0 
67300000-673fc000 rw-p 00000000 00:00 0 
673fc000-67400000 ---p 00000000 00:00 0 
67400000-67500000 rw-p 00000000 00:00 0 
67500000-67600000 rw-p 00000000 00:00 0 
67600000-67602000 r-xp 00000000 08:01 1317285    /usr/lib/i386-linux-gnu/libXinerama.so.1.0.0
67602000-67603000 r--p 00001000 08:01 1317285    /usr/lib/i386-linux-gnu/libXinerama.so.1.0.0
67603000-67604000 rw-p 00002000 08:01 1317285    /usr/lib/i386-linux-gnu/libXinerama.so.1.0.0
67604000-67609000 r-xp 00000000 08:01 1317291    /usr/lib/i386-linux-gnu/libXtst.so.6.1.0
67609000-6760a000 r--p 00004000 08:01 1317291    /usr/lib/i386-linux-gnu/libXtst.so.6.1.0
6760a000-6760b000 rw-p 00005000 08:01 1317291    /usr/lib/i386-linux-gnu/libXtst.so.6.1.0
6760b000-6762f000 r-xp 00000000 08:01 1318049    /usr/lib/i386-linux-gnu/libatk-1.0.so.0.21809.1
6762f000-67631000 r--p 00023000 08:01 1318049    /usr/lib/i386-linux-gnu/libatk-1.0.so.0.21809.1
67631000-67632000 rw-p 00025000 08:01 1318049    /usr/lib/i386-linux-gnu/libatk-1.0.so.0.21809.1
67632000-67633000 ---p 00000000 00:00 0 
67633000-676c6000 rw-p 00000000 00:00 0 
676c6000-67805000 ---p 00000000 00:00 0 
67805000-67818000 rw-p 00000000 00:00 0 
67818000-67956000 ---p 00000000 00:00 0 
67956000-6796a000 rw-p 00000000 00:00 0 
6796a000-679ff000 ---p 00000000 00:00 0 
679ff000-69fc0000 rw-p 00000000 00:00 0 
69fc0000-91cc0000 ---p 00000000 00:00 0 
91cc0000-94240000 rw-p 00000000 00:00 0 
94240000-a6e00000 ---p 00000000 00:00 0 
a6e00000-a6e01000 r-xp 00000000 08:01 1313660    /usr/lib/i386-linux-gnu/libxshmfence.so.1.0.0
a6e01000-a6e02000 r--p 00000000 08:01 1313660    /usr/lib/i386-linux-gnu/libxshmfence.so.1.0.0
a6e02000-a6e03000 rw-p 00001000 08:01 1313660    /usr/lib/i386-linux-gnu/libxshmfence.so.1.0.0
a6e03000-a6e06000 r-xp 00000000 08:01 1317842    /usr/lib/i386-linux-gnu/libgmodule-2.0.so.0.4800.2
a6e06000-a6e07000 r--p 00002000 08:01 1317842    /usr/lib/i386-linux-gnu/libgmodule-2.0.so.0.4800.2
a6e07000-a6e08000 rw-p 00003000 08:01 1317842    /usr/lib/i386-linux-gnu/libgmodule-2.0.so.0.4800.2
a6e08000-a6e09000 r--s 00000000 08:01 271400     /var/cache/fontconfig/4b2eda6bb976bda485cb2176619421d5-le32d4.cache-6
a6e09000-a6e0c000 r-xp 00000000 08:01 1366700    /usr/lib/jvm/java-8-oracle/jre/lib/i386/libjavafx_font.so
a6e0c000-a6e0d000 rw-p 00002000 08:01 1366700    /usr/lib/jvm/java-8-oracle/jre/lib/i386/libjavafx_font.so
a6e0d000-a6e12000 r-xp 00000000 08:01 262374     /usr/lib/i386-linux-gnu/gtk-2.0/modules/libcanberra-gtk-module.so
a6e12000-a6e13000 r--p 00004000 08:01 262374     /usr/lib/i386-linux-gnu/gtk-2.0/modules/libcanberra-gtk-module.so
a6e13000-a6e14000 rw-p 00005000 08:01 262374     /usr/lib/i386-linux-gnu/gtk-2.0/modules/libcanberra-gtk-module.so
a6e14000-a6e23000 r-xp 00000000 08:01 1366656    /usr/lib/jvm/java-8-oracle/jre/lib/i386/libprism_sw.so
a6e23000-a6e24000 rw-p 0000f000 08:01 1366656    /usr/lib/jvm/java-8-oracle/jre/lib/i386/libprism_sw.so
a6e24000-a6e25000 ---p 00000000 00:00 0 
a6e25000-a6ea5000 rw-p 00000000 00:00 0 
a6ea5000-a6ea6000 ---p 00000000 00:00 0 
a6ea6000-a6f34000 rw-p 00000000 00:00 0 
a6f34000-a72e6000 ---p 00000000 00:00 0 
a72e6000-a7666000 rwxp 00000000 00:00 0 
a7666000-b62e6000 ---p 00000000 00:00 0 
b62e6000-b62ff000 r-xp 00000000 08:01 1366671    /usr/lib/jvm/java-8-oracle/jre/lib/i386/libzip.so
b62ff000-b6300000 rw-p 00019000 08:01 1366671    /usr/lib/jvm/java-8-oracle/jre/lib/i386/libzip.so
b6300000-b6500000 r--p 00000000 08:01 1357384    /usr/lib/locale/locale-archive
b6500000-b65fd000 rw-p 00000000 00:00 0 
b65fd000-b6600000 ---p 00000000 00:00 0 
b6600000-b6618000 rw-p 00000000 00:00 0 
b6618000-b6623000 r-xp 00000000 08:01 529614     /lib/i386-linux-gnu/libnss_files-2.23.so
b6623000-b6624000 r--p 0000a000 08:01 529614     /lib/i386-linux-gnu/libnss_files-2.23.so
b6624000-b6625000 rw-p 0000b000 08:01 529614     /lib/i386-linux-gnu/libnss_files-2.23.so
b6625000-b662b000 rw-p 00000000 00:00 0 
b662b000-b6636000 r-xp 00000000 08:01 547027     /lib/i386-linux-gnu/libnss_nis-2.23.so
b6636000-b6637000 r--p 0000a000 08:01 547027     /lib/i386-linux-gnu/libnss_nis-2.23.so
b6637000-b6638000 rw-p 0000b000 08:01 547027     /lib/i386-linux-gnu/libnss_nis-2.23.so
b6638000-b664f000 r-xp 00000000 08:01 529608     /lib/i386-linux-gnu/libnsl-2.23.so
b664f000-b6650000 r--p 00016000 08:01 529608     /lib/i386-linux-gnu/libnsl-2.23.so
b6650000-b6651000 rw-p 00017000 08:01 529608     /lib/i386-linux-gnu/libnsl-2.23.so
b6651000-b6653000 rw-p 00000000 00:00 0 
b6653000-b6654000 r-xp 00000000 08:01 1317843    /usr/lib/i386-linux-gnu/libgthread-2.0.so.0.4800.2
b6654000-b6655000 r--p 00000000 08:01 1317843    /usr/lib/i386-linux-gnu/libgthread-2.0.so.0.4800.2
b6655000-b6656000 rw-p 00001000 08:01 1317843    /usr/lib/i386-linux-gnu/libgthread-2.0.so.0.4800.2
b6656000-b6661000 r-xp 00000000 08:01 1366645    /usr/lib/jvm/java-8-oracle/jre/lib/i386/libprism_es2.so
b6661000-b6662000 rw-p 0000a000 08:01 1366645    /usr/lib/jvm/java-8-oracle/jre/lib/i386/libprism_es2.so
b6662000-b6663000 r--s 00001000 08:01 1200687    /home/ubuntu/NetBeansProjects/xProjectCAM/dist/run1120947384/xProjectCAM-JOL.jar
b6663000-b6666000 r-xp 00000000 08:01 1366678    /usr/lib/jvm/java-8-oracle/jre/lib/i386/libdt_socket.so
b6666000-b6667000 rw-p 00003000 08:01 1366678    /usr/lib/jvm/java-8-oracle/jre/lib/i386/libdt_socket.so
b6667000-b666f000 rw-s 00000000 08:01 670517     /tmp/hsperfdata_root/2843
b666f000-b66a6000 r-xp 00000000 08:01 1366672    /usr/lib/jvm/java-8-oracle/jre/lib/i386/libjdwp.so
b66a6000-b66a7000 rw-p 00037000 08:01 1366672    /usr/lib/jvm/java-8-oracle/jre/lib/i386/libjdwp.so
b66a7000-b66cb000 r-xp 00000000 08:01 1366638    /usr/lib/jvm/java-8-oracle/jre/lib/i386/libjava.so
b66cb000-b66cc000 rw-p 00024000 08:01 1366638    /usr/lib/jvm/java-8-oracle/jre/lib/i386/libjava.so
b66cc000-b66d3000 r-xp 00000000 08:01 547029     /lib/i386-linux-gnu/librt-2.23.so
b66d3000-b66d4000 r--p 00006000 08:01 547029     /lib/i386-linux-gnu/librt-2.23.so
b66d4000-b66d5000 rw-p 00007000 08:01 547029     /lib/i386-linux-gnu/librt-2.23.so
b66d5000-b66d8000 ---p 00000000 00:00 0 
b66d8000-b6726000 rw-p 00000000 00:00 0 
b6726000-b6779000 r-xp 00000000 08:01 547956     /lib/i386-linux-gnu/libm-2.23.so
b6779000-b677a000 r--p 00052000 08:01 547956     /lib/i386-linux-gnu/libm-2.23.so
b677a000-b677b000 rw-p 00053000 08:01 547956     /lib/i386-linux-gnu/libm-2.23.so
b677b000-b710c000 r-xp 00000000 08:01 1366653    /usr/lib/jvm/java-8-oracle/jre/lib/i386/server/libjvm.so
b710c000-b717a000 rw-p 00990000 08:01 1366653    /usr/lib/jvm/java-8-oracle/jre/lib/i386/server/libjvm.so
b717a000-b75a3000 rw-p 00000000 00:00 0 
b75a3000-b7753000 r-xp 00000000 08:01 548079     /lib/i386-linux-gnu/libc-2.23.so
b7753000-b7755000 r--p 001af000 08:01 548079     /lib/i386-linux-gnu/libc-2.23.so
b7755000-b7756000 rw-p 001b1000 08:01 548079     /lib/i386-linux-gnu/libc-2.23.so
b7756000-b7759000 rw-p 00000000 00:00 0 
b7759000-b775c000 r-xp 00000000 08:01 547145     /lib/i386-linux-gnu/libdl-2.23.so
b775c000-b775d000 r--p 00002000 08:01 547145     /lib/i386-linux-gnu/libdl-2.23.so
b775d000-b775e000 rw-p 00003000 08:01 547145     /lib/i386-linux-gnu/libdl-2.23.so
b775e000-b7772000 r-xp 00000000 08:01 1366680    /usr/lib/jvm/java-8-oracle/jre/lib/i386/jli/libjli.so
b7772000-b7773000 rw-p 00014000 08:01 1366680    /usr/lib/jvm/java-8-oracle/jre/lib/i386/jli/libjli.so
b7773000-b778c000 r-xp 00000000 08:01 546475     /lib/i386-linux-gnu/libpthread-2.23.so
b778c000-b778d000 r--p 00018000 08:01 546475     /lib/i386-linux-gnu/libpthread-2.23.so
b778d000-b778e000 rw-p 00019000 08:01 546475     /lib/i386-linux-gnu/libpthread-2.23.so
b778e000-b7790000 rw-p 00000000 00:00 0 
b7790000-b7798000 r-xp 00000000 08:01 547146     /lib/i386-linux-gnu/libnss_compat-2.23.so
b7798000-b7799000 r--p 00007000 08:01 547146     /lib/i386-linux-gnu/libnss_compat-2.23.so
b7799000-b779a000 rw-p 00008000 08:01 547146     /lib/i386-linux-gnu/libnss_compat-2.23.so
b779a000-b779b000 r--p 002d4000 08:01 1357384    /usr/lib/locale/locale-archive
b779b000-b779d000 r-xp 00000000 08:01 1366642    /usr/lib/jvm/java-8-oracle/jre/lib/i386/libnpt.so
b779d000-b779e000 rw-p 00001000 08:01 1366642    /usr/lib/jvm/java-8-oracle/jre/lib/i386/libnpt.so
b779e000-b779f000 rw-p 00000000 00:00 0 
b779f000-b77a0000 r--p 00000000 00:00 0 
b77a0000-b77ab000 r-xp 00000000 08:01 1366709    /usr/lib/jvm/java-8-oracle/jre/lib/i386/libverify.so
b77ab000-b77ac000 rw-p 0000b000 08:01 1366709    /usr/lib/jvm/java-8-oracle/jre/lib/i386/libverify.so
b77ac000-b77ae000 rw-p 00000000 00:00 0 
b77ae000-b77b0000 r--p 00000000 00:00 0          [vvar]
b77b0000-b77b1000 r-xp 00000000 00:00 0          [vdso]
b77b1000-b77d3000 r-xp 00000000 08:01 529610     /lib/i386-linux-gnu/ld-2.23.so
b77d3000-b77d4000 rw-p 00000000 00:00 0 
b77d4000-b77d5000 r--p 00022000 08:01 529610     /lib/i386-linux-gnu/ld-2.23.so
b77d5000-b77d6000 rw-p 00023000 08:01 529610     /lib/i386-linux-gnu/ld-2.23.so
bfb41000-bfb62000 rw-p 00000000 00:00 0          [stack]

VM Arguments:
jvm_args: -Xdebug -Xrunjdwp:transport=dt_socket,address=localhost:44113 -Dglass.disableGrab=true -Dfile.encoding=UTF-8 
java_command: /home/ubuntu/NetBeansProjects/xProjectCAM/dist/run1120947384/xProjectCAM-JOL.jar
java_class_path (initial): /home/ubuntu/NetBeansProjects/xProjectCAM/dist/run1120947384/xProjectCAM-JOL.jar
Launcher Type: SUN_STANDARD

Environment Variables:
PATH=/usr/local/sbin:/usr/local/bin:/usr/sbin:/usr/bin:/sbin:/bin:/snap/bin
USERNAME=root
LD_LIBRARY_PATH=/usr/lib/jvm/java-8-oracle/jre/lib/amd64:/usr/lib/jvm/java-8-oracle/jre/lib/i386:
SHELL=/bin/bash
DISPLAY=:0

Signal Handlers:
SIGSEGV: [libjvm.so+0x8dbed0], sa_mask[0]=11111111011111111101111111111110, sa_flags=SA_RESTART|SA_SIGINFO
SIGBUS: [libjvm.so+0x8dbed0], sa_mask[0]=11111111011111111101111111111110, sa_flags=SA_RESTART|SA_SIGINFO
SIGFPE: [libjvm.so+0x758b80], sa_mask[0]=11111111011111111101111111111110, sa_flags=SA_RESTART|SA_SIGINFO
SIGPIPE: SIG_IGN, sa_mask[0]=00000000000010000000000000000000, sa_flags=SA_RESTART
SIGXFSZ: [libjvm.so+0x758b80], sa_mask[0]=11111111011111111101111111111110, sa_flags=SA_RESTART|SA_SIGINFO
SIGILL: [libjvm.so+0x758b80], sa_mask[0]=11111111011111111101111111111110, sa_flags=SA_RESTART|SA_SIGINFO
SIGUSR1: SIG_DFL, sa_mask[0]=00000000000000000000000000000000, sa_flags=none
SIGUSR2: [libjvm.so+0x75a430], sa_mask[0]=00100000000000000000000000000000, sa_flags=SA_RESTART|SA_SIGINFO
SIGHUP: [libjvm.so+0x75b8e0], sa_mask[0]=11111111011111111101111111111110, sa_flags=SA_RESTART|SA_SIGINFO
SIGINT: SIG_IGN, sa_mask[0]=00000000000000000000000000000000, sa_flags=none
SIGTERM: [libjvm.so+0x75b8e0], sa_mask[0]=11111111011111111101111111111110, sa_flags=SA_RESTART|SA_SIGINFO
SIGQUIT: [libjvm.so+0x75b8e0], sa_mask[0]=11111111011111111101111111111110, sa_flags=SA_RESTART|SA_SIGINFO


---------------  S Y S T E M  ---------------

OS:DISTRIB_ID=Ubuntu
DISTRIB_RELEASE=16.04
DISTRIB_CODENAME=xenial
DISTRIB_DESCRIPTION="Ubuntu 16.04.3 LTS"

uname:Linux 4.4.0-96-generic #119-Ubuntu SMP Tue Sep 12 14:58:51 UTC 2017 i686
libc:glibc 2.23 NPTL 2.23 
rlimit: STACK 8192k, CORE 0k, NPROC 32038, NOFILE 1048576, AS infinity
load average:1.24 0.75 0.31

/proc/meminfo:
MemTotal:        4138752 kB
MemFree:         1835108 kB
MemAvailable:    2469772 kB
Buffers:           79344 kB
Cached:           904744 kB
SwapCached:            0 kB
Active:          1644072 kB
Inactive:         556680 kB
Active(anon):    1217692 kB
Inactive(anon):    14100 kB
Active(file):     426380 kB
Inactive(file):   542580 kB
Unevictable:           0 kB
Mlocked:               0 kB
HighTotal:       3280840 kB
HighFree:        1361944 kB
LowTotal:         857912 kB
LowFree:          473164 kB
SwapTotal:       4192252 kB
SwapFree:        4192252 kB
Dirty:                60 kB
Writeback:             0 kB
AnonPages:       1216220 kB
Mapped:           247000 kB
Shmem:             15132 kB
Slab:              56208 kB
SReclaimable:      36624 kB
SUnreclaim:        19584 kB
KernelStack:        4416 kB
PageTables:        12156 kB
NFS_Unstable:          0 kB
Bounce:                0 kB
WritebackTmp:          0 kB
CommitLimit:     6261628 kB
Committed_AS:    4458472 kB
VmallocTotal:     122880 kB
VmallocUsed:           0 kB
VmallocChunk:          0 kB
AnonHugePages:    546816 kB
CmaTotal:              0 kB
CmaFree:               0 kB
HugePages_Total:       0
HugePages_Free:        0
HugePages_Rsvd:        0
HugePages_Surp:        0
Hugepagesize:       2048 kB
DirectMap4k:       36856 kB
DirectMap2M:      876544 kB


CPU:total 4 (initial active 4) (4 cores per cpu, 1 threads per core) family 6 model 42 stepping 7, cmov, cx8, fxsr, mmx, sse, sse2, sse3, ssse3, sse4.1, sse4.2, popcnt, avx, aes, clmul, tsc, tscinvbit

/proc/cpuinfo:
processor	: 0
vendor_id	: GenuineIntel
cpu family	: 6
model		: 42
model name	: Intel(R) Core(TM) i7-2630QM CPU @ 2.00GHz
stepping	: 7
cpu MHz		: 2026.062
cache size	: 6144 KB
physical id	: 0
siblings	: 4
core id		: 0
cpu cores	: 4
apicid		: 0
initial apicid	: 0
fdiv_bug	: no
f00f_bug	: no
coma_bug	: no
fpu		: yes
fpu_exception	: yes
cpuid level	: 13
wp		: yes
flags		: fpu vme de pse tsc msr pae mce cx8 apic sep mtrr pge mca cmov pat pse36 clflush mmx fxsr sse sse2 ht nx rdtscp constant_tsc xtopology nonstop_tsc pni pclmulqdq ssse3 cx16 sse4_1 sse4_2 x2apic popcnt aes xsave avx hypervisor lahf_lm
bugs		:
bogomips	: 4052.12
clflush size	: 64
cache_alignment	: 64
address sizes	: 36 bits physical, 48 bits virtual
power management:

processor	: 1
vendor_id	: GenuineIntel
cpu family	: 6
model		: 42
model name	: Intel(R) Core(TM) i7-2630QM CPU @ 2.00GHz
stepping	: 7
cpu MHz		: 2026.062
cache size	: 6144 KB
physical id	: 0
siblings	: 4
core id		: 1
cpu cores	: 4
apicid		: 1
initial apicid	: 1
fdiv_bug	: no
f00f_bug	: no
coma_bug	: no
fpu		: yes
fpu_exception	: yes
cpuid level	: 13
wp		: yes
flags		: fpu vme de pse tsc msr pae mce cx8 apic sep mtrr pge mca cmov pat pse36 clflush mmx fxsr sse sse2 ht nx rdtscp constant_tsc xtopology nonstop_tsc pni pclmulqdq ssse3 cx16 sse4_1 sse4_2 x2apic popcnt aes xsave avx hypervisor lahf_lm
bugs		:
bogomips	: 4052.12
clflush size	: 64
cache_alignment	: 64
address sizes	: 36 bits physical, 48 bits virtual
power management:

processor	: 2
vendor_id	: GenuineIntel
cpu family	: 6
model		: 42
model name	: Intel(R) Core(TM) i7-2630QM CPU @ 2.00GHz
stepping	: 7
cpu MHz		: 2026.062
cache size	: 6144 KB
physical id	: 0
siblings	: 4
core id		: 2
cpu cores	: 4
apicid		: 2
initial apicid	: 2
fdiv_bug	: no
f00f_bug	: no
coma_bug	: no
fpu		: yes
fpu_exception	: yes
cpuid level	: 13
wp		: yes
flags		: fpu vme de pse tsc msr pae mce cx8 apic sep mtrr pge mca cmov pat pse36 clflush mmx fxsr sse sse2 ht nx rdtscp constant_tsc xtopology nonstop_tsc pni pclmulqdq ssse3 cx16 sse4_1 sse4_2 x2apic popcnt aes xsave avx hypervisor lahf_lm
bugs		:
bogomips	: 4052.12
clflush size	: 64
cache_alignment	: 64
address sizes	: 36 bits physical, 48 bits virtual
power management:

processor	: 3
vendor_id	: GenuineIntel
cpu family	: 6
model		: 42
model name	: Intel(R) Core(TM) i7-2630QM CPU @ 2.00GHz
stepping	: 7
cpu MHz		: 2026.062
cache size	: 6144 KB
physical id	: 0
siblings	: 4
core id		: 3
cpu cores	: 4
apicid		: 3
initial apicid	: 3
fdiv_bug	: no
f00f_bug	: no
coma_bug	: no
fpu		: yes
fpu_exception	: yes
cpuid level	: 13
wp		: yes
flags		: fpu vme de pse tsc msr pae mce cx8 apic sep mtrr pge mca cmov pat pse36 clflush mmx fxsr sse sse2 ht nx rdtscp constant_tsc xtopology nonstop_tsc pni pclmulqdq ssse3 cx16 sse4_1 sse4_2 x2apic popcnt aes xsave avx hypervisor lahf_lm
bugs		:
bogomips	: 4052.12
clflush size	: 64
cache_alignment	: 64
address sizes	: 36 bits physical, 48 bits virtual
power management:



Memory: 4k page, physical 4138752k(1838664k free), swap 4192252k(4192252k free)

vm_info: Java HotSpot(TM) Server VM (25.144-b01) for linux-x86 JRE (1.8.0_144-b01), built on Jul 22 2017 02:26:52 by "java_re" with gcc 4.3.0 20080428 (Red Hat 4.3.0-8)

time: Sat Sep 30 12:42:31 2017
elapsed time: 95 seconds (0d 0h 1m 35s)

