#
# A fatal error has been detected by the Java Runtime Environment:
#
#  SIGSEGV (0xb) at pc=0xb75af496, pid=32400, tid=0x5c652b40
#
# JRE version: Java(TM) SE Runtime Environment (8.0_144-b01) (build 1.8.0_144-b01)
# Java VM: Java HotSpot(TM) Server VM (25.144-b01 mixed mode linux-x86 )
# Problematic frame:
# C  [libc.so.6+0x71496]  cfree+0x26
#
# Failed to write core dump. Core dumps have been disabled. To enable core dumping, try "ulimit -c unlimited" before starting Java again
#
# If you would like to submit a bug report, please visit:
#   http://bugreport.java.com/bugreport/crash.jsp
# The crash happened outside the Java Virtual Machine in native code.
# See problematic frame for where to report the bug.
#

---------------  T H R E A D  ---------------

Current thread (0x5c508000):  JavaThread "JavaFX Application Thread" [_thread_in_native, id=32430, stack(0x5c602000,0x5c653000)]

siginfo: si_signo: 11 (SIGSEGV), si_code: 2 (SEGV_ACCERR), si_addr: 0x9b65a004

Registers:
EAX=0x00000000, EBX=0xb76f0000, ECX=0x9b65a008, EDX=0x9b65a000
ESP=0x5c650bc0, EBP=0x5c650c08, ESI=0xffffffff, EDI=0xffffffff
EIP=0xb75af496, EFLAGS=0x00010282, CR2=0x9b65a004

Top of Stack: (sp=0x5c650bc0)
0x5c650bc0:   b7770000 b75af476 5c4fd000 5c4aab18
0x5c650bd0:   9b65a008 5c47ed90 5c650c08 5c4aaa9e
0x5c650be0:   b775a80b 5c4fd000 5c4fd000 b75800cb
0x5c650bf0:   5c650d68 b7761030 59d09048 5c4fd000
0x5c650c00:   5c4fd000 5c4fd000 5c650d68 5c4aae33
0x5c650c10:   5c650cf0 00000014 00000000 5c4aacbf
0x5c650c20:   b7754fe9 5c4fd000 5c4fe9cc 5c650e28
0x5c650c30:   5c650cf0 5c058388 00000000 00000070 

Instructions: (pc=0xb75af496)
0xb75af476:   81 c3 8a 0b 14 00 83 ec 08 8b 83 64 ff ff ff 8b
0xb75af486:   4c 24 10 8b 00 85 c0 75 71 85 c9 74 7a 8d 51 f8
0xb75af496:   8b 49 fc f6 c1 02 75 22 83 e1 04 8d 83 80 07 00
0xb75af4a6:   00 74 09 89 d0 25 00 00 f0 ff 8b 00 83 c4 08 31 

Register to memory mapping:

EAX=0x00000000 is an unknown value
EBX=0xb76f0000: <offset 0x1b2000> in /lib/i386-linux-gnu/libc.so.6 at 0xb753e000
ECX=0x9b65a008 is an unallocated location in the heap
EDX=0x9b65a000 is an unallocated location in the heap
ESP=0x5c650bc0 is pointing into the stack for thread: 0x5c508000
EBP=0x5c650c08 is pointing into the stack for thread: 0x5c508000
ESI=0xffffffff is an unknown value
EDI=0xffffffff is an unknown value


Stack: [0x5c602000,0x5c653000],  sp=0x5c650bc0,  free space=314k
Native frames: (J=compiled Java code, j=interpreted, Vv=VM code, C=native code)
C  [libc.so.6+0x71496]  cfree+0x26
C  [libxProjectCAMLib.so+0x2ce33]  read_r2007_meta_data+0x185
C  [libxProjectCAMLib.so+0x14ce9]  decode_R2007+0x345
C  [libxProjectCAMLib.so+0x115a7]  dwg_decode_data+0x287
C  [libxProjectCAMLib.so+0x2cebc]  dwg_read_data+0x68
C  [libxProjectCAMLib.so+0x52b6]  Java_xprojectcam_root_Main_nDwgLoad+0x3fe
j  xprojectcam.root.Main.nDwgLoad(Ljava/lang/String;I)I+0
j  xprojectcam.root.Main.start(Ljavafx/stage/Stage;)V+207
j  com.sun.javafx.application.LauncherImpl.lambda$launchApplication1$162(Ljava/util/concurrent/atomic/AtomicBoolean;Ljavafx/application/Application;)V+20
j  com.sun.javafx.application.LauncherImpl$$Lambda$59.run()V+8
j  com.sun.javafx.application.PlatformImpl.lambda$runAndWait$175(Ljava/lang/Runnable;Ljava/util/concurrent/CountDownLatch;)V+1
j  com.sun.javafx.application.PlatformImpl$$Lambda$52.run()V+8
j  com.sun.javafx.application.PlatformImpl.lambda$null$173(Ljava/lang/Runnable;)Ljava/lang/Void;+1
j  com.sun.javafx.application.PlatformImpl$$Lambda$54.run()Ljava/lang/Object;+4
v  ~StubRoutines::call_stub
V  [libjvm.so+0x503b2f]  JavaCalls::call_helper(JavaValue*, methodHandle*, JavaCallArguments*, Thread*)+0x101f
V  [libjvm.so+0x756ef9]  os::os_exception_wrapper(void (*)(JavaValue*, methodHandle*, JavaCallArguments*, Thread*), JavaValue*, methodHandle*, JavaCallArguments*, Thread*)+0x19
V  [libjvm.so+0x5020ff]  JavaCalls::call(JavaValue*, methodHandle, JavaCallArguments*, Thread*)+0x2f
V  [libjvm.so+0x585630]  JVM_DoPrivileged+0x2a0
C  [libjava.so+0x9fca]  Java_java_security_AccessController_doPrivileged__Ljava_security_PrivilegedAction_2Ljava_security_AccessControlContext_2+0x3a
j  java.security.AccessController.doPrivileged(Ljava/security/PrivilegedAction;Ljava/security/AccessControlContext;)Ljava/lang/Object;+0
j  com.sun.javafx.application.PlatformImpl.lambda$runLater$174(Ljava/lang/Runnable;Ljava/security/AccessControlContext;)V+7
j  com.sun.javafx.application.PlatformImpl$$Lambda$53.run()V+8
j  com.sun.glass.ui.InvokeLaterDispatcher$Future.run()V+4
v  ~StubRoutines::call_stub
V  [libjvm.so+0x503b2f]  JavaCalls::call_helper(JavaValue*, methodHandle*, JavaCallArguments*, Thread*)+0x101f
V  [libjvm.so+0x756ef9]  os::os_exception_wrapper(void (*)(JavaValue*, methodHandle*, JavaCallArguments*, Thread*), JavaValue*, methodHandle*, JavaCallArguments*, Thread*)+0x19
V  [libjvm.so+0x5020ff]  JavaCalls::call(JavaValue*, methodHandle, JavaCallArguments*, Thread*)+0x2f
V  [libjvm.so+0x5467b1]  jni_invoke_nonstatic(JNIEnv_*, JavaValue*, _jobject*, JNICallType, _jmethodID*, JNI_ArgumentPusher*, Thread*)+0x441
V  [libjvm.so+0x5491e1]  jni_CallVoidMethodV+0xe1
C  [libglass.so+0x12ffc]  JNIEnv_::CallVoidMethod(_jobject*, _jmethodID*, ...)+0x1c
C  [libglass.so+0x1dad0]  call_runnable(void*)+0x30
C  [libgdk-x11-2.0.so.0+0x150a0]

Java frames: (J=compiled Java code, j=interpreted, Vv=VM code)
j  xprojectcam.root.Main.nDwgLoad(Ljava/lang/String;I)I+0
j  xprojectcam.root.Main.start(Ljavafx/stage/Stage;)V+207
j  com.sun.javafx.application.LauncherImpl.lambda$launchApplication1$162(Ljava/util/concurrent/atomic/AtomicBoolean;Ljavafx/application/Application;)V+20
j  com.sun.javafx.application.LauncherImpl$$Lambda$59.run()V+8
j  com.sun.javafx.application.PlatformImpl.lambda$runAndWait$175(Ljava/lang/Runnable;Ljava/util/concurrent/CountDownLatch;)V+1
j  com.sun.javafx.application.PlatformImpl$$Lambda$52.run()V+8
j  com.sun.javafx.application.PlatformImpl.lambda$null$173(Ljava/lang/Runnable;)Ljava/lang/Void;+1
j  com.sun.javafx.application.PlatformImpl$$Lambda$54.run()Ljava/lang/Object;+4
v  ~StubRoutines::call_stub
j  java.security.AccessController.doPrivileged(Ljava/security/PrivilegedAction;Ljava/security/AccessControlContext;)Ljava/lang/Object;+0
j  com.sun.javafx.application.PlatformImpl.lambda$runLater$174(Ljava/lang/Runnable;Ljava/security/AccessControlContext;)V+7
j  com.sun.javafx.application.PlatformImpl$$Lambda$53.run()V+8
j  com.sun.glass.ui.InvokeLaterDispatcher$Future.run()V+4
v  ~StubRoutines::call_stub
j  com.sun.glass.ui.gtk.GtkApplication._runLoop(Ljava/lang/Runnable;Z)V+0
j  com.sun.glass.ui.gtk.GtkApplication.lambda$null$49(Ljava/lang/Runnable;Z)V+7
j  com.sun.glass.ui.gtk.GtkApplication$$Lambda$42.run()V+12
j  java.lang.Thread.run()V+11
v  ~StubRoutines::call_stub

---------------  P R O C E S S  ---------------

Java Threads: ( => current thread )
  0x5976ac00 JavaThread "JavaFX Application Thread-SharedResourceRunner" daemon [_thread_blocked, id=32445, stack(0x59037000,0x59088000)]
  0x5974d800 JavaThread "JavaFX Application Thread-SharedResourceRunner" daemon [_thread_blocked, id=32444, stack(0x59605000,0x59656000)]
  0x67027400 JavaThread "org.netbeans.modules.debugger.jpda.visual AWT Access Loop" daemon [_thread_blocked, id=32443, stack(0x59b0d000,0x59b5e000)]
  0x59d08c00 JavaThread "AWT-EventQueue-0" [_thread_blocked, id=32442, stack(0x59c5e000,0x59caf000)]
  0x59d07800 JavaThread "AWT-Shutdown" [_thread_blocked, id=32441, stack(0x59caf000,0x59d00000)]
  0x5c0f4400 JavaThread "AWT-XAWT" daemon [_thread_in_native, id=32440, stack(0x59e21000,0x59e72000)]
  0x5c0ea000 JavaThread "Java2D Disposer" daemon [_thread_blocked, id=32439, stack(0x5a0de000,0x5a12f000)]
  0x5c50e800 JavaThread "JavaFX-Launcher" [_thread_blocked, id=32432, stack(0x5c42d000,0x5c47e000)]
=>0x5c508000 JavaThread "JavaFX Application Thread" [_thread_in_native, id=32430, stack(0x5c602000,0x5c653000)]
  0x5c505000 JavaThread "Thread-1" daemon [_thread_blocked, id=32429, stack(0x5c653000,0x5c6a4000)]
  0x63a98400 JavaThread "QuantumRenderer-0" daemon [_thread_blocked, id=32424, stack(0x63d74000,0x63dc5000)]
  0x645cfc00 JavaThread "Service Thread" daemon [_thread_blocked, id=32422, stack(0x63edb000,0x63f2c000)]
  0x645b2800 JavaThread "C1 CompilerThread2" daemon [_thread_blocked, id=32421, stack(0x63f2c000,0x63fad000)]
  0x645b1400 JavaThread "C2 CompilerThread1" daemon [_thread_blocked, id=32420, stack(0x63fad000,0x6402e000)]
  0x645af400 JavaThread "C2 CompilerThread0" daemon [_thread_blocked, id=32419, stack(0x6402e000,0x640af000)]
  0x64300800 JavaThread "JDWP Command Reader" daemon [_thread_in_native, id=32416, stack(0x640af000,0x64100000)]
  0x645adc00 JavaThread "JDWP Event Helper Thread" daemon [_thread_blocked, id=32415, stack(0x6420d000,0x6425e000)]
  0x645aa400 JavaThread "JDWP Transport Listener: dt_socket" daemon [_thread_blocked, id=32413, stack(0x6425e000,0x642af000)]
  0x645a2000 JavaThread "Signal Dispatcher" daemon [_thread_blocked, id=32412, stack(0x642af000,0x64300000)]
  0x64588000 JavaThread "Finalizer" daemon [_thread_blocked, id=32411, stack(0x6442e000,0x6447f000)]
  0x64585400 JavaThread "Reference Handler" daemon [_thread_blocked, id=32410, stack(0x6712e000,0x6717f000)]
  0xb6508c00 JavaThread "main" [_thread_blocked, id=32402, stack(0xb6670000,0xb66c1000)]

Other Threads:
  0x64580c00 VMThread [stack: 0x6447f000,0x64500000] [id=32409]
  0x645d1c00 WatcherThread [stack: 0x63e5a000,0x63edb000] [id=32423]

VM state:not at safepoint (normal execution)

VM Mutex/Monitor currently owned by a thread: None

Heap:
 PSYoungGen      total 35840K, used 6162K [0x91cc0000, 0x94240000, 0xa6e00000)
  eden space 33280K, 10% used [0x91cc0000,0x92044f50,0x93d40000)
  from space 2560K, 99% used [0x93fc0000,0x9423fa30,0x94240000)
  to   space 2560K, 0% used [0x93d40000,0x93d40000,0x93fc0000)
 ParOldGen       total 43776K, used 4331K [0x67a00000, 0x6a4c0000, 0x91cc0000)
  object space 43776K, 9% used [0x67a00000,0x67e3ae98,0x6a4c0000)
 Metaspace       used 14881K, capacity 15232K, committed 15512K, reserved 15664K

Card table byte_map: [0x67805000,0x67a00000] byte_map_base: 0x674c8000

Marking Bits: (ParMarkBitMap*) 0xb71289c0
 Begin Bits: [0x65060000, 0x66030000)
 End Bits:   [0x66030000, 0x67000000)

Polling page: 0xb773a000

CodeCache: size=245760Kb used=2750Kb max_used=2767Kb free=243010Kb
 bounds [0xa72a9000, 0xa7561000, 0xb62a9000]
 total_blobs=1533 nmethods=994 adapters=460
 compilation: enabled

Compilation events (10 events):
Event: 3.212 Thread 0x645b2800 nmethod 990 0xa7553408 code [0xa7553520, 0xa755372c]
Event: 3.213 Thread 0x645b2800  991       3       java.io.BufferedReader::readLine (6 bytes)
Event: 3.214 Thread 0x645b2800 nmethod 991 0xa7553148 code [0xa7553260, 0xa755336c]
Event: 3.229 Thread 0x645af400  992       4       java.lang.ClassLoader::checkName (43 bytes)
Event: 3.233 Thread 0x645af400 nmethod 992 0xa75517c8 code [0xa75518e0, 0xa7551b30]
Event: 3.281 Thread 0x645b1400 nmethod 975 0xa755a148 code [0xa755a540, 0xa755c454]
Event: 3.906 Thread 0x645b2800  993       3       java.lang.Long::hashCode (8 bytes)
Event: 3.906 Thread 0x645b2800 nmethod 993 0xa75514c8 code [0xa75515e0, 0xa7551720]
Event: 3.906 Thread 0x645b2800  994       3       java.lang.Long::hashCode (8 bytes)
Event: 3.906 Thread 0x645b2800 nmethod 994 0xa7551288 code [0xa7551380, 0xa7551460]

GC Heap History (4 events):
Event: 1.562 GC heap before
{Heap before GC invocations=1 (full 0):
 PSYoungGen      total 19200K, used 16640K [0x91cc0000, 0x93200000, 0xa6e00000)
  eden space 16640K, 100% used [0x91cc0000,0x92d00000,0x92d00000)
  from space 2560K, 0% used [0x92f80000,0x92f80000,0x93200000)
  to   space 2560K, 0% used [0x92d00000,0x92d00000,0x92f80000)
 ParOldGen       total 43776K, used 0K [0x67a00000, 0x6a4c0000, 0x91cc0000)
  object space 43776K, 0% used [0x67a00000,0x67a00000,0x6a4c0000)
 Metaspace       used 7244K, capacity 7554K, committed 7704K, reserved 8496K
Event: 1.584 GC heap after
Heap after GC invocations=1 (full 0):
 PSYoungGen      total 19200K, used 2352K [0x91cc0000, 0x94240000, 0xa6e00000)
  eden space 16640K, 0% used [0x91cc0000,0x91cc0000,0x92d00000)
  from space 2560K, 91% used [0x92d00000,0x92f4c050,0x92f80000)
  to   space 2560K, 0% used [0x93fc0000,0x93fc0000,0x94240000)
 ParOldGen       total 43776K, used 72K [0x67a00000, 0x6a4c0000, 0x91cc0000)
  object space 43776K, 0% used [0x67a00000,0x67a12010,0x6a4c0000)
 Metaspace       used 7244K, capacity 7554K, committed 7704K, reserved 8496K
}
Event: 2.801 GC heap before
{Heap before GC invocations=2 (full 0):
 PSYoungGen      total 19200K, used 18992K [0x91cc0000, 0x94240000, 0xa6e00000)
  eden space 16640K, 100% used [0x91cc0000,0x92d00000,0x92d00000)
  from space 2560K, 91% used [0x92d00000,0x92f4c050,0x92f80000)
  to   space 2560K, 0% used [0x93fc0000,0x93fc0000,0x94240000)
 ParOldGen       total 43776K, used 72K [0x67a00000, 0x6a4c0000, 0x91cc0000)
  object space 43776K, 0% used [0x67a00000,0x67a12010,0x6a4c0000)
 Metaspace       used 12985K, capacity 13356K, committed 13592K, reserved 13616K
Event: 2.822 GC heap after
Heap after GC invocations=2 (full 0):
 PSYoungGen      total 35840K, used 2558K [0x91cc0000, 0x94240000, 0xa6e00000)
  eden space 33280K, 0% used [0x91cc0000,0x91cc0000,0x93d40000)
  from space 2560K, 99% used [0x93fc0000,0x9423fa30,0x94240000)
  to   space 2560K, 0% used [0x93d40000,0x93d40000,0x93fc0000)
 ParOldGen       total 43776K, used 4331K [0x67a00000, 0x6a4c0000, 0x91cc0000)
  object space 43776K, 9% used [0x67a00000,0x67e3ae98,0x6a4c0000)
 Metaspace       used 12985K, capacity 13356K, committed 13592K, reserved 13616K
}

Deoptimization events (10 events):
Event: 1.182 Thread 0x5c508000 Uncommon trap: reason=unstable_if action=reinterpret pc=0xa73f139c method=java.lang.String.indexOf([CII[CIII)I @ 134
Event: 1.222 Thread 0x5c508000 Uncommon trap: reason=unstable_if action=reinterpret pc=0xa744b6b8 method=java.io.BufferedInputStream.read()I @ 8
Event: 1.360 Thread 0x5c508000 Uncommon trap: reason=unstable_if action=reinterpret pc=0xa73e6554 method=java.lang.String.startsWith(Ljava/lang/String;I)Z @ 25
Event: 1.530 Thread 0x5c508000 Uncommon trap: reason=unstable_if action=reinterpret pc=0xa7478024 method=java.util.HashMap.hash(Ljava/lang/Object;)I @ 1
Event: 1.643 Thread 0x5c508000 Uncommon trap: reason=unstable_if action=reinterpret pc=0xa74a0964 method=sun.net.www.ParseUtil.encodePath(Ljava/lang/String;Z)Ljava/lang/String; @ 109
Event: 1.686 Thread 0x5c508000 Uncommon trap: reason=unstable_if action=reinterpret pc=0xa7496fa4 method=java.lang.String.indexOf([CII[CIII)I @ 3
Event: 2.884 Thread 0x5c508000 Uncommon trap: reason=unstable_if action=reinterpret pc=0xa753000c method=java.lang.reflect.AccessibleObject.setAccessible0(Ljava/lang/reflect/AccessibleObject;Z)V @ 4
Event: 2.935 Thread 0x5c508000 Uncommon trap: reason=unstable_if action=reinterpret pc=0xa748e85c method=java.lang.AbstractStringBuilder.append(Ljava/lang/String;)Ljava/lang/AbstractStringBuilder; @ 1
Event: 2.936 Thread 0x5c508000 Uncommon trap: reason=unstable_if action=reinterpret pc=0xa7417798 method=java.lang.AbstractStringBuilder.append(Ljava/lang/String;)Ljava/lang/AbstractStringBuilder; @ 1
Event: 2.953 Thread 0x5c508000 Uncommon trap: reason=unstable_if action=reinterpret pc=0xa7518604 method=java.lang.reflect.Field.setFieldAccessor(Lsun/reflect/FieldAccessor;Z)V @ 1

Internal exceptions (10 events):
Event: 1.366 Thread 0x5c508000 Exception <a 'java/lang/ArrayIndexOutOfBoundsException': 65> (0x92afef20) thrown at [/HUDSON3/workspace/8-2-build-linux-i586/jdk8u144/9417/hotspot/src/share/vm/interpreter/interpreterRuntime.cpp, line 366]
Event: 1.367 Thread 0x5c508000 Exception <a 'java/lang/ArrayIndexOutOfBoundsException': 18> (0x92affc40) thrown at [/HUDSON3/workspace/8-2-build-linux-i586/jdk8u144/9417/hotspot/src/share/vm/interpreter/interpreterRuntime.cpp, line 366]
Event: 1.367 Thread 0x5c508000 Exception <a 'java/lang/ArrayIndexOutOfBoundsException': 86> (0x92b00da8) thrown at [/HUDSON3/workspace/8-2-build-linux-i586/jdk8u144/9417/hotspot/src/share/vm/interpreter/interpreterRuntime.cpp, line 366]
Event: 1.376 Thread 0x5c508000 Exception <a 'java/lang/ArrayIndexOutOfBoundsException'> (0x92b07aa8) thrown at [/HUDSON3/workspace/8-2-build-linux-i586/jdk8u144/9417/hotspot/src/share/vm/runtime/sharedRuntime.cpp, line 605]
Event: 1.530 Thread 0x5c508000 Implicit null exception at 0xa7477e3f to 0xa7478015
Event: 1.747 Thread 0x5c508000 Exception <a 'java/io/FileNotFoundException'> (0x9200d3d0) thrown at [/HUDSON3/workspace/8-2-build-linux-i586/jdk8u144/9417/hotspot/src/share/vm/prims/jni.cpp, line 709]
Event: 1.765 Thread 0x5c508000 Exception <a 'java/io/FileNotFoundException'> (0x92070168) thrown at [/HUDSON3/workspace/8-2-build-linux-i586/jdk8u144/9417/hotspot/src/share/vm/prims/jni.cpp, line 709]
Event: 1.765 Thread 0x5c508000 Exception <a 'java/io/FileNotFoundException'> (0x92070bf8) thrown at [/HUDSON3/workspace/8-2-build-linux-i586/jdk8u144/9417/hotspot/src/share/vm/prims/jni.cpp, line 709]
Event: 2.935 Thread 0x5c508000 Implicit null exception at 0xa748e3df to 0xa748e845
Event: 2.936 Thread 0x5c508000 Implicit null exception at 0xa741731f to 0xa7417785

Events (10 events):
Event: 5.856 Executing VM operation: EnterInterpOnlyMode
Event: 5.856 Executing VM operation: EnterInterpOnlyMode done
Event: 5.857 Executing VM operation: GetCurrentLocation
Event: 5.857 Executing VM operation: GetCurrentLocation done
Event: 5.857 Executing VM operation: ChangeSingleStep
Event: 5.857 Executing VM operation: ChangeSingleStep done
Event: 5.861 Executing VM operation: ChangeSingleStep
Event: 5.861 Executing VM operation: ChangeSingleStep done
Event: 5.861 Executing VM operation: ChangeBreakpoints
Event: 5.861 Executing VM operation: ChangeBreakpoints done


Dynamic libraries:
08048000-08049000 r-xp 00000000 08:01 1341235    /usr/lib/jvm/java-8-oracle/jre/bin/java
08049000-0804a000 rw-p 00000000 08:01 1341235    /usr/lib/jvm/java-8-oracle/jre/bin/java
0811a000-0813b000 rw-p 00000000 00:00 0          [heap]
51d63000-51f00000 rw-p 00000000 00:00 0 
51f00000-51fdd000 rw-p 00000000 00:00 0 
51fdd000-52000000 ---p 00000000 00:00 0 
520a6000-52300000 rw-p 00000000 00:00 0 
52300000-52500000 rw-p 00000000 00:00 0 
52500000-52600000 rw-p 00000000 00:00 0 
52645000-527dc000 rw-p 00000000 00:00 0 
527dc000-527fc000 ---p 00000000 00:00 0 
527fc000-528fc000 rw-p 00000000 00:00 0 
528fc000-528fd000 ---p 00000000 00:00 0 
528fd000-530fd000 rw-p 00000000 00:00 0 
530fd000-530fe000 ---p 00000000 00:00 0 
530fe000-538fe000 rw-p 00000000 00:00 0 
538fe000-538ff000 ---p 00000000 00:00 0 
538ff000-540ff000 rw-p 00000000 00:00 0 
540ff000-54100000 ---p 00000000 00:00 0 
54100000-54900000 rw-p 00000000 00:00 0 
54900000-54ac8000 rw-p 00000000 00:00 0 
54ac8000-54b00000 ---p 00000000 00:00 0 
54b00000-54bf3000 rw-p 00000000 00:00 0 
54bf3000-54c00000 ---p 00000000 00:00 0 
54c65000-54cfc000 rw-p 00000000 00:00 0 
54cfc000-54cfd000 ---p 00000000 00:00 0 
54cfd000-554fd000 rw-p 00000000 00:00 0 
554fd000-554fe000 ---p 00000000 00:00 0 
554fe000-55cfe000 rw-p 00000000 00:00 0 
55cfe000-55cff000 ---p 00000000 00:00 0 
55cff000-564ff000 rw-p 00000000 00:00 0 
564ff000-56500000 ---p 00000000 00:00 0 
56500000-56d00000 rw-p 00000000 00:00 0 
56d00000-56dfe000 rw-p 00000000 00:00 0 
56dfe000-56e00000 ---p 00000000 00:00 0 
56e00000-56e31000 rw-p 00000000 00:00 0 
56e31000-56f00000 ---p 00000000 00:00 0 
56f00000-56ffe000 rw-p 00000000 00:00 0 
56ffe000-57000000 ---p 00000000 00:00 0 
57033000-57034000 ---p 00000000 00:00 0 
57034000-57834000 rw-p 00000000 00:00 0 
57834000-57835000 ---p 00000000 00:00 0 
57835000-58035000 rw-p 00000000 00:00 0 
58035000-58036000 ---p 00000000 00:00 0 
58036000-58836000 rw-p 00000000 00:00 0 
58836000-58837000 ---p 00000000 00:00 0 
58837000-59037000 rw-p 00000000 00:00 0 
59037000-5903a000 ---p 00000000 00:00 0 
5903a000-59088000 rw-p 00000000 00:00 0 
59088000-590dd000 r-xp 00000000 08:01 1199423    /home/ubuntu/NetBeansProjects/xProjectCAM/natives/linux-i586/libjogl_mobile.so
590dd000-590de000 rw-p 00054000 08:01 1199423    /home/ubuntu/NetBeansProjects/xProjectCAM/natives/linux-i586/libjogl_mobile.so
590de000-59103000 r-xp 00000000 08:01 1323763    /usr/lib/i386-linux-gnu/libkj-0.5.3.so
59103000-59104000 r--p 00024000 08:01 1323763    /usr/lib/i386-linux-gnu/libkj-0.5.3.so
59104000-59105000 rw-p 00025000 08:01 1323763    /usr/lib/i386-linux-gnu/libkj-0.5.3.so
59105000-5911c000 r-xp 00000000 08:01 1319085    /usr/lib/i386-linux-gnu/libboost_filesystem.so.1.58.0
5911c000-5911d000 r--p 00016000 08:01 1319085    /usr/lib/i386-linux-gnu/libboost_filesystem.so.1.58.0
5911d000-5911e000 rw-p 00017000 08:01 1319085    /usr/lib/i386-linux-gnu/libboost_filesystem.so.1.58.0
5911e000-591a2000 r-xp 00000000 08:01 1328244    /usr/lib/i386-linux-gnu/libcapnp-0.5.3.so
591a2000-591a3000 ---p 00084000 08:01 1328244    /usr/lib/i386-linux-gnu/libcapnp-0.5.3.so
591a3000-591a5000 r--p 00084000 08:01 1328244    /usr/lib/i386-linux-gnu/libcapnp-0.5.3.so
591a5000-591a6000 rw-p 00086000 08:01 1328244    /usr/lib/i386-linux-gnu/libcapnp-0.5.3.so
591a6000-59214000 r-xp 00000000 08:01 1329981    /usr/lib/i386-linux-gnu/libmirprotobuf.so.3
59214000-59216000 r--p 0006d000 08:01 1329981    /usr/lib/i386-linux-gnu/libmirprotobuf.so.3
59216000-59217000 rw-p 0006f000 08:01 1329981    /usr/lib/i386-linux-gnu/libmirprotobuf.so.3
59217000-59259000 r-xp 00000000 08:01 1329980    /usr/lib/i386-linux-gnu/libmircommon.so.7
59259000-5925a000 ---p 00042000 08:01 1329980    /usr/lib/i386-linux-gnu/libmircommon.so.7
5925a000-5925b000 r--p 00042000 08:01 1329980    /usr/lib/i386-linux-gnu/libmircommon.so.7
5925b000-5925c000 rw-p 00043000 08:01 1329980    /usr/lib/i386-linux-gnu/libmircommon.so.7
5925c000-592fc000 r-xp 00000000 08:01 1329984    /usr/lib/i386-linux-gnu/libmirclient.so.9
592fc000-592ff000 r--p 0009f000 08:01 1329984    /usr/lib/i386-linux-gnu/libmirclient.so.9
592ff000-59300000 rw-p 000a2000 08:01 1329984    /usr/lib/i386-linux-gnu/libmirclient.so.9
59300000-593fe000 rw-p 00000000 00:00 0 
593fe000-59400000 ---p 00000000 00:00 0 
59402000-59431000 r-xp 00000000 08:01 1319091    /usr/lib/i386-linux-gnu/libprotobuf-lite.so.9.0.1
59431000-59432000 ---p 0002f000 08:01 1319091    /usr/lib/i386-linux-gnu/libprotobuf-lite.so.9.0.1
59432000-59433000 r--p 0002f000 08:01 1319091    /usr/lib/i386-linux-gnu/libprotobuf-lite.so.9.0.1
59433000-59434000 rw-p 00030000 08:01 1319091    /usr/lib/i386-linux-gnu/libprotobuf-lite.so.9.0.1
59434000-59476000 r-xp 00000000 08:01 1319097    /usr/lib/i386-linux-gnu/libxkbcommon.so.0.0.0
59476000-59477000 r--p 00041000 08:01 1319097    /usr/lib/i386-linux-gnu/libxkbcommon.so.0.0.0
59477000-59478000 rw-p 00042000 08:01 1319097    /usr/lib/i386-linux-gnu/libxkbcommon.so.0.0.0
59478000-59484000 r-xp 00000000 08:01 1317064    /usr/lib/i386-linux-gnu/libgbm.so.1.0.0
59484000-59485000 ---p 0000c000 08:01 1317064    /usr/lib/i386-linux-gnu/libgbm.so.1.0.0
59485000-59486000 r--p 0000c000 08:01 1317064    /usr/lib/i386-linux-gnu/libgbm.so.1.0.0
59486000-59487000 rw-p 0000d000 08:01 1317064    /usr/lib/i386-linux-gnu/libgbm.so.1.0.0
59487000-59496000 r-xp 00000000 08:01 1319147    /usr/lib/i386-linux-gnu/libwayland-server.so.0.1.0
59496000-59497000 r--p 0000e000 08:01 1319147    /usr/lib/i386-linux-gnu/libwayland-server.so.0.1.0
59497000-59498000 rw-p 0000f000 08:01 1319147    /usr/lib/i386-linux-gnu/libwayland-server.so.0.1.0
59498000-594a3000 r-xp 00000000 08:01 1327779    /usr/lib/i386-linux-gnu/libwayland-client.so.0.3.0
594a3000-594a4000 ---p 0000b000 08:01 1327779    /usr/lib/i386-linux-gnu/libwayland-client.so.0.3.0
594a4000-594a5000 r--p 0000b000 08:01 1327779    /usr/lib/i386-linux-gnu/libwayland-client.so.0.3.0
594a5000-594a6000 rw-p 0000c000 08:01 1327779    /usr/lib/i386-linux-gnu/libwayland-client.so.0.3.0
594a6000-594e1000 r-xp 00000000 08:01 1317054    /usr/lib/i386-linux-gnu/mesa-egl/libEGL.so.1.0.0
594e1000-594e2000 ---p 0003b000 08:01 1317054    /usr/lib/i386-linux-gnu/mesa-egl/libEGL.so.1.0.0
594e2000-594e3000 r--p 0003b000 08:01 1317054    /usr/lib/i386-linux-gnu/mesa-egl/libEGL.so.1.0.0
594e3000-594e4000 rw-p 0003c000 08:01 1317054    /usr/lib/i386-linux-gnu/mesa-egl/libEGL.so.1.0.0
59500000-59536000 rw-p 00000000 00:00 0 
59536000-59600000 ---p 00000000 00:00 0 
59605000-59608000 ---p 00000000 00:00 0 
59608000-59656000 rw-p 00000000 00:00 0 
59656000-596ff000 r-xp 00000000 08:01 1199425    /home/ubuntu/NetBeansProjects/xProjectCAM/natives/linux-i586/libjogl_desktop.so
596ff000-59700000 rw-p 000a9000 08:01 1199425    /home/ubuntu/NetBeansProjects/xProjectCAM/natives/linux-i586/libjogl_desktop.so
59700000-597fa000 rw-p 00000000 00:00 0 
597fa000-59800000 ---p 00000000 00:00 0 
59800000-59900000 rw-p 00000000 00:00 0 
59900000-599fc000 rw-p 00000000 00:00 0 
599fc000-59a00000 ---p 00000000 00:00 0 
59a03000-59a04000 rwxp 00000000 00:00 0 
59a04000-59a0b000 r-xp 00000000 08:01 1329979    /usr/lib/i386-linux-gnu/libmircore.so.1
59a0b000-59a0c000 r--p 00006000 08:01 1329979    /usr/lib/i386-linux-gnu/libmircore.so.1
59a0c000-59a0d000 rw-p 00007000 08:01 1329979    /usr/lib/i386-linux-gnu/libmircore.so.1
59a0d000-59b0d000 rw-p 00000000 00:00 0 
59b0d000-59b10000 ---p 00000000 00:00 0 
59b10000-59c5e000 rw-p 00000000 00:00 0 
59c5e000-59c61000 ---p 00000000 00:00 0 
59c61000-59caf000 rw-p 00000000 00:00 0 
59caf000-59cb2000 ---p 00000000 00:00 0 
59cb2000-59d00000 rw-p 00000000 00:00 0 
59d00000-59dfd000 rw-p 00000000 00:00 0 
59dfd000-59e00000 ---p 00000000 00:00 0 
59e00000-59e03000 r-xp 00000000 08:01 1317973    /usr/lib/i386-linux-gnu/libboost_system.so.1.58.0
59e03000-59e04000 r--p 00002000 08:01 1317973    /usr/lib/i386-linux-gnu/libboost_system.so.1.58.0
59e04000-59e05000 rw-p 00003000 08:01 1317973    /usr/lib/i386-linux-gnu/libboost_system.so.1.58.0
59e05000-59e0c000 r-xp 00000000 08:01 1317188    /usr/lib/i386-linux-gnu/libxcb-xfixes.so.0.0.0
59e0c000-59e0d000 r--p 00006000 08:01 1317188    /usr/lib/i386-linux-gnu/libxcb-xfixes.so.0.0.0
59e0d000-59e0e000 rw-p 00007000 08:01 1317188    /usr/lib/i386-linux-gnu/libxcb-xfixes.so.0.0.0
59e0e000-59e13000 r-xp 00000000 08:01 1337606    /usr/lib/i386-linux-gnu/mesa-egl/libGLESv2.so.2.0.0
59e13000-59e14000 r--p 00004000 08:01 1337606    /usr/lib/i386-linux-gnu/mesa-egl/libGLESv2.so.2.0.0
59e14000-59e16000 rwxp 00005000 08:01 1337606    /usr/lib/i386-linux-gnu/mesa-egl/libGLESv2.so.2.0.0
59e16000-59e1c000 r-xp 00000000 08:01 1199430    /home/ubuntu/NetBeansProjects/xProjectCAM/natives/linux-i586/libnativewindow_x11.so
59e1c000-59e1d000 rw-p 00005000 08:01 1199430    /home/ubuntu/NetBeansProjects/xProjectCAM/natives/linux-i586/libnativewindow_x11.so
59e1d000-59e1e000 r-xp 00000000 08:01 1199426    /home/ubuntu/NetBeansProjects/xProjectCAM/natives/linux-i586/libnativewindow_awt.so
59e1e000-59e1f000 rw-p 00001000 08:01 1199426    /home/ubuntu/NetBeansProjects/xProjectCAM/natives/linux-i586/libnativewindow_awt.so
59e1f000-59e20000 r-xp 00000000 08:01 1366684    /usr/lib/jvm/java-8-oracle/jre/lib/i386/libjawt.so
59e20000-59e21000 rw-p 00000000 08:01 1366684    /usr/lib/jvm/java-8-oracle/jre/lib/i386/libjawt.so
59e21000-59e24000 ---p 00000000 00:00 0 
59e24000-59e72000 rw-p 00000000 00:00 0 
59e72000-59ed4000 r-xp 00000000 08:01 1366666    /usr/lib/jvm/java-8-oracle/jre/lib/i386/libfontmanager.so
59ed4000-59ed7000 rw-p 00061000 08:01 1366666    /usr/lib/jvm/java-8-oracle/jre/lib/i386/libfontmanager.so
59ed7000-59fdb000 rw-p 00000000 00:00 0 
59fdb000-5a027000 r-xp 00000000 08:01 1366674    /usr/lib/jvm/java-8-oracle/jre/lib/i386/libawt_xawt.so
5a027000-5a029000 rw-p 0004c000 08:01 1366674    /usr/lib/jvm/java-8-oracle/jre/lib/i386/libawt_xawt.so
5a029000-5a02a000 rw-p 00000000 00:00 0 
5a02a000-5a0b0000 r-xp 00000000 08:01 1366646    /usr/lib/jvm/java-8-oracle/jre/lib/i386/libawt.so
5a0b0000-5a0b7000 rw-p 00086000 08:01 1366646    /usr/lib/jvm/java-8-oracle/jre/lib/i386/libawt.so
5a0b7000-5a0db000 rw-p 00000000 00:00 0 
5a0db000-5a0dd000 r-xp 00000000 08:01 670588     /tmp/jogamp_0000/file_cache/jln7202768303729594336/jln2104046800335398449/natives/linux-i586/libgluegen-rt.so
5a0dd000-5a0de000 rw-p 00001000 08:01 670588     /tmp/jogamp_0000/file_cache/jln7202768303729594336/jln2104046800335398449/natives/linux-i586/libgluegen-rt.so
5a0de000-5a0e1000 ---p 00000000 00:00 0 
5a0e1000-5a12f000 rw-p 00000000 00:00 0 
5a12f000-5a13e000 r-xp 00000000 08:01 1366668    /usr/lib/jvm/java-8-oracle/jre/lib/i386/libnio.so
5a13e000-5a13f000 rw-p 0000e000 08:01 1366668    /usr/lib/jvm/java-8-oracle/jre/lib/i386/libnio.so
5a13f000-5bd40000 rw-p 00000000 00:00 0 
5bd40000-5bd55000 r-xp 00000000 08:01 1366644    /usr/lib/jvm/java-8-oracle/jre/lib/i386/libnet.so
5bd55000-5bd56000 rw-p 00015000 08:01 1366644    /usr/lib/jvm/java-8-oracle/jre/lib/i386/libnet.so
5bd56000-5bd59000 ---p 00000000 00:00 0 
5bd59000-5bd6f000 rw-p 00000000 00:00 0 
5bd6f000-5bd70000 r--p 00000000 00:00 0 
5bd70000-5be70000 rw-p 00000000 00:00 0 
5be70000-5be75000 r--s 0009a000 08:01 1365230    /usr/lib/jvm/java-8-oracle/jre/lib/jsse.jar
5be75000-5bf75000 rw-p 00000000 00:00 0 
5bf75000-5bf7d000 r--s 00000000 08:01 276588     /var/cache/fontconfig/945677eb7aeaf62f1d50efc3fb3ec7d8-le32d4.cache-6
5bf7d000-5bf81000 r--s 00000000 08:01 271504     /var/cache/fontconfig/2cd17615ca594fa2959ae173292e504c-le32d4.cache-6
5bf81000-5bf82000 r--s 00000000 08:01 278881     /var/cache/fontconfig/0d8c3b2ac0904cb8a57a757ad11a4a08-le32d4.cache-6
5bf82000-5bf91000 r--s 00000000 08:01 271502     /var/cache/fontconfig/04aabc0a78ac019cf9454389977116d2-le32d4.cache-6
5bf91000-5bf92000 r--s 00000000 08:01 278874     /var/cache/fontconfig/1ac9eb803944fde146138c791f5cc56a-le32d4.cache-6
5bf92000-5bf95000 r--s 00000000 08:01 271500     /var/cache/fontconfig/385c0604a188198f04d133e54aba7fe7-le32d4.cache-6
5bf95000-5bf96000 r--s 00000000 08:01 278872     /var/cache/fontconfig/dc05db6664285cc2f12bf69c139ae4c3-le32d4.cache-6
5bf96000-5bf97000 r--s 00000000 08:01 271498     /var/cache/fontconfig/14a5e22175779b556eaa434240950366-le32d4.cache-6
5bf97000-5bf98000 r--s 00000000 08:01 271496     /var/cache/fontconfig/660208299946a285a940457d1287da33-le32d4.cache-6
5bf98000-5bf99000 r--s 00000000 08:01 278871     /var/cache/fontconfig/4f3e3037c9980c83b53a9351efadef62-le32d4.cache-6
5bf99000-5bf9b000 r--s 00000000 08:01 278870     /var/cache/fontconfig/767a8244fc0220cfb567a839d0392e0b-le32d4.cache-6
5bf9b000-5bf9c000 r--s 00000000 08:01 271494     /var/cache/fontconfig/4794a0821666d79190d59a36cb4f44b5-le32d4.cache-6
5bf9c000-5bfa5000 r--s 00000000 08:01 271492     /var/cache/fontconfig/8801497958630a81b71ace7c5f9b32a8-le32d4.cache-6
5bfa5000-5bfa7000 r--s 00000000 08:01 271490     /var/cache/fontconfig/a015930274ffcd967d2ca1b57da47cc7-le32d4.cache-6
5bfa7000-5bfa8000 r--s 00000000 08:01 271488     /var/cache/fontconfig/b872e6e592da6075ffa4ab0a1fcc0c75-le32d4.cache-6
5bfa8000-5bfa9000 r--s 00000000 08:01 271486     /var/cache/fontconfig/f6d4eedfaab2589bde49f7a3ff831d22-le32d4.cache-6
5bfa9000-5bfaa000 r--s 00000000 08:01 271484     /var/cache/fontconfig/589f83ef4c36d296ce6e1c846f468f08-le32d4.cache-6
5bfaa000-5bfab000 r--s 00000000 08:01 271482     /var/cache/fontconfig/bab58bb527bb656aaa9f116d68a48d89-le32d4.cache-6
5bfab000-5bfac000 r--s 00000000 08:01 271480     /var/cache/fontconfig/2171a34dccabdb6bcbbc728186263178-le32d4.cache-6
5bfac000-5bfad000 r--s 00000000 08:01 271478     /var/cache/fontconfig/c5c45a61289222e0d30b1a26ef4effbe-le32d4.cache-6
5bfad000-5bfae000 r--s 00000000 08:01 271476     /var/cache/fontconfig/aec30016f93e1b46d1a973dce0d74068-le32d4.cache-6
5bfae000-5bfaf000 r--s 00000000 08:01 271474     /var/cache/fontconfig/3f589640d34b7dc9042c8d453f7c8b9c-le32d4.cache-6
5bfaf000-5bfb0000 r--s 00000000 08:01 271471     /var/cache/fontconfig/16c2fda60d1b4b719f4b3d06fd951d25-le32d4.cache-6
5bfb0000-5bfb1000 r--s 00000000 08:01 271467     /var/cache/fontconfig/a48eab177a16e4f3713381162db2f3e9-le32d4.cache-6
5bfb1000-5bfb2000 r--s 00000000 08:01 271465     /var/cache/fontconfig/564b2e68ac9bc4e36a6f7f6d6125ec1c-le32d4.cache-6
5bfb2000-5bfb7000 r--s 00000000 08:01 271462     /var/cache/fontconfig/3047814df9a2f067bd2d96a2b9c36e5a-le32d4.cache-6
5bfb7000-5bfb8000 r--s 00000000 08:01 278866     /var/cache/fontconfig/56cf4f4769d0f4abc89a4895d7bd3ae1-le32d4.cache-6
5bfb8000-5bfb9000 r--s 00000000 08:01 278865     /var/cache/fontconfig/b9d506c9ac06c20b433354fa67a72993-le32d4.cache-6
5bfb9000-5bfbd000 r--s 00000000 08:01 271460     /var/cache/fontconfig/b47c4e1ecd0709278f4910c18777a504-le32d4.cache-6
5bfbd000-5bfcd000 r--s 00000000 08:01 278863     /var/cache/fontconfig/d52a8644073d54c13679302ca1180695-le32d4.cache-6
5bfcd000-5bfce000 r--s 00000000 08:01 271458     /var/cache/fontconfig/370e5b74bf5dafc30834de68e24a87a4-le32d4.cache-6
5bfce000-5bfcf000 r--s 00000000 08:01 271456     /var/cache/fontconfig/6b2c5944714ca7831b25bed9e85cb5c8-le32d4.cache-6
5bfcf000-5bfd1000 r--s 00000000 08:01 271448     /var/cache/fontconfig/f259c2cffa685e28062317905db73c4a-le32d4.cache-6
5bfd1000-5bfd3000 r--s 00000000 08:01 265095     /var/cache/fontconfig/674d1711f2d1d2a09646eb0bdcadee49-le32d4.cache-6
5bfd3000-5bfdc000 r--s 00000000 08:01 271443     /var/cache/fontconfig/d589a48862398ed80a3d6066f4f56f4c-le32d4.cache-6
5bfdc000-5bfe5000 r--s 00000000 08:01 278860     /var/cache/fontconfig/a0513722a37733a9dfd54dccd328039d-le32d4.cache-6
5bfe5000-5bff3000 r--s 00000000 08:01 271388     /var/cache/fontconfig/9b89f8e3dae116d678bbf48e5f21f69b-le32d4.cache-6
5bff3000-5c000000 r--s 00000000 08:01 263376     /var/cache/fontconfig/e13b20fdb08344e0e664864cc2ede53d-le32d4.cache-6
5c000000-5c0fa000 rw-p 00000000 00:00 0 
5c0fa000-5c100000 ---p 00000000 00:00 0 
5c100000-5c102000 r--s 00000000 08:01 271441     /var/cache/fontconfig/099525ddca5eae4f2477b69cf2d7f16d-le32d4.cache-6
5c102000-5c104000 r--s 00000000 08:01 271437     /var/cache/fontconfig/61092ac79d9058a69eda095afa0a78f1-le32d4.cache-6
5c104000-5c106000 r--s 00000000 08:01 271433     /var/cache/fontconfig/a722efc6911bbe16667b1a77497ffd37-le32d4.cache-6
5c106000-5c109000 r--s 00000000 08:01 271421     /var/cache/fontconfig/fac9d1061ce4dddb2143955f84876fd7-le32d4.cache-6
5c109000-5c209000 rw-p 00000000 00:00 0 
5c209000-5c22d000 r--s 0031e000 08:01 1200584    /home/ubuntu/NetBeansProjects/xProjectCAM/dist/run11881851/lib/jogl-all.jar
5c22d000-5c32d000 rw-p 00000000 00:00 0 
5c32d000-5c42d000 rw-p 00000000 00:00 0 
5c42d000-5c430000 ---p 00000000 00:00 0 
5c430000-5c47e000 rw-p 00000000 00:00 0 
5c47e000-5c4fc000 r-xp 00000000 08:01 1311820    /usr/lib/libxProjectCAMLib.so
5c4fc000-5c4fd000 r--p 0007d000 08:01 1311820    /usr/lib/libxProjectCAMLib.so
5c4fd000-5c4ff000 rw-p 0007e000 08:01 1311820    /usr/lib/libxProjectCAMLib.so
5c4ff000-5c500000 rw-p 00000000 00:00 0 
5c500000-5c543000 rw-p 00000000 00:00 0 
5c543000-5c600000 ---p 00000000 00:00 0 
5c600000-5c602000 r--s 00000000 08:01 271429     /var/cache/fontconfig/d63fdd8e0f42559533dd777c334fdfcc-le32d4.cache-6
5c602000-5c605000 ---p 00000000 00:00 0 
5c605000-5c653000 rw-p 00000000 00:00 0 
5c653000-5c656000 ---p 00000000 00:00 0 
5c656000-5c6a4000 rw-p 00000000 00:00 0 
5c6a4000-5c6ce000 r-xp 00000000 08:01 1314141    /usr/lib/i386-linux-gnu/libvorbis.so.0.4.8
5c6ce000-5c6cf000 r--p 00029000 08:01 1314141    /usr/lib/i386-linux-gnu/libvorbis.so.0.4.8
5c6cf000-5c6d0000 rw-p 0002a000 08:01 1314141    /usr/lib/i386-linux-gnu/libvorbis.so.0.4.8
5c6d0000-5c6d9000 r-xp 00000000 08:01 1325645    /usr/lib/i386-linux-gnu/libltdl.so.7.3.1
5c6d9000-5c6da000 ---p 00009000 08:01 1325645    /usr/lib/i386-linux-gnu/libltdl.so.7.3.1
5c6da000-5c6db000 r--p 00009000 08:01 1325645    /usr/lib/i386-linux-gnu/libltdl.so.7.3.1
5c6db000-5c6dc000 rw-p 0000a000 08:01 1325645    /usr/lib/i386-linux-gnu/libltdl.so.7.3.1
5c6dc000-5c6f3000 r-xp 00000000 08:01 1323436    /usr/lib/i386-linux-gnu/libtdb.so.1.3.8
5c6f3000-5c6f4000 r--p 00016000 08:01 1323436    /usr/lib/i386-linux-gnu/libtdb.so.1.3.8
5c6f4000-5c6f5000 rw-p 00017000 08:01 1323436    /usr/lib/i386-linux-gnu/libtdb.so.1.3.8
5c6f5000-5c6fe000 r-xp 00000000 08:01 1314139    /usr/lib/i386-linux-gnu/libvorbisfile.so.3.3.7
5c6fe000-5c6ff000 r--p 00008000 08:01 1314139    /usr/lib/i386-linux-gnu/libvorbisfile.so.3.3.7
5c6ff000-5c700000 rw-p 00009000 08:01 1314139    /usr/lib/i386-linux-gnu/libvorbisfile.so.3.3.7
5c700000-5c7bd000 rw-p 00000000 00:00 0 
5c7bd000-5c800000 ---p 00000000 00:00 0 
5c800000-5c801000 r--s 00000000 08:01 271453     /var/cache/fontconfig/d5178ab6d91b49bf20a416737dcea9e8-le32d4.cache-6
5c801000-5c808000 r-xp 00000000 08:01 1314123    /usr/lib/i386-linux-gnu/libogg.so.0.8.2
5c808000-5c809000 r--p 00006000 08:01 1314123    /usr/lib/i386-linux-gnu/libogg.so.0.8.2
5c809000-5c80a000 rw-p 00007000 08:01 1314123    /usr/lib/i386-linux-gnu/libogg.so.0.8.2
5c80a000-5c81b000 r-xp 00000000 08:01 1323536    /usr/lib/i386-linux-gnu/libcanberra.so.0.2.5
5c81b000-5c81c000 r--p 00010000 08:01 1323536    /usr/lib/i386-linux-gnu/libcanberra.so.0.2.5
5c81c000-5c81d000 rw-p 00011000 08:01 1323536    /usr/lib/i386-linux-gnu/libcanberra.so.0.2.5
5c81d000-5c821000 r-xp 00000000 08:01 1332161    /usr/lib/i386-linux-gnu/libcanberra-gtk.so.0.1.9
5c821000-5c822000 r--p 00003000 08:01 1332161    /usr/lib/i386-linux-gnu/libcanberra-gtk.so.0.1.9
5c822000-5c823000 rw-p 00004000 08:01 1332161    /usr/lib/i386-linux-gnu/libcanberra-gtk.so.0.1.9
5c823000-5c824000 r--s 00000000 08:01 271451     /var/cache/fontconfig/551ecf3b0e8b0bca0f25c0944f561853-le32d4.cache-6
5c824000-5c827000 r--s 00000000 08:01 271396     /var/cache/fontconfig/75114ca45c98e8a441da0ff356701271-le32d4.cache-6
5c827000-5c82f000 r--s 00000000 08:01 271392     /var/cache/fontconfig/83bf95040141907cd45bb53cf7c1c148-le32d4.cache-6
5c82f000-5c833000 r--s 00000000 08:01 263708     /var/cache/fontconfig/7ef2298fde41cc6eeb7af42e48b7d293-le32d4.cache-6
5c833000-5c838000 r-xp 00000000 08:01 1366658    /usr/lib/jvm/java-8-oracle/jre/lib/i386/libjavafx_font_freetype.so
5c838000-5c839000 rw-p 00004000 08:01 1366658    /usr/lib/jvm/java-8-oracle/jre/lib/i386/libjavafx_font_freetype.so
5c839000-5c83f000 r--s 0004f000 08:01 1200583    /home/ubuntu/NetBeansProjects/xProjectCAM/dist/run11881851/lib/gluegen-rt.jar
5c83f000-5c87b000 r-xp 00000000 08:01 1707823    /usr/lib/i386-linux-gnu/gtk-2.0/2.10.0/engines/libmurrine.so
5c87b000-5c87c000 r--p 0003b000 08:01 1707823    /usr/lib/i386-linux-gnu/gtk-2.0/2.10.0/engines/libmurrine.so
5c87c000-5c87d000 rw-p 0003c000 08:01 1707823    /usr/lib/i386-linux-gnu/gtk-2.0/2.10.0/engines/libmurrine.so
5c87d000-5c8a1000 r-xp 00000000 08:01 1366698    /usr/lib/jvm/java-8-oracle/jre/lib/i386/libglass.so
5c8a1000-5c8a3000 rw-p 00024000 08:01 1366698    /usr/lib/jvm/java-8-oracle/jre/lib/i386/libglass.so
5c8a3000-5c8d8000 r-xp 00000000 08:01 1317301    /usr/lib/i386-linux-gnu/libtxc_dxtn_s2tc.so.0.0.0
5c8d8000-5c8d9000 r--p 00034000 08:01 1317301    /usr/lib/i386-linux-gnu/libtxc_dxtn_s2tc.so.0.0.0
5c8d9000-5c8da000 rw-p 00035000 08:01 1317301    /usr/lib/i386-linux-gnu/libtxc_dxtn_s2tc.so.0.0.0
5c8da000-5c8db000 ---p 00000000 00:00 0 
5c8db000-5d0db000 rw-p 00000000 00:00 0 
5d0db000-5d0dc000 ---p 00000000 00:00 0 
5d0dc000-5d8dc000 rw-p 00000000 00:00 0 
5d8dc000-5d8dd000 ---p 00000000 00:00 0 
5d8dd000-5e0dd000 rw-p 00000000 00:00 0 
5e0dd000-5e0de000 ---p 00000000 00:00 0 
5e0de000-5e8de000 rw-p 00000000 00:00 0 
5e8de000-5e8f8000 r-xp 00000000 08:01 543675     /lib/i386-linux-gnu/libbsd.so.0.8.2
5e8f8000-5e8f9000 r--p 00019000 08:01 543675     /lib/i386-linux-gnu/libbsd.so.0.8.2
5e8f9000-5e8fa000 rw-p 0001a000 08:01 543675     /lib/i386-linux-gnu/libbsd.so.0.8.2
5e8fa000-5e91a000 r-xp 00000000 08:01 546403     /lib/i386-linux-gnu/libtinfo.so.5.9
5e91a000-5e91c000 r--p 0001f000 08:01 546403     /lib/i386-linux-gnu/libtinfo.so.5.9
5e91c000-5e91d000 rw-p 00021000 08:01 546403     /lib/i386-linux-gnu/libtinfo.so.5.9
5e91d000-5e94f000 r-xp 00000000 08:01 1314960    /usr/lib/i386-linux-gnu/libedit.so.2.0.53
5e94f000-5e950000 ---p 00032000 08:01 1314960    /usr/lib/i386-linux-gnu/libedit.so.2.0.53
5e950000-5e951000 r--p 00032000 08:01 1314960    /usr/lib/i386-linux-gnu/libedit.so.2.0.53
5e951000-5e952000 rw-p 00033000 08:01 1314960    /usr/lib/i386-linux-gnu/libedit.so.2.0.53
5e952000-5e954000 rw-p 00000000 00:00 0 
5e954000-61a0c000 r-xp 00000000 08:01 1318039    /usr/lib/i386-linux-gnu/libLLVM-4.0.so.1
61a0c000-61c3a000 r--p 030b7000 08:01 1318039    /usr/lib/i386-linux-gnu/libLLVM-4.0.so.1
61c3a000-61c3e000 rw-p 032e5000 08:01 1318039    /usr/lib/i386-linux-gnu/libLLVM-4.0.so.1
61c3e000-61c72000 rw-p 00000000 00:00 0 
61c72000-61c8c000 r-xp 00000000 08:01 1314958    /usr/lib/i386-linux-gnu/libelf-0.165.so
61c8c000-61c8d000 r--p 00019000 08:01 1314958    /usr/lib/i386-linux-gnu/libelf-0.165.so
61c8d000-61c8e000 rw-p 0001a000 08:01 1314958    /usr/lib/i386-linux-gnu/libelf-0.165.so
61c8e000-61c98000 r-xp 00000000 08:01 1314963    /usr/lib/i386-linux-gnu/libdrm_amdgpu.so.1.0.0
61c98000-61c99000 r--p 00009000 08:01 1314963    /usr/lib/i386-linux-gnu/libdrm_amdgpu.so.1.0.0
61c99000-61c9a000 rw-p 0000a000 08:01 1314963    /usr/lib/i386-linux-gnu/libdrm_amdgpu.so.1.0.0
61c9a000-61ca6000 r-xp 00000000 08:01 1317266    /usr/lib/i386-linux-gnu/libdrm_radeon.so.1.0.1
61ca6000-61ca7000 r--p 0000b000 08:01 1317266    /usr/lib/i386-linux-gnu/libdrm_radeon.so.1.0.1
61ca7000-61ca8000 rw-p 0000c000 08:01 1317266    /usr/lib/i386-linux-gnu/libdrm_radeon.so.1.0.1
61ca8000-61cb0000 r-xp 00000000 08:01 1345630    /usr/lib/i386-linux-gnu/libdrm_nouveau.so.2.0.0
61cb0000-61cb1000 r--p 00007000 08:01 1345630    /usr/lib/i386-linux-gnu/libdrm_nouveau.so.2.0.0
61cb1000-61cb2000 rw-p 00008000 08:01 1345630    /usr/lib/i386-linux-gnu/libdrm_nouveau.so.2.0.0
61cb2000-61cc0000 r-xp 00000000 08:01 1318873    /usr/lib/i386-linux-gnu/libsensors.so.4.4.0
61cc0000-61cc1000 r--p 0000d000 08:01 1318873    /usr/lib/i386-linux-gnu/libsensors.so.4.4.0
61cc1000-61cc2000 rw-p 0000e000 08:01 1318873    /usr/lib/i386-linux-gnu/libsensors.so.4.4.0
61cc2000-62733000 r-xp 00000000 08:01 1347980    /usr/lib/i386-linux-gnu/dri/swrast_dri.so
62733000-62734000 ---p 00a71000 08:01 1347980    /usr/lib/i386-linux-gnu/dri/swrast_dri.so
62734000-62759000 r--p 00a71000 08:01 1347980    /usr/lib/i386-linux-gnu/dri/swrast_dri.so
62759000-62762000 rw-p 00a96000 08:01 1347980    /usr/lib/i386-linux-gnu/dri/swrast_dri.so
62762000-62957000 rw-p 00000000 00:00 0 
62957000-6295e000 r-xp 00000000 08:01 1319001    /usr/lib/i386-linux-gnu/libdatrie.so.1.3.3
6295e000-6295f000 ---p 00007000 08:01 1319001    /usr/lib/i386-linux-gnu/libdatrie.so.1.3.3
6295f000-62960000 r--p 00007000 08:01 1319001    /usr/lib/i386-linux-gnu/libdatrie.so.1.3.3
62960000-62961000 rw-p 00008000 08:01 1319001    /usr/lib/i386-linux-gnu/libdatrie.so.1.3.3
62961000-62966000 r-xp 00000000 08:01 1314596    /usr/lib/i386-linux-gnu/libXdmcp.so.6.0.0
62966000-62967000 r--p 00004000 08:01 1314596    /usr/lib/i386-linux-gnu/libXdmcp.so.6.0.0
62967000-62968000 rw-p 00005000 08:01 1314596    /usr/lib/i386-linux-gnu/libXdmcp.so.6.0.0
62968000-6296a000 r-xp 00000000 08:01 1314590    /usr/lib/i386-linux-gnu/libXau.so.6.0.0
6296a000-6296b000 r--p 00001000 08:01 1314590    /usr/lib/i386-linux-gnu/libXau.so.6.0.0
6296b000-6296c000 rw-p 00002000 08:01 1314590    /usr/lib/i386-linux-gnu/libXau.so.6.0.0
6296c000-62991000 r-xp 00000000 08:01 1313463    /usr/lib/i386-linux-gnu/libgraphite2.so.3.0.1
62991000-62992000 ---p 00025000 08:01 1313463    /usr/lib/i386-linux-gnu/libgraphite2.so.3.0.1
62992000-62993000 r--p 00025000 08:01 1313463    /usr/lib/i386-linux-gnu/libgraphite2.so.3.0.1
62993000-62994000 rw-p 00026000 08:01 1313463    /usr/lib/i386-linux-gnu/libgraphite2.so.3.0.1
62994000-629a5000 r-xp 00000000 08:01 1345646    /usr/lib/i386-linux-gnu/libdrm.so.2.4.0
629a5000-629a6000 r--p 00010000 08:01 1345646    /usr/lib/i386-linux-gnu/libdrm.so.2.4.0
629a6000-629a7000 rw-p 00011000 08:01 1345646    /usr/lib/i386-linux-gnu/libdrm.so.2.4.0
629a7000-629ab000 r-xp 00000000 08:01 1313583    /usr/lib/i386-linux-gnu/libxcb-dri2.so.0.0.0
629ab000-629ac000 r--p 00003000 08:01 1313583    /usr/lib/i386-linux-gnu/libxcb-dri2.so.0.0.0
629ac000-629ad000 rw-p 00004000 08:01 1313583    /usr/lib/i386-linux-gnu/libxcb-dri2.so.0.0.0
629ad000-629c5000 r-xp 00000000 08:01 1315203    /usr/lib/i386-linux-gnu/libxcb-glx.so.0.0.0
629c5000-629c6000 ---p 00018000 08:01 1315203    /usr/lib/i386-linux-gnu/libxcb-glx.so.0.0.0
629c6000-629c7000 r--p 00018000 08:01 1315203    /usr/lib/i386-linux-gnu/libxcb-glx.so.0.0.0
629c7000-629c8000 rw-p 00019000 08:01 1315203    /usr/lib/i386-linux-gnu/libxcb-glx.so.0.0.0
629c8000-629c9000 r-xp 00000000 08:01 1317255    /usr/lib/i386-linux-gnu/libX11-xcb.so.1.0.0
629c9000-629ca000 r--p 00000000 08:01 1317255    /usr/lib/i386-linux-gnu/libX11-xcb.so.1.0.0
629ca000-629cb000 rw-p 00001000 08:01 1317255    /usr/lib/i386-linux-gnu/libX11-xcb.so.1.0.0
629cb000-629de000 r-xp 00000000 08:01 1325890    /usr/lib/i386-linux-gnu/libglapi.so.0.0.0
629de000-629df000 ---p 00013000 08:01 1325890    /usr/lib/i386-linux-gnu/libglapi.so.0.0.0
629df000-629e1000 r--p 00013000 08:01 1325890    /usr/lib/i386-linux-gnu/libglapi.so.0.0.0
629e1000-629e7000 rwxp 00015000 08:01 1325890    /usr/lib/i386-linux-gnu/libglapi.so.0.0.0
629e7000-629e8000 r-xp 00000000 08:01 1313660    /usr/lib/i386-linux-gnu/libxshmfence.so.1.0.0
629e8000-629e9000 r--p 00000000 08:01 1313660    /usr/lib/i386-linux-gnu/libxshmfence.so.1.0.0
629e9000-629ea000 rw-p 00001000 08:01 1313660    /usr/lib/i386-linux-gnu/libxshmfence.so.1.0.0
629ea000-629ef000 r-xp 00000000 08:01 1323038    /usr/lib/i386-linux-gnu/libxcb-sync.so.1.0.0
629ef000-629f0000 ---p 00005000 08:01 1323038    /usr/lib/i386-linux-gnu/libxcb-sync.so.1.0.0
629f0000-629f1000 r--p 00005000 08:01 1323038    /usr/lib/i386-linux-gnu/libxcb-sync.so.1.0.0
629f1000-629f2000 rw-p 00006000 08:01 1323038    /usr/lib/i386-linux-gnu/libxcb-sync.so.1.0.0
629f2000-629f4000 r-xp 00000000 08:01 1315005    /usr/lib/i386-linux-gnu/libxcb-present.so.0.0.0
629f4000-629f5000 r--p 00001000 08:01 1315005    /usr/lib/i386-linux-gnu/libxcb-present.so.0.0.0
629f5000-629f6000 rw-p 00002000 08:01 1315005    /usr/lib/i386-linux-gnu/libxcb-present.so.0.0.0
629f6000-62a69000 r-xp 00000000 08:01 549519     /lib/i386-linux-gnu/libpcre.so.3.13.2
62a69000-62a6a000 r--p 00072000 08:01 549519     /lib/i386-linux-gnu/libpcre.so.3.13.2
62a6a000-62a6b000 rw-p 00073000 08:01 549519     /lib/i386-linux-gnu/libpcre.so.3.13.2
62a6b000-62a72000 r-xp 00000000 08:01 1311491    /usr/lib/i386-linux-gnu/libffi.so.6.0.4
62a72000-62a73000 r--p 00006000 08:01 1311491    /usr/lib/i386-linux-gnu/libffi.so.6.0.4
62a73000-62a74000 rw-p 00007000 08:01 1311491    /usr/lib/i386-linux-gnu/libffi.so.6.0.4
62a74000-62a9a000 r-xp 00000000 08:01 524515     /lib/i386-linux-gnu/libexpat.so.1.6.0
62a9a000-62a9b000 ---p 00026000 08:01 524515     /lib/i386-linux-gnu/libexpat.so.1.6.0
62a9b000-62a9d000 r--p 00026000 08:01 524515     /lib/i386-linux-gnu/libexpat.so.1.6.0
62a9d000-62a9e000 rw-p 00028000 08:01 524515     /lib/i386-linux-gnu/libexpat.so.1.6.0
62a9e000-62aa7000 r-xp 00000000 08:01 1319005    /usr/lib/i386-linux-gnu/libthai.so.0.2.4
62aa7000-62aa8000 r--p 00008000 08:01 1319005    /usr/lib/i386-linux-gnu/libthai.so.0.2.4
62aa8000-62aa9000 rw-p 00009000 08:01 1319005    /usr/lib/i386-linux-gnu/libthai.so.0.2.4
62aa9000-62acd000 r-xp 00000000 08:01 1314593    /usr/lib/i386-linux-gnu/libxcb.so.1.1.0
62acd000-62ace000 r--p 00023000 08:01 1314593    /usr/lib/i386-linux-gnu/libxcb.so.1.1.0
62ace000-62acf000 rw-p 00024000 08:01 1314593    /usr/lib/i386-linux-gnu/libxcb.so.1.1.0
62acf000-62af8000 r-xp 00000000 08:01 549610     /lib/i386-linux-gnu/libpng12.so.0.54.0
62af8000-62af9000 r--p 00028000 08:01 549610     /lib/i386-linux-gnu/libpng12.so.0.54.0
62af9000-62afa000 rw-p 00029000 08:01 549610     /lib/i386-linux-gnu/libpng12.so.0.54.0
62afa000-62ba3000 r-xp 00000000 08:01 1312402    /usr/lib/i386-linux-gnu/libpixman-1.so.0.33.6
62ba3000-62ba9000 r--p 000a8000 08:01 1312402    /usr/lib/i386-linux-gnu/libpixman-1.so.0.33.6
62ba9000-62baa000 rw-p 000ae000 08:01 1312402    /usr/lib/i386-linux-gnu/libpixman-1.so.0.33.6
62baa000-62c0c000 r-xp 00000000 08:01 1319111    /usr/lib/i386-linux-gnu/libharfbuzz.so.0.10000.1
62c0c000-62c0d000 r--p 00061000 08:01 1319111    /usr/lib/i386-linux-gnu/libharfbuzz.so.0.10000.1
62c0d000-62c0e000 rw-p 00062000 08:01 1319111    /usr/lib/i386-linux-gnu/libharfbuzz.so.0.10000.1
62c0e000-62c22000 r-xp 00000000 08:01 547953     /lib/i386-linux-gnu/libresolv-2.23.so
62c22000-62c23000 ---p 00014000 08:01 547953     /lib/i386-linux-gnu/libresolv-2.23.so
62c23000-62c24000 r--p 00014000 08:01 547953     /lib/i386-linux-gnu/libresolv-2.23.so
62c24000-62c25000 rw-p 00015000 08:01 547953     /lib/i386-linux-gnu/libresolv-2.23.so
62c25000-62c27000 rw-p 00000000 00:00 0 
62c27000-62c49000 r-xp 00000000 08:01 546459     /lib/i386-linux-gnu/libselinux.so.1
62c49000-62c4a000 ---p 00022000 08:01 546459     /lib/i386-linux-gnu/libselinux.so.1
62c4a000-62c4b000 r--p 00022000 08:01 546459     /lib/i386-linux-gnu/libselinux.so.1
62c4b000-62c4c000 rw-p 00023000 08:01 546459     /lib/i386-linux-gnu/libselinux.so.1
62c4c000-62c4d000 rw-p 00000000 00:00 0 
62c4d000-62dba000 r-xp 00000000 08:01 1318002    /usr/lib/i386-linux-gnu/libstdc++.so.6.0.21
62dba000-62dbb000 ---p 0016d000 08:01 1318002    /usr/lib/i386-linux-gnu/libstdc++.so.6.0.21
62dbb000-62dc0000 r--p 0016d000 08:01 1318002    /usr/lib/i386-linux-gnu/libstdc++.so.6.0.21
62dc0000-62dc1000 rw-p 00172000 08:01 1318002    /usr/lib/i386-linux-gnu/libstdc++.so.6.0.21
62dc1000-62dc4000 rw-p 00000000 00:00 0 
62dc4000-62e2c000 r-xp 00000000 08:01 1315318    /usr/lib/i386-linux-gnu/mesa/libGL.so.1.2.0
62e2c000-62e2d000 ---p 00068000 08:01 1315318    /usr/lib/i386-linux-gnu/mesa/libGL.so.1.2.0
62e2d000-62e2f000 r--p 00068000 08:01 1315318    /usr/lib/i386-linux-gnu/mesa/libGL.so.1.2.0
62e2f000-62e34000 rwxp 0006a000 08:01 1315318    /usr/lib/i386-linux-gnu/mesa/libGL.so.1.2.0
62e34000-62f7a000 r-xp 00000000 08:01 1314934    /usr/lib/i386-linux-gnu/libX11.so.6.3.0
62f7a000-62f7b000 ---p 00146000 08:01 1314934    /usr/lib/i386-linux-gnu/libX11.so.6.3.0
62f7b000-62f7c000 r--p 00146000 08:01 1314934    /usr/lib/i386-linux-gnu/libX11.so.6.3.0
62f7c000-62f7e000 rw-p 00147000 08:01 1314934    /usr/lib/i386-linux-gnu/libX11.so.6.3.0
62f7e000-62f7f000 rw-p 00000000 00:00 0 
62f7f000-630a6000 r-xp 00000000 08:01 546543     /lib/i386-linux-gnu/libglib-2.0.so.0.4800.2
630a6000-630a7000 r--p 00126000 08:01 546543     /lib/i386-linux-gnu/libglib-2.0.so.0.4800.2
630a7000-630a8000 rw-p 00127000 08:01 546543     /lib/i386-linux-gnu/libglib-2.0.so.0.4800.2
630a8000-63104000 r-xp 00000000 08:01 1317844    /usr/lib/i386-linux-gnu/libgobject-2.0.so.0.4800.2
63104000-63105000 ---p 0005c000 08:01 1317844    /usr/lib/i386-linux-gnu/libgobject-2.0.so.0.4800.2
63105000-63106000 r--p 0005c000 08:01 1317844    /usr/lib/i386-linux-gnu/libgobject-2.0.so.0.4800.2
63106000-63107000 rw-p 0005d000 08:01 1317844    /usr/lib/i386-linux-gnu/libgobject-2.0.so.0.4800.2
63107000-63149000 r-xp 00000000 08:01 1317809    /usr/lib/i386-linux-gnu/libfontconfig.so.1.9.0
63149000-6314a000 ---p 00042000 08:01 1317809    /usr/lib/i386-linux-gnu/libfontconfig.so.1.9.0
6314a000-6314b000 r--p 00042000 08:01 1317809    /usr/lib/i386-linux-gnu/libfontconfig.so.1.9.0
6314b000-63150000 rw-p 00043000 08:01 1317809    /usr/lib/i386-linux-gnu/libfontconfig.so.1.9.0
63150000-631fb000 r-xp 00000000 08:01 1315068    /usr/lib/i386-linux-gnu/libfreetype.so.6.12.1
631fb000-631ff000 r--p 000aa000 08:01 1315068    /usr/lib/i386-linux-gnu/libfreetype.so.6.12.1
631ff000-63200000 rw-p 000ae000 08:01 1315068    /usr/lib/i386-linux-gnu/libfreetype.so.6.12.1
63200000-6333d000 r-xp 00000000 08:01 1318053    /usr/lib/i386-linux-gnu/libcairo.so.2.11400.6
6333d000-6333f000 r--p 0013c000 08:01 1318053    /usr/lib/i386-linux-gnu/libcairo.so.2.11400.6
6333f000-63340000 rw-p 0013e000 08:01 1318053    /usr/lib/i386-linux-gnu/libcairo.so.2.11400.6
63340000-63341000 rw-p 00000000 00:00 0 
63341000-63505000 r-xp 00000000 08:01 1317845    /usr/lib/i386-linux-gnu/libgio-2.0.so.0.4800.2
63505000-63506000 ---p 001c4000 08:01 1317845    /usr/lib/i386-linux-gnu/libgio-2.0.so.0.4800.2
63506000-63508000 r--p 001c4000 08:01 1317845    /usr/lib/i386-linux-gnu/libgio-2.0.so.0.4800.2
63508000-63509000 rw-p 001c6000 08:01 1317845    /usr/lib/i386-linux-gnu/libgio-2.0.so.0.4800.2
63509000-6350a000 rw-p 00000000 00:00 0 
6350a000-639f7000 r-xp 00000000 08:01 1325455    /usr/lib/i386-linux-gnu/libgtk-x11-2.0.so.0.2400.30
639f7000-639f8000 ---p 004ed000 08:01 1325455    /usr/lib/i386-linux-gnu/libgtk-x11-2.0.so.0.2400.30
639f8000-639fc000 r--p 004ed000 08:01 1325455    /usr/lib/i386-linux-gnu/libgtk-x11-2.0.so.0.2400.30
639fc000-639fe000 rw-p 004f1000 08:01 1325455    /usr/lib/i386-linux-gnu/libgtk-x11-2.0.so.0.2400.30
639fe000-63a00000 rw-p 00000000 00:00 0 
63a00000-63b00000 rw-p 00000000 00:00 0 
63b00000-63b01000 r--s 00000000 08:01 271446     /var/cache/fontconfig/550f3886151c940c12a5ed35f6a00586-le32d4.cache-6
63b01000-63b03000 r-xp 00000000 08:01 1313615    /usr/lib/i386-linux-gnu/libxcb-dri3.so.0.0.0
63b03000-63b04000 r--p 00001000 08:01 1313615    /usr/lib/i386-linux-gnu/libxcb-dri3.so.0.0.0
63b04000-63b05000 rw-p 00002000 08:01 1313615    /usr/lib/i386-linux-gnu/libxcb-dri3.so.0.0.0
63b05000-63b0e000 r-xp 00000000 08:01 1314599    /usr/lib/i386-linux-gnu/libxcb-render.so.0.0.0
63b0e000-63b0f000 r--p 00008000 08:01 1314599    /usr/lib/i386-linux-gnu/libxcb-render.so.0.0.0
63b0f000-63b10000 rw-p 00009000 08:01 1314599    /usr/lib/i386-linux-gnu/libxcb-render.so.0.0.0
63b10000-63b29000 r-xp 00000000 08:01 524338     /lib/i386-linux-gnu/libz.so.1.2.8
63b29000-63b2a000 r--p 00018000 08:01 524338     /lib/i386-linux-gnu/libz.so.1.2.8
63b2a000-63b2b000 rw-p 00019000 08:01 524338     /lib/i386-linux-gnu/libz.so.1.2.8
63b2b000-63b3e000 r-xp 00000000 08:01 1314940    /usr/lib/i386-linux-gnu/libXext.so.6.4.0
63b3e000-63b3f000 r--p 00012000 08:01 1314940    /usr/lib/i386-linux-gnu/libXext.so.6.4.0
63b3f000-63b40000 rw-p 00013000 08:01 1314940    /usr/lib/i386-linux-gnu/libXext.so.6.4.0
63b40000-63bfd000 r-xp 00000000 08:01 1325452    /usr/lib/i386-linux-gnu/libgdk-x11-2.0.so.0.2400.30
63bfd000-63bff000 r--p 000bc000 08:01 1325452    /usr/lib/i386-linux-gnu/libgdk-x11-2.0.so.0.2400.30
63bff000-63c00000 rw-p 000be000 08:01 1325452    /usr/lib/i386-linux-gnu/libgdk-x11-2.0.so.0.2400.30
63c00000-63cfe000 rw-p 00000000 00:00 0 
63cfe000-63d00000 ---p 00000000 00:00 0 
63d00000-63d01000 r--s 00000000 08:01 271425     /var/cache/fontconfig/30829fa25452a46451e813d634d7f916-le32d4.cache-6
63d01000-63d03000 r-xp 00000000 08:01 1314938    /usr/lib/i386-linux-gnu/libxcb-shm.so.0.0.0
63d03000-63d04000 r--p 00001000 08:01 1314938    /usr/lib/i386-linux-gnu/libxcb-shm.so.0.0.0
63d04000-63d05000 rw-p 00002000 08:01 1314938    /usr/lib/i386-linux-gnu/libxcb-shm.so.0.0.0
63d05000-63d0e000 r-xp 00000000 08:01 1317279    /usr/lib/i386-linux-gnu/libXcursor.so.1.0.2
63d0e000-63d0f000 r--p 00008000 08:01 1317279    /usr/lib/i386-linux-gnu/libXcursor.so.1.0.2
63d0f000-63d10000 rw-p 00009000 08:01 1317279    /usr/lib/i386-linux-gnu/libXcursor.so.1.0.2
63d10000-63d21000 r-xp 00000000 08:01 1317424    /usr/lib/i386-linux-gnu/libXi.so.6.1.0
63d21000-63d22000 r--p 00010000 08:01 1317424    /usr/lib/i386-linux-gnu/libXi.so.6.1.0
63d22000-63d23000 rw-p 00011000 08:01 1317424    /usr/lib/i386-linux-gnu/libXi.so.6.1.0
63d23000-63d71000 r-xp 00000000 08:01 1319103    /usr/lib/i386-linux-gnu/libpango-1.0.so.0.3800.1
63d71000-63d72000 ---p 0004e000 08:01 1319103    /usr/lib/i386-linux-gnu/libpango-1.0.so.0.3800.1
63d72000-63d73000 r--p 0004e000 08:01 1319103    /usr/lib/i386-linux-gnu/libpango-1.0.so.0.3800.1
63d73000-63d74000 rw-p 0004f000 08:01 1319103    /usr/lib/i386-linux-gnu/libpango-1.0.so.0.3800.1
63d74000-63d77000 ---p 00000000 00:00 0 
63d77000-63dc5000 rw-p 00000000 00:00 0 
63dc5000-63e5a000 r--s 01110000 08:01 1366606    /usr/lib/jvm/java-8-oracle/jre/lib/ext/jfxrt.jar
63e5a000-63e5b000 ---p 00000000 00:00 0 
63e5b000-63edb000 rw-p 00000000 00:00 0 
63edb000-63ede000 ---p 00000000 00:00 0 
63ede000-63f2c000 rw-p 00000000 00:00 0 
63f2c000-63f2f000 ---p 00000000 00:00 0 
63f2f000-63fad000 rw-p 00000000 00:00 0 
63fad000-63fb0000 ---p 00000000 00:00 0 
63fb0000-6402e000 rw-p 00000000 00:00 0 
6402e000-64031000 ---p 00000000 00:00 0 
64031000-640af000 rw-p 00000000 00:00 0 
640af000-640b2000 ---p 00000000 00:00 0 
640b2000-64100000 rw-p 00000000 00:00 0 
64100000-64121000 rw-p 00000000 00:00 0 
64121000-64200000 ---p 00000000 00:00 0 
64200000-6420b000 r-xp 00000000 08:01 1324240    /usr/lib/i386-linux-gnu/libXrandr.so.2.2.0
6420b000-6420c000 r--p 0000a000 08:01 1324240    /usr/lib/i386-linux-gnu/libXrandr.so.2.2.0
6420c000-6420d000 rw-p 0000b000 08:01 1324240    /usr/lib/i386-linux-gnu/libXrandr.so.2.2.0
6420d000-64210000 ---p 00000000 00:00 0 
64210000-6425e000 rw-p 00000000 00:00 0 
6425e000-64261000 ---p 00000000 00:00 0 
64261000-642af000 rw-p 00000000 00:00 0 
642af000-642b2000 ---p 00000000 00:00 0 
642b2000-64300000 rw-p 00000000 00:00 0 
64300000-643fe000 rw-p 00000000 00:00 0 
643fe000-64400000 ---p 00000000 00:00 0 
64400000-64401000 r--s 00000000 08:01 271416     /var/cache/fontconfig/0c9eb80ebd1c36541ebe2852d3bb0c49-le32d4.cache-6
64401000-64403000 r-xp 00000000 08:01 1313623    /usr/lib/i386-linux-gnu/libXdamage.so.1.1.0
64403000-64404000 r--p 00001000 08:01 1313623    /usr/lib/i386-linux-gnu/libXdamage.so.1.1.0
64404000-64405000 rw-p 00002000 08:01 1313623    /usr/lib/i386-linux-gnu/libXdamage.so.1.1.0
64405000-6440f000 r-xp 00000000 08:01 1314605    /usr/lib/i386-linux-gnu/libXrender.so.1.3.0
6440f000-64410000 r--p 00009000 08:01 1314605    /usr/lib/i386-linux-gnu/libXrender.so.1.3.0
64410000-64411000 rw-p 0000a000 08:01 1314605    /usr/lib/i386-linux-gnu/libXrender.so.1.3.0
64411000-6442d000 r-xp 00000000 08:01 549621     /lib/i386-linux-gnu/libgcc_s.so.1
6442d000-6442e000 rw-p 0001b000 08:01 549621     /lib/i386-linux-gnu/libgcc_s.so.1
6442e000-64431000 ---p 00000000 00:00 0 
64431000-6447f000 rw-p 00000000 00:00 0 
6447f000-64480000 ---p 00000000 00:00 0 
64480000-64500000 rw-p 00000000 00:00 0 
64500000-645f5000 rw-p 00000000 00:00 0 
645f5000-64600000 ---p 00000000 00:00 0 
64600000-64602000 r-xp 00000000 08:01 1319141    /usr/lib/i386-linux-gnu/libXcomposite.so.1.0.0
64602000-64603000 r--p 00001000 08:01 1319141    /usr/lib/i386-linux-gnu/libXcomposite.so.1.0.0
64603000-64604000 rw-p 00002000 08:01 1319141    /usr/lib/i386-linux-gnu/libXcomposite.so.1.0.0
64604000-64606000 r-xp 00000000 08:01 1317285    /usr/lib/i386-linux-gnu/libXinerama.so.1.0.0
64606000-64607000 r--p 00001000 08:01 1317285    /usr/lib/i386-linux-gnu/libXinerama.so.1.0.0
64607000-64608000 rw-p 00002000 08:01 1317285    /usr/lib/i386-linux-gnu/libXinerama.so.1.0.0
64608000-6460d000 r-xp 00000000 08:01 1317362    /usr/lib/i386-linux-gnu/libXfixes.so.3.1.0
6460d000-6460e000 r--p 00004000 08:01 1317362    /usr/lib/i386-linux-gnu/libXfixes.so.3.1.0
6460e000-6460f000 rw-p 00005000 08:01 1317362    /usr/lib/i386-linux-gnu/libXfixes.so.3.1.0
6460f000-6461b000 r-xp 00000000 08:01 1319107    /usr/lib/i386-linux-gnu/libpangocairo-1.0.so.0.3800.1
6461b000-6461c000 r--p 0000b000 08:01 1319107    /usr/lib/i386-linux-gnu/libpangocairo-1.0.so.0.3800.1
6461c000-6461d000 rw-p 0000c000 08:01 1319107    /usr/lib/i386-linux-gnu/libpangocairo-1.0.so.0.3800.1
6461d000-64644000 r-xp 00000000 08:01 1331938    /usr/lib/i386-linux-gnu/libgdk_pixbuf-2.0.so.0.3200.2
64644000-64645000 r--p 00026000 08:01 1331938    /usr/lib/i386-linux-gnu/libgdk_pixbuf-2.0.so.0.3200.2
64645000-64646000 rw-p 00027000 08:01 1331938    /usr/lib/i386-linux-gnu/libgdk_pixbuf-2.0.so.0.3200.2
64646000-64820000 r--s 03d4d000 08:01 1366594    /usr/lib/jvm/java-8-oracle/jre/lib/rt.jar
64820000-64c66000 rw-p 00000000 00:00 0 
64c66000-64c6c000 ---p 00000000 00:00 0 
64c6c000-67000000 rw-p 00000000 00:00 0 
67000000-670ea000 rw-p 00000000 00:00 0 
670ea000-67100000 ---p 00000000 00:00 0 
67100000-67105000 r-xp 00000000 08:01 1317290    /usr/lib/i386-linux-gnu/libXxf86vm.so.1.0.0
67105000-67106000 r--p 00004000 08:01 1317290    /usr/lib/i386-linux-gnu/libXxf86vm.so.1.0.0
67106000-67107000 rw-p 00005000 08:01 1317290    /usr/lib/i386-linux-gnu/libXxf86vm.so.1.0.0
67107000-6712b000 r-xp 00000000 08:01 1318049    /usr/lib/i386-linux-gnu/libatk-1.0.so.0.21809.1
6712b000-6712d000 r--p 00023000 08:01 1318049    /usr/lib/i386-linux-gnu/libatk-1.0.so.0.21809.1
6712d000-6712e000 rw-p 00025000 08:01 1318049    /usr/lib/i386-linux-gnu/libatk-1.0.so.0.21809.1
6712e000-67131000 ---p 00000000 00:00 0 
67131000-6717f000 rw-p 00000000 00:00 0 
6717f000-67180000 ---p 00000000 00:00 0 
67180000-67200000 rw-p 00000000 00:00 0 
67200000-67300000 rw-p 00000000 00:00 0 
67300000-673fa000 rw-p 00000000 00:00 0 
673fa000-67400000 ---p 00000000 00:00 0 
67400000-67401000 r--s 00000000 08:01 271412     /var/cache/fontconfig/22368d551a680bfe5a62c02760edf4ea-le32d4.cache-6
67401000-67402000 r--s 00000000 08:01 271408     /var/cache/fontconfig/4d9c95eba1cb85bbcf2878543262124a-le32d4.cache-6
67402000-67407000 r-xp 00000000 08:01 1317291    /usr/lib/i386-linux-gnu/libXtst.so.6.1.0
67407000-67408000 r--p 00004000 08:01 1317291    /usr/lib/i386-linux-gnu/libXtst.so.6.1.0
67408000-67409000 rw-p 00005000 08:01 1317291    /usr/lib/i386-linux-gnu/libXtst.so.6.1.0
67409000-6740a000 r-xp 00000000 08:01 1317843    /usr/lib/i386-linux-gnu/libgthread-2.0.so.0.4800.2
6740a000-6740b000 r--p 00000000 08:01 1317843    /usr/lib/i386-linux-gnu/libgthread-2.0.so.0.4800.2
6740b000-6740c000 rw-p 00001000 08:01 1317843    /usr/lib/i386-linux-gnu/libgthread-2.0.so.0.4800.2
6740c000-67422000 r-xp 00000000 08:01 1319127    /usr/lib/i386-linux-gnu/libpangoft2-1.0.so.0.3800.1
67422000-67423000 r--p 00015000 08:01 1319127    /usr/lib/i386-linux-gnu/libpangoft2-1.0.so.0.3800.1
67423000-67424000 rw-p 00016000 08:01 1319127    /usr/lib/i386-linux-gnu/libpangoft2-1.0.so.0.3800.1
67424000-6747f000 rw-p 00000000 00:00 0 
6747f000-67480000 ---p 00000000 00:00 0 
67480000-67500000 rw-p 00000000 00:00 0 
67500000-675ff000 rw-p 00000000 00:00 0 
675ff000-67600000 ---p 00000000 00:00 0 
67600000-67601000 r--s 00000000 08:01 278853     /var/cache/fontconfig/85e0a52ce643a7ba2ae53e5d6949cead-le32d4.cache-6
67601000-67604000 r-xp 00000000 08:01 1317842    /usr/lib/i386-linux-gnu/libgmodule-2.0.so.0.4800.2
67604000-67605000 r--p 00002000 08:01 1317842    /usr/lib/i386-linux-gnu/libgmodule-2.0.so.0.4800.2
67605000-67606000 rw-p 00003000 08:01 1317842    /usr/lib/i386-linux-gnu/libgmodule-2.0.so.0.4800.2
67606000-67607000 r--s 00000000 08:01 271404     /var/cache/fontconfig/49f0de54bdd920fe4f0dfd4cbac43e6b-le32d4.cache-6
67607000-6760a000 r-xp 00000000 08:01 1366700    /usr/lib/jvm/java-8-oracle/jre/lib/i386/libjavafx_font.so
6760a000-6760b000 rw-p 00002000 08:01 1366700    /usr/lib/jvm/java-8-oracle/jre/lib/i386/libjavafx_font.so
6760b000-67610000 r-xp 00000000 08:01 262374     /usr/lib/i386-linux-gnu/gtk-2.0/modules/libcanberra-gtk-module.so
67610000-67611000 r--p 00004000 08:01 262374     /usr/lib/i386-linux-gnu/gtk-2.0/modules/libcanberra-gtk-module.so
67611000-67612000 rw-p 00005000 08:01 262374     /usr/lib/i386-linux-gnu/gtk-2.0/modules/libcanberra-gtk-module.so
67612000-67621000 r-xp 00000000 08:01 1366656    /usr/lib/jvm/java-8-oracle/jre/lib/i386/libprism_sw.so
67621000-67622000 rw-p 0000f000 08:01 1366656    /usr/lib/jvm/java-8-oracle/jre/lib/i386/libprism_sw.so
67622000-6762d000 r-xp 00000000 08:01 1366645    /usr/lib/jvm/java-8-oracle/jre/lib/i386/libprism_es2.so
6762d000-6762e000 rw-p 0000a000 08:01 1366645    /usr/lib/jvm/java-8-oracle/jre/lib/i386/libprism_es2.so
6762e000-67631000 r-xp 00000000 08:01 1366678    /usr/lib/jvm/java-8-oracle/jre/lib/i386/libdt_socket.so
67631000-67632000 rw-p 00003000 08:01 1366678    /usr/lib/jvm/java-8-oracle/jre/lib/i386/libdt_socket.so
67632000-67633000 ---p 00000000 00:00 0 
67633000-676c9000 rw-p 00000000 00:00 0 
676c9000-67805000 ---p 00000000 00:00 0 
67805000-6781b000 rw-p 00000000 00:00 0 
6781b000-67956000 ---p 00000000 00:00 0 
67956000-6796a000 rw-p 00000000 00:00 0 
6796a000-679ff000 ---p 00000000 00:00 0 
679ff000-6a4c0000 rw-p 00000000 00:00 0 
6a4c0000-91cc0000 ---p 00000000 00:00 0 
91cc0000-94240000 rw-p 00000000 00:00 0 
94240000-a6e00000 ---p 00000000 00:00 0 
a6e00000-a6e01000 r--s 00000000 08:01 265025     /var/cache/fontconfig/f6e6e0a5c3d2f6ae0c0c2e0ecd42a997-le32d4.cache-6
a6e01000-a6e68000 rw-p 00000000 00:00 0 
a6e68000-a6e69000 ---p 00000000 00:00 0 
a6e69000-a6ef4000 rw-p 00000000 00:00 0 
a6ef4000-a72a9000 ---p 00000000 00:00 0 
a72a9000-a7561000 rwxp 00000000 00:00 0 
a7561000-b62a9000 ---p 00000000 00:00 0 
b62a9000-b62b4000 r-xp 00000000 08:01 529614     /lib/i386-linux-gnu/libnss_files-2.23.so
b62b4000-b62b5000 r--p 0000a000 08:01 529614     /lib/i386-linux-gnu/libnss_files-2.23.so
b62b5000-b62b6000 rw-p 0000b000 08:01 529614     /lib/i386-linux-gnu/libnss_files-2.23.so
b62b6000-b62bc000 rw-p 00000000 00:00 0 
b62bc000-b62c7000 r-xp 00000000 08:01 547027     /lib/i386-linux-gnu/libnss_nis-2.23.so
b62c7000-b62c8000 r--p 0000a000 08:01 547027     /lib/i386-linux-gnu/libnss_nis-2.23.so
b62c8000-b62c9000 rw-p 0000b000 08:01 547027     /lib/i386-linux-gnu/libnss_nis-2.23.so
b62c9000-b62e0000 r-xp 00000000 08:01 529608     /lib/i386-linux-gnu/libnsl-2.23.so
b62e0000-b62e1000 r--p 00016000 08:01 529608     /lib/i386-linux-gnu/libnsl-2.23.so
b62e1000-b62e2000 rw-p 00017000 08:01 529608     /lib/i386-linux-gnu/libnsl-2.23.so
b62e2000-b62e4000 rw-p 00000000 00:00 0 
b62e4000-b62e6000 r--s 00000000 08:01 1200576    /home/ubuntu/NetBeansProjects/xProjectCAM/dist/run11881851/lib/gluegen-rt-natives-linux-i586.jar
b62e6000-b62ff000 r-xp 00000000 08:01 1366671    /usr/lib/jvm/java-8-oracle/jre/lib/i386/libzip.so
b62ff000-b6300000 rw-p 00019000 08:01 1366671    /usr/lib/jvm/java-8-oracle/jre/lib/i386/libzip.so
b6300000-b6500000 r--p 00000000 08:01 1357384    /usr/lib/locale/locale-archive
b6500000-b65fd000 rw-p 00000000 00:00 0 
b65fd000-b6600000 ---p 00000000 00:00 0 
b6600000-b6601000 r--s 00000000 08:01 271400     /var/cache/fontconfig/4b2eda6bb976bda485cb2176619421d5-le32d4.cache-6
b6601000-b6602000 r--s 00001000 08:01 1200609    /home/ubuntu/NetBeansProjects/xProjectCAM/dist/run11881851/xProjectCAM-JOL.jar
b6602000-b660a000 rw-s 00000000 08:01 670640     /tmp/hsperfdata_root/32400
b660a000-b6641000 r-xp 00000000 08:01 1366672    /usr/lib/jvm/java-8-oracle/jre/lib/i386/libjdwp.so
b6641000-b6642000 rw-p 00037000 08:01 1366672    /usr/lib/jvm/java-8-oracle/jre/lib/i386/libjdwp.so
b6642000-b6666000 r-xp 00000000 08:01 1366638    /usr/lib/jvm/java-8-oracle/jre/lib/i386/libjava.so
b6666000-b6667000 rw-p 00024000 08:01 1366638    /usr/lib/jvm/java-8-oracle/jre/lib/i386/libjava.so
b6667000-b666e000 r-xp 00000000 08:01 547029     /lib/i386-linux-gnu/librt-2.23.so
b666e000-b666f000 r--p 00006000 08:01 547029     /lib/i386-linux-gnu/librt-2.23.so
b666f000-b6670000 rw-p 00007000 08:01 547029     /lib/i386-linux-gnu/librt-2.23.so
b6670000-b6673000 ---p 00000000 00:00 0 
b6673000-b66c1000 rw-p 00000000 00:00 0 
b66c1000-b6714000 r-xp 00000000 08:01 547956     /lib/i386-linux-gnu/libm-2.23.so
b6714000-b6715000 r--p 00052000 08:01 547956     /lib/i386-linux-gnu/libm-2.23.so
b6715000-b6716000 rw-p 00053000 08:01 547956     /lib/i386-linux-gnu/libm-2.23.so
b6716000-b70a7000 r-xp 00000000 08:01 1366653    /usr/lib/jvm/java-8-oracle/jre/lib/i386/server/libjvm.so
b70a7000-b7115000 rw-p 00990000 08:01 1366653    /usr/lib/jvm/java-8-oracle/jre/lib/i386/server/libjvm.so
b7115000-b753e000 rw-p 00000000 00:00 0 
b753e000-b76ee000 r-xp 00000000 08:01 548079     /lib/i386-linux-gnu/libc-2.23.so
b76ee000-b76f0000 r--p 001af000 08:01 548079     /lib/i386-linux-gnu/libc-2.23.so
b76f0000-b76f1000 rw-p 001b1000 08:01 548079     /lib/i386-linux-gnu/libc-2.23.so
b76f1000-b76f4000 rw-p 00000000 00:00 0 
b76f4000-b76f7000 r-xp 00000000 08:01 547145     /lib/i386-linux-gnu/libdl-2.23.so
b76f7000-b76f8000 r--p 00002000 08:01 547145     /lib/i386-linux-gnu/libdl-2.23.so
b76f8000-b76f9000 rw-p 00003000 08:01 547145     /lib/i386-linux-gnu/libdl-2.23.so
b76f9000-b770d000 r-xp 00000000 08:01 1366680    /usr/lib/jvm/java-8-oracle/jre/lib/i386/jli/libjli.so
b770d000-b770e000 rw-p 00014000 08:01 1366680    /usr/lib/jvm/java-8-oracle/jre/lib/i386/jli/libjli.so
b770e000-b7727000 r-xp 00000000 08:01 546475     /lib/i386-linux-gnu/libpthread-2.23.so
b7727000-b7728000 r--p 00018000 08:01 546475     /lib/i386-linux-gnu/libpthread-2.23.so
b7728000-b7729000 rw-p 00019000 08:01 546475     /lib/i386-linux-gnu/libpthread-2.23.so
b7729000-b772b000 rw-p 00000000 00:00 0 
b772b000-b7733000 r-xp 00000000 08:01 547146     /lib/i386-linux-gnu/libnss_compat-2.23.so
b7733000-b7734000 r--p 00007000 08:01 547146     /lib/i386-linux-gnu/libnss_compat-2.23.so
b7734000-b7735000 rw-p 00008000 08:01 547146     /lib/i386-linux-gnu/libnss_compat-2.23.so
b7735000-b7736000 r--p 002d4000 08:01 1357384    /usr/lib/locale/locale-archive
b7736000-b7738000 r-xp 00000000 08:01 1366642    /usr/lib/jvm/java-8-oracle/jre/lib/i386/libnpt.so
b7738000-b7739000 rw-p 00001000 08:01 1366642    /usr/lib/jvm/java-8-oracle/jre/lib/i386/libnpt.so
b7739000-b773a000 rw-p 00000000 00:00 0 
b773a000-b773b000 r--p 00000000 00:00 0 
b773b000-b7746000 r-xp 00000000 08:01 1366709    /usr/lib/jvm/java-8-oracle/jre/lib/i386/libverify.so
b7746000-b7747000 rw-p 0000b000 08:01 1366709    /usr/lib/jvm/java-8-oracle/jre/lib/i386/libverify.so
b7747000-b7749000 rw-p 00000000 00:00 0 
b7749000-b774b000 r--p 00000000 00:00 0          [vvar]
b774b000-b774c000 r-xp 00000000 00:00 0          [vdso]
b774c000-b776e000 r-xp 00000000 08:01 529610     /lib/i386-linux-gnu/ld-2.23.so
b776e000-b776f000 rw-p 00000000 00:00 0 
b776f000-b7770000 r--p 00022000 08:01 529610     /lib/i386-linux-gnu/ld-2.23.so
b7770000-b7771000 rw-p 00023000 08:01 529610     /lib/i386-linux-gnu/ld-2.23.so
bfe00000-bfe21000 rw-p 00000000 00:00 0          [stack]

VM Arguments:
jvm_args: -Xdebug -Xrunjdwp:transport=dt_socket,address=localhost:44569 -Dglass.disableGrab=true -Dfile.encoding=UTF-8 
java_command: /home/ubuntu/NetBeansProjects/xProjectCAM/dist/run11881851/xProjectCAM-JOL.jar
java_class_path (initial): /home/ubuntu/NetBeansProjects/xProjectCAM/dist/run11881851/xProjectCAM-JOL.jar
Launcher Type: SUN_STANDARD

Environment Variables:
PATH=/usr/local/sbin:/usr/local/bin:/usr/sbin:/usr/bin:/sbin:/bin:/snap/bin
USERNAME=root
LD_LIBRARY_PATH=/usr/lib/jvm/java-8-oracle/jre/lib/amd64:/usr/lib/jvm/java-8-oracle/jre/lib/i386:
SHELL=/bin/bash
DISPLAY=:0

Signal Handlers:
SIGSEGV: [libjvm.so+0x8dbed0], sa_mask[0]=11111111011111111101111111111110, sa_flags=SA_RESTART|SA_SIGINFO
SIGBUS: [libjvm.so+0x8dbed0], sa_mask[0]=11111111011111111101111111111110, sa_flags=SA_RESTART|SA_SIGINFO
SIGFPE: [libjvm.so+0x758b80], sa_mask[0]=11111111011111111101111111111110, sa_flags=SA_RESTART|SA_SIGINFO
SIGPIPE: SIG_IGN, sa_mask[0]=00000000000010000000000000000000, sa_flags=SA_RESTART
SIGXFSZ: [libjvm.so+0x758b80], sa_mask[0]=11111111011111111101111111111110, sa_flags=SA_RESTART|SA_SIGINFO
SIGILL: [libjvm.so+0x758b80], sa_mask[0]=11111111011111111101111111111110, sa_flags=SA_RESTART|SA_SIGINFO
SIGUSR1: SIG_DFL, sa_mask[0]=00000000000000000000000000000000, sa_flags=none
SIGUSR2: [libjvm.so+0x75a430], sa_mask[0]=00100000000000000000000000000000, sa_flags=SA_RESTART|SA_SIGINFO
SIGHUP: [libjvm.so+0x75b8e0], sa_mask[0]=11111111011111111101111111111110, sa_flags=SA_RESTART|SA_SIGINFO
SIGINT: SIG_IGN, sa_mask[0]=00000000000000000000000000000000, sa_flags=none
SIGTERM: [libjvm.so+0x75b8e0], sa_mask[0]=11111111011111111101111111111110, sa_flags=SA_RESTART|SA_SIGINFO
SIGQUIT: [libjvm.so+0x75b8e0], sa_mask[0]=11111111011111111101111111111110, sa_flags=SA_RESTART|SA_SIGINFO


---------------  S Y S T E M  ---------------

OS:DISTRIB_ID=Ubuntu
DISTRIB_RELEASE=16.04
DISTRIB_CODENAME=xenial
DISTRIB_DESCRIPTION="Ubuntu 16.04.3 LTS"

uname:Linux 4.4.0-96-generic #119-Ubuntu SMP Tue Sep 12 14:58:51 UTC 2017 i686
libc:glibc 2.23 NPTL 2.23 
rlimit: STACK 8192k, CORE 0k, NPROC 32038, NOFILE 1048576, AS infinity
load average:0.85 1.01 0.85

/proc/meminfo:
MemTotal:        4138752 kB
MemFree:          721380 kB
MemAvailable:    2035836 kB
Buffers:          242708 kB
Cached:          1156036 kB
SwapCached:         4064 kB
Active:          2393976 kB
Inactive:         566976 kB
Active(anon):    1456912 kB
Inactive(anon):   128964 kB
Active(file):     937064 kB
Inactive(file):   438012 kB
Unevictable:          32 kB
Mlocked:              32 kB
HighTotal:       3280840 kB
HighFree:         573580 kB
LowTotal:         857912 kB
LowFree:          147800 kB
SwapTotal:       4192252 kB
SwapFree:        4161472 kB
Dirty:               708 kB
Writeback:             0 kB
AnonPages:       1563644 kB
Mapped:           253528 kB
Shmem:             23668 kB
Slab:             406308 kB
SReclaimable:     384268 kB
SUnreclaim:        22040 kB
KernelStack:        4632 kB
PageTables:        13172 kB
NFS_Unstable:          0 kB
Bounce:                0 kB
WritebackTmp:          0 kB
CommitLimit:     6261628 kB
Committed_AS:    4965512 kB
VmallocTotal:     122880 kB
VmallocUsed:           0 kB
VmallocChunk:          0 kB
AnonHugePages:    927744 kB
CmaTotal:              0 kB
CmaFree:               0 kB
HugePages_Total:       0
HugePages_Free:        0
HugePages_Rsvd:        0
HugePages_Surp:        0
Hugepagesize:       2048 kB
DirectMap4k:       32760 kB
DirectMap2M:      880640 kB


CPU:total 4 (initial active 4) (4 cores per cpu, 1 threads per core) family 6 model 42 stepping 7, cmov, cx8, fxsr, mmx, sse, sse2, sse3, ssse3, sse4.1, sse4.2, popcnt, avx, aes, clmul, tsc, tscinvbit

/proc/cpuinfo:
processor	: 0
vendor_id	: GenuineIntel
cpu family	: 6
model		: 42
model name	: Intel(R) Core(TM) i7-2630QM CPU @ 2.00GHz
stepping	: 7
cpu MHz		: 2026.088
cache size	: 6144 KB
physical id	: 0
siblings	: 4
core id		: 0
cpu cores	: 4
apicid		: 0
initial apicid	: 0
fdiv_bug	: no
f00f_bug	: no
coma_bug	: no
fpu		: yes
fpu_exception	: yes
cpuid level	: 13
wp		: yes
flags		: fpu vme de pse tsc msr pae mce cx8 apic sep mtrr pge mca cmov pat pse36 clflush mmx fxsr sse sse2 ht nx rdtscp constant_tsc xtopology nonstop_tsc pni pclmulqdq ssse3 cx16 sse4_1 sse4_2 x2apic popcnt aes xsave avx hypervisor lahf_lm
bugs		:
bogomips	: 4052.17
clflush size	: 64
cache_alignment	: 64
address sizes	: 36 bits physical, 48 bits virtual
power management:

processor	: 1
vendor_id	: GenuineIntel
cpu family	: 6
model		: 42
model name	: Intel(R) Core(TM) i7-2630QM CPU @ 2.00GHz
stepping	: 7
cpu MHz		: 2026.088
cache size	: 6144 KB
physical id	: 0
siblings	: 4
core id		: 1
cpu cores	: 4
apicid		: 1
initial apicid	: 1
fdiv_bug	: no
f00f_bug	: no
coma_bug	: no
fpu		: yes
fpu_exception	: yes
cpuid level	: 13
wp		: yes
flags		: fpu vme de pse tsc msr pae mce cx8 apic sep mtrr pge mca cmov pat pse36 clflush mmx fxsr sse sse2 ht nx rdtscp constant_tsc xtopology nonstop_tsc pni pclmulqdq ssse3 cx16 sse4_1 sse4_2 x2apic popcnt aes xsave avx hypervisor lahf_lm
bugs		:
bogomips	: 4052.17
clflush size	: 64
cache_alignment	: 64
address sizes	: 36 bits physical, 48 bits virtual
power management:

processor	: 2
vendor_id	: GenuineIntel
cpu family	: 6
model		: 42
model name	: Intel(R) Core(TM) i7-2630QM CPU @ 2.00GHz
stepping	: 7
cpu MHz		: 2026.088
cache size	: 6144 KB
physical id	: 0
siblings	: 4
core id		: 2
cpu cores	: 4
apicid		: 2
initial apicid	: 2
fdiv_bug	: no
f00f_bug	: no
coma_bug	: no
fpu		: yes
fpu_exception	: yes
cpuid level	: 13
wp		: yes
flags		: fpu vme de pse tsc msr pae mce cx8 apic sep mtrr pge mca cmov pat pse36 clflush mmx fxsr sse sse2 ht nx rdtscp constant_tsc xtopology nonstop_tsc pni pclmulqdq ssse3 cx16 sse4_1 sse4_2 x2apic popcnt aes xsave avx hypervisor lahf_lm
bugs		:
bogomips	: 4052.17
clflush size	: 64
cache_alignment	: 64
address sizes	: 36 bits physical, 48 bits virtual
power management:

processor	: 3
vendor_id	: GenuineIntel
cpu family	: 6
model		: 42
model name	: Intel(R) Core(TM) i7-2630QM CPU @ 2.00GHz
stepping	: 7
cpu MHz		: 2026.088
cache size	: 6144 KB
physical id	: 0
siblings	: 4
core id		: 3
cpu cores	: 4
apicid		: 3
initial apicid	: 3
fdiv_bug	: no
f00f_bug	: no
coma_bug	: no
fpu		: yes
fpu_exception	: yes
cpuid level	: 13
wp		: yes
flags		: fpu vme de pse tsc msr pae mce cx8 apic sep mtrr pge mca cmov pat pse36 clflush mmx fxsr sse sse2 ht nx rdtscp constant_tsc xtopology nonstop_tsc pni pclmulqdq ssse3 cx16 sse4_1 sse4_2 x2apic popcnt aes xsave avx hypervisor lahf_lm
bugs		:
bogomips	: 4052.17
clflush size	: 64
cache_alignment	: 64
address sizes	: 36 bits physical, 48 bits virtual
power management:



Memory: 4k page, physical 4138752k(720884k free), swap 4192252k(4161472k free)

vm_info: Java HotSpot(TM) Server VM (25.144-b01) for linux-x86 JRE (1.8.0_144-b01), built on Jul 22 2017 02:26:52 by "java_re" with gcc 4.3.0 20080428 (Red Hat 4.3.0-8)

time: Fri Sep 29 21:04:27 2017
elapsed time: 195 seconds (0d 0h 3m 15s)

