#
# A fatal error has been detected by the Java Runtime Environment:
#
#  SIGSEGV (0xb) at pc=0xa74766df, pid=13292, tid=0x5c6aeb40
#
# JRE version: Java(TM) SE Runtime Environment (8.0_144-b01) (build 1.8.0_144-b01)
# Java VM: Java HotSpot(TM) Server VM (25.144-b01 mixed mode linux-x86 )
# Problematic frame:
# J 437 C2 java.lang.AbstractStringBuilder.append(Ljava/lang/String;)Ljava/lang/AbstractStringBuilder; (50 bytes) @ 0xa74766df [0xa74766c0+0x1f]
#
# Failed to write core dump. Core dumps have been disabled. To enable core dumping, try "ulimit -c unlimited" before starting Java again
#
# If you would like to submit a bug report, please visit:
#   http://bugreport.java.com/bugreport/crash.jsp
#

---------------  T H R E A D  ---------------

Current thread (0x63beb000):  JavaThread "JavaFX Application Thread" [_thread_in_Java, id=13322, stack(0x5c65e000,0x5c6af000)]

siginfo: si_signo: 11 (SIGSEGV), si_code: 1 (SEGV_MAPERR), si_addr: 0x31302e39

Registers:
EAX=0x6497bdc8, EBX=0x6497bdc8, ECX=0x928c3298, EDX=0x31302e31
ESP=0x5c6acd80, EBP=0x5c6ace3c, ESI=0x31302e31, EDI=0x928c3298
EIP=0xa74766df, EFLAGS=0x00010202, CR2=0x31302e39

Top of Stack: (sp=0x5c6acd80)
0x5c6acd80:   b77cd80b 5c6aeb40 00000000 b7763e80
0x5c6acd90:   5c6acdc8 928c3298 b7610cab a6e0e000
0x5c6acda0:   64b46690 63beb000 5c6acdc8 a6e0c561
0x5c6acdb0:   31302e31 64b46690 63beb000 a6e0c54c
0x5c6acdc0:   a73151a1 64b46690 5c6ace3c a73be5d8
0x5c6acdd0:   63beb138 5c6ace10 64b46690 a7314f3b
0x5c6acde0:   928c3298 31302e31 5c6ace10 64b47970
0x5c6acdf0:   00000000 64b46690 5c6ace3c a7304e54 

Instructions: (pc=0xa74766df)
0xa74766bf:   00 3b 41 04 0f 85 57 4e ec ff 66 66 90 89 84 24
0xa74766cf:   00 c0 ff ff 55 83 ec 48 89 4c 24 14 89 54 24 30
0xa74766df:   8b 42 08 8b cc c1 e9 0c 8b 0c 8d a0 75 1a b7 89
0xa74766ef:   4c 24 0c 85 c0 0f 84 09 02 00 00 8b 58 08 89 5c 

Register to memory mapping:

EAX={method} {0x6497bdc8} 'append' '(Ljava/lang/String;)Ljava/lang/StringBuilder;' in 'java/lang/StringBuilder'
EBX={method} {0x6497bdc8} 'append' '(Ljava/lang/String;)Ljava/lang/StringBuilder;' in 'java/lang/StringBuilder'
ECX=0x928c3298 is an oop
java.lang.StringBuilder 
 - klass: 'java/lang/StringBuilder'
EDX=0x31302e31 is an unknown value
ESP=0x5c6acd80 is pointing into the stack for thread: 0x63beb000
EBP=0x5c6ace3c is pointing into the stack for thread: 0x63beb000
ESI=0x31302e31 is an unknown value
EDI=0x928c3298 is an oop
java.lang.StringBuilder 
 - klass: 'java/lang/StringBuilder'


Stack: [0x5c65e000,0x5c6af000],  sp=0x5c6acd80,  free space=315k
Native frames: (J=compiled Java code, j=interpreted, Vv=VM code, C=native code)
J 437 C2 java.lang.AbstractStringBuilder.append(Ljava/lang/String;)Ljava/lang/AbstractStringBuilder; (50 bytes) @ 0xa74766df [0xa74766c0+0x1f]
J 60 C1 java.lang.StringBuilder.append(Ljava/lang/String;)Ljava/lang/StringBuilder; (8 bytes) @ 0xa73be5d8 [0xa73be560+0x78]
j  xprojectcam.main.Main.start(Ljavafx/stage/Stage;)V+25
j  com.sun.javafx.application.LauncherImpl.lambda$launchApplication1$162(Ljava/util/concurrent/atomic/AtomicBoolean;Ljavafx/application/Application;)V+20
j  com.sun.javafx.application.LauncherImpl$$Lambda$59.run()V+8
j  com.sun.javafx.application.PlatformImpl.lambda$runAndWait$175(Ljava/lang/Runnable;Ljava/util/concurrent/CountDownLatch;)V+1
j  com.sun.javafx.application.PlatformImpl$$Lambda$51.run()V+8
j  com.sun.javafx.application.PlatformImpl.lambda$null$173(Ljava/lang/Runnable;)Ljava/lang/Void;+1
j  com.sun.javafx.application.PlatformImpl$$Lambda$54.run()Ljava/lang/Object;+4
v  ~StubRoutines::call_stub
V  [libjvm.so+0x503b2f]  JavaCalls::call_helper(JavaValue*, methodHandle*, JavaCallArguments*, Thread*)+0x101f
V  [libjvm.so+0x756ef9]  os::os_exception_wrapper(void (*)(JavaValue*, methodHandle*, JavaCallArguments*, Thread*), JavaValue*, methodHandle*, JavaCallArguments*, Thread*)+0x19
V  [libjvm.so+0x5020ff]  JavaCalls::call(JavaValue*, methodHandle, JavaCallArguments*, Thread*)+0x2f
V  [libjvm.so+0x585630]  JVM_DoPrivileged+0x2a0
C  [libjava.so+0x9fca]  Java_java_security_AccessController_doPrivileged__Ljava_security_PrivilegedAction_2Ljava_security_AccessControlContext_2+0x3a
j  java.security.AccessController.doPrivileged(Ljava/security/PrivilegedAction;Ljava/security/AccessControlContext;)Ljava/lang/Object;+0
j  com.sun.javafx.application.PlatformImpl.lambda$runLater$174(Ljava/lang/Runnable;Ljava/security/AccessControlContext;)V+7
j  com.sun.javafx.application.PlatformImpl$$Lambda$52.run()V+8
j  com.sun.glass.ui.InvokeLaterDispatcher$Future.run()V+4
v  ~StubRoutines::call_stub
V  [libjvm.so+0x503b2f]  JavaCalls::call_helper(JavaValue*, methodHandle*, JavaCallArguments*, Thread*)+0x101f
V  [libjvm.so+0x756ef9]  os::os_exception_wrapper(void (*)(JavaValue*, methodHandle*, JavaCallArguments*, Thread*), JavaValue*, methodHandle*, JavaCallArguments*, Thread*)+0x19
V  [libjvm.so+0x5020ff]  JavaCalls::call(JavaValue*, methodHandle, JavaCallArguments*, Thread*)+0x2f
V  [libjvm.so+0x5467b1]  jni_invoke_nonstatic(JNIEnv_*, JavaValue*, _jobject*, JNICallType, _jmethodID*, JNI_ArgumentPusher*, Thread*)+0x441
V  [libjvm.so+0x5491e1]  jni_CallVoidMethodV+0xe1
C  [libglass.so+0x12ffc]  JNIEnv_::CallVoidMethod(_jobject*, _jmethodID*, ...)+0x1c
C  [libglass.so+0x1dad0]  call_runnable(void*)+0x30
C  [libgdk-x11-2.0.so.0+0x150a0]


---------------  P R O C E S S  ---------------

Java Threads: ( => current thread )
  0x63bf5400 JavaThread "JavaFX-Launcher" [_thread_blocked, id=13323, stack(0x5c60d000,0x5c65e000)]
=>0x63beb000 JavaThread "JavaFX Application Thread" [_thread_in_Java, id=13322, stack(0x5c65e000,0x5c6af000)]
  0x63be6400 JavaThread "Thread-1" daemon [_thread_blocked, id=13321, stack(0x5c6af000,0x5c700000)]
  0x63b79000 JavaThread "QuantumRenderer-0" daemon [_thread_blocked, id=13316, stack(0x63e30000,0x63e81000)]
  0x645b5400 JavaThread "Service Thread" daemon [_thread_blocked, id=13314, stack(0x63f97000,0x63fe8000)]
  0x645b2800 JavaThread "C1 CompilerThread2" daemon [_thread_blocked, id=13313, stack(0x63fe8000,0x64069000)]
  0x645b1400 JavaThread "C2 CompilerThread1" daemon [_thread_blocked, id=13312, stack(0x64069000,0x640ea000)]
  0x645af400 JavaThread "C2 CompilerThread0" daemon [_thread_blocked, id=13311, stack(0x640ea000,0x6416b000)]
  0x64300800 JavaThread "JDWP Command Reader" daemon [_thread_in_native, id=13309, stack(0x6416b000,0x641bc000)]
  0x645adc00 JavaThread "JDWP Event Helper Thread" daemon [_thread_blocked, id=13308, stack(0x641bc000,0x6420d000)]
  0x645aa400 JavaThread "JDWP Transport Listener: dt_socket" daemon [_thread_blocked, id=13305, stack(0x6420d000,0x6425e000)]
  0x645a2000 JavaThread "Signal Dispatcher" daemon [_thread_blocked, id=13304, stack(0x6425e000,0x642af000)]
  0x64588000 JavaThread "Finalizer" daemon [_thread_blocked, id=13303, stack(0x642af000,0x64300000)]
  0x64585400 JavaThread "Reference Handler" daemon [_thread_blocked, id=13302, stack(0x64625000,0x64676000)]
  0xb6508c00 JavaThread "main" [_thread_blocked, id=13293, stack(0xb66e3000,0xb6734000)]

Other Threads:
  0x64580c00 VMThread [stack: 0x64676000,0x646f7000] [id=13301]
  0x645b7c00 WatcherThread [stack: 0x63f16000,0x63f97000] [id=13315]

VM state:not at safepoint (normal execution)

VM Mutex/Monitor currently owned by a thread: None

Heap:
 PSYoungGen      total 19200K, used 12421K [0x91cc0000, 0x93200000, 0xa6e00000)
  eden space 16640K, 74% used [0x91cc0000,0x928e1768,0x92d00000)
  from space 2560K, 0% used [0x92f80000,0x92f80000,0x93200000)
  to   space 2560K, 0% used [0x92d00000,0x92d00000,0x92f80000)
 ParOldGen       total 43776K, used 0K [0x67a00000, 0x6a4c0000, 0x91cc0000)
  object space 43776K, 0% used [0x67a00000,0x67a00000,0x6a4c0000)
 Metaspace       used 5366K, capacity 5676K, committed 5784K, reserved 6448K

Card table byte_map: [0x67805000,0x67a00000] byte_map_base: 0x674c8000

Marking Bits: (ParMarkBitMap*) 0xb719b9c0
 Begin Bits: [0x65160000, 0x66130000)
 End Bits:   [0x66130000, 0x67100000)

Polling page: 0xb77ad000

CodeCache: size=245760Kb used=1726Kb max_used=1726Kb free=244033Kb
 bounds [0xa7300000, 0xa7540000, 0xb6300000]
 total_blobs=794 nmethods=539 adapters=177
 compilation: enabled

Compilation events (10 events):
Event: 1.041 Thread 0x645b2800  536       3       sun.invoke.util.VerifyAccess::isClassAccessible (66 bytes)
Event: 1.041 Thread 0x645b2800 nmethod 536 0xa74ac648 code [0xa74ac7c0, 0xa74acc9c]
Event: 1.041 Thread 0x645b2800  537       3       sun.invoke.util.VerifyAccess::getClassModifiers (24 bytes)
Event: 1.042 Thread 0x645b2800 nmethod 537 0xa74ace88 code [0xa74acfc0, 0xa74ad2b0]
Event: 1.045 Thread 0x645b2800  538       3       java.lang.invoke.MemberName::getType (19 bytes)
Event: 1.045 Thread 0x645b2800 nmethod 538 0xa74ad548 code [0xa74ad6a0, 0xa74adab8]
Event: 1.047 Thread 0x645b2800  540       3       java.util.jar.JarFile::getManifestFromReference (113 bytes)
Event: 1.048 Thread 0x645b2800 nmethod 540 0xa74adc08 code [0xa74adf40, 0xa74af040]
Event: 1.048 Thread 0x645b2800  539       3       java.util.jar.JarFile::getManifest (5 bytes)
Event: 1.049 Thread 0x645b2800 nmethod 539 0xa74afdc8 code [0xa74afee0, 0xa74affcc]

GC Heap History (0 events):
No events

Deoptimization events (5 events):
Event: 0.956 Thread 0x63beb000 Uncommon trap: reason=unstable_if action=reinterpret pc=0xa740f878 method=java.lang.String.replace(CC)Ljava/lang/String; @ 26
Event: 0.957 Thread 0x63beb000 Uncommon trap: reason=unstable_if action=reinterpret pc=0xa744231c method=java.lang.String.indexOf([CII[CIII)I @ 134
Event: 0.984 Thread 0x63beb000 Uncommon trap: reason=unstable_if action=reinterpret pc=0xa748a3b8 method=java.io.BufferedInputStream.read()I @ 8
Event: 1.013 Thread 0x63beb000 Uncommon trap: reason=unstable_if action=reinterpret pc=0xa7496644 method=java.util.HashMap.getNode(ILjava/lang/Object;)Ljava/util/HashMap$Node; @ 84
Event: 1.013 Thread 0x63beb000 Uncommon trap: reason=unstable_if action=reinterpret pc=0xa748f230 method=java.util.HashMap.getNode(ILjava/lang/Object;)Ljava/util/HashMap$Node; @ 84

Internal exceptions (10 events):
Event: 0.085 Thread 0xb6508c00 Exception <a 'java/lang/NoSuchMethodError': Method sun.misc.Unsafe.prefetchRead(Ljava/lang/Object;J)V name or signature does not match> (0x91cc7160) thrown at [/HUDSON3/workspace/8-2-build-linux-i586/jdk8u144/9417/hotspot/src/share/vm/prims/jni.cpp, line 
Event: 0.433 Thread 0xb6508c00 Exception <a 'java/lang/NoSuchFieldError': method resolution failed> (0x91ecaa98) thrown at [/HUDSON3/workspace/8-2-build-linux-i586/jdk8u144/9417/hotspot/src/share/vm/prims/methodHandles.cpp, line 1146]
Event: 0.437 Thread 0xb6508c00 Exception <a 'java/lang/NoSuchFieldError': method resolution failed> (0x91ed6be8) thrown at [/HUDSON3/workspace/8-2-build-linux-i586/jdk8u144/9417/hotspot/src/share/vm/prims/methodHandles.cpp, line 1146]
Event: 0.471 Thread 0xb6508c00 Exception <a 'java/security/PrivilegedActionException'> (0x91f54fc0) thrown at [/HUDSON3/workspace/8-2-build-linux-i586/jdk8u144/9417/hotspot/src/share/vm/prims/jvm.cpp, line 1390]
Event: 0.471 Thread 0xb6508c00 Exception <a 'java/security/PrivilegedActionException'> (0x91f551c0) thrown at [/HUDSON3/workspace/8-2-build-linux-i586/jdk8u144/9417/hotspot/src/share/vm/prims/jvm.cpp, line 1390]
Event: 0.471 Thread 0xb6508c00 Exception <a 'java/security/PrivilegedActionException'> (0x91f573c8) thrown at [/HUDSON3/workspace/8-2-build-linux-i586/jdk8u144/9417/hotspot/src/share/vm/prims/jvm.cpp, line 1390]
Event: 0.471 Thread 0xb6508c00 Exception <a 'java/security/PrivilegedActionException'> (0x91f575c8) thrown at [/HUDSON3/workspace/8-2-build-linux-i586/jdk8u144/9417/hotspot/src/share/vm/prims/jvm.cpp, line 1390]
Event: 0.472 Thread 0xb6508c00 Exception <a 'java/lang/NullPointerException'> (0x91f57b30) thrown at [/HUDSON3/workspace/8-2-build-linux-i586/jdk8u144/9417/hotspot/src/share/vm/interpreter/linkResolver.cpp, line 1197]
Event: 0.908 Thread 0x63beb000 Exception <a 'java/lang/NullPointerException'> (0x925c92c8) thrown at [/HUDSON3/workspace/8-2-build-linux-i586/jdk8u144/9417/hotspot/src/share/vm/interpreter/linkResolver.cpp, line 1197]
Event: 0.908 Thread 0x63beb000 Exception <a 'java/lang/NullPointerException'> (0x925c92c8) thrown at [/HUDSON3/workspace/8-2-build-linux-i586/jdk8u144/9417/hotspot/src/share/vm/prims/jvm.cpp, line 1394]

Events (10 events):
Event: 1.048 loading class com/sun/javafx/event/CompositeEventHandler$WeakEventHandlerRecord
Event: 1.048 loading class com/sun/javafx/event/CompositeEventHandler$WeakEventHandlerRecord done
Event: 1.048 loading class com/sun/javafx/event/CompositeEventHandler$NormalEventHandlerRecord
Event: 1.048 loading class com/sun/javafx/event/CompositeEventHandler$NormalEventHandlerRecord done
Event: 1.049 loading class com/sun/javafx/event/CompositeEventHandler$WeakEventFilterRecord
Event: 1.049 loading class com/sun/javafx/event/CompositeEventHandler$WeakEventFilterRecord done
Event: 1.049 loading class com/sun/javafx/event/CompositeEventHandler$NormalEventFilterRecord
Event: 1.049 loading class com/sun/javafx/event/CompositeEventHandler$NormalEventFilterRecord done
Event: 1.049 loading class javafx/event/WeakEventHandler
Event: 1.049 loading class javafx/event/WeakEventHandler done


Dynamic libraries:
08048000-08049000 r-xp 00000000 08:01 1341235    /usr/lib/jvm/java-8-oracle/jre/bin/java
08049000-0804a000 rw-p 00000000 08:01 1341235    /usr/lib/jvm/java-8-oracle/jre/bin/java
08a3c000-08a5d000 rw-p 00000000 00:00 0          [heap]
5c0ac000-5c360000 rw-p 00000000 00:00 0 
5c360000-5c400000 ---p 00000000 00:00 0 
5c400000-5c429000 rw-p 00000000 00:00 0 
5c429000-5c500000 ---p 00000000 00:00 0 
5c50d000-5c60d000 rw-p 00000000 00:00 0 
5c60d000-5c610000 ---p 00000000 00:00 0 
5c610000-5c65e000 rw-p 00000000 00:00 0 
5c65e000-5c661000 ---p 00000000 00:00 0 
5c661000-5c6af000 rw-p 00000000 00:00 0 
5c6af000-5c6b2000 ---p 00000000 00:00 0 
5c6b2000-5c700000 rw-p 00000000 00:00 0 
5c700000-5c7bd000 rw-p 00000000 00:00 0 
5c7bd000-5c800000 ---p 00000000 00:00 0 
5c81f000-5c826000 r-xp 00000000 08:01 1314123    /usr/lib/i386-linux-gnu/libogg.so.0.8.2
5c826000-5c827000 r--p 00006000 08:01 1314123    /usr/lib/i386-linux-gnu/libogg.so.0.8.2
5c827000-5c828000 rw-p 00007000 08:01 1314123    /usr/lib/i386-linux-gnu/libogg.so.0.8.2
5c828000-5c852000 r-xp 00000000 08:01 1314141    /usr/lib/i386-linux-gnu/libvorbis.so.0.4.8
5c852000-5c853000 r--p 00029000 08:01 1314141    /usr/lib/i386-linux-gnu/libvorbis.so.0.4.8
5c853000-5c854000 rw-p 0002a000 08:01 1314141    /usr/lib/i386-linux-gnu/libvorbis.so.0.4.8
5c854000-5c85d000 r-xp 00000000 08:01 1325645    /usr/lib/i386-linux-gnu/libltdl.so.7.3.1
5c85d000-5c85e000 ---p 00009000 08:01 1325645    /usr/lib/i386-linux-gnu/libltdl.so.7.3.1
5c85e000-5c85f000 r--p 00009000 08:01 1325645    /usr/lib/i386-linux-gnu/libltdl.so.7.3.1
5c85f000-5c860000 rw-p 0000a000 08:01 1325645    /usr/lib/i386-linux-gnu/libltdl.so.7.3.1
5c860000-5c877000 r-xp 00000000 08:01 1323436    /usr/lib/i386-linux-gnu/libtdb.so.1.3.8
5c877000-5c878000 r--p 00016000 08:01 1323436    /usr/lib/i386-linux-gnu/libtdb.so.1.3.8
5c878000-5c879000 rw-p 00017000 08:01 1323436    /usr/lib/i386-linux-gnu/libtdb.so.1.3.8
5c879000-5c882000 r-xp 00000000 08:01 1314139    /usr/lib/i386-linux-gnu/libvorbisfile.so.3.3.7
5c882000-5c883000 r--p 00008000 08:01 1314139    /usr/lib/i386-linux-gnu/libvorbisfile.so.3.3.7
5c883000-5c884000 rw-p 00009000 08:01 1314139    /usr/lib/i386-linux-gnu/libvorbisfile.so.3.3.7
5c884000-5c895000 r-xp 00000000 08:01 1323536    /usr/lib/i386-linux-gnu/libcanberra.so.0.2.5
5c895000-5c896000 r--p 00010000 08:01 1323536    /usr/lib/i386-linux-gnu/libcanberra.so.0.2.5
5c896000-5c897000 rw-p 00011000 08:01 1323536    /usr/lib/i386-linux-gnu/libcanberra.so.0.2.5
5c897000-5c89b000 r-xp 00000000 08:01 1332161    /usr/lib/i386-linux-gnu/libcanberra-gtk.so.0.1.9
5c89b000-5c89c000 r--p 00003000 08:01 1332161    /usr/lib/i386-linux-gnu/libcanberra-gtk.so.0.1.9
5c89c000-5c89d000 rw-p 00004000 08:01 1332161    /usr/lib/i386-linux-gnu/libcanberra-gtk.so.0.1.9
5c8b5000-5c8b8000 r-xp 00000000 08:01 1366700    /usr/lib/jvm/java-8-oracle/jre/lib/i386/libjavafx_font.so
5c8b8000-5c8b9000 rw-p 00002000 08:01 1366700    /usr/lib/jvm/java-8-oracle/jre/lib/i386/libjavafx_font.so
5c8b9000-5c8f5000 r-xp 00000000 08:01 1707823    /usr/lib/i386-linux-gnu/gtk-2.0/2.10.0/engines/libmurrine.so
5c8f5000-5c8f6000 r--p 0003b000 08:01 1707823    /usr/lib/i386-linux-gnu/gtk-2.0/2.10.0/engines/libmurrine.so
5c8f6000-5c8f7000 rw-p 0003c000 08:01 1707823    /usr/lib/i386-linux-gnu/gtk-2.0/2.10.0/engines/libmurrine.so
5c8f7000-5c91b000 r-xp 00000000 08:01 1366698    /usr/lib/jvm/java-8-oracle/jre/lib/i386/libglass.so
5c91b000-5c91d000 rw-p 00024000 08:01 1366698    /usr/lib/jvm/java-8-oracle/jre/lib/i386/libglass.so
5c91d000-5c952000 r-xp 00000000 08:01 1317301    /usr/lib/i386-linux-gnu/libtxc_dxtn_s2tc.so.0.0.0
5c952000-5c953000 r--p 00034000 08:01 1317301    /usr/lib/i386-linux-gnu/libtxc_dxtn_s2tc.so.0.0.0
5c953000-5c954000 rw-p 00035000 08:01 1317301    /usr/lib/i386-linux-gnu/libtxc_dxtn_s2tc.so.0.0.0
5c954000-5c955000 ---p 00000000 00:00 0 
5c955000-5d155000 rw-p 00000000 00:00 0 
5d155000-5d156000 ---p 00000000 00:00 0 
5d156000-5d956000 rw-p 00000000 00:00 0 
5d956000-5d957000 ---p 00000000 00:00 0 
5d957000-5e157000 rw-p 00000000 00:00 0 
5e157000-5e158000 ---p 00000000 00:00 0 
5e158000-5e958000 rw-p 00000000 00:00 0 
5e958000-5e972000 r-xp 00000000 08:01 543675     /lib/i386-linux-gnu/libbsd.so.0.8.2
5e972000-5e973000 r--p 00019000 08:01 543675     /lib/i386-linux-gnu/libbsd.so.0.8.2
5e973000-5e974000 rw-p 0001a000 08:01 543675     /lib/i386-linux-gnu/libbsd.so.0.8.2
5e974000-5e994000 r-xp 00000000 08:01 546403     /lib/i386-linux-gnu/libtinfo.so.5.9
5e994000-5e996000 r--p 0001f000 08:01 546403     /lib/i386-linux-gnu/libtinfo.so.5.9
5e996000-5e997000 rw-p 00021000 08:01 546403     /lib/i386-linux-gnu/libtinfo.so.5.9
5e997000-5e9c9000 r-xp 00000000 08:01 1314960    /usr/lib/i386-linux-gnu/libedit.so.2.0.53
5e9c9000-5e9ca000 ---p 00032000 08:01 1314960    /usr/lib/i386-linux-gnu/libedit.so.2.0.53
5e9ca000-5e9cb000 r--p 00032000 08:01 1314960    /usr/lib/i386-linux-gnu/libedit.so.2.0.53
5e9cb000-5e9cc000 rw-p 00033000 08:01 1314960    /usr/lib/i386-linux-gnu/libedit.so.2.0.53
5e9cc000-5e9ce000 rw-p 00000000 00:00 0 
5e9ce000-61a86000 r-xp 00000000 08:01 1318039    /usr/lib/i386-linux-gnu/libLLVM-4.0.so.1
61a86000-61cb4000 r--p 030b7000 08:01 1318039    /usr/lib/i386-linux-gnu/libLLVM-4.0.so.1
61cb4000-61cb8000 rw-p 032e5000 08:01 1318039    /usr/lib/i386-linux-gnu/libLLVM-4.0.so.1
61cb8000-61cec000 rw-p 00000000 00:00 0 
61cec000-61d06000 r-xp 00000000 08:01 1314958    /usr/lib/i386-linux-gnu/libelf-0.165.so
61d06000-61d07000 r--p 00019000 08:01 1314958    /usr/lib/i386-linux-gnu/libelf-0.165.so
61d07000-61d08000 rw-p 0001a000 08:01 1314958    /usr/lib/i386-linux-gnu/libelf-0.165.so
61d08000-61d12000 r-xp 00000000 08:01 1314963    /usr/lib/i386-linux-gnu/libdrm_amdgpu.so.1.0.0
61d12000-61d13000 r--p 00009000 08:01 1314963    /usr/lib/i386-linux-gnu/libdrm_amdgpu.so.1.0.0
61d13000-61d14000 rw-p 0000a000 08:01 1314963    /usr/lib/i386-linux-gnu/libdrm_amdgpu.so.1.0.0
61d14000-61d20000 r-xp 00000000 08:01 1317266    /usr/lib/i386-linux-gnu/libdrm_radeon.so.1.0.1
61d20000-61d21000 r--p 0000b000 08:01 1317266    /usr/lib/i386-linux-gnu/libdrm_radeon.so.1.0.1
61d21000-61d22000 rw-p 0000c000 08:01 1317266    /usr/lib/i386-linux-gnu/libdrm_radeon.so.1.0.1
61d22000-61d2a000 r-xp 00000000 08:01 1345630    /usr/lib/i386-linux-gnu/libdrm_nouveau.so.2.0.0
61d2a000-61d2b000 r--p 00007000 08:01 1345630    /usr/lib/i386-linux-gnu/libdrm_nouveau.so.2.0.0
61d2b000-61d2c000 rw-p 00008000 08:01 1345630    /usr/lib/i386-linux-gnu/libdrm_nouveau.so.2.0.0
61d2c000-61d3a000 r-xp 00000000 08:01 1318873    /usr/lib/i386-linux-gnu/libsensors.so.4.4.0
61d3a000-61d3b000 r--p 0000d000 08:01 1318873    /usr/lib/i386-linux-gnu/libsensors.so.4.4.0
61d3b000-61d3c000 rw-p 0000e000 08:01 1318873    /usr/lib/i386-linux-gnu/libsensors.so.4.4.0
61d3c000-627ad000 r-xp 00000000 08:01 1347980    /usr/lib/i386-linux-gnu/dri/swrast_dri.so
627ad000-627ae000 ---p 00a71000 08:01 1347980    /usr/lib/i386-linux-gnu/dri/swrast_dri.so
627ae000-627d3000 r--p 00a71000 08:01 1347980    /usr/lib/i386-linux-gnu/dri/swrast_dri.so
627d3000-627dc000 rw-p 00a96000 08:01 1347980    /usr/lib/i386-linux-gnu/dri/swrast_dri.so
627dc000-629d1000 rw-p 00000000 00:00 0 
629d1000-629d8000 r-xp 00000000 08:01 1319001    /usr/lib/i386-linux-gnu/libdatrie.so.1.3.3
629d8000-629d9000 ---p 00007000 08:01 1319001    /usr/lib/i386-linux-gnu/libdatrie.so.1.3.3
629d9000-629da000 r--p 00007000 08:01 1319001    /usr/lib/i386-linux-gnu/libdatrie.so.1.3.3
629da000-629db000 rw-p 00008000 08:01 1319001    /usr/lib/i386-linux-gnu/libdatrie.so.1.3.3
629db000-629e0000 r-xp 00000000 08:01 1314596    /usr/lib/i386-linux-gnu/libXdmcp.so.6.0.0
629e0000-629e1000 r--p 00004000 08:01 1314596    /usr/lib/i386-linux-gnu/libXdmcp.so.6.0.0
629e1000-629e2000 rw-p 00005000 08:01 1314596    /usr/lib/i386-linux-gnu/libXdmcp.so.6.0.0
629e2000-629e4000 r-xp 00000000 08:01 1314590    /usr/lib/i386-linux-gnu/libXau.so.6.0.0
629e4000-629e5000 r--p 00001000 08:01 1314590    /usr/lib/i386-linux-gnu/libXau.so.6.0.0
629e5000-629e6000 rw-p 00002000 08:01 1314590    /usr/lib/i386-linux-gnu/libXau.so.6.0.0
629e6000-62a0b000 r-xp 00000000 08:01 1313463    /usr/lib/i386-linux-gnu/libgraphite2.so.3.0.1
62a0b000-62a0c000 ---p 00025000 08:01 1313463    /usr/lib/i386-linux-gnu/libgraphite2.so.3.0.1
62a0c000-62a0d000 r--p 00025000 08:01 1313463    /usr/lib/i386-linux-gnu/libgraphite2.so.3.0.1
62a0d000-62a0e000 rw-p 00026000 08:01 1313463    /usr/lib/i386-linux-gnu/libgraphite2.so.3.0.1
62a0e000-62a1f000 r-xp 00000000 08:01 1345646    /usr/lib/i386-linux-gnu/libdrm.so.2.4.0
62a1f000-62a20000 r--p 00010000 08:01 1345646    /usr/lib/i386-linux-gnu/libdrm.so.2.4.0
62a20000-62a21000 rw-p 00011000 08:01 1345646    /usr/lib/i386-linux-gnu/libdrm.so.2.4.0
62a21000-62a25000 r-xp 00000000 08:01 1313583    /usr/lib/i386-linux-gnu/libxcb-dri2.so.0.0.0
62a25000-62a26000 r--p 00003000 08:01 1313583    /usr/lib/i386-linux-gnu/libxcb-dri2.so.0.0.0
62a26000-62a27000 rw-p 00004000 08:01 1313583    /usr/lib/i386-linux-gnu/libxcb-dri2.so.0.0.0
62a27000-62a3f000 r-xp 00000000 08:01 1315203    /usr/lib/i386-linux-gnu/libxcb-glx.so.0.0.0
62a3f000-62a40000 ---p 00018000 08:01 1315203    /usr/lib/i386-linux-gnu/libxcb-glx.so.0.0.0
62a40000-62a41000 r--p 00018000 08:01 1315203    /usr/lib/i386-linux-gnu/libxcb-glx.so.0.0.0
62a41000-62a42000 rw-p 00019000 08:01 1315203    /usr/lib/i386-linux-gnu/libxcb-glx.so.0.0.0
62a42000-62a55000 r-xp 00000000 08:01 1325890    /usr/lib/i386-linux-gnu/libglapi.so.0.0.0
62a55000-62a56000 ---p 00013000 08:01 1325890    /usr/lib/i386-linux-gnu/libglapi.so.0.0.0
62a56000-62a58000 r--p 00013000 08:01 1325890    /usr/lib/i386-linux-gnu/libglapi.so.0.0.0
62a58000-62a5e000 rwxp 00015000 08:01 1325890    /usr/lib/i386-linux-gnu/libglapi.so.0.0.0
62a5e000-62a63000 r-xp 00000000 08:01 1323038    /usr/lib/i386-linux-gnu/libxcb-sync.so.1.0.0
62a63000-62a64000 ---p 00005000 08:01 1323038    /usr/lib/i386-linux-gnu/libxcb-sync.so.1.0.0
62a64000-62a65000 r--p 00005000 08:01 1323038    /usr/lib/i386-linux-gnu/libxcb-sync.so.1.0.0
62a65000-62a66000 rw-p 00006000 08:01 1323038    /usr/lib/i386-linux-gnu/libxcb-sync.so.1.0.0
62a66000-62a68000 r-xp 00000000 08:01 1315005    /usr/lib/i386-linux-gnu/libxcb-present.so.0.0.0
62a68000-62a69000 r--p 00001000 08:01 1315005    /usr/lib/i386-linux-gnu/libxcb-present.so.0.0.0
62a69000-62a6a000 rw-p 00002000 08:01 1315005    /usr/lib/i386-linux-gnu/libxcb-present.so.0.0.0
62a6a000-62add000 r-xp 00000000 08:01 549519     /lib/i386-linux-gnu/libpcre.so.3.13.2
62add000-62ade000 r--p 00072000 08:01 549519     /lib/i386-linux-gnu/libpcre.so.3.13.2
62ade000-62adf000 rw-p 00073000 08:01 549519     /lib/i386-linux-gnu/libpcre.so.3.13.2
62adf000-62ae6000 r-xp 00000000 08:01 1311491    /usr/lib/i386-linux-gnu/libffi.so.6.0.4
62ae6000-62ae7000 r--p 00006000 08:01 1311491    /usr/lib/i386-linux-gnu/libffi.so.6.0.4
62ae7000-62ae8000 rw-p 00007000 08:01 1311491    /usr/lib/i386-linux-gnu/libffi.so.6.0.4
62ae8000-62b0e000 r-xp 00000000 08:01 524515     /lib/i386-linux-gnu/libexpat.so.1.6.0
62b0e000-62b0f000 ---p 00026000 08:01 524515     /lib/i386-linux-gnu/libexpat.so.1.6.0
62b0f000-62b11000 r--p 00026000 08:01 524515     /lib/i386-linux-gnu/libexpat.so.1.6.0
62b11000-62b12000 rw-p 00028000 08:01 524515     /lib/i386-linux-gnu/libexpat.so.1.6.0
62b12000-62b1b000 r-xp 00000000 08:01 1319005    /usr/lib/i386-linux-gnu/libthai.so.0.2.4
62b1b000-62b1c000 r--p 00008000 08:01 1319005    /usr/lib/i386-linux-gnu/libthai.so.0.2.4
62b1c000-62b1d000 rw-p 00009000 08:01 1319005    /usr/lib/i386-linux-gnu/libthai.so.0.2.4
62b1d000-62b41000 r-xp 00000000 08:01 1314593    /usr/lib/i386-linux-gnu/libxcb.so.1.1.0
62b41000-62b42000 r--p 00023000 08:01 1314593    /usr/lib/i386-linux-gnu/libxcb.so.1.1.0
62b42000-62b43000 rw-p 00024000 08:01 1314593    /usr/lib/i386-linux-gnu/libxcb.so.1.1.0
62b43000-62b4c000 r-xp 00000000 08:01 1314599    /usr/lib/i386-linux-gnu/libxcb-render.so.0.0.0
62b4c000-62b4d000 r--p 00008000 08:01 1314599    /usr/lib/i386-linux-gnu/libxcb-render.so.0.0.0
62b4d000-62b4e000 rw-p 00009000 08:01 1314599    /usr/lib/i386-linux-gnu/libxcb-render.so.0.0.0
62b4e000-62b77000 r-xp 00000000 08:01 549610     /lib/i386-linux-gnu/libpng12.so.0.54.0
62b77000-62b78000 r--p 00028000 08:01 549610     /lib/i386-linux-gnu/libpng12.so.0.54.0
62b78000-62b79000 rw-p 00029000 08:01 549610     /lib/i386-linux-gnu/libpng12.so.0.54.0
62b79000-62c22000 r-xp 00000000 08:01 1312402    /usr/lib/i386-linux-gnu/libpixman-1.so.0.33.6
62c22000-62c28000 r--p 000a8000 08:01 1312402    /usr/lib/i386-linux-gnu/libpixman-1.so.0.33.6
62c28000-62c29000 rw-p 000ae000 08:01 1312402    /usr/lib/i386-linux-gnu/libpixman-1.so.0.33.6
62c29000-62c8b000 r-xp 00000000 08:01 1319111    /usr/lib/i386-linux-gnu/libharfbuzz.so.0.10000.1
62c8b000-62c8c000 r--p 00061000 08:01 1319111    /usr/lib/i386-linux-gnu/libharfbuzz.so.0.10000.1
62c8c000-62c8d000 rw-p 00062000 08:01 1319111    /usr/lib/i386-linux-gnu/libharfbuzz.so.0.10000.1
62c8d000-62ca1000 r-xp 00000000 08:01 547953     /lib/i386-linux-gnu/libresolv-2.23.so
62ca1000-62ca2000 ---p 00014000 08:01 547953     /lib/i386-linux-gnu/libresolv-2.23.so
62ca2000-62ca3000 r--p 00014000 08:01 547953     /lib/i386-linux-gnu/libresolv-2.23.so
62ca3000-62ca4000 rw-p 00015000 08:01 547953     /lib/i386-linux-gnu/libresolv-2.23.so
62ca4000-62ca6000 rw-p 00000000 00:00 0 
62ca6000-62cc8000 r-xp 00000000 08:01 546459     /lib/i386-linux-gnu/libselinux.so.1
62cc8000-62cc9000 ---p 00022000 08:01 546459     /lib/i386-linux-gnu/libselinux.so.1
62cc9000-62cca000 r--p 00022000 08:01 546459     /lib/i386-linux-gnu/libselinux.so.1
62cca000-62ccb000 rw-p 00023000 08:01 546459     /lib/i386-linux-gnu/libselinux.so.1
62ccb000-62ccc000 rw-p 00000000 00:00 0 
62ccc000-62ce5000 r-xp 00000000 08:01 524338     /lib/i386-linux-gnu/libz.so.1.2.8
62ce5000-62ce6000 r--p 00018000 08:01 524338     /lib/i386-linux-gnu/libz.so.1.2.8
62ce6000-62ce7000 rw-p 00019000 08:01 524338     /lib/i386-linux-gnu/libz.so.1.2.8
62ce7000-62cfa000 r-xp 00000000 08:01 1314940    /usr/lib/i386-linux-gnu/libXext.so.6.4.0
62cfa000-62cfb000 r--p 00012000 08:01 1314940    /usr/lib/i386-linux-gnu/libXext.so.6.4.0
62cfb000-62cfc000 rw-p 00013000 08:01 1314940    /usr/lib/i386-linux-gnu/libXext.so.6.4.0
62cfc000-62e69000 r-xp 00000000 08:01 1318002    /usr/lib/i386-linux-gnu/libstdc++.so.6.0.21
62e69000-62e6a000 ---p 0016d000 08:01 1318002    /usr/lib/i386-linux-gnu/libstdc++.so.6.0.21
62e6a000-62e6f000 r--p 0016d000 08:01 1318002    /usr/lib/i386-linux-gnu/libstdc++.so.6.0.21
62e6f000-62e70000 rw-p 00172000 08:01 1318002    /usr/lib/i386-linux-gnu/libstdc++.so.6.0.21
62e70000-62e73000 rw-p 00000000 00:00 0 
62e73000-62edb000 r-xp 00000000 08:01 1315318    /usr/lib/i386-linux-gnu/mesa/libGL.so.1.2.0
62edb000-62edc000 ---p 00068000 08:01 1315318    /usr/lib/i386-linux-gnu/mesa/libGL.so.1.2.0
62edc000-62ede000 r--p 00068000 08:01 1315318    /usr/lib/i386-linux-gnu/mesa/libGL.so.1.2.0
62ede000-62ee3000 rwxp 0006a000 08:01 1315318    /usr/lib/i386-linux-gnu/mesa/libGL.so.1.2.0
62ee3000-63029000 r-xp 00000000 08:01 1314934    /usr/lib/i386-linux-gnu/libX11.so.6.3.0
63029000-6302a000 ---p 00146000 08:01 1314934    /usr/lib/i386-linux-gnu/libX11.so.6.3.0
6302a000-6302b000 r--p 00146000 08:01 1314934    /usr/lib/i386-linux-gnu/libX11.so.6.3.0
6302b000-6302d000 rw-p 00147000 08:01 1314934    /usr/lib/i386-linux-gnu/libX11.so.6.3.0
6302d000-6302e000 rw-p 00000000 00:00 0 
6302e000-63155000 r-xp 00000000 08:01 546543     /lib/i386-linux-gnu/libglib-2.0.so.0.4800.2
63155000-63156000 r--p 00126000 08:01 546543     /lib/i386-linux-gnu/libglib-2.0.so.0.4800.2
63156000-63157000 rw-p 00127000 08:01 546543     /lib/i386-linux-gnu/libglib-2.0.so.0.4800.2
63157000-631b3000 r-xp 00000000 08:01 1317844    /usr/lib/i386-linux-gnu/libgobject-2.0.so.0.4800.2
631b3000-631b4000 ---p 0005c000 08:01 1317844    /usr/lib/i386-linux-gnu/libgobject-2.0.so.0.4800.2
631b4000-631b5000 r--p 0005c000 08:01 1317844    /usr/lib/i386-linux-gnu/libgobject-2.0.so.0.4800.2
631b5000-631b6000 rw-p 0005d000 08:01 1317844    /usr/lib/i386-linux-gnu/libgobject-2.0.so.0.4800.2
631b6000-631f8000 r-xp 00000000 08:01 1317809    /usr/lib/i386-linux-gnu/libfontconfig.so.1.9.0
631f8000-631f9000 ---p 00042000 08:01 1317809    /usr/lib/i386-linux-gnu/libfontconfig.so.1.9.0
631f9000-631fa000 r--p 00042000 08:01 1317809    /usr/lib/i386-linux-gnu/libfontconfig.so.1.9.0
631fa000-631ff000 rw-p 00043000 08:01 1317809    /usr/lib/i386-linux-gnu/libfontconfig.so.1.9.0
631ff000-632aa000 r-xp 00000000 08:01 1315068    /usr/lib/i386-linux-gnu/libfreetype.so.6.12.1
632aa000-632ae000 r--p 000aa000 08:01 1315068    /usr/lib/i386-linux-gnu/libfreetype.so.6.12.1
632ae000-632af000 rw-p 000ae000 08:01 1315068    /usr/lib/i386-linux-gnu/libfreetype.so.6.12.1
632af000-632fd000 r-xp 00000000 08:01 1319103    /usr/lib/i386-linux-gnu/libpango-1.0.so.0.3800.1
632fd000-632fe000 ---p 0004e000 08:01 1319103    /usr/lib/i386-linux-gnu/libpango-1.0.so.0.3800.1
632fe000-632ff000 r--p 0004e000 08:01 1319103    /usr/lib/i386-linux-gnu/libpango-1.0.so.0.3800.1
632ff000-63300000 rw-p 0004f000 08:01 1319103    /usr/lib/i386-linux-gnu/libpango-1.0.so.0.3800.1
63300000-6343d000 r-xp 00000000 08:01 1318053    /usr/lib/i386-linux-gnu/libcairo.so.2.11400.6
6343d000-6343f000 r--p 0013c000 08:01 1318053    /usr/lib/i386-linux-gnu/libcairo.so.2.11400.6
6343f000-63440000 rw-p 0013e000 08:01 1318053    /usr/lib/i386-linux-gnu/libcairo.so.2.11400.6
63440000-63441000 rw-p 00000000 00:00 0 
63441000-63605000 r-xp 00000000 08:01 1317845    /usr/lib/i386-linux-gnu/libgio-2.0.so.0.4800.2
63605000-63606000 ---p 001c4000 08:01 1317845    /usr/lib/i386-linux-gnu/libgio-2.0.so.0.4800.2
63606000-63608000 r--p 001c4000 08:01 1317845    /usr/lib/i386-linux-gnu/libgio-2.0.so.0.4800.2
63608000-63609000 rw-p 001c6000 08:01 1317845    /usr/lib/i386-linux-gnu/libgio-2.0.so.0.4800.2
63609000-6360a000 rw-p 00000000 00:00 0 
6360a000-63af7000 r-xp 00000000 08:01 1325455    /usr/lib/i386-linux-gnu/libgtk-x11-2.0.so.0.2400.30
63af7000-63af8000 ---p 004ed000 08:01 1325455    /usr/lib/i386-linux-gnu/libgtk-x11-2.0.so.0.2400.30
63af8000-63afc000 r--p 004ed000 08:01 1325455    /usr/lib/i386-linux-gnu/libgtk-x11-2.0.so.0.2400.30
63afc000-63afe000 rw-p 004f1000 08:01 1325455    /usr/lib/i386-linux-gnu/libgtk-x11-2.0.so.0.2400.30
63afe000-63b00000 rw-p 00000000 00:00 0 
63b00000-63bfe000 rw-p 00000000 00:00 0 
63bfe000-63c00000 ---p 00000000 00:00 0 
63c03000-63c05000 r-xp 00000000 08:01 1313615    /usr/lib/i386-linux-gnu/libxcb-dri3.so.0.0.0
63c05000-63c06000 r--p 00001000 08:01 1313615    /usr/lib/i386-linux-gnu/libxcb-dri3.so.0.0.0
63c06000-63c07000 rw-p 00002000 08:01 1313615    /usr/lib/i386-linux-gnu/libxcb-dri3.so.0.0.0
63c07000-63c09000 r-xp 00000000 08:01 1314938    /usr/lib/i386-linux-gnu/libxcb-shm.so.0.0.0
63c09000-63c0a000 r--p 00001000 08:01 1314938    /usr/lib/i386-linux-gnu/libxcb-shm.so.0.0.0
63c0a000-63c0b000 rw-p 00002000 08:01 1314938    /usr/lib/i386-linux-gnu/libxcb-shm.so.0.0.0
63c0b000-63c14000 r-xp 00000000 08:01 1317279    /usr/lib/i386-linux-gnu/libXcursor.so.1.0.2
63c14000-63c15000 r--p 00008000 08:01 1317279    /usr/lib/i386-linux-gnu/libXcursor.so.1.0.2
63c15000-63c16000 rw-p 00009000 08:01 1317279    /usr/lib/i386-linux-gnu/libXcursor.so.1.0.2
63c16000-63c21000 r-xp 00000000 08:01 1324240    /usr/lib/i386-linux-gnu/libXrandr.so.2.2.0
63c21000-63c22000 r--p 0000a000 08:01 1324240    /usr/lib/i386-linux-gnu/libXrandr.so.2.2.0
63c22000-63c23000 rw-p 0000b000 08:01 1324240    /usr/lib/i386-linux-gnu/libXrandr.so.2.2.0
63c23000-63c3f000 r-xp 00000000 08:01 549621     /lib/i386-linux-gnu/libgcc_s.so.1
63c3f000-63c40000 rw-p 0001b000 08:01 549621     /lib/i386-linux-gnu/libgcc_s.so.1
63c40000-63cfd000 r-xp 00000000 08:01 1325452    /usr/lib/i386-linux-gnu/libgdk-x11-2.0.so.0.2400.30
63cfd000-63cff000 r--p 000bc000 08:01 1325452    /usr/lib/i386-linux-gnu/libgdk-x11-2.0.so.0.2400.30
63cff000-63d00000 rw-p 000be000 08:01 1325452    /usr/lib/i386-linux-gnu/libgdk-x11-2.0.so.0.2400.30
63d00000-63e00000 rw-p 00000000 00:00 0 
63e00000-63e01000 r-xp 00000000 08:01 1317255    /usr/lib/i386-linux-gnu/libX11-xcb.so.1.0.0
63e01000-63e02000 r--p 00000000 08:01 1317255    /usr/lib/i386-linux-gnu/libX11-xcb.so.1.0.0
63e02000-63e03000 rw-p 00001000 08:01 1317255    /usr/lib/i386-linux-gnu/libX11-xcb.so.1.0.0
63e03000-63e05000 r-xp 00000000 08:01 1313623    /usr/lib/i386-linux-gnu/libXdamage.so.1.1.0
63e05000-63e06000 r--p 00001000 08:01 1313623    /usr/lib/i386-linux-gnu/libXdamage.so.1.1.0
63e06000-63e07000 rw-p 00002000 08:01 1313623    /usr/lib/i386-linux-gnu/libXdamage.so.1.1.0
63e07000-63e2e000 r-xp 00000000 08:01 1331938    /usr/lib/i386-linux-gnu/libgdk_pixbuf-2.0.so.0.3200.2
63e2e000-63e2f000 r--p 00026000 08:01 1331938    /usr/lib/i386-linux-gnu/libgdk_pixbuf-2.0.so.0.3200.2
63e2f000-63e30000 rw-p 00027000 08:01 1331938    /usr/lib/i386-linux-gnu/libgdk_pixbuf-2.0.so.0.3200.2
63e30000-63e33000 ---p 00000000 00:00 0 
63e33000-63e81000 rw-p 00000000 00:00 0 
63e81000-63f16000 r--s 01110000 08:01 1366606    /usr/lib/jvm/java-8-oracle/jre/lib/ext/jfxrt.jar
63f16000-63f17000 ---p 00000000 00:00 0 
63f17000-63f97000 rw-p 00000000 00:00 0 
63f97000-63f9a000 ---p 00000000 00:00 0 
63f9a000-63fe8000 rw-p 00000000 00:00 0 
63fe8000-63feb000 ---p 00000000 00:00 0 
63feb000-64069000 rw-p 00000000 00:00 0 
64069000-6406c000 ---p 00000000 00:00 0 
6406c000-640ea000 rw-p 00000000 00:00 0 
640ea000-640ed000 ---p 00000000 00:00 0 
640ed000-6416b000 rw-p 00000000 00:00 0 
6416b000-6416e000 ---p 00000000 00:00 0 
6416e000-641bc000 rw-p 00000000 00:00 0 
641bc000-641bf000 ---p 00000000 00:00 0 
641bf000-6420d000 rw-p 00000000 00:00 0 
6420d000-64210000 ---p 00000000 00:00 0 
64210000-6425e000 rw-p 00000000 00:00 0 
6425e000-64261000 ---p 00000000 00:00 0 
64261000-642af000 rw-p 00000000 00:00 0 
642af000-642b2000 ---p 00000000 00:00 0 
642b2000-64300000 rw-p 00000000 00:00 0 
64300000-643fe000 rw-p 00000000 00:00 0 
643fe000-64400000 ---p 00000000 00:00 0 
64400000-64421000 rw-p 00000000 00:00 0 
64421000-64500000 ---p 00000000 00:00 0 
64500000-645ff000 rw-p 00000000 00:00 0 
645ff000-64600000 ---p 00000000 00:00 0 
64600000-64602000 r-xp 00000000 08:01 1319141    /usr/lib/i386-linux-gnu/libXcomposite.so.1.0.0
64602000-64603000 r--p 00001000 08:01 1319141    /usr/lib/i386-linux-gnu/libXcomposite.so.1.0.0
64603000-64604000 rw-p 00002000 08:01 1319141    /usr/lib/i386-linux-gnu/libXcomposite.so.1.0.0
64604000-64615000 r-xp 00000000 08:01 1317424    /usr/lib/i386-linux-gnu/libXi.so.6.1.0
64615000-64616000 r--p 00010000 08:01 1317424    /usr/lib/i386-linux-gnu/libXi.so.6.1.0
64616000-64617000 rw-p 00011000 08:01 1317424    /usr/lib/i386-linux-gnu/libXi.so.6.1.0
64617000-64623000 r-xp 00000000 08:01 1319107    /usr/lib/i386-linux-gnu/libpangocairo-1.0.so.0.3800.1
64623000-64624000 r--p 0000b000 08:01 1319107    /usr/lib/i386-linux-gnu/libpangocairo-1.0.so.0.3800.1
64624000-64625000 rw-p 0000c000 08:01 1319107    /usr/lib/i386-linux-gnu/libpangocairo-1.0.so.0.3800.1
64625000-64628000 ---p 00000000 00:00 0 
64628000-64676000 rw-p 00000000 00:00 0 
64676000-64677000 ---p 00000000 00:00 0 
64677000-64746000 rw-p 00000000 00:00 0 
64746000-64920000 r--s 03d4d000 08:01 1366594    /usr/lib/jvm/java-8-oracle/jre/lib/rt.jar
64920000-64d66000 rw-p 00000000 00:00 0 
64d66000-64d6c000 ---p 00000000 00:00 0 
64d6c000-67100000 rw-p 00000000 00:00 0 
67100000-67121000 rw-p 00000000 00:00 0 
67121000-67200000 ---p 00000000 00:00 0 
67200000-6720a000 r-xp 00000000 08:01 1314605    /usr/lib/i386-linux-gnu/libXrender.so.1.3.0
6720a000-6720b000 r--p 00009000 08:01 1314605    /usr/lib/i386-linux-gnu/libXrender.so.1.3.0
6720b000-6720c000 rw-p 0000a000 08:01 1314605    /usr/lib/i386-linux-gnu/libXrender.so.1.3.0
6720c000-67222000 r-xp 00000000 08:01 1319127    /usr/lib/i386-linux-gnu/libpangoft2-1.0.so.0.3800.1
67222000-67223000 r--p 00015000 08:01 1319127    /usr/lib/i386-linux-gnu/libpangoft2-1.0.so.0.3800.1
67223000-67224000 rw-p 00016000 08:01 1319127    /usr/lib/i386-linux-gnu/libpangoft2-1.0.so.0.3800.1
67224000-6727f000 rw-p 00000000 00:00 0 
6727f000-67280000 ---p 00000000 00:00 0 
67280000-67300000 rw-p 00000000 00:00 0 
67300000-673b1000 rw-p 00000000 00:00 0 
673b1000-67400000 ---p 00000000 00:00 0 
67400000-674d5000 rw-p 00000000 00:00 0 
674d5000-67500000 ---p 00000000 00:00 0 
67500000-67521000 rw-p 00000000 00:00 0 
67521000-67600000 ---p 00000000 00:00 0 
67600000-67602000 r-xp 00000000 08:01 1317285    /usr/lib/i386-linux-gnu/libXinerama.so.1.0.0
67602000-67603000 r--p 00001000 08:01 1317285    /usr/lib/i386-linux-gnu/libXinerama.so.1.0.0
67603000-67604000 rw-p 00002000 08:01 1317285    /usr/lib/i386-linux-gnu/libXinerama.so.1.0.0
67604000-67609000 r-xp 00000000 08:01 1317362    /usr/lib/i386-linux-gnu/libXfixes.so.3.1.0
67609000-6760a000 r--p 00004000 08:01 1317362    /usr/lib/i386-linux-gnu/libXfixes.so.3.1.0
6760a000-6760b000 rw-p 00005000 08:01 1317362    /usr/lib/i386-linux-gnu/libXfixes.so.3.1.0
6760b000-6762f000 r-xp 00000000 08:01 1318049    /usr/lib/i386-linux-gnu/libatk-1.0.so.0.21809.1
6762f000-67631000 r--p 00023000 08:01 1318049    /usr/lib/i386-linux-gnu/libatk-1.0.so.0.21809.1
67631000-67632000 rw-p 00025000 08:01 1318049    /usr/lib/i386-linux-gnu/libatk-1.0.so.0.21809.1
67632000-67633000 ---p 00000000 00:00 0 
67633000-676c9000 rw-p 00000000 00:00 0 
676c9000-67805000 ---p 00000000 00:00 0 
67805000-6781b000 rw-p 00000000 00:00 0 
6781b000-67956000 ---p 00000000 00:00 0 
67956000-67961000 rw-p 00000000 00:00 0 
67961000-679ff000 ---p 00000000 00:00 0 
679ff000-6a4c0000 rw-p 00000000 00:00 0 
6a4c0000-91cc0000 ---p 00000000 00:00 0 
91cc0000-93200000 rw-p 00000000 00:00 0 
93200000-a6e00000 ---p 00000000 00:00 0 
a6e00000-a6e01000 r-xp 00000000 08:01 1313660    /usr/lib/i386-linux-gnu/libxshmfence.so.1.0.0
a6e01000-a6e02000 r--p 00000000 08:01 1313660    /usr/lib/i386-linux-gnu/libxshmfence.so.1.0.0
a6e02000-a6e03000 rw-p 00001000 08:01 1313660    /usr/lib/i386-linux-gnu/libxshmfence.so.1.0.0
a6e03000-a6e08000 r-xp 00000000 08:01 1317290    /usr/lib/i386-linux-gnu/libXxf86vm.so.1.0.0
a6e08000-a6e09000 r--p 00004000 08:01 1317290    /usr/lib/i386-linux-gnu/libXxf86vm.so.1.0.0
a6e09000-a6e0a000 rw-p 00005000 08:01 1317290    /usr/lib/i386-linux-gnu/libXxf86vm.so.1.0.0
a6e0c000-a6e0d000 r-xp 00000000 08:01 1382674    /usr/lib/libxProjectCAMLib.so
a6e0d000-a6e0e000 r--p 00000000 08:01 1382674    /usr/lib/libxProjectCAMLib.so
a6e0e000-a6e0f000 rw-p 00001000 08:01 1382674    /usr/lib/libxProjectCAMLib.so
a6e0f000-a6e14000 r-xp 00000000 08:01 262374     /usr/lib/i386-linux-gnu/gtk-2.0/modules/libcanberra-gtk-module.so
a6e14000-a6e15000 r--p 00004000 08:01 262374     /usr/lib/i386-linux-gnu/gtk-2.0/modules/libcanberra-gtk-module.so
a6e15000-a6e16000 rw-p 00005000 08:01 262374     /usr/lib/i386-linux-gnu/gtk-2.0/modules/libcanberra-gtk-module.so
a6e16000-a6e25000 r-xp 00000000 08:01 1366656    /usr/lib/jvm/java-8-oracle/jre/lib/i386/libprism_sw.so
a6e25000-a6e26000 rw-p 0000f000 08:01 1366656    /usr/lib/jvm/java-8-oracle/jre/lib/i386/libprism_sw.so
a6e26000-a6e3e000 rw-p 00000000 00:00 0 
a6e3e000-a6e3f000 ---p 00000000 00:00 0 
a6e3f000-a6ebf000 rw-p 00000000 00:00 0 
a6ebf000-a6ec0000 ---p 00000000 00:00 0 
a6ec0000-a6f49000 rw-p 00000000 00:00 0 
a6f49000-a7300000 ---p 00000000 00:00 0 
a7300000-a7540000 rwxp 00000000 00:00 0 
a7540000-b6300000 ---p 00000000 00:00 0 
b6300000-b6500000 r--p 00000000 08:01 1357384    /usr/lib/locale/locale-archive
b6500000-b65fd000 rw-p 00000000 00:00 0 
b65fd000-b6600000 ---p 00000000 00:00 0 
b6600000-b6605000 r-xp 00000000 08:01 1317291    /usr/lib/i386-linux-gnu/libXtst.so.6.1.0
b6605000-b6606000 r--p 00004000 08:01 1317291    /usr/lib/i386-linux-gnu/libXtst.so.6.1.0
b6606000-b6607000 rw-p 00005000 08:01 1317291    /usr/lib/i386-linux-gnu/libXtst.so.6.1.0
b6607000-b660a000 r-xp 00000000 08:01 1317842    /usr/lib/i386-linux-gnu/libgmodule-2.0.so.0.4800.2
b660a000-b660b000 r--p 00002000 08:01 1317842    /usr/lib/i386-linux-gnu/libgmodule-2.0.so.0.4800.2
b660b000-b660c000 rw-p 00003000 08:01 1317842    /usr/lib/i386-linux-gnu/libgmodule-2.0.so.0.4800.2
b660c000-b6625000 r-xp 00000000 08:01 1366671    /usr/lib/jvm/java-8-oracle/jre/lib/i386/libzip.so
b6625000-b6626000 rw-p 00019000 08:01 1366671    /usr/lib/jvm/java-8-oracle/jre/lib/i386/libzip.so
b6626000-b6631000 r-xp 00000000 08:01 529614     /lib/i386-linux-gnu/libnss_files-2.23.so
b6631000-b6632000 r--p 0000a000 08:01 529614     /lib/i386-linux-gnu/libnss_files-2.23.so
b6632000-b6633000 rw-p 0000b000 08:01 529614     /lib/i386-linux-gnu/libnss_files-2.23.so
b6633000-b6639000 rw-p 00000000 00:00 0 
b6639000-b6644000 r-xp 00000000 08:01 547027     /lib/i386-linux-gnu/libnss_nis-2.23.so
b6644000-b6645000 r--p 0000a000 08:01 547027     /lib/i386-linux-gnu/libnss_nis-2.23.so
b6645000-b6646000 rw-p 0000b000 08:01 547027     /lib/i386-linux-gnu/libnss_nis-2.23.so
b6646000-b665d000 r-xp 00000000 08:01 529608     /lib/i386-linux-gnu/libnsl-2.23.so
b665d000-b665e000 r--p 00016000 08:01 529608     /lib/i386-linux-gnu/libnsl-2.23.so
b665e000-b665f000 rw-p 00017000 08:01 529608     /lib/i386-linux-gnu/libnsl-2.23.so
b665f000-b6661000 rw-p 00000000 00:00 0 
b6661000-b6662000 r-xp 00000000 08:01 1317843    /usr/lib/i386-linux-gnu/libgthread-2.0.so.0.4800.2
b6662000-b6663000 r--p 00000000 08:01 1317843    /usr/lib/i386-linux-gnu/libgthread-2.0.so.0.4800.2
b6663000-b6664000 rw-p 00001000 08:01 1317843    /usr/lib/i386-linux-gnu/libgthread-2.0.so.0.4800.2
b6664000-b666f000 r-xp 00000000 08:01 1366645    /usr/lib/jvm/java-8-oracle/jre/lib/i386/libprism_es2.so
b666f000-b6670000 rw-p 0000a000 08:01 1366645    /usr/lib/jvm/java-8-oracle/jre/lib/i386/libprism_es2.so
b6670000-b6671000 r--s 00001000 08:01 1197482    /home/ubuntu/NetBeansProjects/xProjectCAM/dist/run885789528/xProjectCAM-JOL.jar
b6671000-b6674000 r-xp 00000000 08:01 1366678    /usr/lib/jvm/java-8-oracle/jre/lib/i386/libdt_socket.so
b6674000-b6675000 rw-p 00003000 08:01 1366678    /usr/lib/jvm/java-8-oracle/jre/lib/i386/libdt_socket.so
b6675000-b667d000 rw-s 00000000 08:01 670489     /tmp/hsperfdata_root/13292
b667d000-b66b4000 r-xp 00000000 08:01 1366672    /usr/lib/jvm/java-8-oracle/jre/lib/i386/libjdwp.so
b66b4000-b66b5000 rw-p 00037000 08:01 1366672    /usr/lib/jvm/java-8-oracle/jre/lib/i386/libjdwp.so
b66b5000-b66d9000 r-xp 00000000 08:01 1366638    /usr/lib/jvm/java-8-oracle/jre/lib/i386/libjava.so
b66d9000-b66da000 rw-p 00024000 08:01 1366638    /usr/lib/jvm/java-8-oracle/jre/lib/i386/libjava.so
b66da000-b66e1000 r-xp 00000000 08:01 547029     /lib/i386-linux-gnu/librt-2.23.so
b66e1000-b66e2000 r--p 00006000 08:01 547029     /lib/i386-linux-gnu/librt-2.23.so
b66e2000-b66e3000 rw-p 00007000 08:01 547029     /lib/i386-linux-gnu/librt-2.23.so
b66e3000-b66e6000 ---p 00000000 00:00 0 
b66e6000-b6734000 rw-p 00000000 00:00 0 
b6734000-b6787000 r-xp 00000000 08:01 547956     /lib/i386-linux-gnu/libm-2.23.so
b6787000-b6788000 r--p 00052000 08:01 547956     /lib/i386-linux-gnu/libm-2.23.so
b6788000-b6789000 rw-p 00053000 08:01 547956     /lib/i386-linux-gnu/libm-2.23.so
b6789000-b711a000 r-xp 00000000 08:01 1366653    /usr/lib/jvm/java-8-oracle/jre/lib/i386/server/libjvm.so
b711a000-b7188000 rw-p 00990000 08:01 1366653    /usr/lib/jvm/java-8-oracle/jre/lib/i386/server/libjvm.so
b7188000-b75b1000 rw-p 00000000 00:00 0 
b75b1000-b7761000 r-xp 00000000 08:01 548079     /lib/i386-linux-gnu/libc-2.23.so
b7761000-b7763000 r--p 001af000 08:01 548079     /lib/i386-linux-gnu/libc-2.23.so
b7763000-b7764000 rw-p 001b1000 08:01 548079     /lib/i386-linux-gnu/libc-2.23.so
b7764000-b7767000 rw-p 00000000 00:00 0 
b7767000-b776a000 r-xp 00000000 08:01 547145     /lib/i386-linux-gnu/libdl-2.23.so
b776a000-b776b000 r--p 00002000 08:01 547145     /lib/i386-linux-gnu/libdl-2.23.so
b776b000-b776c000 rw-p 00003000 08:01 547145     /lib/i386-linux-gnu/libdl-2.23.so
b776c000-b7780000 r-xp 00000000 08:01 1366680    /usr/lib/jvm/java-8-oracle/jre/lib/i386/jli/libjli.so
b7780000-b7781000 rw-p 00014000 08:01 1366680    /usr/lib/jvm/java-8-oracle/jre/lib/i386/jli/libjli.so
b7781000-b779a000 r-xp 00000000 08:01 546475     /lib/i386-linux-gnu/libpthread-2.23.so
b779a000-b779b000 r--p 00018000 08:01 546475     /lib/i386-linux-gnu/libpthread-2.23.so
b779b000-b779c000 rw-p 00019000 08:01 546475     /lib/i386-linux-gnu/libpthread-2.23.so
b779c000-b779e000 rw-p 00000000 00:00 0 
b779e000-b77a6000 r-xp 00000000 08:01 547146     /lib/i386-linux-gnu/libnss_compat-2.23.so
b77a6000-b77a7000 r--p 00007000 08:01 547146     /lib/i386-linux-gnu/libnss_compat-2.23.so
b77a7000-b77a8000 rw-p 00008000 08:01 547146     /lib/i386-linux-gnu/libnss_compat-2.23.so
b77a8000-b77a9000 r--p 002d4000 08:01 1357384    /usr/lib/locale/locale-archive
b77a9000-b77ab000 r-xp 00000000 08:01 1366642    /usr/lib/jvm/java-8-oracle/jre/lib/i386/libnpt.so
b77ab000-b77ac000 rw-p 00001000 08:01 1366642    /usr/lib/jvm/java-8-oracle/jre/lib/i386/libnpt.so
b77ac000-b77ad000 rw-p 00000000 00:00 0 
b77ad000-b77ae000 r--p 00000000 00:00 0 
b77ae000-b77b9000 r-xp 00000000 08:01 1366709    /usr/lib/jvm/java-8-oracle/jre/lib/i386/libverify.so
b77b9000-b77ba000 rw-p 0000b000 08:01 1366709    /usr/lib/jvm/java-8-oracle/jre/lib/i386/libverify.so
b77ba000-b77bc000 rw-p 00000000 00:00 0 
b77bc000-b77be000 r--p 00000000 00:00 0          [vvar]
b77be000-b77bf000 r-xp 00000000 00:00 0          [vdso]
b77bf000-b77e1000 r-xp 00000000 08:01 529610     /lib/i386-linux-gnu/ld-2.23.so
b77e1000-b77e2000 rw-p 00000000 00:00 0 
b77e2000-b77e3000 r--p 00022000 08:01 529610     /lib/i386-linux-gnu/ld-2.23.so
b77e3000-b77e4000 rw-p 00023000 08:01 529610     /lib/i386-linux-gnu/ld-2.23.so
bff93000-bffb4000 rw-p 00000000 00:00 0          [stack]

VM Arguments:
jvm_args: -Xdebug -Xrunjdwp:transport=dt_socket,address=localhost:43253 -Dglass.disableGrab=true -Dfile.encoding=UTF-8 
java_command: /home/ubuntu/NetBeansProjects/xProjectCAM/dist/run885789528/xProjectCAM-JOL.jar
java_class_path (initial): /home/ubuntu/NetBeansProjects/xProjectCAM/dist/run885789528/xProjectCAM-JOL.jar
Launcher Type: SUN_STANDARD

Environment Variables:
PATH=/usr/local/sbin:/usr/local/bin:/usr/sbin:/usr/bin:/sbin:/bin:/snap/bin
USERNAME=root
LD_LIBRARY_PATH=/usr/lib/jvm/java-8-oracle/jre/lib/amd64:/usr/lib/jvm/java-8-oracle/jre/lib/i386:
SHELL=/bin/bash
DISPLAY=:0

Signal Handlers:
SIGSEGV: [libjvm.so+0x8dbed0], sa_mask[0]=11111111011111111101111111111110, sa_flags=SA_RESTART|SA_SIGINFO
SIGBUS: [libjvm.so+0x8dbed0], sa_mask[0]=11111111011111111101111111111110, sa_flags=SA_RESTART|SA_SIGINFO
SIGFPE: [libjvm.so+0x758b80], sa_mask[0]=11111111011111111101111111111110, sa_flags=SA_RESTART|SA_SIGINFO
SIGPIPE: SIG_IGN, sa_mask[0]=00000000000010000000000000000000, sa_flags=SA_RESTART
SIGXFSZ: [libjvm.so+0x758b80], sa_mask[0]=11111111011111111101111111111110, sa_flags=SA_RESTART|SA_SIGINFO
SIGILL: [libjvm.so+0x758b80], sa_mask[0]=11111111011111111101111111111110, sa_flags=SA_RESTART|SA_SIGINFO
SIGUSR1: SIG_DFL, sa_mask[0]=00000000000000000000000000000000, sa_flags=none
SIGUSR2: [libjvm.so+0x75a430], sa_mask[0]=00100000000000000000000000000000, sa_flags=SA_RESTART|SA_SIGINFO
SIGHUP: [libjvm.so+0x75b8e0], sa_mask[0]=11111111011111111101111111111110, sa_flags=SA_RESTART|SA_SIGINFO
SIGINT: SIG_IGN, sa_mask[0]=00000000000000000000000000000000, sa_flags=none
SIGTERM: [libjvm.so+0x75b8e0], sa_mask[0]=11111111011111111101111111111110, sa_flags=SA_RESTART|SA_SIGINFO
SIGQUIT: [libjvm.so+0x75b8e0], sa_mask[0]=11111111011111111101111111111110, sa_flags=SA_RESTART|SA_SIGINFO


---------------  S Y S T E M  ---------------

OS:DISTRIB_ID=Ubuntu
DISTRIB_RELEASE=16.04
DISTRIB_CODENAME=xenial
DISTRIB_DESCRIPTION="Ubuntu 16.04.3 LTS"

uname:Linux 4.4.0-96-generic #119-Ubuntu SMP Tue Sep 12 14:58:51 UTC 2017 i686
libc:glibc 2.23 NPTL 2.23 
rlimit: STACK 8192k, CORE 0k, NPROC 32038, NOFILE 1048576, AS infinity
load average:5.13 1.90 0.96

/proc/meminfo:
MemTotal:        4138752 kB
MemFree:          975396 kB
MemAvailable:    2367052 kB
Buffers:          214020 kB
Cached:          1164916 kB
SwapCached:         3024 kB
Active:          1663148 kB
Inactive:         955884 kB
Active(anon):    1038864 kB
Inactive(anon):   222416 kB
Active(file):     624284 kB
Inactive(file):   733468 kB
Unevictable:           0 kB
Mlocked:               0 kB
HighTotal:       3280840 kB
HighFree:         867744 kB
LowTotal:         857912 kB
LowFree:          107652 kB
SwapTotal:       4192252 kB
SwapFree:        4134872 kB
Dirty:              7884 kB
Writeback:             0 kB
AnonPages:       1238072 kB
Mapped:           252880 kB
Shmem:             21184 kB
Slab:             500176 kB
SReclaimable:     478792 kB
SUnreclaim:        21384 kB
KernelStack:        4408 kB
PageTables:        12468 kB
NFS_Unstable:          0 kB
Bounce:                0 kB
WritebackTmp:          0 kB
CommitLimit:     6261628 kB
Committed_AS:    4752092 kB
VmallocTotal:     122880 kB
VmallocUsed:           0 kB
VmallocChunk:          0 kB
AnonHugePages:    638976 kB
CmaTotal:              0 kB
CmaFree:               0 kB
HugePages_Total:       0
HugePages_Free:        0
HugePages_Rsvd:        0
HugePages_Surp:        0
Hugepagesize:       2048 kB
DirectMap4k:       40952 kB
DirectMap2M:      872448 kB


CPU:total 4 (initial active 4) (4 cores per cpu, 1 threads per core) family 6 model 42 stepping 7, cmov, cx8, fxsr, mmx, sse, sse2, sse3, ssse3, sse4.1, sse4.2, popcnt, avx, aes, clmul, tsc, tscinvbit

/proc/cpuinfo:
processor	: 0
vendor_id	: GenuineIntel
cpu family	: 6
model		: 42
model name	: Intel(R) Core(TM) i7-2630QM CPU @ 2.00GHz
stepping	: 7
cpu MHz		: 2026.088
cache size	: 6144 KB
physical id	: 0
siblings	: 4
core id		: 0
cpu cores	: 4
apicid		: 0
initial apicid	: 0
fdiv_bug	: no
f00f_bug	: no
coma_bug	: no
fpu		: yes
fpu_exception	: yes
cpuid level	: 13
wp		: yes
flags		: fpu vme de pse tsc msr pae mce cx8 apic sep mtrr pge mca cmov pat pse36 clflush mmx fxsr sse sse2 ht nx rdtscp constant_tsc xtopology nonstop_tsc pni pclmulqdq ssse3 cx16 sse4_1 sse4_2 x2apic popcnt aes xsave avx hypervisor lahf_lm
bugs		:
bogomips	: 4052.17
clflush size	: 64
cache_alignment	: 64
address sizes	: 36 bits physical, 48 bits virtual
power management:

processor	: 1
vendor_id	: GenuineIntel
cpu family	: 6
model		: 42
model name	: Intel(R) Core(TM) i7-2630QM CPU @ 2.00GHz
stepping	: 7
cpu MHz		: 2026.088
cache size	: 6144 KB
physical id	: 0
siblings	: 4
core id		: 1
cpu cores	: 4
apicid		: 1
initial apicid	: 1
fdiv_bug	: no
f00f_bug	: no
coma_bug	: no
fpu		: yes
fpu_exception	: yes
cpuid level	: 13
wp		: yes
flags		: fpu vme de pse tsc msr pae mce cx8 apic sep mtrr pge mca cmov pat pse36 clflush mmx fxsr sse sse2 ht nx rdtscp constant_tsc xtopology nonstop_tsc pni pclmulqdq ssse3 cx16 sse4_1 sse4_2 x2apic popcnt aes xsave avx hypervisor lahf_lm
bugs		:
bogomips	: 4052.17
clflush size	: 64
cache_alignment	: 64
address sizes	: 36 bits physical, 48 bits virtual
power management:

processor	: 2
vendor_id	: GenuineIntel
cpu family	: 6
model		: 42
model name	: Intel(R) Core(TM) i7-2630QM CPU @ 2.00GHz
stepping	: 7
cpu MHz		: 2026.088
cache size	: 6144 KB
physical id	: 0
siblings	: 4
core id		: 2
cpu cores	: 4
apicid		: 2
initial apicid	: 2
fdiv_bug	: no
f00f_bug	: no
coma_bug	: no
fpu		: yes
fpu_exception	: yes
cpuid level	: 13
wp		: yes
flags		: fpu vme de pse tsc msr pae mce cx8 apic sep mtrr pge mca cmov pat pse36 clflush mmx fxsr sse sse2 ht nx rdtscp constant_tsc xtopology nonstop_tsc pni pclmulqdq ssse3 cx16 sse4_1 sse4_2 x2apic popcnt aes xsave avx hypervisor lahf_lm
bugs		:
bogomips	: 4052.17
clflush size	: 64
cache_alignment	: 64
address sizes	: 36 bits physical, 48 bits virtual
power management:

processor	: 3
vendor_id	: GenuineIntel
cpu family	: 6
model		: 42
model name	: Intel(R) Core(TM) i7-2630QM CPU @ 2.00GHz
stepping	: 7
cpu MHz		: 2026.088
cache size	: 6144 KB
physical id	: 0
siblings	: 4
core id		: 3
cpu cores	: 4
apicid		: 3
initial apicid	: 3
fdiv_bug	: no
f00f_bug	: no
coma_bug	: no
fpu		: yes
fpu_exception	: yes
cpuid level	: 13
wp		: yes
flags		: fpu vme de pse tsc msr pae mce cx8 apic sep mtrr pge mca cmov pat pse36 clflush mmx fxsr sse sse2 ht nx rdtscp constant_tsc xtopology nonstop_tsc pni pclmulqdq ssse3 cx16 sse4_1 sse4_2 x2apic popcnt aes xsave avx hypervisor lahf_lm
bugs		:
bogomips	: 4052.17
clflush size	: 64
cache_alignment	: 64
address sizes	: 36 bits physical, 48 bits virtual
power management:



Memory: 4k page, physical 4138752k(975396k free), swap 4192252k(4134872k free)

vm_info: Java HotSpot(TM) Server VM (25.144-b01) for linux-x86 JRE (1.8.0_144-b01), built on Jul 22 2017 02:26:52 by "java_re" with gcc 4.3.0 20080428 (Red Hat 4.3.0-8)

time: Thu Sep 28 21:35:32 2017
elapsed time: 1 seconds (0d 0h 0m 1s)

