#
# A fatal error has been detected by the Java Runtime Environment:
#
#  SIGSEGV (0xb) at pc=0x00070002, pid=29962, tid=0x59d7cb40
#
# JRE version: Java(TM) SE Runtime Environment (8.0_144-b01) (build 1.8.0_144-b01)
# Java VM: Java HotSpot(TM) Server VM (25.144-b01 mixed mode linux-x86 )
# Problematic frame:
# C  0x00070002
#
# Failed to write core dump. Core dumps have been disabled. To enable core dumping, try "ulimit -c unlimited" before starting Java again
#
# If you would like to submit a bug report, please visit:
#   http://bugreport.java.com/bugreport/crash.jsp
# The crash happened outside the Java Virtual Machine in native code.
# See problematic frame for where to report the bug.
#

---------------  T H R E A D  ---------------

Current thread (0x59c0a800):  JavaThread "AWT-EventQueue-0" [_thread_in_native, id=30004, stack(0x59d2c000,0x59d7d000)]

siginfo: si_signo: 11 (SIGSEGV), si_code: 1 (SEGV_MAPERR), si_addr: 0x00070002

Registers:
EAX=0x59d79f7c, EBX=0xb64ff16c, ECX=0x00000022, EDX=0x59c0a938
ESP=0x59d79f2c, EBP=0x59d79f68, ESI=0x93124670, EDI=0x59c0a938
EIP=0x00070002, EFLAGS=0x00010206, CR2=0x00070002

Top of Stack: (sp=0x59d79f2c)
0x59d79f2c:   b64e72f7 59c0a938 59d79f7c 00000022
0x59d79f3c:   00000017 59c07200 00000016 b68cd37e
0x59d79f4c:   674298e0 00000001 00000000 b70ae2f0
0x59d79f5c:   648b6220 93124670 59c0a800 59d79f98
0x59d79f6c:   a7435d7b 59c0a938 59d79f7c 59d79f80
0x59d79f7c:   93124670 91fbd530 59964018 00000000
0x59d79f8c:   931240e0 00000000 fffffffe 59d7a02c
0x59d79f9c:   a74b13ac 00000016 59c07200 00000015 

Instructions: (pc=0x00070002)
0x0006ffe2:   
[error occurred during error reporting (printing registers, top of stack, instructions near pc), id 0xb]

Register to memory mapping:

EAX=0x59d79f7c is pointing into the stack for thread: 0x59c0a800
EBX=0xb64ff16c: <offset 0x2416c> in /usr/lib/jvm/java-8-oracle/jre/lib/i386/libjava.so at 0xb64db000
ECX=0x00000022 is an unknown value
EDX=0x59c0a938 is an unknown value
ESP=0x59d79f2c is pointing into the stack for thread: 0x59c0a800
EBP=0x59d79f68 is pointing into the stack for thread: 0x59c0a800
ESI=0x93124670 is an oop
java.lang.ClassLoader$NativeLibrary 
 - klass: 'java/lang/ClassLoader$NativeLibrary'
EDI=0x59c0a938 is an unknown value


Stack: [0x59d2c000,0x59d7d000],  sp=0x59d79f2c,  free space=311k
Native frames: (J=compiled Java code, j=interpreted, Vv=VM code, C=native code)
C  0x00070002
J 641  java.lang.ClassLoader$NativeLibrary.find(Ljava/lang/String;)J (0 bytes) @ 0xa7435d7b [0xa7435ce0+0x9b]
J 851 C1 java.lang.ClassLoader.findNative(Ljava/lang/ClassLoader;Ljava/lang/String;)J (86 bytes) @ 0xa74b13ac [0xa74b0f80+0x42c]
v  ~StubRoutines::call_stub
V  [libjvm.so+0x503b2f]  JavaCalls::call_helper(JavaValue*, methodHandle*, JavaCallArguments*, Thread*)+0x101f
V  [libjvm.so+0x756ef9]  os::os_exception_wrapper(void (*)(JavaValue*, methodHandle*, JavaCallArguments*, Thread*), JavaValue*, methodHandle*, JavaCallArguments*, Thread*)+0x19
V  [libjvm.so+0x5045c4]  JavaCalls::call_static(JavaValue*, KlassHandle, Symbol*, Symbol*, JavaCallArguments*, Thread*)+0x244
V  [libjvm.so+0x504935]  JavaCalls::call_static(JavaValue*, KlassHandle, Symbol*, Symbol*, Handle, Handle, Thread*)+0x55
V  [libjvm.so+0x725466]  NativeLookup::lookup_style(methodHandle, char*, char const*, int, bool, bool&, Thread*)+0x296
V  [libjvm.so+0x725871]  NativeLookup::lookup_entry(methodHandle, bool&, Thread*)+0x181
V  [libjvm.so+0x725fd1]  NativeLookup::lookup_base(methodHandle, bool&, Thread*)+0x91
V  [libjvm.so+0x726265]  NativeLookup::lookup(methodHandle, bool&, Thread*)+0x55
V  [libjvm.so+0x4fcae2]  InterpreterRuntime::prepare_native_call(JavaThread*, Method*)+0xa2
j  jogamp.opengl.gl4.GL4bcImpl.dispatch_glFlush1(J)V+0
j  jogamp.opengl.gl4.GL4bcImpl.glFlush()V+38
j  xprojectcam.root.OGLWindow$1.display(Lcom/jogamp/opengl/GLAutoDrawable;)V+47
j  jogamp.opengl.GLDrawableHelper.displayImpl(Lcom/jogamp/opengl/GLAutoDrawable;)V+62
j  jogamp.opengl.GLDrawableHelper.display(Lcom/jogamp/opengl/GLAutoDrawable;)V+2
j  com.jogamp.opengl.awt.GLJPanel$Updater.display(Lcom/jogamp/opengl/GLAutoDrawable;)V+200
j  com.jogamp.opengl.awt.GLJPanel$10.run()V+11
j  jogamp.opengl.GLDrawableHelper.invokeGLImpl(Lcom/jogamp/opengl/GLDrawable;Lcom/jogamp/opengl/GLContext;Ljava/lang/Runnable;Ljava/lang/Runnable;)V+203
j  jogamp.opengl.GLDrawableHelper.invokeGL(Lcom/jogamp/opengl/GLDrawable;Lcom/jogamp/opengl/GLContext;Ljava/lang/Runnable;Ljava/lang/Runnable;)V+72
j  com.jogamp.opengl.awt.GLJPanel$OffscreenBackend.doPaintComponent(Ljava/awt/Graphics;)V+29
j  com.jogamp.opengl.awt.GLJPanel.paintComponent(Ljava/awt/Graphics;)V+224
j  javax.swing.JComponent.paint(Ljava/awt/Graphics;)V+286
j  javax.swing.JComponent.paintChildren(Ljava/awt/Graphics;)V+501
j  javax.swing.JComponent.paint(Ljava/awt/Graphics;)V+318
j  javax.swing.JComponent.paintChildren(Ljava/awt/Graphics;)V+501
j  javax.swing.JComponent.paint(Ljava/awt/Graphics;)V+318
j  javax.swing.JLayeredPane.paint(Ljava/awt/Graphics;)V+73
j  javax.swing.JComponent.paintChildren(Ljava/awt/Graphics;)V+501
j  javax.swing.JComponent.paintToOffscreen(Ljava/awt/Graphics;IIIIII)V+72
j  javax.swing.BufferStrategyPaintManager.paint(Ljavax/swing/JComponent;Ljavax/swing/JComponent;Ljava/awt/Graphics;IIII)Z+164
j  javax.swing.RepaintManager.paint(Ljavax/swing/JComponent;Ljavax/swing/JComponent;Ljava/awt/Graphics;IIII)V+51
j  javax.swing.JComponent.paint(Ljava/awt/Graphics;)V+221
j  java.awt.GraphicsCallback$PaintCallback.run(Ljava/awt/Component;Ljava/awt/Graphics;)V+2
j  sun.awt.SunGraphicsCallback.runOneComponent(Ljava/awt/Component;Ljava/awt/Rectangle;Ljava/awt/Graphics;Ljava/awt/Shape;I)V+155
j  sun.awt.SunGraphicsCallback.runComponents([Ljava/awt/Component;Ljava/awt/Graphics;I)V+194
j  java.awt.Container.paint(Ljava/awt/Graphics;)V+58
j  java.awt.Window.paint(Ljava/awt/Graphics;)V+68
j  javax.swing.RepaintManager$4.run()Ljava/lang/Void;+142
j  javax.swing.RepaintManager$4.run()Ljava/lang/Object;+1
v  ~StubRoutines::call_stub
V  [libjvm.so+0x503b2f]  JavaCalls::call_helper(JavaValue*, methodHandle*, JavaCallArguments*, Thread*)+0x101f
V  [libjvm.so+0x756ef9]  os::os_exception_wrapper(void (*)(JavaValue*, methodHandle*, JavaCallArguments*, Thread*), JavaValue*, methodHandle*, JavaCallArguments*, Thread*)+0x19
V  [libjvm.so+0x5020ff]  JavaCalls::call(JavaValue*, methodHandle, JavaCallArguments*, Thread*)+0x2f
V  [libjvm.so+0x585630]  JVM_DoPrivileged+0x2a0
C  [libjava.so+0x9fca]  Java_java_security_AccessController_doPrivileged__Ljava_security_PrivilegedAction_2Ljava_security_AccessControlContext_2+0x3a
j  java.security.AccessController.doPrivileged(Ljava/security/PrivilegedAction;Ljava/security/AccessControlContext;)Ljava/lang/Object;+0
j  java.security.ProtectionDomain$JavaSecurityAccessImpl.doIntersectionPrivilege(Ljava/security/PrivilegedAction;Ljava/security/AccessControlContext;Ljava/security/AccessControlContext;)Ljava/lang/Object;+18
j  javax.swing.RepaintManager.paintDirtyRegions(Ljava/util/Map;)V+154
j  javax.swing.RepaintManager.paintDirtyRegions()V+46
j  javax.swing.RepaintManager.prePaintDirtyRegions()V+73
j  javax.swing.RepaintManager.access$1200(Ljavax/swing/RepaintManager;)V+1
j  javax.swing.RepaintManager$ProcessingRunnable.run()V+37
j  java.awt.event.InvocationEvent.dispatch()V+47
j  java.awt.EventQueue.dispatchEventImpl(Ljava/awt/AWTEvent;Ljava/lang/Object;)V+21
j  java.awt.EventQueue.access$500(Ljava/awt/EventQueue;Ljava/awt/AWTEvent;Ljava/lang/Object;)V+3
j  java.awt.EventQueue$3.run()Ljava/lang/Void;+32
j  java.awt.EventQueue$3.run()Ljava/lang/Object;+1
v  ~StubRoutines::call_stub
V  [libjvm.so+0x503b2f]  JavaCalls::call_helper(JavaValue*, methodHandle*, JavaCallArguments*, Thread*)+0x101f
V  [libjvm.so+0x756ef9]  os::os_exception_wrapper(void (*)(JavaValue*, methodHandle*, JavaCallArguments*, Thread*), JavaValue*, methodHandle*, JavaCallArguments*, Thread*)+0x19
V  [libjvm.so+0x5020ff]  JavaCalls::call(JavaValue*, methodHandle, JavaCallArguments*, Thread*)+0x2f
V  [libjvm.so+0x585630]  JVM_DoPrivileged+0x2a0
C  [libjava.so+0x9fca]  Java_java_security_AccessController_doPrivileged__Ljava_security_PrivilegedAction_2Ljava_security_AccessControlContext_2+0x3a
j  java.security.AccessController.doPrivileged(Ljava/security/PrivilegedAction;Ljava/security/AccessControlContext;)Ljava/lang/Object;+0
j  java.security.ProtectionDomain$JavaSecurityAccessImpl.doIntersectionPrivilege(Ljava/security/PrivilegedAction;Ljava/security/AccessControlContext;Ljava/security/AccessControlContext;)Ljava/lang/Object;+18
j  java.awt.EventQueue.dispatchEvent(Ljava/awt/AWTEvent;)V+46
j  java.awt.EventDispatchThread.pumpOneEventForFilters(I)V+245
j  java.awt.EventDispatchThread.pumpEventsForFilter(ILjava/awt/Conditional;Ljava/awt/EventFilter;)V+35
j  java.awt.EventDispatchThread.pumpEventsForHierarchy(ILjava/awt/Conditional;Ljava/awt/Component;)V+11
j  java.awt.EventDispatchThread.pumpEvents(ILjava/awt/Conditional;)V+4
j  java.awt.EventDispatchThread.pumpEvents(Ljava/awt/Conditional;)V+3
j  java.awt.EventDispatchThread.run()V+9
v  ~StubRoutines::call_stub
V  [libjvm.so+0x503b2f]  JavaCalls::call_helper(JavaValue*, methodHandle*, JavaCallArguments*, Thread*)+0x101f
V  [libjvm.so+0x756ef9]  os::os_exception_wrapper(void (*)(JavaValue*, methodHandle*, JavaCallArguments*, Thread*), JavaValue*, methodHandle*, JavaCallArguments*, Thread*)+0x19
V  [libjvm.so+0x503f3c]  JavaCalls::call_virtual(JavaValue*, KlassHandle, Symbol*, Symbol*, JavaCallArguments*, Thread*)+0x25c
V  [libjvm.so+0x50437b]  JavaCalls::call_virtual(JavaValue*, Handle, KlassHandle, Symbol*, Symbol*, Thread*)+0x4b
V  [libjvm.so+0x597790]  thread_entry(JavaThread*, Thread*)+0x90
V  [libjvm.so+0x88e6df]  JavaThread::thread_main_inner()+0xff
V  [libjvm.so+0x88e85b]  JavaThread::run()+0x14b
V  [libjvm.so+0x75e759]  java_start(Thread*)+0x119
C  [libpthread.so.0+0x6295]  start_thread+0xe5
C  [libc.so.6+0xe705e]  clone+0x6e

Java frames: (J=compiled Java code, j=interpreted, Vv=VM code)
J 641  java.lang.ClassLoader$NativeLibrary.find(Ljava/lang/String;)J (0 bytes) @ 0xa7435d37 [0xa7435ce0+0x57]
J 851 C1 java.lang.ClassLoader.findNative(Ljava/lang/ClassLoader;Ljava/lang/String;)J (86 bytes) @ 0xa74b13ac [0xa74b0f80+0x42c]
v  ~StubRoutines::call_stub
j  jogamp.opengl.gl4.GL4bcImpl.dispatch_glFlush1(J)V+0
j  jogamp.opengl.gl4.GL4bcImpl.glFlush()V+38
j  xprojectcam.root.OGLWindow$1.display(Lcom/jogamp/opengl/GLAutoDrawable;)V+47
j  jogamp.opengl.GLDrawableHelper.displayImpl(Lcom/jogamp/opengl/GLAutoDrawable;)V+62
j  jogamp.opengl.GLDrawableHelper.display(Lcom/jogamp/opengl/GLAutoDrawable;)V+2
j  com.jogamp.opengl.awt.GLJPanel$Updater.display(Lcom/jogamp/opengl/GLAutoDrawable;)V+200
j  com.jogamp.opengl.awt.GLJPanel$10.run()V+11
j  jogamp.opengl.GLDrawableHelper.invokeGLImpl(Lcom/jogamp/opengl/GLDrawable;Lcom/jogamp/opengl/GLContext;Ljava/lang/Runnable;Ljava/lang/Runnable;)V+203
j  jogamp.opengl.GLDrawableHelper.invokeGL(Lcom/jogamp/opengl/GLDrawable;Lcom/jogamp/opengl/GLContext;Ljava/lang/Runnable;Ljava/lang/Runnable;)V+72
j  com.jogamp.opengl.awt.GLJPanel$OffscreenBackend.doPaintComponent(Ljava/awt/Graphics;)V+29
j  com.jogamp.opengl.awt.GLJPanel.paintComponent(Ljava/awt/Graphics;)V+224
j  javax.swing.JComponent.paint(Ljava/awt/Graphics;)V+286
j  javax.swing.JComponent.paintChildren(Ljava/awt/Graphics;)V+501
j  javax.swing.JComponent.paint(Ljava/awt/Graphics;)V+318
j  javax.swing.JComponent.paintChildren(Ljava/awt/Graphics;)V+501
j  javax.swing.JComponent.paint(Ljava/awt/Graphics;)V+318
j  javax.swing.JLayeredPane.paint(Ljava/awt/Graphics;)V+73
j  javax.swing.JComponent.paintChildren(Ljava/awt/Graphics;)V+501
j  javax.swing.JComponent.paintToOffscreen(Ljava/awt/Graphics;IIIIII)V+72
j  javax.swing.BufferStrategyPaintManager.paint(Ljavax/swing/JComponent;Ljavax/swing/JComponent;Ljava/awt/Graphics;IIII)Z+164
j  javax.swing.RepaintManager.paint(Ljavax/swing/JComponent;Ljavax/swing/JComponent;Ljava/awt/Graphics;IIII)V+51
j  javax.swing.JComponent.paint(Ljava/awt/Graphics;)V+221
j  java.awt.GraphicsCallback$PaintCallback.run(Ljava/awt/Component;Ljava/awt/Graphics;)V+2
j  sun.awt.SunGraphicsCallback.runOneComponent(Ljava/awt/Component;Ljava/awt/Rectangle;Ljava/awt/Graphics;Ljava/awt/Shape;I)V+155
j  sun.awt.SunGraphicsCallback.runComponents([Ljava/awt/Component;Ljava/awt/Graphics;I)V+194
j  java.awt.Container.paint(Ljava/awt/Graphics;)V+58
j  java.awt.Window.paint(Ljava/awt/Graphics;)V+68
j  javax.swing.RepaintManager$4.run()Ljava/lang/Void;+142
j  javax.swing.RepaintManager$4.run()Ljava/lang/Object;+1
v  ~StubRoutines::call_stub
j  java.security.AccessController.doPrivileged(Ljava/security/PrivilegedAction;Ljava/security/AccessControlContext;)Ljava/lang/Object;+0
j  java.security.ProtectionDomain$JavaSecurityAccessImpl.doIntersectionPrivilege(Ljava/security/PrivilegedAction;Ljava/security/AccessControlContext;Ljava/security/AccessControlContext;)Ljava/lang/Object;+18
j  javax.swing.RepaintManager.paintDirtyRegions(Ljava/util/Map;)V+154
j  javax.swing.RepaintManager.paintDirtyRegions()V+46
j  javax.swing.RepaintManager.prePaintDirtyRegions()V+73
j  javax.swing.RepaintManager.access$1200(Ljavax/swing/RepaintManager;)V+1
j  javax.swing.RepaintManager$ProcessingRunnable.run()V+37
j  java.awt.event.InvocationEvent.dispatch()V+47
j  java.awt.EventQueue.dispatchEventImpl(Ljava/awt/AWTEvent;Ljava/lang/Object;)V+21
j  java.awt.EventQueue.access$500(Ljava/awt/EventQueue;Ljava/awt/AWTEvent;Ljava/lang/Object;)V+3
j  java.awt.EventQueue$3.run()Ljava/lang/Void;+32
j  java.awt.EventQueue$3.run()Ljava/lang/Object;+1
v  ~StubRoutines::call_stub
j  java.security.AccessController.doPrivileged(Ljava/security/PrivilegedAction;Ljava/security/AccessControlContext;)Ljava/lang/Object;+0
j  java.security.ProtectionDomain$JavaSecurityAccessImpl.doIntersectionPrivilege(Ljava/security/PrivilegedAction;Ljava/security/AccessControlContext;Ljava/security/AccessControlContext;)Ljava/lang/Object;+18
j  java.awt.EventQueue.dispatchEvent(Ljava/awt/AWTEvent;)V+46
j  java.awt.EventDispatchThread.pumpOneEventForFilters(I)V+245
j  java.awt.EventDispatchThread.pumpEventsForFilter(ILjava/awt/Conditional;Ljava/awt/EventFilter;)V+35
j  java.awt.EventDispatchThread.pumpEventsForHierarchy(ILjava/awt/Conditional;Ljava/awt/Component;)V+11
j  java.awt.EventDispatchThread.pumpEvents(ILjava/awt/Conditional;)V+4
j  java.awt.EventDispatchThread.pumpEvents(Ljava/awt/Conditional;)V+3
j  java.awt.EventDispatchThread.run()V+9
v  ~StubRoutines::call_stub

---------------  P R O C E S S  ---------------

Java Threads: ( => current thread )
  0x59562000 JavaThread "JavaFX Application Thread-SharedResourceRunner" daemon [_thread_blocked, id=30007, stack(0x590f3000,0x59144000)]
  0x59548c00 JavaThread "JavaFX Application Thread-SharedResourceRunner" daemon [_thread_blocked, id=30006, stack(0x59893000,0x598e4000)]
  0x67027c00 JavaThread "org.netbeans.modules.debugger.jpda.visual AWT Access Loop" daemon [_thread_blocked, id=30005, stack(0x59baf000,0x59c00000)]
=>0x59c0a800 JavaThread "AWT-EventQueue-0" [_thread_in_native, id=30004, stack(0x59d2c000,0x59d7d000)]
  0x59c09400 JavaThread "AWT-Shutdown" [_thread_blocked, id=30003, stack(0x59d7d000,0x59dce000)]
  0x5bffc400 JavaThread "AWT-XAWT" daemon [_thread_in_native, id=30002, stack(0x59dce000,0x59e1f000)]
  0x5bff2000 JavaThread "Java2D Disposer" daemon [_thread_blocked, id=30001, stack(0x5a088000,0x5a0d9000)]
  0x5bf98000 JavaThread "process reaper" daemon [_thread_blocked, id=29996, stack(0x5c00d000,0x5c026000)]
  0x5c508800 JavaThread "JavaFX-Launcher" [_thread_blocked, id=29993, stack(0x5c3dd000,0x5c42e000)]
  0x5c500c00 JavaThread "JavaFX Application Thread" [_thread_blocked, id=29992, stack(0x5c4af000,0x5c500000)]
  0x63bfd000 JavaThread "Thread-1" daemon [_thread_blocked, id=29991, stack(0x5c604000,0x5c655000)]
  0x63b8ac00 JavaThread "QuantumRenderer-0" daemon [_thread_blocked, id=29986, stack(0x63c1a000,0x63c6b000)]
  0x645b5800 JavaThread "Service Thread" daemon [_thread_blocked, id=29984, stack(0x63e8a000,0x63edb000)]
  0x645b2800 JavaThread "C1 CompilerThread2" daemon [_thread_blocked, id=29983, stack(0x63edb000,0x63f5c000)]
  0x645b1400 JavaThread "C2 CompilerThread1" daemon [_thread_in_native, id=29982, stack(0x63f5c000,0x63fdd000)]
  0x645af400 JavaThread "C2 CompilerThread0" daemon [_thread_blocked, id=29981, stack(0x63fdd000,0x6405e000)]
  0x64300800 JavaThread "JDWP Command Reader" daemon [_thread_in_native, id=29977, stack(0x6405e000,0x640af000)]
  0x645adc00 JavaThread "JDWP Event Helper Thread" daemon [_thread_blocked, id=29976, stack(0x640af000,0x64100000)]
  0x645aa400 JavaThread "JDWP Transport Listener: dt_socket" daemon [_thread_blocked, id=29975, stack(0x6420d000,0x6425e000)]
  0x645a2000 JavaThread "Signal Dispatcher" daemon [_thread_blocked, id=29974, stack(0x6425e000,0x642af000)]
  0x64588000 JavaThread "Finalizer" daemon [_thread_blocked, id=29973, stack(0x642af000,0x64300000)]
  0x64585400 JavaThread "Reference Handler" daemon [_thread_blocked, id=29972, stack(0x6442e000,0x6447f000)]
  0xb6508c00 JavaThread "main" [_thread_blocked, id=29965, stack(0xb6626000,0xb6677000)]

Other Threads:
  0x64580c00 VMThread [stack: 0x6447f000,0x64500000] [id=29971]
  0x645b7800 WatcherThread [stack: 0x63e09000,0x63e8a000] [id=29985]

VM state:not at safepoint (normal execution)

VM Mutex/Monitor currently owned by a thread: None

Heap:
 PSYoungGen      total 19200K, used 5634K [0x91cc0000, 0x93200000, 0xa6e00000)
  eden space 16640K, 18% used [0x91cc0000,0x91fc4ac0,0x92d00000)
  from space 2560K, 99% used [0x92f80000,0x931fc050,0x93200000)
  to   space 2560K, 0% used [0x92d00000,0x92d00000,0x92f80000)
 ParOldGen       total 43776K, used 4434K [0x67a00000, 0x6a4c0000, 0x91cc0000)
  object space 43776K, 10% used [0x67a00000,0x67e549b0,0x6a4c0000)
 Metaspace       used 14840K, capacity 15208K, committed 15384K, reserved 15664K

Card table byte_map: [0x67805000,0x67a00000] byte_map_base: 0x674c8000

Marking Bits: (ParMarkBitMap*) 0xb70de9c0
 Begin Bits: [0x65060000, 0x66030000)
 End Bits:   [0x66030000, 0x67000000)

Polling page: 0xb76f0000

CodeCache: size=245760Kb used=2454Kb max_used=2454Kb free=243305Kb
 bounds [0xa724e000, 0xa74b6000, 0xb624e000]
 total_blobs=1381 nmethods=843 adapters=460
 compilation: enabled

Compilation events (10 events):
Event: 5.381 Thread 0x645b2800 nmethod 847 0xa74af588 code [0xa74af6a0, 0xa74af7c0]
Event: 5.381 Thread 0x645b2800  849       3       java.lang.Long::hashCode (8 bytes)
Event: 5.381 Thread 0x645b2800 nmethod 849 0xa74af848 code [0xa74af960, 0xa74afaa0]
Event: 5.388 Thread 0x645af400 nmethod 848 0xa74b2a88 code [0xa74b2bc0, 0xa74b2f44]
Event: 5.400 Thread 0x645b2800  850       3       java.lang.System::checkKey (34 bytes)
Event: 5.400 Thread 0x645b2800 nmethod 850 0xa74b1a88 code [0xa74b1c00, 0xa74b1ee4]
Event: 5.402 Thread 0x645b2800  851   !   3       java.lang.ClassLoader::findNative (86 bytes)
Event: 5.403 Thread 0x645b2800 nmethod 851 0xa74b0dc8 code [0xa74b0f80, 0xa74b16d8]
Event: 5.409 Thread 0x645b2800  852       3       sun.net.www.ParseUtil::encodePath (336 bytes)
Event: 5.411 Thread 0x645b2800 nmethod 852 0xa74b3348 code [0xa74b3580, 0xa74b41b8]

GC Heap History (4 events):
Event: 1.372 GC heap before
{Heap before GC invocations=1 (full 0):
 PSYoungGen      total 19200K, used 16640K [0x91cc0000, 0x93200000, 0xa6e00000)
  eden space 16640K, 100% used [0x91cc0000,0x92d00000,0x92d00000)
  from space 2560K, 0% used [0x92f80000,0x92f80000,0x93200000)
  to   space 2560K, 0% used [0x92d00000,0x92d00000,0x92f80000)
 ParOldGen       total 43776K, used 0K [0x67a00000, 0x6a4c0000, 0x91cc0000)
  object space 43776K, 0% used [0x67a00000,0x67a00000,0x6a4c0000)
 Metaspace       used 7241K, capacity 7562K, committed 7704K, reserved 8496K
Event: 1.377 GC heap after
Heap after GC invocations=1 (full 0):
 PSYoungGen      total 19200K, used 2376K [0x91cc0000, 0x93200000, 0xa6e00000)
  eden space 16640K, 0% used [0x91cc0000,0x91cc0000,0x92d00000)
  from space 2560K, 92% used [0x92d00000,0x92f52040,0x92f80000)
  to   space 2560K, 0% used [0x92f80000,0x92f80000,0x93200000)
 ParOldGen       total 43776K, used 72K [0x67a00000, 0x6a4c0000, 0x91cc0000)
  object space 43776K, 0% used [0x67a00000,0x67a12010,0x6a4c0000)
 Metaspace       used 7241K, capacity 7562K, committed 7704K, reserved 8496K
}
Event: 4.958 GC heap before
{Heap before GC invocations=2 (full 0):
 PSYoungGen      total 19200K, used 19016K [0x91cc0000, 0x93200000, 0xa6e00000)
  eden space 16640K, 100% used [0x91cc0000,0x92d00000,0x92d00000)
  from space 2560K, 92% used [0x92d00000,0x92f52040,0x92f80000)
  to   space 2560K, 0% used [0x92f80000,0x92f80000,0x93200000)
 ParOldGen       total 43776K, used 72K [0x67a00000, 0x6a4c0000, 0x91cc0000)
  object space 43776K, 0% used [0x67a00000,0x67a12010,0x6a4c0000)
 Metaspace       used 12956K, capacity 13332K, committed 13464K, reserved 13616K
Event: 4.966 GC heap after
Heap after GC invocations=2 (full 0):
 PSYoungGen      total 19200K, used 2544K [0x91cc0000, 0x93200000, 0xa6e00000)
  eden space 16640K, 0% used [0x91cc0000,0x91cc0000,0x92d00000)
  from space 2560K, 99% used [0x92f80000,0x931fc050,0x93200000)
  to   space 2560K, 0% used [0x92d00000,0x92d00000,0x92f80000)
 ParOldGen       total 43776K, used 4434K [0x67a00000, 0x6a4c0000, 0x91cc0000)
  object space 43776K, 10% used [0x67a00000,0x67e549b0,0x6a4c0000)
 Metaspace       used 12956K, capacity 13332K, committed 13464K, reserved 13616K
}

Deoptimization events (7 events):
Event: 0.977 Thread 0x5c500c00 Uncommon trap: reason=unstable_if action=reinterpret pc=0xa7350724 method=java.lang.String.replace(CC)Ljava/lang/String; @ 26
Event: 0.979 Thread 0x5c500c00 Uncommon trap: reason=unstable_if action=reinterpret pc=0xa738d45c method=java.lang.String.indexOf([CII[CIII)I @ 134
Event: 1.027 Thread 0x5c500c00 Uncommon trap: reason=unstable_if action=reinterpret pc=0xa73e8178 method=java.io.BufferedInputStream.read()I @ 8
Event: 1.052 Thread 0x5c500c00 Uncommon trap: reason=unstable_if action=reinterpret pc=0xa73ebf44 method=java.util.HashMap.getNode(ILjava/lang/Object;)Ljava/util/HashMap$Node; @ 84
Event: 1.188 Thread 0x5c500c00 Uncommon trap: reason=unstable_if action=reinterpret pc=0xa7378a54 method=java.lang.String.startsWith(Ljava/lang/String;I)Z @ 25
Event: 5.276 Thread 0x5bffc400 Uncommon trap: reason=unstable_if action=reinterpret pc=0xa74931cc method=java.lang.reflect.AccessibleObject.setAccessible0(Ljava/lang/reflect/AccessibleObject;Z)V @ 4
Event: 5.359 Thread 0x59c0a800 Uncommon trap: reason=unstable_if action=reinterpret pc=0xa7424544 method=sun.net.www.ParseUtil.encodePath(Ljava/lang/String;Z)Ljava/lang/String; @ 109

Internal exceptions (10 events):
Event: 0.356 Thread 0xb6508c00 Exception <a 'java/lang/NullPointerException'> (0x91f595e0) thrown at [/HUDSON3/workspace/8-2-build-linux-i586/jdk8u144/9417/hotspot/src/share/vm/interpreter/linkResolver.cpp, line 1197]
Event: 0.911 Thread 0x5c500c00 Exception <a 'java/lang/NullPointerException'> (0x925cc598) thrown at [/HUDSON3/workspace/8-2-build-linux-i586/jdk8u144/9417/hotspot/src/share/vm/interpreter/linkResolver.cpp, line 1197]
Event: 0.912 Thread 0x5c500c00 Exception <a 'java/lang/NullPointerException'> (0x925cc598) thrown at [/HUDSON3/workspace/8-2-build-linux-i586/jdk8u144/9417/hotspot/src/share/vm/prims/jvm.cpp, line 1394]
Event: 1.196 Thread 0x5c500c00 Exception <a 'java/lang/ArrayIndexOutOfBoundsException': 65> (0x92aff050) thrown at [/HUDSON3/workspace/8-2-build-linux-i586/jdk8u144/9417/hotspot/src/share/vm/interpreter/interpreterRuntime.cpp, line 366]
Event: 1.197 Thread 0x5c500c00 Exception <a 'java/lang/ArrayIndexOutOfBoundsException': 18> (0x92affd70) thrown at [/HUDSON3/workspace/8-2-build-linux-i586/jdk8u144/9417/hotspot/src/share/vm/interpreter/interpreterRuntime.cpp, line 366]
Event: 1.198 Thread 0x5c500c00 Exception <a 'java/lang/ArrayIndexOutOfBoundsException'> (0x92b00ed8) thrown at [/HUDSON3/workspace/8-2-build-linux-i586/jdk8u144/9417/hotspot/src/share/vm/runtime/sharedRuntime.cpp, line 605]
Event: 1.209 Thread 0x5c500c00 Exception <a 'java/lang/ArrayIndexOutOfBoundsException'> (0x92b07bb8) thrown at [/HUDSON3/workspace/8-2-build-linux-i586/jdk8u144/9417/hotspot/src/share/vm/runtime/sharedRuntime.cpp, line 605]
Event: 3.796 Thread 0x5c500c00 Exception <a 'java/io/FileNotFoundException'> (0x9200f9a8) thrown at [/HUDSON3/workspace/8-2-build-linux-i586/jdk8u144/9417/hotspot/src/share/vm/prims/jni.cpp, line 709]
Event: 3.840 Thread 0x5c500c00 Exception <a 'java/io/FileNotFoundException'> (0x92072ab8) thrown at [/HUDSON3/workspace/8-2-build-linux-i586/jdk8u144/9417/hotspot/src/share/vm/prims/jni.cpp, line 709]
Event: 3.841 Thread 0x5c500c00 Exception <a 'java/io/FileNotFoundException'> (0x92073568) thrown at [/HUDSON3/workspace/8-2-build-linux-i586/jdk8u144/9417/hotspot/src/share/vm/prims/jni.cpp, line 709]

Events (10 events):
Event: 5.411 loading class java/nio/DirectFloatBufferU
Event: 5.411 loading class java/nio/DirectFloatBufferU done
Event: 5.412 loading class jogamp/opengl/util/glsl/GLSLArrayHandlerFlat
Event: 5.412 loading class jogamp/opengl/util/glsl/GLSLArrayHandlerFlat done
Event: 5.412 Thread 0x59c0a800 DEOPT PACKING pc=0xa739d98c sp=0x59d79c90
Event: 5.412 Thread 0x59c0a800 DEOPT UNPACKING pc=0xa728a850 sp=0x59d79b40 mode 1
Event: 5.412 Thread 0x59c0a800 DEOPT PACKING pc=0xa737cb00 sp=0x59d79ce0
Event: 5.412 Thread 0x59c0a800 DEOPT UNPACKING pc=0xa728a850 sp=0x59d79c00 mode 1
Event: 5.412 Thread 0x59c0a800 DEOPT PACKING pc=0xa737c930 sp=0x59d79dc0
Event: 5.412 Thread 0x59c0a800 DEOPT UNPACKING pc=0xa728a850 sp=0x59d79cec mode 1


Dynamic libraries:
08048000-08049000 r-xp 00000000 08:01 1341235    /usr/lib/jvm/java-8-oracle/jre/bin/java
08049000-0804a000 rw-p 00000000 08:01 1341235    /usr/lib/jvm/java-8-oracle/jre/bin/java
081f6000-08258000 rw-p 00000000 00:00 0          [heap]
51a63000-51c00000 rw-p 00000000 00:00 0 
51c00000-51c68000 rw-p 00000000 00:00 0 
51c68000-51d00000 ---p 00000000 00:00 0 
51e00000-51f00000 rw-p 00000000 00:00 0 
51fa6000-52200000 rw-p 00000000 00:00 0 
52200000-52400000 rw-p 00000000 00:00 0 
52400000-52500000 rw-p 00000000 00:00 0 
525fc000-526bc000 rw-p 00000000 00:00 0 
526bc000-526fc000 ---p 00000000 00:00 0 
526fc000-526fd000 ---p 00000000 00:00 0 
526fd000-52efd000 rw-p 00000000 00:00 0 
52efd000-52efe000 ---p 00000000 00:00 0 
52efe000-536fe000 rw-p 00000000 00:00 0 
536fe000-536ff000 ---p 00000000 00:00 0 
536ff000-53eff000 rw-p 00000000 00:00 0 
53eff000-53f00000 ---p 00000000 00:00 0 
53f00000-54700000 rw-p 00000000 00:00 0 
54700000-54740000 rw-p 00000000 00:00 0 
54740000-54800000 ---p 00000000 00:00 0 
54800000-54900000 rw-p 00000000 00:00 0 
54900000-549f9000 rw-p 00000000 00:00 0 
549f9000-54a00000 ---p 00000000 00:00 0 
54a45000-54afc000 rw-p 00000000 00:00 0 
54afc000-54afd000 ---p 00000000 00:00 0 
54afd000-552fd000 rw-p 00000000 00:00 0 
552fd000-552fe000 ---p 00000000 00:00 0 
552fe000-55afe000 rw-p 00000000 00:00 0 
55afe000-55aff000 ---p 00000000 00:00 0 
55aff000-562ff000 rw-p 00000000 00:00 0 
562ff000-56300000 ---p 00000000 00:00 0 
56300000-56b00000 rw-p 00000000 00:00 0 
56b00000-56bfe000 rw-p 00000000 00:00 0 
56bfe000-56c00000 ---p 00000000 00:00 0 
56c00000-56cf9000 rw-p 00000000 00:00 0 
56cf9000-56d00000 ---p 00000000 00:00 0 
56d00000-56e40000 rw-p 00000000 00:00 0 
56e40000-56f00000 ---p 00000000 00:00 0 
56f00000-57000000 rw-p 00000000 00:00 0 
57058000-570ef000 rw-p 00000000 00:00 0 
570ef000-570f0000 ---p 00000000 00:00 0 
570f0000-578f0000 rw-p 00000000 00:00 0 
578f0000-578f1000 ---p 00000000 00:00 0 
578f1000-580f1000 rw-p 00000000 00:00 0 
580f1000-580f2000 ---p 00000000 00:00 0 
580f2000-588f2000 rw-p 00000000 00:00 0 
588f2000-588f3000 ---p 00000000 00:00 0 
588f3000-590f3000 rw-p 00000000 00:00 0 
590f3000-590f6000 ---p 00000000 00:00 0 
590f6000-59144000 rw-p 00000000 00:00 0 
59144000-59199000 r-xp 00000000 08:01 1199423    /home/ubuntu/NetBeansProjects/xProjectCAM/natives/linux-i586/libjogl_mobile.so
59199000-5919a000 rw-p 00054000 08:01 1199423    /home/ubuntu/NetBeansProjects/xProjectCAM/natives/linux-i586/libjogl_mobile.so
5919a000-591bf000 r-xp 00000000 08:01 1323763    /usr/lib/i386-linux-gnu/libkj-0.5.3.so
591bf000-591c0000 r--p 00024000 08:01 1323763    /usr/lib/i386-linux-gnu/libkj-0.5.3.so
591c0000-591c1000 rw-p 00025000 08:01 1323763    /usr/lib/i386-linux-gnu/libkj-0.5.3.so
591c1000-591d8000 r-xp 00000000 08:01 1319085    /usr/lib/i386-linux-gnu/libboost_filesystem.so.1.58.0
591d8000-591d9000 r--p 00016000 08:01 1319085    /usr/lib/i386-linux-gnu/libboost_filesystem.so.1.58.0
591d9000-591da000 rw-p 00017000 08:01 1319085    /usr/lib/i386-linux-gnu/libboost_filesystem.so.1.58.0
591da000-5925e000 r-xp 00000000 08:01 1328244    /usr/lib/i386-linux-gnu/libcapnp-0.5.3.so
5925e000-5925f000 ---p 00084000 08:01 1328244    /usr/lib/i386-linux-gnu/libcapnp-0.5.3.so
5925f000-59261000 r--p 00084000 08:01 1328244    /usr/lib/i386-linux-gnu/libcapnp-0.5.3.so
59261000-59262000 rw-p 00086000 08:01 1328244    /usr/lib/i386-linux-gnu/libcapnp-0.5.3.so
59262000-592d0000 r-xp 00000000 08:01 1329981    /usr/lib/i386-linux-gnu/libmirprotobuf.so.3
592d0000-592d2000 r--p 0006d000 08:01 1329981    /usr/lib/i386-linux-gnu/libmirprotobuf.so.3
592d2000-592d3000 rw-p 0006f000 08:01 1329981    /usr/lib/i386-linux-gnu/libmirprotobuf.so.3
592d3000-59315000 r-xp 00000000 08:01 1329980    /usr/lib/i386-linux-gnu/libmircommon.so.7
59315000-59316000 ---p 00042000 08:01 1329980    /usr/lib/i386-linux-gnu/libmircommon.so.7
59316000-59317000 r--p 00042000 08:01 1329980    /usr/lib/i386-linux-gnu/libmircommon.so.7
59317000-59318000 rw-p 00043000 08:01 1329980    /usr/lib/i386-linux-gnu/libmircommon.so.7
59318000-5935a000 r-xp 00000000 08:01 1319097    /usr/lib/i386-linux-gnu/libxkbcommon.so.0.0.0
5935a000-5935b000 r--p 00041000 08:01 1319097    /usr/lib/i386-linux-gnu/libxkbcommon.so.0.0.0
5935b000-5935c000 rw-p 00042000 08:01 1319097    /usr/lib/i386-linux-gnu/libxkbcommon.so.0.0.0
5935c000-593fc000 r-xp 00000000 08:01 1329984    /usr/lib/i386-linux-gnu/libmirclient.so.9
593fc000-593ff000 r--p 0009f000 08:01 1329984    /usr/lib/i386-linux-gnu/libmirclient.so.9
593ff000-59400000 rw-p 000a2000 08:01 1329984    /usr/lib/i386-linux-gnu/libmirclient.so.9
59400000-59500000 rw-p 00000000 00:00 0 
59500000-595fa000 rw-p 00000000 00:00 0 
595fa000-59600000 ---p 00000000 00:00 0 
59600000-596c0000 rw-p 00000000 00:00 0 
596c0000-59700000 ---p 00000000 00:00 0 
59700000-597f9000 rw-p 00000000 00:00 0 
597f9000-59800000 ---p 00000000 00:00 0 
59803000-59832000 r-xp 00000000 08:01 1319091    /usr/lib/i386-linux-gnu/libprotobuf-lite.so.9.0.1
59832000-59833000 ---p 0002f000 08:01 1319091    /usr/lib/i386-linux-gnu/libprotobuf-lite.so.9.0.1
59833000-59834000 r--p 0002f000 08:01 1319091    /usr/lib/i386-linux-gnu/libprotobuf-lite.so.9.0.1
59834000-59835000 rw-p 00030000 08:01 1319091    /usr/lib/i386-linux-gnu/libprotobuf-lite.so.9.0.1
59835000-59841000 r-xp 00000000 08:01 1317064    /usr/lib/i386-linux-gnu/libgbm.so.1.0.0
59841000-59842000 ---p 0000c000 08:01 1317064    /usr/lib/i386-linux-gnu/libgbm.so.1.0.0
59842000-59843000 r--p 0000c000 08:01 1317064    /usr/lib/i386-linux-gnu/libgbm.so.1.0.0
59843000-59844000 rw-p 0000d000 08:01 1317064    /usr/lib/i386-linux-gnu/libgbm.so.1.0.0
59844000-59853000 r-xp 00000000 08:01 1319147    /usr/lib/i386-linux-gnu/libwayland-server.so.0.1.0
59853000-59854000 r--p 0000e000 08:01 1319147    /usr/lib/i386-linux-gnu/libwayland-server.so.0.1.0
59854000-59855000 rw-p 0000f000 08:01 1319147    /usr/lib/i386-linux-gnu/libwayland-server.so.0.1.0
59855000-59890000 r-xp 00000000 08:01 1317054    /usr/lib/i386-linux-gnu/mesa-egl/libEGL.so.1.0.0
59890000-59891000 ---p 0003b000 08:01 1317054    /usr/lib/i386-linux-gnu/mesa-egl/libEGL.so.1.0.0
59891000-59892000 r--p 0003b000 08:01 1317054    /usr/lib/i386-linux-gnu/mesa-egl/libEGL.so.1.0.0
59892000-59893000 rw-p 0003c000 08:01 1317054    /usr/lib/i386-linux-gnu/mesa-egl/libEGL.so.1.0.0
59893000-59896000 ---p 00000000 00:00 0 
59896000-599e4000 rw-p 00000000 00:00 0 
599e5000-599ec000 r-xp 00000000 08:01 1329979    /usr/lib/i386-linux-gnu/libmircore.so.1
599ec000-599ed000 r--p 00006000 08:01 1329979    /usr/lib/i386-linux-gnu/libmircore.so.1
599ed000-599ee000 rw-p 00007000 08:01 1329979    /usr/lib/i386-linux-gnu/libmircore.so.1
599ee000-599f9000 r-xp 00000000 08:01 1327779    /usr/lib/i386-linux-gnu/libwayland-client.so.0.3.0
599f9000-599fa000 ---p 0000b000 08:01 1327779    /usr/lib/i386-linux-gnu/libwayland-client.so.0.3.0
599fa000-599fb000 r--p 0000b000 08:01 1327779    /usr/lib/i386-linux-gnu/libwayland-client.so.0.3.0
599fb000-599fc000 rw-p 0000c000 08:01 1327779    /usr/lib/i386-linux-gnu/libwayland-client.so.0.3.0
599fc000-59a03000 r-xp 00000000 08:01 1317188    /usr/lib/i386-linux-gnu/libxcb-xfixes.so.0.0.0
59a03000-59a04000 r--p 00006000 08:01 1317188    /usr/lib/i386-linux-gnu/libxcb-xfixes.so.0.0.0
59a04000-59a05000 rw-p 00007000 08:01 1317188    /usr/lib/i386-linux-gnu/libxcb-xfixes.so.0.0.0
59a05000-59aae000 r-xp 00000000 08:01 1199425    /home/ubuntu/NetBeansProjects/xProjectCAM/natives/linux-i586/libjogl_desktop.so
59aae000-59aaf000 rw-p 000a9000 08:01 1199425    /home/ubuntu/NetBeansProjects/xProjectCAM/natives/linux-i586/libjogl_desktop.so
59aaf000-59baf000 rw-p 00000000 00:00 0 
59baf000-59bb2000 ---p 00000000 00:00 0 
59bb2000-59c00000 rw-p 00000000 00:00 0 
59c00000-59cee000 rw-p 00000000 00:00 0 
59cee000-59d00000 ---p 00000000 00:00 0 
59d01000-59d06000 r-xp 00000000 08:01 1337606    /usr/lib/i386-linux-gnu/mesa-egl/libGLESv2.so.2.0.0
59d06000-59d07000 r--p 00004000 08:01 1337606    /usr/lib/i386-linux-gnu/mesa-egl/libGLESv2.so.2.0.0
59d07000-59d09000 rwxp 00005000 08:01 1337606    /usr/lib/i386-linux-gnu/mesa-egl/libGLESv2.so.2.0.0
59d25000-59d2b000 r-xp 00000000 08:01 1199430    /home/ubuntu/NetBeansProjects/xProjectCAM/natives/linux-i586/libnativewindow_x11.so
59d2b000-59d2c000 rw-p 00005000 08:01 1199430    /home/ubuntu/NetBeansProjects/xProjectCAM/natives/linux-i586/libnativewindow_x11.so
59d2c000-59d2f000 ---p 00000000 00:00 0 
59d2f000-59d7d000 rw-p 00000000 00:00 0 
59d7d000-59d80000 ---p 00000000 00:00 0 
59d80000-59dce000 rw-p 00000000 00:00 0 
59dce000-59dd1000 ---p 00000000 00:00 0 
59dd1000-59f1f000 rw-p 00000000 00:00 0 
59f1f000-59f81000 r-xp 00000000 08:01 1366666    /usr/lib/jvm/java-8-oracle/jre/lib/i386/libfontmanager.so
59f81000-59f84000 rw-p 00061000 08:01 1366666    /usr/lib/jvm/java-8-oracle/jre/lib/i386/libfontmanager.so
59f84000-59f88000 rw-p 00000000 00:00 0 
59f88000-59fd4000 r-xp 00000000 08:01 1366674    /usr/lib/jvm/java-8-oracle/jre/lib/i386/libawt_xawt.so
59fd4000-59fd6000 rw-p 0004c000 08:01 1366674    /usr/lib/jvm/java-8-oracle/jre/lib/i386/libawt_xawt.so
59fd6000-59fd7000 rw-p 00000000 00:00 0 
59fd7000-5a05d000 r-xp 00000000 08:01 1366646    /usr/lib/jvm/java-8-oracle/jre/lib/i386/libawt.so
5a05d000-5a064000 rw-p 00086000 08:01 1366646    /usr/lib/jvm/java-8-oracle/jre/lib/i386/libawt.so
5a064000-5a088000 rw-p 00000000 00:00 0 
5a088000-5a08b000 ---p 00000000 00:00 0 
5a08b000-5a0d9000 rw-p 00000000 00:00 0 
5a0d9000-5a0e8000 r-xp 00000000 08:01 1366668    /usr/lib/jvm/java-8-oracle/jre/lib/i386/libnio.so
5a0e8000-5a0e9000 rw-p 0000e000 08:01 1366668    /usr/lib/jvm/java-8-oracle/jre/lib/i386/libnio.so
5a0e9000-5bcea000 rw-p 00000000 00:00 0 
5bcea000-5bcff000 r-xp 00000000 08:01 1366644    /usr/lib/jvm/java-8-oracle/jre/lib/i386/libnet.so
5bcff000-5bd00000 rw-p 00015000 08:01 1366644    /usr/lib/jvm/java-8-oracle/jre/lib/i386/libnet.so
5bd00000-5be00000 rw-p 00000000 00:00 0 
5be00000-5bf00000 rw-p 00000000 00:00 0 
5bf00000-5c000000 rw-p 00000000 00:00 0 
5c000000-5c001000 rwxp 00000000 00:00 0 
5c001000-5c004000 r-xp 00000000 08:01 1317973    /usr/lib/i386-linux-gnu/libboost_system.so.1.58.0
5c004000-5c005000 r--p 00002000 08:01 1317973    /usr/lib/i386-linux-gnu/libboost_system.so.1.58.0
5c005000-5c006000 rw-p 00003000 08:01 1317973    /usr/lib/i386-linux-gnu/libboost_system.so.1.58.0
5c006000-5c007000 r-xp 00000000 08:01 1199426    /home/ubuntu/NetBeansProjects/xProjectCAM/natives/linux-i586/libnativewindow_awt.so
5c007000-5c008000 rw-p 00001000 08:01 1199426    /home/ubuntu/NetBeansProjects/xProjectCAM/natives/linux-i586/libnativewindow_awt.so
5c008000-5c009000 r-xp 00000000 08:01 1366684    /usr/lib/jvm/java-8-oracle/jre/lib/i386/libjawt.so
5c009000-5c00a000 rw-p 00000000 08:01 1366684    /usr/lib/jvm/java-8-oracle/jre/lib/i386/libjawt.so
5c00a000-5c00c000 r-xp 00000000 08:01 670610     /tmp/jogamp_0000/file_cache/jln6408864234959927010/jln5546698823398877348/natives/linux-i586/libgluegen-rt.so
5c00c000-5c00d000 rw-p 00001000 08:01 670610     /tmp/jogamp_0000/file_cache/jln6408864234959927010/jln5546698823398877348/natives/linux-i586/libgluegen-rt.so
5c00d000-5c010000 ---p 00000000 00:00 0 
5c010000-5c026000 rw-p 00000000 00:00 0 
5c026000-5c027000 r--p 00000000 00:00 0 
5c027000-5c02c000 r--s 0009a000 08:01 1365230    /usr/lib/jvm/java-8-oracle/jre/lib/jsse.jar
5c02c000-5c034000 r--s 00000000 08:01 276588     /var/cache/fontconfig/945677eb7aeaf62f1d50efc3fb3ec7d8-le32d4.cache-6
5c034000-5c038000 r--s 00000000 08:01 271504     /var/cache/fontconfig/2cd17615ca594fa2959ae173292e504c-le32d4.cache-6
5c038000-5c039000 r--s 00000000 08:01 278881     /var/cache/fontconfig/0d8c3b2ac0904cb8a57a757ad11a4a08-le32d4.cache-6
5c039000-5c048000 r--s 00000000 08:01 271502     /var/cache/fontconfig/04aabc0a78ac019cf9454389977116d2-le32d4.cache-6
5c048000-5c049000 r--s 00000000 08:01 278874     /var/cache/fontconfig/1ac9eb803944fde146138c791f5cc56a-le32d4.cache-6
5c049000-5c04c000 r--s 00000000 08:01 271500     /var/cache/fontconfig/385c0604a188198f04d133e54aba7fe7-le32d4.cache-6
5c04c000-5c04d000 r--s 00000000 08:01 278872     /var/cache/fontconfig/dc05db6664285cc2f12bf69c139ae4c3-le32d4.cache-6
5c04d000-5c04e000 r--s 00000000 08:01 271498     /var/cache/fontconfig/14a5e22175779b556eaa434240950366-le32d4.cache-6
5c04e000-5c04f000 r--s 00000000 08:01 271496     /var/cache/fontconfig/660208299946a285a940457d1287da33-le32d4.cache-6
5c04f000-5c050000 r--s 00000000 08:01 278871     /var/cache/fontconfig/4f3e3037c9980c83b53a9351efadef62-le32d4.cache-6
5c050000-5c052000 r--s 00000000 08:01 278870     /var/cache/fontconfig/767a8244fc0220cfb567a839d0392e0b-le32d4.cache-6
5c052000-5c053000 r--s 00000000 08:01 271494     /var/cache/fontconfig/4794a0821666d79190d59a36cb4f44b5-le32d4.cache-6
5c053000-5c05c000 r--s 00000000 08:01 271492     /var/cache/fontconfig/8801497958630a81b71ace7c5f9b32a8-le32d4.cache-6
5c05c000-5c05e000 r--s 00000000 08:01 271490     /var/cache/fontconfig/a015930274ffcd967d2ca1b57da47cc7-le32d4.cache-6
5c05e000-5c05f000 r--s 00000000 08:01 271488     /var/cache/fontconfig/b872e6e592da6075ffa4ab0a1fcc0c75-le32d4.cache-6
5c05f000-5c060000 r--s 00000000 08:01 271486     /var/cache/fontconfig/f6d4eedfaab2589bde49f7a3ff831d22-le32d4.cache-6
5c060000-5c061000 r--s 00000000 08:01 271484     /var/cache/fontconfig/589f83ef4c36d296ce6e1c846f468f08-le32d4.cache-6
5c061000-5c062000 r--s 00000000 08:01 271482     /var/cache/fontconfig/bab58bb527bb656aaa9f116d68a48d89-le32d4.cache-6
5c062000-5c063000 r--s 00000000 08:01 271480     /var/cache/fontconfig/2171a34dccabdb6bcbbc728186263178-le32d4.cache-6
5c063000-5c064000 r--s 00000000 08:01 271478     /var/cache/fontconfig/c5c45a61289222e0d30b1a26ef4effbe-le32d4.cache-6
5c064000-5c065000 r--s 00000000 08:01 271476     /var/cache/fontconfig/aec30016f93e1b46d1a973dce0d74068-le32d4.cache-6
5c065000-5c066000 r--s 00000000 08:01 271474     /var/cache/fontconfig/3f589640d34b7dc9042c8d453f7c8b9c-le32d4.cache-6
5c066000-5c067000 r--s 00000000 08:01 271471     /var/cache/fontconfig/16c2fda60d1b4b719f4b3d06fd951d25-le32d4.cache-6
5c067000-5c068000 r--s 00000000 08:01 271467     /var/cache/fontconfig/a48eab177a16e4f3713381162db2f3e9-le32d4.cache-6
5c068000-5c069000 r--s 00000000 08:01 271465     /var/cache/fontconfig/564b2e68ac9bc4e36a6f7f6d6125ec1c-le32d4.cache-6
5c069000-5c06e000 r--s 00000000 08:01 271462     /var/cache/fontconfig/3047814df9a2f067bd2d96a2b9c36e5a-le32d4.cache-6
5c06e000-5c06f000 r--s 00000000 08:01 278866     /var/cache/fontconfig/56cf4f4769d0f4abc89a4895d7bd3ae1-le32d4.cache-6
5c06f000-5c070000 r--s 00000000 08:01 278865     /var/cache/fontconfig/b9d506c9ac06c20b433354fa67a72993-le32d4.cache-6
5c070000-5c074000 r--s 00000000 08:01 271460     /var/cache/fontconfig/b47c4e1ecd0709278f4910c18777a504-le32d4.cache-6
5c074000-5c084000 r--s 00000000 08:01 278863     /var/cache/fontconfig/d52a8644073d54c13679302ca1180695-le32d4.cache-6
5c084000-5c085000 r--s 00000000 08:01 271458     /var/cache/fontconfig/370e5b74bf5dafc30834de68e24a87a4-le32d4.cache-6
5c085000-5c086000 r--s 00000000 08:01 271456     /var/cache/fontconfig/6b2c5944714ca7831b25bed9e85cb5c8-le32d4.cache-6
5c086000-5c088000 r--s 00000000 08:01 271448     /var/cache/fontconfig/f259c2cffa685e28062317905db73c4a-le32d4.cache-6
5c088000-5c08a000 r--s 00000000 08:01 265095     /var/cache/fontconfig/674d1711f2d1d2a09646eb0bdcadee49-le32d4.cache-6
5c08a000-5c093000 r--s 00000000 08:01 271443     /var/cache/fontconfig/d589a48862398ed80a3d6066f4f56f4c-le32d4.cache-6
5c093000-5c09c000 r--s 00000000 08:01 278860     /var/cache/fontconfig/a0513722a37733a9dfd54dccd328039d-le32d4.cache-6
5c09c000-5c09e000 r--s 00000000 08:01 271441     /var/cache/fontconfig/099525ddca5eae4f2477b69cf2d7f16d-le32d4.cache-6
5c09e000-5c0ac000 r--s 00000000 08:01 271388     /var/cache/fontconfig/9b89f8e3dae116d678bbf48e5f21f69b-le32d4.cache-6
5c0ac000-5c0b9000 r--s 00000000 08:01 263376     /var/cache/fontconfig/e13b20fdb08344e0e664864cc2ede53d-le32d4.cache-6
5c0b9000-5c1b9000 rw-p 00000000 00:00 0 
5c1b9000-5c1dd000 r--s 0031e000 08:01 1196758    /home/ubuntu/NetBeansProjects/xProjectCAM/dist/run644101156/lib/jogl-all.jar
5c1dd000-5c2dd000 rw-p 00000000 00:00 0 
5c2dd000-5c3dd000 rw-p 00000000 00:00 0 
5c3dd000-5c3e0000 ---p 00000000 00:00 0 
5c3e0000-5c42e000 rw-p 00000000 00:00 0 
5c42e000-5c4ab000 r-xp 00000000 08:01 1311820    /usr/lib/libxProjectCAMLib.so
5c4ab000-5c4ac000 r--p 0007c000 08:01 1311820    /usr/lib/libxProjectCAMLib.so
5c4ac000-5c4ae000 rw-p 0007d000 08:01 1311820    /usr/lib/libxProjectCAMLib.so
5c4ae000-5c4af000 rw-p 00000000 00:00 0 
5c4af000-5c4b2000 ---p 00000000 00:00 0 
5c4b2000-5c500000 rw-p 00000000 00:00 0 
5c500000-5c530000 rw-p 00000000 00:00 0 
5c530000-5c600000 ---p 00000000 00:00 0 
5c600000-5c602000 r--s 00000000 08:01 271437     /var/cache/fontconfig/61092ac79d9058a69eda095afa0a78f1-le32d4.cache-6
5c602000-5c604000 r--s 00000000 08:01 271433     /var/cache/fontconfig/a722efc6911bbe16667b1a77497ffd37-le32d4.cache-6
5c604000-5c607000 ---p 00000000 00:00 0 
5c607000-5c655000 rw-p 00000000 00:00 0 
5c655000-5c65c000 r-xp 00000000 08:01 1314123    /usr/lib/i386-linux-gnu/libogg.so.0.8.2
5c65c000-5c65d000 r--p 00006000 08:01 1314123    /usr/lib/i386-linux-gnu/libogg.so.0.8.2
5c65d000-5c65e000 rw-p 00007000 08:01 1314123    /usr/lib/i386-linux-gnu/libogg.so.0.8.2
5c65e000-5c688000 r-xp 00000000 08:01 1314141    /usr/lib/i386-linux-gnu/libvorbis.so.0.4.8
5c688000-5c689000 r--p 00029000 08:01 1314141    /usr/lib/i386-linux-gnu/libvorbis.so.0.4.8
5c689000-5c68a000 rw-p 0002a000 08:01 1314141    /usr/lib/i386-linux-gnu/libvorbis.so.0.4.8
5c68a000-5c693000 r-xp 00000000 08:01 1325645    /usr/lib/i386-linux-gnu/libltdl.so.7.3.1
5c693000-5c694000 ---p 00009000 08:01 1325645    /usr/lib/i386-linux-gnu/libltdl.so.7.3.1
5c694000-5c695000 r--p 00009000 08:01 1325645    /usr/lib/i386-linux-gnu/libltdl.so.7.3.1
5c695000-5c696000 rw-p 0000a000 08:01 1325645    /usr/lib/i386-linux-gnu/libltdl.so.7.3.1
5c696000-5c6ad000 r-xp 00000000 08:01 1323436    /usr/lib/i386-linux-gnu/libtdb.so.1.3.8
5c6ad000-5c6ae000 r--p 00016000 08:01 1323436    /usr/lib/i386-linux-gnu/libtdb.so.1.3.8
5c6ae000-5c6af000 rw-p 00017000 08:01 1323436    /usr/lib/i386-linux-gnu/libtdb.so.1.3.8
5c6af000-5c6c0000 r-xp 00000000 08:01 1323536    /usr/lib/i386-linux-gnu/libcanberra.so.0.2.5
5c6c0000-5c6c1000 r--p 00010000 08:01 1323536    /usr/lib/i386-linux-gnu/libcanberra.so.0.2.5
5c6c1000-5c6c2000 rw-p 00011000 08:01 1323536    /usr/lib/i386-linux-gnu/libcanberra.so.0.2.5
5c6c2000-5c6fe000 r-xp 00000000 08:01 1707823    /usr/lib/i386-linux-gnu/gtk-2.0/2.10.0/engines/libmurrine.so
5c6fe000-5c6ff000 r--p 0003b000 08:01 1707823    /usr/lib/i386-linux-gnu/gtk-2.0/2.10.0/engines/libmurrine.so
5c6ff000-5c700000 rw-p 0003c000 08:01 1707823    /usr/lib/i386-linux-gnu/gtk-2.0/2.10.0/engines/libmurrine.so
5c700000-5c7bb000 rw-p 00000000 00:00 0 
5c7bb000-5c800000 ---p 00000000 00:00 0 
5c800000-5c801000 r--s 00000000 08:01 271453     /var/cache/fontconfig/d5178ab6d91b49bf20a416737dcea9e8-le32d4.cache-6
5c801000-5c803000 r--s 00000000 08:01 271429     /var/cache/fontconfig/d63fdd8e0f42559533dd777c334fdfcc-le32d4.cache-6
5c803000-5c806000 r--s 00000000 08:01 271421     /var/cache/fontconfig/fac9d1061ce4dddb2143955f84876fd7-le32d4.cache-6
5c806000-5c80f000 r-xp 00000000 08:01 1314139    /usr/lib/i386-linux-gnu/libvorbisfile.so.3.3.7
5c80f000-5c810000 r--p 00008000 08:01 1314139    /usr/lib/i386-linux-gnu/libvorbisfile.so.3.3.7
5c810000-5c811000 rw-p 00009000 08:01 1314139    /usr/lib/i386-linux-gnu/libvorbisfile.so.3.3.7
5c811000-5c815000 r-xp 00000000 08:01 1332161    /usr/lib/i386-linux-gnu/libcanberra-gtk.so.0.1.9
5c815000-5c816000 r--p 00003000 08:01 1332161    /usr/lib/i386-linux-gnu/libcanberra-gtk.so.0.1.9
5c816000-5c817000 rw-p 00004000 08:01 1332161    /usr/lib/i386-linux-gnu/libcanberra-gtk.so.0.1.9
5c817000-5c818000 r--s 00000000 08:01 271451     /var/cache/fontconfig/551ecf3b0e8b0bca0f25c0944f561853-le32d4.cache-6
5c818000-5c81b000 r--s 00000000 08:01 271396     /var/cache/fontconfig/75114ca45c98e8a441da0ff356701271-le32d4.cache-6
5c81b000-5c823000 r--s 00000000 08:01 271392     /var/cache/fontconfig/83bf95040141907cd45bb53cf7c1c148-le32d4.cache-6
5c823000-5c827000 r--s 00000000 08:01 263708     /var/cache/fontconfig/7ef2298fde41cc6eeb7af42e48b7d293-le32d4.cache-6
5c827000-5c82c000 r-xp 00000000 08:01 1366658    /usr/lib/jvm/java-8-oracle/jre/lib/i386/libjavafx_font_freetype.so
5c82c000-5c82d000 rw-p 00004000 08:01 1366658    /usr/lib/jvm/java-8-oracle/jre/lib/i386/libjavafx_font_freetype.so
5c82d000-5c833000 r--s 0004f000 08:01 1196735    /home/ubuntu/NetBeansProjects/xProjectCAM/dist/run644101156/lib/gluegen-rt.jar
5c833000-5c857000 r-xp 00000000 08:01 1366698    /usr/lib/jvm/java-8-oracle/jre/lib/i386/libglass.so
5c857000-5c859000 rw-p 00024000 08:01 1366698    /usr/lib/jvm/java-8-oracle/jre/lib/i386/libglass.so
5c859000-5c88e000 r-xp 00000000 08:01 1317301    /usr/lib/i386-linux-gnu/libtxc_dxtn_s2tc.so.0.0.0
5c88e000-5c88f000 r--p 00034000 08:01 1317301    /usr/lib/i386-linux-gnu/libtxc_dxtn_s2tc.so.0.0.0
5c88f000-5c890000 rw-p 00035000 08:01 1317301    /usr/lib/i386-linux-gnu/libtxc_dxtn_s2tc.so.0.0.0
5c890000-5c891000 ---p 00000000 00:00 0 
5c891000-5d091000 rw-p 00000000 00:00 0 
5d091000-5d092000 ---p 00000000 00:00 0 
5d092000-5d892000 rw-p 00000000 00:00 0 
5d892000-5d893000 ---p 00000000 00:00 0 
5d893000-5e093000 rw-p 00000000 00:00 0 
5e093000-5e094000 ---p 00000000 00:00 0 
5e094000-5e894000 rw-p 00000000 00:00 0 
5e894000-5e8ae000 r-xp 00000000 08:01 543675     /lib/i386-linux-gnu/libbsd.so.0.8.2
5e8ae000-5e8af000 r--p 00019000 08:01 543675     /lib/i386-linux-gnu/libbsd.so.0.8.2
5e8af000-5e8b0000 rw-p 0001a000 08:01 543675     /lib/i386-linux-gnu/libbsd.so.0.8.2
5e8b0000-5e8d0000 r-xp 00000000 08:01 546403     /lib/i386-linux-gnu/libtinfo.so.5.9
5e8d0000-5e8d2000 r--p 0001f000 08:01 546403     /lib/i386-linux-gnu/libtinfo.so.5.9
5e8d2000-5e8d3000 rw-p 00021000 08:01 546403     /lib/i386-linux-gnu/libtinfo.so.5.9
5e8d3000-5e905000 r-xp 00000000 08:01 1314960    /usr/lib/i386-linux-gnu/libedit.so.2.0.53
5e905000-5e906000 ---p 00032000 08:01 1314960    /usr/lib/i386-linux-gnu/libedit.so.2.0.53
5e906000-5e907000 r--p 00032000 08:01 1314960    /usr/lib/i386-linux-gnu/libedit.so.2.0.53
5e907000-5e908000 rw-p 00033000 08:01 1314960    /usr/lib/i386-linux-gnu/libedit.so.2.0.53
5e908000-5e90a000 rw-p 00000000 00:00 0 
5e90a000-619c2000 r-xp 00000000 08:01 1318039    /usr/lib/i386-linux-gnu/libLLVM-4.0.so.1
619c2000-61bf0000 r--p 030b7000 08:01 1318039    /usr/lib/i386-linux-gnu/libLLVM-4.0.so.1
61bf0000-61bf4000 rw-p 032e5000 08:01 1318039    /usr/lib/i386-linux-gnu/libLLVM-4.0.so.1
61bf4000-61c28000 rw-p 00000000 00:00 0 
61c28000-61c42000 r-xp 00000000 08:01 1314958    /usr/lib/i386-linux-gnu/libelf-0.165.so
61c42000-61c43000 r--p 00019000 08:01 1314958    /usr/lib/i386-linux-gnu/libelf-0.165.so
61c43000-61c44000 rw-p 0001a000 08:01 1314958    /usr/lib/i386-linux-gnu/libelf-0.165.so
61c44000-61c4e000 r-xp 00000000 08:01 1314963    /usr/lib/i386-linux-gnu/libdrm_amdgpu.so.1.0.0
61c4e000-61c4f000 r--p 00009000 08:01 1314963    /usr/lib/i386-linux-gnu/libdrm_amdgpu.so.1.0.0
61c4f000-61c50000 rw-p 0000a000 08:01 1314963    /usr/lib/i386-linux-gnu/libdrm_amdgpu.so.1.0.0
61c50000-61c5c000 r-xp 00000000 08:01 1317266    /usr/lib/i386-linux-gnu/libdrm_radeon.so.1.0.1
61c5c000-61c5d000 r--p 0000b000 08:01 1317266    /usr/lib/i386-linux-gnu/libdrm_radeon.so.1.0.1
61c5d000-61c5e000 rw-p 0000c000 08:01 1317266    /usr/lib/i386-linux-gnu/libdrm_radeon.so.1.0.1
61c5e000-61c66000 r-xp 00000000 08:01 1345630    /usr/lib/i386-linux-gnu/libdrm_nouveau.so.2.0.0
61c66000-61c67000 r--p 00007000 08:01 1345630    /usr/lib/i386-linux-gnu/libdrm_nouveau.so.2.0.0
61c67000-61c68000 rw-p 00008000 08:01 1345630    /usr/lib/i386-linux-gnu/libdrm_nouveau.so.2.0.0
61c68000-61c76000 r-xp 00000000 08:01 1318873    /usr/lib/i386-linux-gnu/libsensors.so.4.4.0
61c76000-61c77000 r--p 0000d000 08:01 1318873    /usr/lib/i386-linux-gnu/libsensors.so.4.4.0
61c77000-61c78000 rw-p 0000e000 08:01 1318873    /usr/lib/i386-linux-gnu/libsensors.so.4.4.0
61c78000-626e9000 r-xp 00000000 08:01 1347980    /usr/lib/i386-linux-gnu/dri/swrast_dri.so
626e9000-626ea000 ---p 00a71000 08:01 1347980    /usr/lib/i386-linux-gnu/dri/swrast_dri.so
626ea000-6270f000 r--p 00a71000 08:01 1347980    /usr/lib/i386-linux-gnu/dri/swrast_dri.so
6270f000-62718000 rw-p 00a96000 08:01 1347980    /usr/lib/i386-linux-gnu/dri/swrast_dri.so
62718000-6290d000 rw-p 00000000 00:00 0 
6290d000-62914000 r-xp 00000000 08:01 1319001    /usr/lib/i386-linux-gnu/libdatrie.so.1.3.3
62914000-62915000 ---p 00007000 08:01 1319001    /usr/lib/i386-linux-gnu/libdatrie.so.1.3.3
62915000-62916000 r--p 00007000 08:01 1319001    /usr/lib/i386-linux-gnu/libdatrie.so.1.3.3
62916000-62917000 rw-p 00008000 08:01 1319001    /usr/lib/i386-linux-gnu/libdatrie.so.1.3.3
62917000-6291c000 r-xp 00000000 08:01 1314596    /usr/lib/i386-linux-gnu/libXdmcp.so.6.0.0
6291c000-6291d000 r--p 00004000 08:01 1314596    /usr/lib/i386-linux-gnu/libXdmcp.so.6.0.0
6291d000-6291e000 rw-p 00005000 08:01 1314596    /usr/lib/i386-linux-gnu/libXdmcp.so.6.0.0
6291e000-62920000 r-xp 00000000 08:01 1314590    /usr/lib/i386-linux-gnu/libXau.so.6.0.0
62920000-62921000 r--p 00001000 08:01 1314590    /usr/lib/i386-linux-gnu/libXau.so.6.0.0
62921000-62922000 rw-p 00002000 08:01 1314590    /usr/lib/i386-linux-gnu/libXau.so.6.0.0
62922000-62947000 r-xp 00000000 08:01 1313463    /usr/lib/i386-linux-gnu/libgraphite2.so.3.0.1
62947000-62948000 ---p 00025000 08:01 1313463    /usr/lib/i386-linux-gnu/libgraphite2.so.3.0.1
62948000-62949000 r--p 00025000 08:01 1313463    /usr/lib/i386-linux-gnu/libgraphite2.so.3.0.1
62949000-6294a000 rw-p 00026000 08:01 1313463    /usr/lib/i386-linux-gnu/libgraphite2.so.3.0.1
6294a000-6295b000 r-xp 00000000 08:01 1345646    /usr/lib/i386-linux-gnu/libdrm.so.2.4.0
6295b000-6295c000 r--p 00010000 08:01 1345646    /usr/lib/i386-linux-gnu/libdrm.so.2.4.0
6295c000-6295d000 rw-p 00011000 08:01 1345646    /usr/lib/i386-linux-gnu/libdrm.so.2.4.0
6295d000-62961000 r-xp 00000000 08:01 1313583    /usr/lib/i386-linux-gnu/libxcb-dri2.so.0.0.0
62961000-62962000 r--p 00003000 08:01 1313583    /usr/lib/i386-linux-gnu/libxcb-dri2.so.0.0.0
62962000-62963000 rw-p 00004000 08:01 1313583    /usr/lib/i386-linux-gnu/libxcb-dri2.so.0.0.0
62963000-6297b000 r-xp 00000000 08:01 1315203    /usr/lib/i386-linux-gnu/libxcb-glx.so.0.0.0
6297b000-6297c000 ---p 00018000 08:01 1315203    /usr/lib/i386-linux-gnu/libxcb-glx.so.0.0.0
6297c000-6297d000 r--p 00018000 08:01 1315203    /usr/lib/i386-linux-gnu/libxcb-glx.so.0.0.0
6297d000-6297e000 rw-p 00019000 08:01 1315203    /usr/lib/i386-linux-gnu/libxcb-glx.so.0.0.0
6297e000-62991000 r-xp 00000000 08:01 1325890    /usr/lib/i386-linux-gnu/libglapi.so.0.0.0
62991000-62992000 ---p 00013000 08:01 1325890    /usr/lib/i386-linux-gnu/libglapi.so.0.0.0
62992000-62994000 r--p 00013000 08:01 1325890    /usr/lib/i386-linux-gnu/libglapi.so.0.0.0
62994000-6299a000 rwxp 00015000 08:01 1325890    /usr/lib/i386-linux-gnu/libglapi.so.0.0.0
6299a000-6299f000 r-xp 00000000 08:01 1323038    /usr/lib/i386-linux-gnu/libxcb-sync.so.1.0.0
6299f000-629a0000 ---p 00005000 08:01 1323038    /usr/lib/i386-linux-gnu/libxcb-sync.so.1.0.0
629a0000-629a1000 r--p 00005000 08:01 1323038    /usr/lib/i386-linux-gnu/libxcb-sync.so.1.0.0
629a1000-629a2000 rw-p 00006000 08:01 1323038    /usr/lib/i386-linux-gnu/libxcb-sync.so.1.0.0
629a2000-629a4000 r-xp 00000000 08:01 1315005    /usr/lib/i386-linux-gnu/libxcb-present.so.0.0.0
629a4000-629a5000 r--p 00001000 08:01 1315005    /usr/lib/i386-linux-gnu/libxcb-present.so.0.0.0
629a5000-629a6000 rw-p 00002000 08:01 1315005    /usr/lib/i386-linux-gnu/libxcb-present.so.0.0.0
629a6000-629a8000 r-xp 00000000 08:01 1313615    /usr/lib/i386-linux-gnu/libxcb-dri3.so.0.0.0
629a8000-629a9000 r--p 00001000 08:01 1313615    /usr/lib/i386-linux-gnu/libxcb-dri3.so.0.0.0
629a9000-629aa000 rw-p 00002000 08:01 1313615    /usr/lib/i386-linux-gnu/libxcb-dri3.so.0.0.0
629aa000-62a1d000 r-xp 00000000 08:01 549519     /lib/i386-linux-gnu/libpcre.so.3.13.2
62a1d000-62a1e000 r--p 00072000 08:01 549519     /lib/i386-linux-gnu/libpcre.so.3.13.2
62a1e000-62a1f000 rw-p 00073000 08:01 549519     /lib/i386-linux-gnu/libpcre.so.3.13.2
62a1f000-62a26000 r-xp 00000000 08:01 1311491    /usr/lib/i386-linux-gnu/libffi.so.6.0.4
62a26000-62a27000 r--p 00006000 08:01 1311491    /usr/lib/i386-linux-gnu/libffi.so.6.0.4
62a27000-62a28000 rw-p 00007000 08:01 1311491    /usr/lib/i386-linux-gnu/libffi.so.6.0.4
62a28000-62a4e000 r-xp 00000000 08:01 524515     /lib/i386-linux-gnu/libexpat.so.1.6.0
62a4e000-62a4f000 ---p 00026000 08:01 524515     /lib/i386-linux-gnu/libexpat.so.1.6.0
62a4f000-62a51000 r--p 00026000 08:01 524515     /lib/i386-linux-gnu/libexpat.so.1.6.0
62a51000-62a52000 rw-p 00028000 08:01 524515     /lib/i386-linux-gnu/libexpat.so.1.6.0
62a52000-62a5b000 r-xp 00000000 08:01 1319005    /usr/lib/i386-linux-gnu/libthai.so.0.2.4
62a5b000-62a5c000 r--p 00008000 08:01 1319005    /usr/lib/i386-linux-gnu/libthai.so.0.2.4
62a5c000-62a5d000 rw-p 00009000 08:01 1319005    /usr/lib/i386-linux-gnu/libthai.so.0.2.4
62a5d000-62a81000 r-xp 00000000 08:01 1314593    /usr/lib/i386-linux-gnu/libxcb.so.1.1.0
62a81000-62a82000 r--p 00023000 08:01 1314593    /usr/lib/i386-linux-gnu/libxcb.so.1.1.0
62a82000-62a83000 rw-p 00024000 08:01 1314593    /usr/lib/i386-linux-gnu/libxcb.so.1.1.0
62a83000-62a8c000 r-xp 00000000 08:01 1314599    /usr/lib/i386-linux-gnu/libxcb-render.so.0.0.0
62a8c000-62a8d000 r--p 00008000 08:01 1314599    /usr/lib/i386-linux-gnu/libxcb-render.so.0.0.0
62a8d000-62a8e000 rw-p 00009000 08:01 1314599    /usr/lib/i386-linux-gnu/libxcb-render.so.0.0.0
62a8e000-62ab7000 r-xp 00000000 08:01 549610     /lib/i386-linux-gnu/libpng12.so.0.54.0
62ab7000-62ab8000 r--p 00028000 08:01 549610     /lib/i386-linux-gnu/libpng12.so.0.54.0
62ab8000-62ab9000 rw-p 00029000 08:01 549610     /lib/i386-linux-gnu/libpng12.so.0.54.0
62ab9000-62b62000 r-xp 00000000 08:01 1312402    /usr/lib/i386-linux-gnu/libpixman-1.so.0.33.6
62b62000-62b68000 r--p 000a8000 08:01 1312402    /usr/lib/i386-linux-gnu/libpixman-1.so.0.33.6
62b68000-62b69000 rw-p 000ae000 08:01 1312402    /usr/lib/i386-linux-gnu/libpixman-1.so.0.33.6
62b69000-62bcb000 r-xp 00000000 08:01 1319111    /usr/lib/i386-linux-gnu/libharfbuzz.so.0.10000.1
62bcb000-62bcc000 r--p 00061000 08:01 1319111    /usr/lib/i386-linux-gnu/libharfbuzz.so.0.10000.1
62bcc000-62bcd000 rw-p 00062000 08:01 1319111    /usr/lib/i386-linux-gnu/libharfbuzz.so.0.10000.1
62bcd000-62be1000 r-xp 00000000 08:01 547953     /lib/i386-linux-gnu/libresolv-2.23.so
62be1000-62be2000 ---p 00014000 08:01 547953     /lib/i386-linux-gnu/libresolv-2.23.so
62be2000-62be3000 r--p 00014000 08:01 547953     /lib/i386-linux-gnu/libresolv-2.23.so
62be3000-62be4000 rw-p 00015000 08:01 547953     /lib/i386-linux-gnu/libresolv-2.23.so
62be4000-62be6000 rw-p 00000000 00:00 0 
62be6000-62c08000 r-xp 00000000 08:01 546459     /lib/i386-linux-gnu/libselinux.so.1
62c08000-62c09000 ---p 00022000 08:01 546459     /lib/i386-linux-gnu/libselinux.so.1
62c09000-62c0a000 r--p 00022000 08:01 546459     /lib/i386-linux-gnu/libselinux.so.1
62c0a000-62c0b000 rw-p 00023000 08:01 546459     /lib/i386-linux-gnu/libselinux.so.1
62c0b000-62c0c000 rw-p 00000000 00:00 0 
62c0c000-62c25000 r-xp 00000000 08:01 524338     /lib/i386-linux-gnu/libz.so.1.2.8
62c25000-62c26000 r--p 00018000 08:01 524338     /lib/i386-linux-gnu/libz.so.1.2.8
62c26000-62c27000 rw-p 00019000 08:01 524338     /lib/i386-linux-gnu/libz.so.1.2.8
62c27000-62c3a000 r-xp 00000000 08:01 1314940    /usr/lib/i386-linux-gnu/libXext.so.6.4.0
62c3a000-62c3b000 r--p 00012000 08:01 1314940    /usr/lib/i386-linux-gnu/libXext.so.6.4.0
62c3b000-62c3c000 rw-p 00013000 08:01 1314940    /usr/lib/i386-linux-gnu/libXext.so.6.4.0
62c3c000-62da9000 r-xp 00000000 08:01 1318002    /usr/lib/i386-linux-gnu/libstdc++.so.6.0.21
62da9000-62daa000 ---p 0016d000 08:01 1318002    /usr/lib/i386-linux-gnu/libstdc++.so.6.0.21
62daa000-62daf000 r--p 0016d000 08:01 1318002    /usr/lib/i386-linux-gnu/libstdc++.so.6.0.21
62daf000-62db0000 rw-p 00172000 08:01 1318002    /usr/lib/i386-linux-gnu/libstdc++.so.6.0.21
62db0000-62db3000 rw-p 00000000 00:00 0 
62db3000-62e1b000 r-xp 00000000 08:01 1315318    /usr/lib/i386-linux-gnu/mesa/libGL.so.1.2.0
62e1b000-62e1c000 ---p 00068000 08:01 1315318    /usr/lib/i386-linux-gnu/mesa/libGL.so.1.2.0
62e1c000-62e1e000 r--p 00068000 08:01 1315318    /usr/lib/i386-linux-gnu/mesa/libGL.so.1.2.0
62e1e000-62e23000 rwxp 0006a000 08:01 1315318    /usr/lib/i386-linux-gnu/mesa/libGL.so.1.2.0
62e23000-62f69000 r-xp 00000000 08:01 1314934    /usr/lib/i386-linux-gnu/libX11.so.6.3.0
62f69000-62f6a000 ---p 00146000 08:01 1314934    /usr/lib/i386-linux-gnu/libX11.so.6.3.0
62f6a000-62f6b000 r--p 00146000 08:01 1314934    /usr/lib/i386-linux-gnu/libX11.so.6.3.0
62f6b000-62f6d000 rw-p 00147000 08:01 1314934    /usr/lib/i386-linux-gnu/libX11.so.6.3.0
62f6d000-62f6e000 rw-p 00000000 00:00 0 
62f6e000-63095000 r-xp 00000000 08:01 546543     /lib/i386-linux-gnu/libglib-2.0.so.0.4800.2
63095000-63096000 r--p 00126000 08:01 546543     /lib/i386-linux-gnu/libglib-2.0.so.0.4800.2
63096000-63097000 rw-p 00127000 08:01 546543     /lib/i386-linux-gnu/libglib-2.0.so.0.4800.2
63097000-630f3000 r-xp 00000000 08:01 1317844    /usr/lib/i386-linux-gnu/libgobject-2.0.so.0.4800.2
630f3000-630f4000 ---p 0005c000 08:01 1317844    /usr/lib/i386-linux-gnu/libgobject-2.0.so.0.4800.2
630f4000-630f5000 r--p 0005c000 08:01 1317844    /usr/lib/i386-linux-gnu/libgobject-2.0.so.0.4800.2
630f5000-630f6000 rw-p 0005d000 08:01 1317844    /usr/lib/i386-linux-gnu/libgobject-2.0.so.0.4800.2
630f6000-63138000 r-xp 00000000 08:01 1317809    /usr/lib/i386-linux-gnu/libfontconfig.so.1.9.0
63138000-63139000 ---p 00042000 08:01 1317809    /usr/lib/i386-linux-gnu/libfontconfig.so.1.9.0
63139000-6313a000 r--p 00042000 08:01 1317809    /usr/lib/i386-linux-gnu/libfontconfig.so.1.9.0
6313a000-6313f000 rw-p 00043000 08:01 1317809    /usr/lib/i386-linux-gnu/libfontconfig.so.1.9.0
6313f000-631ea000 r-xp 00000000 08:01 1315068    /usr/lib/i386-linux-gnu/libfreetype.so.6.12.1
631ea000-631ee000 r--p 000aa000 08:01 1315068    /usr/lib/i386-linux-gnu/libfreetype.so.6.12.1
631ee000-631ef000 rw-p 000ae000 08:01 1315068    /usr/lib/i386-linux-gnu/libfreetype.so.6.12.1
631ef000-6323d000 r-xp 00000000 08:01 1319103    /usr/lib/i386-linux-gnu/libpango-1.0.so.0.3800.1
6323d000-6323e000 ---p 0004e000 08:01 1319103    /usr/lib/i386-linux-gnu/libpango-1.0.so.0.3800.1
6323e000-6323f000 r--p 0004e000 08:01 1319103    /usr/lib/i386-linux-gnu/libpango-1.0.so.0.3800.1
6323f000-63240000 rw-p 0004f000 08:01 1319103    /usr/lib/i386-linux-gnu/libpango-1.0.so.0.3800.1
63240000-6337d000 r-xp 00000000 08:01 1318053    /usr/lib/i386-linux-gnu/libcairo.so.2.11400.6
6337d000-6337f000 r--p 0013c000 08:01 1318053    /usr/lib/i386-linux-gnu/libcairo.so.2.11400.6
6337f000-63380000 rw-p 0013e000 08:01 1318053    /usr/lib/i386-linux-gnu/libcairo.so.2.11400.6
63380000-63381000 rw-p 00000000 00:00 0 
63381000-63545000 r-xp 00000000 08:01 1317845    /usr/lib/i386-linux-gnu/libgio-2.0.so.0.4800.2
63545000-63546000 ---p 001c4000 08:01 1317845    /usr/lib/i386-linux-gnu/libgio-2.0.so.0.4800.2
63546000-63548000 r--p 001c4000 08:01 1317845    /usr/lib/i386-linux-gnu/libgio-2.0.so.0.4800.2
63548000-63549000 rw-p 001c6000 08:01 1317845    /usr/lib/i386-linux-gnu/libgio-2.0.so.0.4800.2
63549000-6354a000 rw-p 00000000 00:00 0 
6354a000-63607000 r-xp 00000000 08:01 1325452    /usr/lib/i386-linux-gnu/libgdk-x11-2.0.so.0.2400.30
63607000-63609000 r--p 000bc000 08:01 1325452    /usr/lib/i386-linux-gnu/libgdk-x11-2.0.so.0.2400.30
63609000-6360a000 rw-p 000be000 08:01 1325452    /usr/lib/i386-linux-gnu/libgdk-x11-2.0.so.0.2400.30
6360a000-63af7000 r-xp 00000000 08:01 1325455    /usr/lib/i386-linux-gnu/libgtk-x11-2.0.so.0.2400.30
63af7000-63af8000 ---p 004ed000 08:01 1325455    /usr/lib/i386-linux-gnu/libgtk-x11-2.0.so.0.2400.30
63af8000-63afc000 r--p 004ed000 08:01 1325455    /usr/lib/i386-linux-gnu/libgtk-x11-2.0.so.0.2400.30
63afc000-63afe000 rw-p 004f1000 08:01 1325455    /usr/lib/i386-linux-gnu/libgtk-x11-2.0.so.0.2400.30
63afe000-63b00000 rw-p 00000000 00:00 0 
63b00000-63c00000 rw-p 00000000 00:00 0 
63c00000-63c01000 r-xp 00000000 08:01 1317255    /usr/lib/i386-linux-gnu/libX11-xcb.so.1.0.0
63c01000-63c02000 r--p 00000000 08:01 1317255    /usr/lib/i386-linux-gnu/libX11-xcb.so.1.0.0
63c02000-63c03000 rw-p 00001000 08:01 1317255    /usr/lib/i386-linux-gnu/libX11-xcb.so.1.0.0
63c03000-63c05000 r-xp 00000000 08:01 1314938    /usr/lib/i386-linux-gnu/libxcb-shm.so.0.0.0
63c05000-63c06000 r--p 00001000 08:01 1314938    /usr/lib/i386-linux-gnu/libxcb-shm.so.0.0.0
63c06000-63c07000 rw-p 00002000 08:01 1314938    /usr/lib/i386-linux-gnu/libxcb-shm.so.0.0.0
63c07000-63c18000 r-xp 00000000 08:01 1317424    /usr/lib/i386-linux-gnu/libXi.so.6.1.0
63c18000-63c19000 r--p 00010000 08:01 1317424    /usr/lib/i386-linux-gnu/libXi.so.6.1.0
63c19000-63c1a000 rw-p 00011000 08:01 1317424    /usr/lib/i386-linux-gnu/libXi.so.6.1.0
63c1a000-63c1d000 ---p 00000000 00:00 0 
63c1d000-63c6b000 rw-p 00000000 00:00 0 
63c6b000-63d00000 r--s 01110000 08:01 1366606    /usr/lib/jvm/java-8-oracle/jre/lib/ext/jfxrt.jar
63d00000-63dfc000 rw-p 00000000 00:00 0 
63dfc000-63e00000 ---p 00000000 00:00 0 
63e00000-63e01000 r--s 00000000 08:01 271446     /var/cache/fontconfig/550f3886151c940c12a5ed35f6a00586-le32d4.cache-6
63e01000-63e03000 r-xp 00000000 08:01 1313623    /usr/lib/i386-linux-gnu/libXdamage.so.1.1.0
63e03000-63e04000 r--p 00001000 08:01 1313623    /usr/lib/i386-linux-gnu/libXdamage.so.1.1.0
63e04000-63e05000 rw-p 00002000 08:01 1313623    /usr/lib/i386-linux-gnu/libXdamage.so.1.1.0
63e05000-63e07000 r-xp 00000000 08:01 1319141    /usr/lib/i386-linux-gnu/libXcomposite.so.1.0.0
63e07000-63e08000 r--p 00001000 08:01 1319141    /usr/lib/i386-linux-gnu/libXcomposite.so.1.0.0
63e08000-63e09000 rw-p 00002000 08:01 1319141    /usr/lib/i386-linux-gnu/libXcomposite.so.1.0.0
63e09000-63e0a000 ---p 00000000 00:00 0 
63e0a000-63e8a000 rw-p 00000000 00:00 0 
63e8a000-63e8d000 ---p 00000000 00:00 0 
63e8d000-63edb000 rw-p 00000000 00:00 0 
63edb000-63ede000 ---p 00000000 00:00 0 
63ede000-63f5c000 rw-p 00000000 00:00 0 
63f5c000-63f5f000 ---p 00000000 00:00 0 
63f5f000-63fdd000 rw-p 00000000 00:00 0 
63fdd000-63fe0000 ---p 00000000 00:00 0 
63fe0000-6405e000 rw-p 00000000 00:00 0 
6405e000-64061000 ---p 00000000 00:00 0 
64061000-640af000 rw-p 00000000 00:00 0 
640af000-640b2000 ---p 00000000 00:00 0 
640b2000-64100000 rw-p 00000000 00:00 0 
64100000-64121000 rw-p 00000000 00:00 0 
64121000-64200000 ---p 00000000 00:00 0 
64200000-64201000 r--s 00000000 08:01 271425     /var/cache/fontconfig/30829fa25452a46451e813d634d7f916-le32d4.cache-6
64201000-64202000 r--s 00000000 08:01 271416     /var/cache/fontconfig/0c9eb80ebd1c36541ebe2852d3bb0c49-le32d4.cache-6
64202000-6420b000 r-xp 00000000 08:01 1317279    /usr/lib/i386-linux-gnu/libXcursor.so.1.0.2
6420b000-6420c000 r--p 00008000 08:01 1317279    /usr/lib/i386-linux-gnu/libXcursor.so.1.0.2
6420c000-6420d000 rw-p 00009000 08:01 1317279    /usr/lib/i386-linux-gnu/libXcursor.so.1.0.2
6420d000-64210000 ---p 00000000 00:00 0 
64210000-6425e000 rw-p 00000000 00:00 0 
6425e000-64261000 ---p 00000000 00:00 0 
64261000-642af000 rw-p 00000000 00:00 0 
642af000-642b2000 ---p 00000000 00:00 0 
642b2000-64300000 rw-p 00000000 00:00 0 
64300000-64400000 rw-p 00000000 00:00 0 
64400000-6440b000 r-xp 00000000 08:01 1324240    /usr/lib/i386-linux-gnu/libXrandr.so.2.2.0
6440b000-6440c000 r--p 0000a000 08:01 1324240    /usr/lib/i386-linux-gnu/libXrandr.so.2.2.0
6440c000-6440d000 rw-p 0000b000 08:01 1324240    /usr/lib/i386-linux-gnu/libXrandr.so.2.2.0
6440d000-6440f000 r-xp 00000000 08:01 1317285    /usr/lib/i386-linux-gnu/libXinerama.so.1.0.0
6440f000-64410000 r--p 00001000 08:01 1317285    /usr/lib/i386-linux-gnu/libXinerama.so.1.0.0
64410000-64411000 rw-p 00002000 08:01 1317285    /usr/lib/i386-linux-gnu/libXinerama.so.1.0.0
64411000-6442d000 r-xp 00000000 08:01 549621     /lib/i386-linux-gnu/libgcc_s.so.1
6442d000-6442e000 rw-p 0001b000 08:01 549621     /lib/i386-linux-gnu/libgcc_s.so.1
6442e000-64431000 ---p 00000000 00:00 0 
64431000-6447f000 rw-p 00000000 00:00 0 
6447f000-64480000 ---p 00000000 00:00 0 
64480000-64500000 rw-p 00000000 00:00 0 
64500000-645fc000 rw-p 00000000 00:00 0 
645fc000-64600000 ---p 00000000 00:00 0 
64600000-64601000 r-xp 00000000 08:01 1313660    /usr/lib/i386-linux-gnu/libxshmfence.so.1.0.0
64601000-64602000 r--p 00000000 08:01 1313660    /usr/lib/i386-linux-gnu/libxshmfence.so.1.0.0
64602000-64603000 rw-p 00001000 08:01 1313660    /usr/lib/i386-linux-gnu/libxshmfence.so.1.0.0
64603000-6460d000 r-xp 00000000 08:01 1314605    /usr/lib/i386-linux-gnu/libXrender.so.1.3.0
6460d000-6460e000 r--p 00009000 08:01 1314605    /usr/lib/i386-linux-gnu/libXrender.so.1.3.0
6460e000-6460f000 rw-p 0000a000 08:01 1314605    /usr/lib/i386-linux-gnu/libXrender.so.1.3.0
6460f000-6461b000 r-xp 00000000 08:01 1319107    /usr/lib/i386-linux-gnu/libpangocairo-1.0.so.0.3800.1
6461b000-6461c000 r--p 0000b000 08:01 1319107    /usr/lib/i386-linux-gnu/libpangocairo-1.0.so.0.3800.1
6461c000-6461d000 rw-p 0000c000 08:01 1319107    /usr/lib/i386-linux-gnu/libpangocairo-1.0.so.0.3800.1
6461d000-64644000 r-xp 00000000 08:01 1331938    /usr/lib/i386-linux-gnu/libgdk_pixbuf-2.0.so.0.3200.2
64644000-64645000 r--p 00026000 08:01 1331938    /usr/lib/i386-linux-gnu/libgdk_pixbuf-2.0.so.0.3200.2
64645000-64646000 rw-p 00027000 08:01 1331938    /usr/lib/i386-linux-gnu/libgdk_pixbuf-2.0.so.0.3200.2
64646000-64820000 r--s 03d4d000 08:01 1366594    /usr/lib/jvm/java-8-oracle/jre/lib/rt.jar
64820000-64c66000 rw-p 00000000 00:00 0 
64c66000-64c6c000 ---p 00000000 00:00 0 
64c6c000-67000000 rw-p 00000000 00:00 0 
67000000-670eb000 rw-p 00000000 00:00 0 
670eb000-67100000 ---p 00000000 00:00 0 
67100000-67101000 r--s 00000000 08:01 271412     /var/cache/fontconfig/22368d551a680bfe5a62c02760edf4ea-le32d4.cache-6
67101000-67102000 r--s 00000000 08:01 271408     /var/cache/fontconfig/4d9c95eba1cb85bbcf2878543262124a-le32d4.cache-6
67102000-67107000 r-xp 00000000 08:01 1317362    /usr/lib/i386-linux-gnu/libXfixes.so.3.1.0
67107000-67108000 r--p 00004000 08:01 1317362    /usr/lib/i386-linux-gnu/libXfixes.so.3.1.0
67108000-67109000 rw-p 00005000 08:01 1317362    /usr/lib/i386-linux-gnu/libXfixes.so.3.1.0
67109000-6712d000 r-xp 00000000 08:01 1318049    /usr/lib/i386-linux-gnu/libatk-1.0.so.0.21809.1
6712d000-6712f000 r--p 00023000 08:01 1318049    /usr/lib/i386-linux-gnu/libatk-1.0.so.0.21809.1
6712f000-67130000 rw-p 00025000 08:01 1318049    /usr/lib/i386-linux-gnu/libatk-1.0.so.0.21809.1
67130000-6717f000 rw-p 00000000 00:00 0 
6717f000-67180000 ---p 00000000 00:00 0 
67180000-67200000 rw-p 00000000 00:00 0 
67200000-672fe000 rw-p 00000000 00:00 0 
672fe000-67300000 ---p 00000000 00:00 0 
67300000-673ff000 rw-p 00000000 00:00 0 
673ff000-67400000 ---p 00000000 00:00 0 
67400000-67401000 r--s 00000000 08:01 278853     /var/cache/fontconfig/85e0a52ce643a7ba2ae53e5d6949cead-le32d4.cache-6
67401000-67406000 r-xp 00000000 08:01 1317290    /usr/lib/i386-linux-gnu/libXxf86vm.so.1.0.0
67406000-67407000 r--p 00004000 08:01 1317290    /usr/lib/i386-linux-gnu/libXxf86vm.so.1.0.0
67407000-67408000 rw-p 00005000 08:01 1317290    /usr/lib/i386-linux-gnu/libXxf86vm.so.1.0.0
67408000-67409000 r--s 00000000 08:01 271404     /var/cache/fontconfig/49f0de54bdd920fe4f0dfd4cbac43e6b-le32d4.cache-6
67409000-6740c000 r-xp 00000000 08:01 1366700    /usr/lib/jvm/java-8-oracle/jre/lib/i386/libjavafx_font.so
6740c000-6740d000 rw-p 00002000 08:01 1366700    /usr/lib/jvm/java-8-oracle/jre/lib/i386/libjavafx_font.so
6740d000-67412000 r-xp 00000000 08:01 262374     /usr/lib/i386-linux-gnu/gtk-2.0/modules/libcanberra-gtk-module.so
67412000-67413000 r--p 00004000 08:01 262374     /usr/lib/i386-linux-gnu/gtk-2.0/modules/libcanberra-gtk-module.so
67413000-67414000 rw-p 00005000 08:01 262374     /usr/lib/i386-linux-gnu/gtk-2.0/modules/libcanberra-gtk-module.so
67414000-67423000 r-xp 00000000 08:01 1366656    /usr/lib/jvm/java-8-oracle/jre/lib/i386/libprism_sw.so
67423000-67424000 rw-p 0000f000 08:01 1366656    /usr/lib/jvm/java-8-oracle/jre/lib/i386/libprism_sw.so
67424000-6747f000 rw-p 00000000 00:00 0 
6747f000-67480000 ---p 00000000 00:00 0 
67480000-67500000 rw-p 00000000 00:00 0 
67500000-675ff000 rw-p 00000000 00:00 0 
675ff000-67600000 ---p 00000000 00:00 0 
67600000-67602000 r--s 00000000 08:01 1196721    /home/ubuntu/NetBeansProjects/xProjectCAM/dist/run644101156/lib/gluegen-rt-natives-linux-i586.jar
67602000-67618000 r-xp 00000000 08:01 1319127    /usr/lib/i386-linux-gnu/libpangoft2-1.0.so.0.3800.1
67618000-67619000 r--p 00015000 08:01 1319127    /usr/lib/i386-linux-gnu/libpangoft2-1.0.so.0.3800.1
67619000-6761a000 rw-p 00016000 08:01 1319127    /usr/lib/i386-linux-gnu/libpangoft2-1.0.so.0.3800.1
6761a000-67632000 rw-p 00000000 00:00 0 
67632000-67633000 ---p 00000000 00:00 0 
67633000-676c9000 rw-p 00000000 00:00 0 
676c9000-67805000 ---p 00000000 00:00 0 
67805000-6781b000 rw-p 00000000 00:00 0 
6781b000-67956000 ---p 00000000 00:00 0 
67956000-67961000 rw-p 00000000 00:00 0 
67961000-679ff000 ---p 00000000 00:00 0 
679ff000-6a4c0000 rw-p 00000000 00:00 0 
6a4c0000-91cc0000 ---p 00000000 00:00 0 
91cc0000-93200000 rw-p 00000000 00:00 0 
93200000-a6e00000 ---p 00000000 00:00 0 
a6e00000-a6e01000 r--s 00000000 08:01 265025     /var/cache/fontconfig/f6e6e0a5c3d2f6ae0c0c2e0ecd42a997-le32d4.cache-6
a6e01000-a6e06000 r-xp 00000000 08:01 1317291    /usr/lib/i386-linux-gnu/libXtst.so.6.1.0
a6e06000-a6e07000 r--p 00004000 08:01 1317291    /usr/lib/i386-linux-gnu/libXtst.so.6.1.0
a6e07000-a6e08000 rw-p 00005000 08:01 1317291    /usr/lib/i386-linux-gnu/libXtst.so.6.1.0
a6e08000-a6e0b000 r-xp 00000000 08:01 1317842    /usr/lib/i386-linux-gnu/libgmodule-2.0.so.0.4800.2
a6e0b000-a6e0c000 r--p 00002000 08:01 1317842    /usr/lib/i386-linux-gnu/libgmodule-2.0.so.0.4800.2
a6e0c000-a6e0d000 rw-p 00003000 08:01 1317842    /usr/lib/i386-linux-gnu/libgmodule-2.0.so.0.4800.2
a6e0d000-a6e0e000 ---p 00000000 00:00 0 
a6e0e000-a6e98000 rw-p 00000000 00:00 0 
a6e98000-a724e000 ---p 00000000 00:00 0 
a724e000-a74b6000 rwxp 00000000 00:00 0 
a74b6000-b624e000 ---p 00000000 00:00 0 
b624e000-b6267000 r-xp 00000000 08:01 1366671    /usr/lib/jvm/java-8-oracle/jre/lib/i386/libzip.so
b6267000-b6268000 rw-p 00019000 08:01 1366671    /usr/lib/jvm/java-8-oracle/jre/lib/i386/libzip.so
b6268000-b6273000 r-xp 00000000 08:01 529614     /lib/i386-linux-gnu/libnss_files-2.23.so
b6273000-b6274000 r--p 0000a000 08:01 529614     /lib/i386-linux-gnu/libnss_files-2.23.so
b6274000-b6275000 rw-p 0000b000 08:01 529614     /lib/i386-linux-gnu/libnss_files-2.23.so
b6275000-b627b000 rw-p 00000000 00:00 0 
b627b000-b6286000 r-xp 00000000 08:01 547027     /lib/i386-linux-gnu/libnss_nis-2.23.so
b6286000-b6287000 r--p 0000a000 08:01 547027     /lib/i386-linux-gnu/libnss_nis-2.23.so
b6287000-b6288000 rw-p 0000b000 08:01 547027     /lib/i386-linux-gnu/libnss_nis-2.23.so
b6288000-b629f000 r-xp 00000000 08:01 529608     /lib/i386-linux-gnu/libnsl-2.23.so
b629f000-b62a0000 r--p 00016000 08:01 529608     /lib/i386-linux-gnu/libnsl-2.23.so
b62a0000-b62a1000 rw-p 00017000 08:01 529608     /lib/i386-linux-gnu/libnsl-2.23.so
b62a1000-b62a3000 rw-p 00000000 00:00 0 
b62a3000-b64a3000 r--p 00000000 08:01 1357384    /usr/lib/locale/locale-archive
b64a3000-b64da000 r-xp 00000000 08:01 1366672    /usr/lib/jvm/java-8-oracle/jre/lib/i386/libjdwp.so
b64da000-b64db000 rw-p 00037000 08:01 1366672    /usr/lib/jvm/java-8-oracle/jre/lib/i386/libjdwp.so
b64db000-b64ff000 r-xp 00000000 08:01 1366638    /usr/lib/jvm/java-8-oracle/jre/lib/i386/libjava.so
b64ff000-b6500000 rw-p 00024000 08:01 1366638    /usr/lib/jvm/java-8-oracle/jre/lib/i386/libjava.so
b6500000-b65fd000 rw-p 00000000 00:00 0 
b65fd000-b6600000 ---p 00000000 00:00 0 
b6600000-b6601000 r--s 00000000 08:01 271400     /var/cache/fontconfig/4b2eda6bb976bda485cb2176619421d5-le32d4.cache-6
b6601000-b6602000 r-xp 00000000 08:01 1317843    /usr/lib/i386-linux-gnu/libgthread-2.0.so.0.4800.2
b6602000-b6603000 r--p 00000000 08:01 1317843    /usr/lib/i386-linux-gnu/libgthread-2.0.so.0.4800.2
b6603000-b6604000 rw-p 00001000 08:01 1317843    /usr/lib/i386-linux-gnu/libgthread-2.0.so.0.4800.2
b6604000-b660f000 r-xp 00000000 08:01 1366645    /usr/lib/jvm/java-8-oracle/jre/lib/i386/libprism_es2.so
b660f000-b6610000 rw-p 0000a000 08:01 1366645    /usr/lib/jvm/java-8-oracle/jre/lib/i386/libprism_es2.so
b6610000-b6611000 r--s 00001000 08:01 1199562    /home/ubuntu/NetBeansProjects/xProjectCAM/dist/run644101156/xProjectCAM-JOL.jar
b6611000-b6614000 r-xp 00000000 08:01 1366678    /usr/lib/jvm/java-8-oracle/jre/lib/i386/libdt_socket.so
b6614000-b6615000 rw-p 00003000 08:01 1366678    /usr/lib/jvm/java-8-oracle/jre/lib/i386/libdt_socket.so
b6615000-b661d000 rw-s 00000000 08:01 670537     /tmp/hsperfdata_root/29962
b661d000-b6624000 r-xp 00000000 08:01 547029     /lib/i386-linux-gnu/librt-2.23.so
b6624000-b6625000 r--p 00006000 08:01 547029     /lib/i386-linux-gnu/librt-2.23.so
b6625000-b6626000 rw-p 00007000 08:01 547029     /lib/i386-linux-gnu/librt-2.23.so
b6626000-b6629000 ---p 00000000 00:00 0 
b6629000-b6677000 rw-p 00000000 00:00 0 
b6677000-b66ca000 r-xp 00000000 08:01 547956     /lib/i386-linux-gnu/libm-2.23.so
b66ca000-b66cb000 r--p 00052000 08:01 547956     /lib/i386-linux-gnu/libm-2.23.so
b66cb000-b66cc000 rw-p 00053000 08:01 547956     /lib/i386-linux-gnu/libm-2.23.so
b66cc000-b705d000 r-xp 00000000 08:01 1366653    /usr/lib/jvm/java-8-oracle/jre/lib/i386/server/libjvm.so
b705d000-b70cb000 rw-p 00990000 08:01 1366653    /usr/lib/jvm/java-8-oracle/jre/lib/i386/server/libjvm.so
b70cb000-b74f4000 rw-p 00000000 00:00 0 
b74f4000-b76a4000 r-xp 00000000 08:01 548079     /lib/i386-linux-gnu/libc-2.23.so
b76a4000-b76a6000 r--p 001af000 08:01 548079     /lib/i386-linux-gnu/libc-2.23.so
b76a6000-b76a7000 rw-p 001b1000 08:01 548079     /lib/i386-linux-gnu/libc-2.23.so
b76a7000-b76aa000 rw-p 00000000 00:00 0 
b76aa000-b76ad000 r-xp 00000000 08:01 547145     /lib/i386-linux-gnu/libdl-2.23.so
b76ad000-b76ae000 r--p 00002000 08:01 547145     /lib/i386-linux-gnu/libdl-2.23.so
b76ae000-b76af000 rw-p 00003000 08:01 547145     /lib/i386-linux-gnu/libdl-2.23.so
b76af000-b76c3000 r-xp 00000000 08:01 1366680    /usr/lib/jvm/java-8-oracle/jre/lib/i386/jli/libjli.so
b76c3000-b76c4000 rw-p 00014000 08:01 1366680    /usr/lib/jvm/java-8-oracle/jre/lib/i386/jli/libjli.so
b76c4000-b76dd000 r-xp 00000000 08:01 546475     /lib/i386-linux-gnu/libpthread-2.23.so
b76dd000-b76de000 r--p 00018000 08:01 546475     /lib/i386-linux-gnu/libpthread-2.23.so
b76de000-b76df000 rw-p 00019000 08:01 546475     /lib/i386-linux-gnu/libpthread-2.23.so
b76df000-b76e1000 rw-p 00000000 00:00 0 
b76e1000-b76e9000 r-xp 00000000 08:01 547146     /lib/i386-linux-gnu/libnss_compat-2.23.so
b76e9000-b76ea000 r--p 00007000 08:01 547146     /lib/i386-linux-gnu/libnss_compat-2.23.so
b76ea000-b76eb000 rw-p 00008000 08:01 547146     /lib/i386-linux-gnu/libnss_compat-2.23.so
b76eb000-b76ec000 r--p 002d4000 08:01 1357384    /usr/lib/locale/locale-archive
b76ec000-b76ee000 r-xp 00000000 08:01 1366642    /usr/lib/jvm/java-8-oracle/jre/lib/i386/libnpt.so
b76ee000-b76ef000 rw-p 00001000 08:01 1366642    /usr/lib/jvm/java-8-oracle/jre/lib/i386/libnpt.so
b76ef000-b76f0000 rw-p 00000000 00:00 0 
b76f0000-b76f1000 r--p 00000000 00:00 0 
b76f1000-b76fc000 r-xp 00000000 08:01 1366709    /usr/lib/jvm/java-8-oracle/jre/lib/i386/libverify.so
b76fc000-b76fd000 rw-p 0000b000 08:01 1366709    /usr/lib/jvm/java-8-oracle/jre/lib/i386/libverify.so
b76fd000-b76ff000 rw-p 00000000 00:00 0 
b76ff000-b7701000 r--p 00000000 00:00 0          [vvar]
b7701000-b7702000 r-xp 00000000 00:00 0          [vdso]
b7702000-b7724000 r-xp 00000000 08:01 529610     /lib/i386-linux-gnu/ld-2.23.so
b7724000-b7725000 rw-p 00000000 00:00 0 
b7725000-b7726000 r--p 00022000 08:01 529610     /lib/i386-linux-gnu/ld-2.23.so
b7726000-b7727000 rw-p 00023000 08:01 529610     /lib/i386-linux-gnu/ld-2.23.so
bfe45000-bfe66000 rw-p 00000000 00:00 0          [stack]

VM Arguments:
jvm_args: -Xdebug -Xrunjdwp:transport=dt_socket,address=localhost:43234 -Dglass.disableGrab=true -Dfile.encoding=UTF-8 
java_command: /home/ubuntu/NetBeansProjects/xProjectCAM/dist/run644101156/xProjectCAM-JOL.jar
java_class_path (initial): /home/ubuntu/NetBeansProjects/xProjectCAM/dist/run644101156/xProjectCAM-JOL.jar
Launcher Type: SUN_STANDARD

Environment Variables:
PATH=/usr/local/sbin:/usr/local/bin:/usr/sbin:/usr/bin:/sbin:/bin:/snap/bin
USERNAME=root
LD_LIBRARY_PATH=/usr/lib/jvm/java-8-oracle/jre/lib/amd64:/usr/lib/jvm/java-8-oracle/jre/lib/i386:
SHELL=/bin/bash
DISPLAY=:0

Signal Handlers:
SIGSEGV: [libjvm.so+0x8dbed0], sa_mask[0]=11111111011111111101111111111110, sa_flags=SA_RESTART|SA_SIGINFO
SIGBUS: [libjvm.so+0x8dbed0], sa_mask[0]=11111111011111111101111111111110, sa_flags=SA_RESTART|SA_SIGINFO
SIGFPE: [libjvm.so+0x758b80], sa_mask[0]=11111111011111111101111111111110, sa_flags=SA_RESTART|SA_SIGINFO
SIGPIPE: SIG_IGN, sa_mask[0]=00000000000010000000000000000000, sa_flags=SA_RESTART
SIGXFSZ: [libjvm.so+0x758b80], sa_mask[0]=11111111011111111101111111111110, sa_flags=SA_RESTART|SA_SIGINFO
SIGILL: [libjvm.so+0x758b80], sa_mask[0]=11111111011111111101111111111110, sa_flags=SA_RESTART|SA_SIGINFO
SIGUSR1: SIG_DFL, sa_mask[0]=00000000000000000000000000000000, sa_flags=none
SIGUSR2: [libjvm.so+0x75a430], sa_mask[0]=00100000000000000000000000000000, sa_flags=SA_RESTART|SA_SIGINFO
SIGHUP: [libjvm.so+0x75b8e0], sa_mask[0]=11111111011111111101111111111110, sa_flags=SA_RESTART|SA_SIGINFO
SIGINT: SIG_IGN, sa_mask[0]=00000000000000000000000000000000, sa_flags=none
SIGTERM: [libjvm.so+0x75b8e0], sa_mask[0]=11111111011111111101111111111110, sa_flags=SA_RESTART|SA_SIGINFO
SIGQUIT: [libjvm.so+0x75b8e0], sa_mask[0]=11111111011111111101111111111110, sa_flags=SA_RESTART|SA_SIGINFO


---------------  S Y S T E M  ---------------

OS:DISTRIB_ID=Ubuntu
DISTRIB_RELEASE=16.04
DISTRIB_CODENAME=xenial
DISTRIB_DESCRIPTION="Ubuntu 16.04.3 LTS"

uname:Linux 4.4.0-96-generic #119-Ubuntu SMP Tue Sep 12 14:58:51 UTC 2017 i686
libc:glibc 2.23 NPTL 2.23 
rlimit: STACK 8192k, CORE 0k, NPROC 32038, NOFILE 1048576, AS infinity
load average:1.92 1.08 1.05

/proc/meminfo:
MemTotal:        4138752 kB
MemFree:          880276 kB
MemAvailable:    2181280 kB
Buffers:          236768 kB
Cached:          1148860 kB
SwapCached:         4064 kB
Active:          2239224 kB
Inactive:         568308 kB
Active(anon):    1316460 kB
Inactive(anon):   128964 kB
Active(file):     922764 kB
Inactive(file):   439344 kB
Unevictable:          32 kB
Mlocked:              32 kB
HighTotal:       3280840 kB
HighFree:         725084 kB
LowTotal:         857912 kB
LowFree:          155192 kB
SwapTotal:       4192252 kB
SwapFree:        4161472 kB
Dirty:              7976 kB
Writeback:             0 kB
AnonPages:       1418972 kB
Mapped:           252816 kB
Shmem:             23668 kB
Slab:             405364 kB
SReclaimable:     383784 kB
SUnreclaim:        21580 kB
KernelStack:        4480 kB
PageTables:        12780 kB
NFS_Unstable:          0 kB
Bounce:                0 kB
WritebackTmp:          0 kB
CommitLimit:     6261628 kB
Committed_AS:    4799496 kB
VmallocTotal:     122880 kB
VmallocUsed:           0 kB
VmallocChunk:          0 kB
AnonHugePages:    800768 kB
CmaTotal:              0 kB
CmaFree:               0 kB
HugePages_Total:       0
HugePages_Free:        0
HugePages_Rsvd:        0
HugePages_Surp:        0
Hugepagesize:       2048 kB
DirectMap4k:       32760 kB
DirectMap2M:      880640 kB


CPU:total 4 (initial active 4) (4 cores per cpu, 1 threads per core) family 6 model 42 stepping 7, cmov, cx8, fxsr, mmx, sse, sse2, sse3, ssse3, sse4.1, sse4.2, popcnt, avx, aes, clmul, tsc, tscinvbit

/proc/cpuinfo:
processor	: 0
vendor_id	: GenuineIntel
cpu family	: 6
model		: 42
model name	: Intel(R) Core(TM) i7-2630QM CPU @ 2.00GHz
stepping	: 7
cpu MHz		: 2026.088
cache size	: 6144 KB
physical id	: 0
siblings	: 4
core id		: 0
cpu cores	: 4
apicid		: 0
initial apicid	: 0
fdiv_bug	: no
f00f_bug	: no
coma_bug	: no
fpu		: yes
fpu_exception	: yes
cpuid level	: 13
wp		: yes
flags		: fpu vme de pse tsc msr pae mce cx8 apic sep mtrr pge mca cmov pat pse36 clflush mmx fxsr sse sse2 ht nx rdtscp constant_tsc xtopology nonstop_tsc pni pclmulqdq ssse3 cx16 sse4_1 sse4_2 x2apic popcnt aes xsave avx hypervisor lahf_lm
bugs		:
bogomips	: 4052.17
clflush size	: 64
cache_alignment	: 64
address sizes	: 36 bits physical, 48 bits virtual
power management:

processor	: 1
vendor_id	: GenuineIntel
cpu family	: 6
model		: 42
model name	: Intel(R) Core(TM) i7-2630QM CPU @ 2.00GHz
stepping	: 7
cpu MHz		: 2026.088
cache size	: 6144 KB
physical id	: 0
siblings	: 4
core id		: 1
cpu cores	: 4
apicid		: 1
initial apicid	: 1
fdiv_bug	: no
f00f_bug	: no
coma_bug	: no
fpu		: yes
fpu_exception	: yes
cpuid level	: 13
wp		: yes
flags		: fpu vme de pse tsc msr pae mce cx8 apic sep mtrr pge mca cmov pat pse36 clflush mmx fxsr sse sse2 ht nx rdtscp constant_tsc xtopology nonstop_tsc pni pclmulqdq ssse3 cx16 sse4_1 sse4_2 x2apic popcnt aes xsave avx hypervisor lahf_lm
bugs		:
bogomips	: 4052.17
clflush size	: 64
cache_alignment	: 64
address sizes	: 36 bits physical, 48 bits virtual
power management:

processor	: 2
vendor_id	: GenuineIntel
cpu family	: 6
model		: 42
model name	: Intel(R) Core(TM) i7-2630QM CPU @ 2.00GHz
stepping	: 7
cpu MHz		: 2026.088
cache size	: 6144 KB
physical id	: 0
siblings	: 4
core id		: 2
cpu cores	: 4
apicid		: 2
initial apicid	: 2
fdiv_bug	: no
f00f_bug	: no
coma_bug	: no
fpu		: yes
fpu_exception	: yes
cpuid level	: 13
wp		: yes
flags		: fpu vme de pse tsc msr pae mce cx8 apic sep mtrr pge mca cmov pat pse36 clflush mmx fxsr sse sse2 ht nx rdtscp constant_tsc xtopology nonstop_tsc pni pclmulqdq ssse3 cx16 sse4_1 sse4_2 x2apic popcnt aes xsave avx hypervisor lahf_lm
bugs		:
bogomips	: 4052.17
clflush size	: 64
cache_alignment	: 64
address sizes	: 36 bits physical, 48 bits virtual
power management:

processor	: 3
vendor_id	: GenuineIntel
cpu family	: 6
model		: 42
model name	: Intel(R) Core(TM) i7-2630QM CPU @ 2.00GHz
stepping	: 7
cpu MHz		: 2026.088
cache size	: 6144 KB
physical id	: 0
siblings	: 4
core id		: 3
cpu cores	: 4
apicid		: 3
initial apicid	: 3
fdiv_bug	: no
f00f_bug	: no
coma_bug	: no
fpu		: yes
fpu_exception	: yes
cpuid level	: 13
wp		: yes
flags		: fpu vme de pse tsc msr pae mce cx8 apic sep mtrr pge mca cmov pat pse36 clflush mmx fxsr sse sse2 ht nx rdtscp constant_tsc xtopology nonstop_tsc pni pclmulqdq ssse3 cx16 sse4_1 sse4_2 x2apic popcnt aes xsave avx hypervisor lahf_lm
bugs		:
bogomips	: 4052.17
clflush size	: 64
cache_alignment	: 64
address sizes	: 36 bits physical, 48 bits virtual
power management:



Memory: 4k page, physical 4138752k(880276k free), swap 4192252k(4161472k free)

vm_info: Java HotSpot(TM) Server VM (25.144-b01) for linux-x86 JRE (1.8.0_144-b01), built on Jul 22 2017 02:26:52 by "java_re" with gcc 4.3.0 20080428 (Red Hat 4.3.0-8)

time: Fri Sep 29 19:55:12 2017
elapsed time: 5 seconds (0d 0h 0m 5s)

