#
# A fatal error has been detected by the Java Runtime Environment:
#
#  SIGSEGV (0xb) at pc=0xa73f2adf, pid=13218, tid=0x5c641b40
#
# JRE version: Java(TM) SE Runtime Environment (8.0_144-b01) (build 1.8.0_144-b01)
# Java VM: Java HotSpot(TM) Server VM (25.144-b01 mixed mode linux-x86 )
# Problematic frame:
# J 431 C2 java.lang.AbstractStringBuilder.append(Ljava/lang/String;)Ljava/lang/AbstractStringBuilder; (50 bytes) @ 0xa73f2adf [0xa73f2ac0+0x1f]
#
# Failed to write core dump. Core dumps have been disabled. To enable core dumping, try "ulimit -c unlimited" before starting Java again
#
# If you would like to submit a bug report, please visit:
#   http://bugreport.java.com/bugreport/crash.jsp
#

---------------  T H R E A D  ---------------

Current thread (0x63af9400):  JavaThread "JavaFX Application Thread" [_thread_in_Java, id=13248, stack(0x5c5f1000,0x5c642000)]

siginfo: si_signo: 11 (SIGSEGV), si_code: 1 (SEGV_MAPERR), si_addr: 0x31302e39

Registers:
EAX=0x6487bdc8, EBX=0x6487bdc8, ECX=0x928c3618, EDX=0x31302e31
ESP=0x5c640080, EBP=0x5c64013c, ESI=0x31302e31, EDI=0x928c3618
EIP=0xa73f2adf, EFLAGS=0x00010202, CR2=0x31302e39

Top of Stack: (sp=0x5c640080)
0x5c640080:   b774780b 5c641b40 00000000 b76dde80
0x5c640090:   5c6400c8 928c3618 b758acab a6e0f000
0x5c6400a0:   64a46690 63af9400 5c6400c8 a6e0d561
0x5c6400b0:   31302e31 64a46690 63af9400 a6e0d54c
0x5c6400c0:   a72951a1 64a46690 5c64013c a7328398
0x5c6400d0:   63af9538 5c640110 64a46690 a7294f3b
0x5c6400e0:   928c3618 31302e31 5c640110 64a47970
0x5c6400f0:   00000000 64a46690 5c64013c a7284e54 

Instructions: (pc=0xa73f2adf)
0xa73f2abf:   00 3b 41 04 0f 85 57 8a ec ff 66 66 90 89 84 24
0xa73f2acf:   00 c0 ff ff 55 83 ec 48 89 4c 24 14 89 54 24 30
0xa73f2adf:   8b 42 08 8b cc c1 e9 0c 8b 0c 8d a0 15 12 b7 89
0xa73f2aef:   4c 24 0c 85 c0 0f 84 09 02 00 00 8b 58 08 89 5c 

Register to memory mapping:

EAX={method} {0x6487bdc8} 'append' '(Ljava/lang/String;)Ljava/lang/StringBuilder;' in 'java/lang/StringBuilder'
EBX={method} {0x6487bdc8} 'append' '(Ljava/lang/String;)Ljava/lang/StringBuilder;' in 'java/lang/StringBuilder'
ECX=0x928c3618 is an oop
java.lang.StringBuilder 
 - klass: 'java/lang/StringBuilder'
EDX=0x31302e31 is an unknown value
ESP=0x5c640080 is pointing into the stack for thread: 0x63af9400
EBP=0x5c64013c is pointing into the stack for thread: 0x63af9400
ESI=0x31302e31 is an unknown value
EDI=0x928c3618 is an oop
java.lang.StringBuilder 
 - klass: 'java/lang/StringBuilder'


Stack: [0x5c5f1000,0x5c642000],  sp=0x5c640080,  free space=316k
Native frames: (J=compiled Java code, j=interpreted, Vv=VM code, C=native code)
J 431 C2 java.lang.AbstractStringBuilder.append(Ljava/lang/String;)Ljava/lang/AbstractStringBuilder; (50 bytes) @ 0xa73f2adf [0xa73f2ac0+0x1f]
J 16 C1 java.lang.StringBuilder.append(Ljava/lang/String;)Ljava/lang/StringBuilder; (8 bytes) @ 0xa7328398 [0xa7328320+0x78]
j  xprojectcam.main.Main.start(Ljavafx/stage/Stage;)V+25
j  com.sun.javafx.application.LauncherImpl.lambda$launchApplication1$162(Ljava/util/concurrent/atomic/AtomicBoolean;Ljavafx/application/Application;)V+20
j  com.sun.javafx.application.LauncherImpl$$Lambda$59.run()V+8
j  com.sun.javafx.application.PlatformImpl.lambda$runAndWait$175(Ljava/lang/Runnable;Ljava/util/concurrent/CountDownLatch;)V+1
j  com.sun.javafx.application.PlatformImpl$$Lambda$52.run()V+8
j  com.sun.javafx.application.PlatformImpl.lambda$null$173(Ljava/lang/Runnable;)Ljava/lang/Void;+1
j  com.sun.javafx.application.PlatformImpl$$Lambda$54.run()Ljava/lang/Object;+4
v  ~StubRoutines::call_stub
V  [libjvm.so+0x503b2f]  JavaCalls::call_helper(JavaValue*, methodHandle*, JavaCallArguments*, Thread*)+0x101f
V  [libjvm.so+0x756ef9]  os::os_exception_wrapper(void (*)(JavaValue*, methodHandle*, JavaCallArguments*, Thread*), JavaValue*, methodHandle*, JavaCallArguments*, Thread*)+0x19
V  [libjvm.so+0x5020ff]  JavaCalls::call(JavaValue*, methodHandle, JavaCallArguments*, Thread*)+0x2f
V  [libjvm.so+0x585630]  JVM_DoPrivileged+0x2a0
C  [libjava.so+0x9fca]  Java_java_security_AccessController_doPrivileged__Ljava_security_PrivilegedAction_2Ljava_security_AccessControlContext_2+0x3a
j  java.security.AccessController.doPrivileged(Ljava/security/PrivilegedAction;Ljava/security/AccessControlContext;)Ljava/lang/Object;+0
j  com.sun.javafx.application.PlatformImpl.lambda$runLater$174(Ljava/lang/Runnable;Ljava/security/AccessControlContext;)V+7
j  com.sun.javafx.application.PlatformImpl$$Lambda$53.run()V+8
j  com.sun.glass.ui.InvokeLaterDispatcher$Future.run()V+4
v  ~StubRoutines::call_stub
V  [libjvm.so+0x503b2f]  JavaCalls::call_helper(JavaValue*, methodHandle*, JavaCallArguments*, Thread*)+0x101f
V  [libjvm.so+0x756ef9]  os::os_exception_wrapper(void (*)(JavaValue*, methodHandle*, JavaCallArguments*, Thread*), JavaValue*, methodHandle*, JavaCallArguments*, Thread*)+0x19
V  [libjvm.so+0x5020ff]  JavaCalls::call(JavaValue*, methodHandle, JavaCallArguments*, Thread*)+0x2f
V  [libjvm.so+0x5467b1]  jni_invoke_nonstatic(JNIEnv_*, JavaValue*, _jobject*, JNICallType, _jmethodID*, JNI_ArgumentPusher*, Thread*)+0x441
V  [libjvm.so+0x5491e1]  jni_CallVoidMethodV+0xe1
C  [libglass.so+0x12ffc]  JNIEnv_::CallVoidMethod(_jobject*, _jmethodID*, ...)+0x1c
C  [libglass.so+0x1dad0]  call_runnable(void*)+0x30
C  [libgdk-x11-2.0.so.0+0x150a0]


---------------  P R O C E S S  ---------------

Java Threads: ( => current thread )
  0x5c401c00 JavaThread "JavaFX-Launcher" [_thread_blocked, id=13249, stack(0x5c5a0000,0x5c5f1000)]
=>0x63af9400 JavaThread "JavaFX Application Thread" [_thread_in_Java, id=13248, stack(0x5c5f1000,0x5c642000)]
  0x63af5000 JavaThread "Thread-1" daemon [_thread_blocked, id=13247, stack(0x5c642000,0x5c693000)]
  0x63a88800 JavaThread "QuantumRenderer-0" daemon [_thread_blocked, id=13242, stack(0x63d23000,0x63d74000)]
  0x645b5c00 JavaThread "Service Thread" daemon [_thread_blocked, id=13240, stack(0x63e8a000,0x63edb000)]
  0x645b2800 JavaThread "C1 CompilerThread2" daemon [_thread_blocked, id=13239, stack(0x63edb000,0x63f5c000)]
  0x645b1400 JavaThread "C2 CompilerThread1" daemon [_thread_blocked, id=13238, stack(0x63f5c000,0x63fdd000)]
  0x645af400 JavaThread "C2 CompilerThread0" daemon [_thread_blocked, id=13237, stack(0x63fdd000,0x6405e000)]
  0x64300800 JavaThread "JDWP Command Reader" daemon [_thread_in_native, id=13233, stack(0x6405e000,0x640af000)]
  0x645adc00 JavaThread "JDWP Event Helper Thread" daemon [_thread_blocked, id=13232, stack(0x640af000,0x64100000)]
  0x645aa400 JavaThread "JDWP Transport Listener: dt_socket" daemon [_thread_blocked, id=13231, stack(0x6420d000,0x6425e000)]
  0x645a2000 JavaThread "Signal Dispatcher" daemon [_thread_blocked, id=13230, stack(0x6425e000,0x642af000)]
  0x64588000 JavaThread "Finalizer" daemon [_thread_blocked, id=13229, stack(0x642af000,0x64300000)]
  0x64585400 JavaThread "Reference Handler" daemon [_thread_blocked, id=13228, stack(0x6442e000,0x6447f000)]
  0xb6508c00 JavaThread "main" [_thread_blocked, id=13221, stack(0xb665d000,0xb66ae000)]

Other Threads:
  0x64580c00 VMThread [stack: 0x6447f000,0x64500000] [id=13227]
  0x645b8000 WatcherThread [stack: 0x63e09000,0x63e8a000] [id=13241]

VM state:not at safepoint (normal execution)

VM Mutex/Monitor currently owned by a thread: None

Heap:
 PSYoungGen      total 19200K, used 12518K [0x91cc0000, 0x93200000, 0xa6e00000)
  eden space 16640K, 75% used [0x91cc0000,0x928f98c0,0x92d00000)
  from space 2560K, 0% used [0x92f80000,0x92f80000,0x93200000)
  to   space 2560K, 0% used [0x92d00000,0x92d00000,0x92f80000)
 ParOldGen       total 43776K, used 0K [0x67a00000, 0x6a4c0000, 0x91cc0000)
  object space 43776K, 0% used [0x67a00000,0x67a00000,0x6a4c0000)
 Metaspace       used 5370K, capacity 5672K, committed 5784K, reserved 6448K

Card table byte_map: [0x67805000,0x67a00000] byte_map_base: 0x674c8000

Marking Bits: (ParMarkBitMap*) 0xb71159c0
 Begin Bits: [0x65060000, 0x66030000)
 End Bits:   [0x66030000, 0x67000000)

Polling page: 0xb7727000

CodeCache: size=245760Kb used=1795Kb max_used=1795Kb free=243964Kb
 bounds [0xa7280000, 0xa74c0000, 0xb6280000]
 total_blobs=814 nmethods=559 adapters=177
 compilation: enabled

Compilation events (10 events):
Event: 1.015 Thread 0x645b2800  546       3       com.sun.javafx.css.Rule::getUnobservedSelectorList (23 bytes)
Event: 1.015 Thread 0x645b2800 nmethod 546 0xa743fa88 code [0xa743fbc0, 0xa743fe60]
Event: 1.022 Thread 0x645b2800  556       3       sun.invoke.util.VerifyAccess::isClassAccessible (66 bytes)
Event: 1.022 Thread 0x645b2800 nmethod 556 0xa743ffc8 code [0xa7440140, 0xa744061c]
Event: 1.022 Thread 0x645b2800  557       3       sun.invoke.util.VerifyAccess::getClassModifiers (24 bytes)
Event: 1.023 Thread 0x645b2800 nmethod 557 0xa7440808 code [0xa7440940, 0xa7440c30]
Event: 1.024 Thread 0x645b2800  558       3       java.lang.invoke.MemberName::getType (19 bytes)
Event: 1.025 Thread 0x645b2800 nmethod 558 0xa7440d08 code [0xa7440e60, 0xa7441278]
Event: 1.025 Thread 0x645b2800  559       3       java.lang.invoke.LambdaForm::uncustomize (58 bytes)
Event: 1.025 Thread 0x645b2800 nmethod 559 0xa74413c8 code [0xa74414e0, 0xa74416c0]

GC Heap History (0 events):
No events

Deoptimization events (4 events):
Event: 0.928 Thread 0x63af9400 Uncommon trap: reason=unstable_if action=reinterpret pc=0xa73a2478 method=java.lang.String.replace(CC)Ljava/lang/String; @ 26
Event: 0.929 Thread 0x63af9400 Uncommon trap: reason=unstable_if action=reinterpret pc=0xa73cf35c method=java.lang.String.indexOf([CII[CIII)I @ 134
Event: 0.962 Thread 0x63af9400 Uncommon trap: reason=unstable_if action=reinterpret pc=0xa74155f8 method=java.io.BufferedInputStream.read()I @ 8
Event: 1.000 Thread 0x63af9400 Uncommon trap: reason=unstable_if action=reinterpret pc=0xa74282f8 method=java.util.HashMap.getNode(ILjava/lang/Object;)Ljava/util/HashMap$Node; @ 129

Internal exceptions (10 events):
Event: 0.065 Thread 0xb6508c00 Exception <a 'java/lang/NoSuchMethodError': Method sun.misc.Unsafe.prefetchRead(Ljava/lang/Object;J)V name or signature does not match> (0x91cc7160) thrown at [/HUDSON3/workspace/8-2-build-linux-i586/jdk8u144/9417/hotspot/src/share/vm/prims/jni.cpp, line 
Event: 0.444 Thread 0xb6508c00 Exception <a 'java/lang/NoSuchFieldError': method resolution failed> (0x91ecaaf0) thrown at [/HUDSON3/workspace/8-2-build-linux-i586/jdk8u144/9417/hotspot/src/share/vm/prims/methodHandles.cpp, line 1146]
Event: 0.447 Thread 0xb6508c00 Exception <a 'java/lang/NoSuchFieldError': method resolution failed> (0x91ed6c40) thrown at [/HUDSON3/workspace/8-2-build-linux-i586/jdk8u144/9417/hotspot/src/share/vm/prims/methodHandles.cpp, line 1146]
Event: 0.507 Thread 0xb6508c00 Exception <a 'java/security/PrivilegedActionException'> (0x91f55010) thrown at [/HUDSON3/workspace/8-2-build-linux-i586/jdk8u144/9417/hotspot/src/share/vm/prims/jvm.cpp, line 1390]
Event: 0.507 Thread 0xb6508c00 Exception <a 'java/security/PrivilegedActionException'> (0x91f55210) thrown at [/HUDSON3/workspace/8-2-build-linux-i586/jdk8u144/9417/hotspot/src/share/vm/prims/jvm.cpp, line 1390]
Event: 0.507 Thread 0xb6508c00 Exception <a 'java/security/PrivilegedActionException'> (0x91f57418) thrown at [/HUDSON3/workspace/8-2-build-linux-i586/jdk8u144/9417/hotspot/src/share/vm/prims/jvm.cpp, line 1390]
Event: 0.507 Thread 0xb6508c00 Exception <a 'java/security/PrivilegedActionException'> (0x91f57618) thrown at [/HUDSON3/workspace/8-2-build-linux-i586/jdk8u144/9417/hotspot/src/share/vm/prims/jvm.cpp, line 1390]
Event: 0.508 Thread 0xb6508c00 Exception <a 'java/lang/NullPointerException'> (0x91f57b80) thrown at [/HUDSON3/workspace/8-2-build-linux-i586/jdk8u144/9417/hotspot/src/share/vm/interpreter/linkResolver.cpp, line 1197]
Event: 0.881 Thread 0x63af9400 Exception <a 'java/lang/NullPointerException'> (0x925c9f90) thrown at [/HUDSON3/workspace/8-2-build-linux-i586/jdk8u144/9417/hotspot/src/share/vm/interpreter/linkResolver.cpp, line 1197]
Event: 0.881 Thread 0x63af9400 Exception <a 'java/lang/NullPointerException'> (0x925c9f90) thrown at [/HUDSON3/workspace/8-2-build-linux-i586/jdk8u144/9417/hotspot/src/share/vm/prims/jvm.cpp, line 1394]

Events (10 events):
Event: 1.027 loading class com/sun/javafx/event/CompositeEventHandler$WeakEventHandlerRecord
Event: 1.027 loading class com/sun/javafx/event/CompositeEventHandler$WeakEventHandlerRecord done
Event: 1.027 loading class com/sun/javafx/event/CompositeEventHandler$NormalEventHandlerRecord
Event: 1.027 loading class com/sun/javafx/event/CompositeEventHandler$NormalEventHandlerRecord done
Event: 1.027 loading class com/sun/javafx/event/CompositeEventHandler$WeakEventFilterRecord
Event: 1.027 loading class com/sun/javafx/event/CompositeEventHandler$WeakEventFilterRecord done
Event: 1.028 loading class com/sun/javafx/event/CompositeEventHandler$NormalEventFilterRecord
Event: 1.028 loading class com/sun/javafx/event/CompositeEventHandler$NormalEventFilterRecord done
Event: 1.028 loading class javafx/event/WeakEventHandler
Event: 1.028 loading class javafx/event/WeakEventHandler done


Dynamic libraries:
08048000-08049000 r-xp 00000000 08:01 1341235    /usr/lib/jvm/java-8-oracle/jre/bin/java
08049000-0804a000 rw-p 00000000 08:01 1341235    /usr/lib/jvm/java-8-oracle/jre/bin/java
08b4d000-08b6e000 rw-p 00000000 00:00 0          [heap]
5bfac000-5c260000 rw-p 00000000 00:00 0 
5c260000-5c300000 ---p 00000000 00:00 0 
5c300000-5c400000 rw-p 00000000 00:00 0 
5c400000-5c460000 rw-p 00000000 00:00 0 
5c460000-5c500000 ---p 00000000 00:00 0 
5c5a0000-5c5a3000 ---p 00000000 00:00 0 
5c5a3000-5c5f1000 rw-p 00000000 00:00 0 
5c5f1000-5c5f4000 ---p 00000000 00:00 0 
5c5f4000-5c642000 rw-p 00000000 00:00 0 
5c642000-5c645000 ---p 00000000 00:00 0 
5c645000-5c693000 rw-p 00000000 00:00 0 
5c693000-5c69a000 r-xp 00000000 08:01 1314123    /usr/lib/i386-linux-gnu/libogg.so.0.8.2
5c69a000-5c69b000 r--p 00006000 08:01 1314123    /usr/lib/i386-linux-gnu/libogg.so.0.8.2
5c69b000-5c69c000 rw-p 00007000 08:01 1314123    /usr/lib/i386-linux-gnu/libogg.so.0.8.2
5c69c000-5c6c6000 r-xp 00000000 08:01 1314141    /usr/lib/i386-linux-gnu/libvorbis.so.0.4.8
5c6c6000-5c6c7000 r--p 00029000 08:01 1314141    /usr/lib/i386-linux-gnu/libvorbis.so.0.4.8
5c6c7000-5c6c8000 rw-p 0002a000 08:01 1314141    /usr/lib/i386-linux-gnu/libvorbis.so.0.4.8
5c6c8000-5c6d1000 r-xp 00000000 08:01 1325645    /usr/lib/i386-linux-gnu/libltdl.so.7.3.1
5c6d1000-5c6d2000 ---p 00009000 08:01 1325645    /usr/lib/i386-linux-gnu/libltdl.so.7.3.1
5c6d2000-5c6d3000 r--p 00009000 08:01 1325645    /usr/lib/i386-linux-gnu/libltdl.so.7.3.1
5c6d3000-5c6d4000 rw-p 0000a000 08:01 1325645    /usr/lib/i386-linux-gnu/libltdl.so.7.3.1
5c6d4000-5c6eb000 r-xp 00000000 08:01 1323436    /usr/lib/i386-linux-gnu/libtdb.so.1.3.8
5c6eb000-5c6ec000 r--p 00016000 08:01 1323436    /usr/lib/i386-linux-gnu/libtdb.so.1.3.8
5c6ec000-5c6ed000 rw-p 00017000 08:01 1323436    /usr/lib/i386-linux-gnu/libtdb.so.1.3.8
5c6ed000-5c6fe000 r-xp 00000000 08:01 1323536    /usr/lib/i386-linux-gnu/libcanberra.so.0.2.5
5c6fe000-5c6ff000 r--p 00010000 08:01 1323536    /usr/lib/i386-linux-gnu/libcanberra.so.0.2.5
5c6ff000-5c700000 rw-p 00011000 08:01 1323536    /usr/lib/i386-linux-gnu/libcanberra.so.0.2.5
5c700000-5c7bd000 rw-p 00000000 00:00 0 
5c7bd000-5c800000 ---p 00000000 00:00 0 
5c800000-5c809000 r-xp 00000000 08:01 1314139    /usr/lib/i386-linux-gnu/libvorbisfile.so.3.3.7
5c809000-5c80a000 r--p 00008000 08:01 1314139    /usr/lib/i386-linux-gnu/libvorbisfile.so.3.3.7
5c80a000-5c80b000 rw-p 00009000 08:01 1314139    /usr/lib/i386-linux-gnu/libvorbisfile.so.3.3.7
5c80b000-5c80f000 r-xp 00000000 08:01 1332161    /usr/lib/i386-linux-gnu/libcanberra-gtk.so.0.1.9
5c80f000-5c810000 r--p 00003000 08:01 1332161    /usr/lib/i386-linux-gnu/libcanberra-gtk.so.0.1.9
5c810000-5c811000 rw-p 00004000 08:01 1332161    /usr/lib/i386-linux-gnu/libcanberra-gtk.so.0.1.9
5c829000-5c82c000 r-xp 00000000 08:01 1366700    /usr/lib/jvm/java-8-oracle/jre/lib/i386/libjavafx_font.so
5c82c000-5c82d000 rw-p 00002000 08:01 1366700    /usr/lib/jvm/java-8-oracle/jre/lib/i386/libjavafx_font.so
5c82d000-5c869000 r-xp 00000000 08:01 1707823    /usr/lib/i386-linux-gnu/gtk-2.0/2.10.0/engines/libmurrine.so
5c869000-5c86a000 r--p 0003b000 08:01 1707823    /usr/lib/i386-linux-gnu/gtk-2.0/2.10.0/engines/libmurrine.so
5c86a000-5c86b000 rw-p 0003c000 08:01 1707823    /usr/lib/i386-linux-gnu/gtk-2.0/2.10.0/engines/libmurrine.so
5c86b000-5c88f000 r-xp 00000000 08:01 1366698    /usr/lib/jvm/java-8-oracle/jre/lib/i386/libglass.so
5c88f000-5c891000 rw-p 00024000 08:01 1366698    /usr/lib/jvm/java-8-oracle/jre/lib/i386/libglass.so
5c891000-5c8c6000 r-xp 00000000 08:01 1317301    /usr/lib/i386-linux-gnu/libtxc_dxtn_s2tc.so.0.0.0
5c8c6000-5c8c7000 r--p 00034000 08:01 1317301    /usr/lib/i386-linux-gnu/libtxc_dxtn_s2tc.so.0.0.0
5c8c7000-5c8c8000 rw-p 00035000 08:01 1317301    /usr/lib/i386-linux-gnu/libtxc_dxtn_s2tc.so.0.0.0
5c8c8000-5c8c9000 ---p 00000000 00:00 0 
5c8c9000-5d0c9000 rw-p 00000000 00:00 0 
5d0c9000-5d0ca000 ---p 00000000 00:00 0 
5d0ca000-5d8ca000 rw-p 00000000 00:00 0 
5d8ca000-5d8cb000 ---p 00000000 00:00 0 
5d8cb000-5e0cb000 rw-p 00000000 00:00 0 
5e0cb000-5e0cc000 ---p 00000000 00:00 0 
5e0cc000-5e8cc000 rw-p 00000000 00:00 0 
5e8cc000-5e8e6000 r-xp 00000000 08:01 543675     /lib/i386-linux-gnu/libbsd.so.0.8.2
5e8e6000-5e8e7000 r--p 00019000 08:01 543675     /lib/i386-linux-gnu/libbsd.so.0.8.2
5e8e7000-5e8e8000 rw-p 0001a000 08:01 543675     /lib/i386-linux-gnu/libbsd.so.0.8.2
5e8e8000-5e908000 r-xp 00000000 08:01 546403     /lib/i386-linux-gnu/libtinfo.so.5.9
5e908000-5e90a000 r--p 0001f000 08:01 546403     /lib/i386-linux-gnu/libtinfo.so.5.9
5e90a000-5e90b000 rw-p 00021000 08:01 546403     /lib/i386-linux-gnu/libtinfo.so.5.9
5e90b000-5e93d000 r-xp 00000000 08:01 1314960    /usr/lib/i386-linux-gnu/libedit.so.2.0.53
5e93d000-5e93e000 ---p 00032000 08:01 1314960    /usr/lib/i386-linux-gnu/libedit.so.2.0.53
5e93e000-5e93f000 r--p 00032000 08:01 1314960    /usr/lib/i386-linux-gnu/libedit.so.2.0.53
5e93f000-5e940000 rw-p 00033000 08:01 1314960    /usr/lib/i386-linux-gnu/libedit.so.2.0.53
5e940000-5e942000 rw-p 00000000 00:00 0 
5e942000-619fa000 r-xp 00000000 08:01 1318039    /usr/lib/i386-linux-gnu/libLLVM-4.0.so.1
619fa000-61c28000 r--p 030b7000 08:01 1318039    /usr/lib/i386-linux-gnu/libLLVM-4.0.so.1
61c28000-61c2c000 rw-p 032e5000 08:01 1318039    /usr/lib/i386-linux-gnu/libLLVM-4.0.so.1
61c2c000-61c60000 rw-p 00000000 00:00 0 
61c60000-61c7a000 r-xp 00000000 08:01 1314958    /usr/lib/i386-linux-gnu/libelf-0.165.so
61c7a000-61c7b000 r--p 00019000 08:01 1314958    /usr/lib/i386-linux-gnu/libelf-0.165.so
61c7b000-61c7c000 rw-p 0001a000 08:01 1314958    /usr/lib/i386-linux-gnu/libelf-0.165.so
61c7c000-61c86000 r-xp 00000000 08:01 1314963    /usr/lib/i386-linux-gnu/libdrm_amdgpu.so.1.0.0
61c86000-61c87000 r--p 00009000 08:01 1314963    /usr/lib/i386-linux-gnu/libdrm_amdgpu.so.1.0.0
61c87000-61c88000 rw-p 0000a000 08:01 1314963    /usr/lib/i386-linux-gnu/libdrm_amdgpu.so.1.0.0
61c88000-61c94000 r-xp 00000000 08:01 1317266    /usr/lib/i386-linux-gnu/libdrm_radeon.so.1.0.1
61c94000-61c95000 r--p 0000b000 08:01 1317266    /usr/lib/i386-linux-gnu/libdrm_radeon.so.1.0.1
61c95000-61c96000 rw-p 0000c000 08:01 1317266    /usr/lib/i386-linux-gnu/libdrm_radeon.so.1.0.1
61c96000-61c9e000 r-xp 00000000 08:01 1345630    /usr/lib/i386-linux-gnu/libdrm_nouveau.so.2.0.0
61c9e000-61c9f000 r--p 00007000 08:01 1345630    /usr/lib/i386-linux-gnu/libdrm_nouveau.so.2.0.0
61c9f000-61ca0000 rw-p 00008000 08:01 1345630    /usr/lib/i386-linux-gnu/libdrm_nouveau.so.2.0.0
61ca0000-61cae000 r-xp 00000000 08:01 1318873    /usr/lib/i386-linux-gnu/libsensors.so.4.4.0
61cae000-61caf000 r--p 0000d000 08:01 1318873    /usr/lib/i386-linux-gnu/libsensors.so.4.4.0
61caf000-61cb0000 rw-p 0000e000 08:01 1318873    /usr/lib/i386-linux-gnu/libsensors.so.4.4.0
61cb0000-62721000 r-xp 00000000 08:01 1347980    /usr/lib/i386-linux-gnu/dri/swrast_dri.so
62721000-62722000 ---p 00a71000 08:01 1347980    /usr/lib/i386-linux-gnu/dri/swrast_dri.so
62722000-62747000 r--p 00a71000 08:01 1347980    /usr/lib/i386-linux-gnu/dri/swrast_dri.so
62747000-62750000 rw-p 00a96000 08:01 1347980    /usr/lib/i386-linux-gnu/dri/swrast_dri.so
62750000-62945000 rw-p 00000000 00:00 0 
62945000-6294c000 r-xp 00000000 08:01 1319001    /usr/lib/i386-linux-gnu/libdatrie.so.1.3.3
6294c000-6294d000 ---p 00007000 08:01 1319001    /usr/lib/i386-linux-gnu/libdatrie.so.1.3.3
6294d000-6294e000 r--p 00007000 08:01 1319001    /usr/lib/i386-linux-gnu/libdatrie.so.1.3.3
6294e000-6294f000 rw-p 00008000 08:01 1319001    /usr/lib/i386-linux-gnu/libdatrie.so.1.3.3
6294f000-62954000 r-xp 00000000 08:01 1314596    /usr/lib/i386-linux-gnu/libXdmcp.so.6.0.0
62954000-62955000 r--p 00004000 08:01 1314596    /usr/lib/i386-linux-gnu/libXdmcp.so.6.0.0
62955000-62956000 rw-p 00005000 08:01 1314596    /usr/lib/i386-linux-gnu/libXdmcp.so.6.0.0
62956000-62958000 r-xp 00000000 08:01 1314590    /usr/lib/i386-linux-gnu/libXau.so.6.0.0
62958000-62959000 r--p 00001000 08:01 1314590    /usr/lib/i386-linux-gnu/libXau.so.6.0.0
62959000-6295a000 rw-p 00002000 08:01 1314590    /usr/lib/i386-linux-gnu/libXau.so.6.0.0
6295a000-6297f000 r-xp 00000000 08:01 1313463    /usr/lib/i386-linux-gnu/libgraphite2.so.3.0.1
6297f000-62980000 ---p 00025000 08:01 1313463    /usr/lib/i386-linux-gnu/libgraphite2.so.3.0.1
62980000-62981000 r--p 00025000 08:01 1313463    /usr/lib/i386-linux-gnu/libgraphite2.so.3.0.1
62981000-62982000 rw-p 00026000 08:01 1313463    /usr/lib/i386-linux-gnu/libgraphite2.so.3.0.1
62982000-62993000 r-xp 00000000 08:01 1345646    /usr/lib/i386-linux-gnu/libdrm.so.2.4.0
62993000-62994000 r--p 00010000 08:01 1345646    /usr/lib/i386-linux-gnu/libdrm.so.2.4.0
62994000-62995000 rw-p 00011000 08:01 1345646    /usr/lib/i386-linux-gnu/libdrm.so.2.4.0
62995000-62999000 r-xp 00000000 08:01 1313583    /usr/lib/i386-linux-gnu/libxcb-dri2.so.0.0.0
62999000-6299a000 r--p 00003000 08:01 1313583    /usr/lib/i386-linux-gnu/libxcb-dri2.so.0.0.0
6299a000-6299b000 rw-p 00004000 08:01 1313583    /usr/lib/i386-linux-gnu/libxcb-dri2.so.0.0.0
6299b000-629b3000 r-xp 00000000 08:01 1315203    /usr/lib/i386-linux-gnu/libxcb-glx.so.0.0.0
629b3000-629b4000 ---p 00018000 08:01 1315203    /usr/lib/i386-linux-gnu/libxcb-glx.so.0.0.0
629b4000-629b5000 r--p 00018000 08:01 1315203    /usr/lib/i386-linux-gnu/libxcb-glx.so.0.0.0
629b5000-629b6000 rw-p 00019000 08:01 1315203    /usr/lib/i386-linux-gnu/libxcb-glx.so.0.0.0
629b6000-629c9000 r-xp 00000000 08:01 1325890    /usr/lib/i386-linux-gnu/libglapi.so.0.0.0
629c9000-629ca000 ---p 00013000 08:01 1325890    /usr/lib/i386-linux-gnu/libglapi.so.0.0.0
629ca000-629cc000 r--p 00013000 08:01 1325890    /usr/lib/i386-linux-gnu/libglapi.so.0.0.0
629cc000-629d2000 rwxp 00015000 08:01 1325890    /usr/lib/i386-linux-gnu/libglapi.so.0.0.0
629d2000-62a45000 r-xp 00000000 08:01 549519     /lib/i386-linux-gnu/libpcre.so.3.13.2
62a45000-62a46000 r--p 00072000 08:01 549519     /lib/i386-linux-gnu/libpcre.so.3.13.2
62a46000-62a47000 rw-p 00073000 08:01 549519     /lib/i386-linux-gnu/libpcre.so.3.13.2
62a47000-62a6d000 r-xp 00000000 08:01 524515     /lib/i386-linux-gnu/libexpat.so.1.6.0
62a6d000-62a6e000 ---p 00026000 08:01 524515     /lib/i386-linux-gnu/libexpat.so.1.6.0
62a6e000-62a70000 r--p 00026000 08:01 524515     /lib/i386-linux-gnu/libexpat.so.1.6.0
62a70000-62a71000 rw-p 00028000 08:01 524515     /lib/i386-linux-gnu/libexpat.so.1.6.0
62a71000-62a95000 r-xp 00000000 08:01 1314593    /usr/lib/i386-linux-gnu/libxcb.so.1.1.0
62a95000-62a96000 r--p 00023000 08:01 1314593    /usr/lib/i386-linux-gnu/libxcb.so.1.1.0
62a96000-62a97000 rw-p 00024000 08:01 1314593    /usr/lib/i386-linux-gnu/libxcb.so.1.1.0
62a97000-62ac0000 r-xp 00000000 08:01 549610     /lib/i386-linux-gnu/libpng12.so.0.54.0
62ac0000-62ac1000 r--p 00028000 08:01 549610     /lib/i386-linux-gnu/libpng12.so.0.54.0
62ac1000-62ac2000 rw-p 00029000 08:01 549610     /lib/i386-linux-gnu/libpng12.so.0.54.0
62ac2000-62b6b000 r-xp 00000000 08:01 1312402    /usr/lib/i386-linux-gnu/libpixman-1.so.0.33.6
62b6b000-62b71000 r--p 000a8000 08:01 1312402    /usr/lib/i386-linux-gnu/libpixman-1.so.0.33.6
62b71000-62b72000 rw-p 000ae000 08:01 1312402    /usr/lib/i386-linux-gnu/libpixman-1.so.0.33.6
62b72000-62bd4000 r-xp 00000000 08:01 1319111    /usr/lib/i386-linux-gnu/libharfbuzz.so.0.10000.1
62bd4000-62bd5000 r--p 00061000 08:01 1319111    /usr/lib/i386-linux-gnu/libharfbuzz.so.0.10000.1
62bd5000-62bd6000 rw-p 00062000 08:01 1319111    /usr/lib/i386-linux-gnu/libharfbuzz.so.0.10000.1
62bd6000-62bf8000 r-xp 00000000 08:01 546459     /lib/i386-linux-gnu/libselinux.so.1
62bf8000-62bf9000 ---p 00022000 08:01 546459     /lib/i386-linux-gnu/libselinux.so.1
62bf9000-62bfa000 r--p 00022000 08:01 546459     /lib/i386-linux-gnu/libselinux.so.1
62bfa000-62bfb000 rw-p 00023000 08:01 546459     /lib/i386-linux-gnu/libselinux.so.1
62bfb000-62bfc000 rw-p 00000000 00:00 0 
62bfc000-62d69000 r-xp 00000000 08:01 1318002    /usr/lib/i386-linux-gnu/libstdc++.so.6.0.21
62d69000-62d6a000 ---p 0016d000 08:01 1318002    /usr/lib/i386-linux-gnu/libstdc++.so.6.0.21
62d6a000-62d6f000 r--p 0016d000 08:01 1318002    /usr/lib/i386-linux-gnu/libstdc++.so.6.0.21
62d6f000-62d70000 rw-p 00172000 08:01 1318002    /usr/lib/i386-linux-gnu/libstdc++.so.6.0.21
62d70000-62d73000 rw-p 00000000 00:00 0 
62d73000-62ddb000 r-xp 00000000 08:01 1315318    /usr/lib/i386-linux-gnu/mesa/libGL.so.1.2.0
62ddb000-62ddc000 ---p 00068000 08:01 1315318    /usr/lib/i386-linux-gnu/mesa/libGL.so.1.2.0
62ddc000-62dde000 r--p 00068000 08:01 1315318    /usr/lib/i386-linux-gnu/mesa/libGL.so.1.2.0
62dde000-62de3000 rwxp 0006a000 08:01 1315318    /usr/lib/i386-linux-gnu/mesa/libGL.so.1.2.0
62de3000-62f29000 r-xp 00000000 08:01 1314934    /usr/lib/i386-linux-gnu/libX11.so.6.3.0
62f29000-62f2a000 ---p 00146000 08:01 1314934    /usr/lib/i386-linux-gnu/libX11.so.6.3.0
62f2a000-62f2b000 r--p 00146000 08:01 1314934    /usr/lib/i386-linux-gnu/libX11.so.6.3.0
62f2b000-62f2d000 rw-p 00147000 08:01 1314934    /usr/lib/i386-linux-gnu/libX11.so.6.3.0
62f2d000-62f2e000 rw-p 00000000 00:00 0 
62f2e000-63055000 r-xp 00000000 08:01 546543     /lib/i386-linux-gnu/libglib-2.0.so.0.4800.2
63055000-63056000 r--p 00126000 08:01 546543     /lib/i386-linux-gnu/libglib-2.0.so.0.4800.2
63056000-63057000 rw-p 00127000 08:01 546543     /lib/i386-linux-gnu/libglib-2.0.so.0.4800.2
63057000-630b3000 r-xp 00000000 08:01 1317844    /usr/lib/i386-linux-gnu/libgobject-2.0.so.0.4800.2
630b3000-630b4000 ---p 0005c000 08:01 1317844    /usr/lib/i386-linux-gnu/libgobject-2.0.so.0.4800.2
630b4000-630b5000 r--p 0005c000 08:01 1317844    /usr/lib/i386-linux-gnu/libgobject-2.0.so.0.4800.2
630b5000-630b6000 rw-p 0005d000 08:01 1317844    /usr/lib/i386-linux-gnu/libgobject-2.0.so.0.4800.2
630b6000-630f8000 r-xp 00000000 08:01 1317809    /usr/lib/i386-linux-gnu/libfontconfig.so.1.9.0
630f8000-630f9000 ---p 00042000 08:01 1317809    /usr/lib/i386-linux-gnu/libfontconfig.so.1.9.0
630f9000-630fa000 r--p 00042000 08:01 1317809    /usr/lib/i386-linux-gnu/libfontconfig.so.1.9.0
630fa000-630ff000 rw-p 00043000 08:01 1317809    /usr/lib/i386-linux-gnu/libfontconfig.so.1.9.0
630ff000-631aa000 r-xp 00000000 08:01 1315068    /usr/lib/i386-linux-gnu/libfreetype.so.6.12.1
631aa000-631ae000 r--p 000aa000 08:01 1315068    /usr/lib/i386-linux-gnu/libfreetype.so.6.12.1
631ae000-631af000 rw-p 000ae000 08:01 1315068    /usr/lib/i386-linux-gnu/libfreetype.so.6.12.1
631af000-631fd000 r-xp 00000000 08:01 1319103    /usr/lib/i386-linux-gnu/libpango-1.0.so.0.3800.1
631fd000-631fe000 ---p 0004e000 08:01 1319103    /usr/lib/i386-linux-gnu/libpango-1.0.so.0.3800.1
631fe000-631ff000 r--p 0004e000 08:01 1319103    /usr/lib/i386-linux-gnu/libpango-1.0.so.0.3800.1
631ff000-63200000 rw-p 0004f000 08:01 1319103    /usr/lib/i386-linux-gnu/libpango-1.0.so.0.3800.1
63200000-6333d000 r-xp 00000000 08:01 1318053    /usr/lib/i386-linux-gnu/libcairo.so.2.11400.6
6333d000-6333f000 r--p 0013c000 08:01 1318053    /usr/lib/i386-linux-gnu/libcairo.so.2.11400.6
6333f000-63340000 rw-p 0013e000 08:01 1318053    /usr/lib/i386-linux-gnu/libcairo.so.2.11400.6
63340000-63341000 rw-p 00000000 00:00 0 
63341000-63505000 r-xp 00000000 08:01 1317845    /usr/lib/i386-linux-gnu/libgio-2.0.so.0.4800.2
63505000-63506000 ---p 001c4000 08:01 1317845    /usr/lib/i386-linux-gnu/libgio-2.0.so.0.4800.2
63506000-63508000 r--p 001c4000 08:01 1317845    /usr/lib/i386-linux-gnu/libgio-2.0.so.0.4800.2
63508000-63509000 rw-p 001c6000 08:01 1317845    /usr/lib/i386-linux-gnu/libgio-2.0.so.0.4800.2
63509000-6350a000 rw-p 00000000 00:00 0 
6350a000-639f7000 r-xp 00000000 08:01 1325455    /usr/lib/i386-linux-gnu/libgtk-x11-2.0.so.0.2400.30
639f7000-639f8000 ---p 004ed000 08:01 1325455    /usr/lib/i386-linux-gnu/libgtk-x11-2.0.so.0.2400.30
639f8000-639fc000 r--p 004ed000 08:01 1325455    /usr/lib/i386-linux-gnu/libgtk-x11-2.0.so.0.2400.30
639fc000-639fe000 rw-p 004f1000 08:01 1325455    /usr/lib/i386-linux-gnu/libgtk-x11-2.0.so.0.2400.30
639fe000-63a00000 rw-p 00000000 00:00 0 
63a00000-63b00000 rw-p 00000000 00:00 0 
63b01000-63b02000 r-xp 00000000 08:01 1317255    /usr/lib/i386-linux-gnu/libX11-xcb.so.1.0.0
63b02000-63b03000 r--p 00000000 08:01 1317255    /usr/lib/i386-linux-gnu/libX11-xcb.so.1.0.0
63b03000-63b04000 rw-p 00001000 08:01 1317255    /usr/lib/i386-linux-gnu/libX11-xcb.so.1.0.0
63b04000-63b09000 r-xp 00000000 08:01 1323038    /usr/lib/i386-linux-gnu/libxcb-sync.so.1.0.0
63b09000-63b0a000 ---p 00005000 08:01 1323038    /usr/lib/i386-linux-gnu/libxcb-sync.so.1.0.0
63b0a000-63b0b000 r--p 00005000 08:01 1323038    /usr/lib/i386-linux-gnu/libxcb-sync.so.1.0.0
63b0b000-63b0c000 rw-p 00006000 08:01 1323038    /usr/lib/i386-linux-gnu/libxcb-sync.so.1.0.0
63b0c000-63b20000 r-xp 00000000 08:01 547953     /lib/i386-linux-gnu/libresolv-2.23.so
63b20000-63b21000 ---p 00014000 08:01 547953     /lib/i386-linux-gnu/libresolv-2.23.so
63b21000-63b22000 r--p 00014000 08:01 547953     /lib/i386-linux-gnu/libresolv-2.23.so
63b22000-63b23000 rw-p 00015000 08:01 547953     /lib/i386-linux-gnu/libresolv-2.23.so
63b23000-63b25000 rw-p 00000000 00:00 0 
63b25000-63b3e000 r-xp 00000000 08:01 524338     /lib/i386-linux-gnu/libz.so.1.2.8
63b3e000-63b3f000 r--p 00018000 08:01 524338     /lib/i386-linux-gnu/libz.so.1.2.8
63b3f000-63b40000 rw-p 00019000 08:01 524338     /lib/i386-linux-gnu/libz.so.1.2.8
63b40000-63bfd000 r-xp 00000000 08:01 1325452    /usr/lib/i386-linux-gnu/libgdk-x11-2.0.so.0.2400.30
63bfd000-63bff000 r--p 000bc000 08:01 1325452    /usr/lib/i386-linux-gnu/libgdk-x11-2.0.so.0.2400.30
63bff000-63c00000 rw-p 000be000 08:01 1325452    /usr/lib/i386-linux-gnu/libgdk-x11-2.0.so.0.2400.30
63c00000-63cfd000 rw-p 00000000 00:00 0 
63cfd000-63d00000 ---p 00000000 00:00 0 
63d01000-63d03000 r-xp 00000000 08:01 1315005    /usr/lib/i386-linux-gnu/libxcb-present.so.0.0.0
63d03000-63d04000 r--p 00001000 08:01 1315005    /usr/lib/i386-linux-gnu/libxcb-present.so.0.0.0
63d04000-63d05000 rw-p 00002000 08:01 1315005    /usr/lib/i386-linux-gnu/libxcb-present.so.0.0.0
63d05000-63d0c000 r-xp 00000000 08:01 1311491    /usr/lib/i386-linux-gnu/libffi.so.6.0.4
63d0c000-63d0d000 r--p 00006000 08:01 1311491    /usr/lib/i386-linux-gnu/libffi.so.6.0.4
63d0d000-63d0e000 rw-p 00007000 08:01 1311491    /usr/lib/i386-linux-gnu/libffi.so.6.0.4
63d0e000-63d21000 r-xp 00000000 08:01 1314940    /usr/lib/i386-linux-gnu/libXext.so.6.4.0
63d21000-63d22000 r--p 00012000 08:01 1314940    /usr/lib/i386-linux-gnu/libXext.so.6.4.0
63d22000-63d23000 rw-p 00013000 08:01 1314940    /usr/lib/i386-linux-gnu/libXext.so.6.4.0
63d23000-63d26000 ---p 00000000 00:00 0 
63d26000-63d74000 rw-p 00000000 00:00 0 
63d74000-63e09000 r--s 01110000 08:01 1366606    /usr/lib/jvm/java-8-oracle/jre/lib/ext/jfxrt.jar
63e09000-63e0a000 ---p 00000000 00:00 0 
63e0a000-63e8a000 rw-p 00000000 00:00 0 
63e8a000-63e8d000 ---p 00000000 00:00 0 
63e8d000-63edb000 rw-p 00000000 00:00 0 
63edb000-63ede000 ---p 00000000 00:00 0 
63ede000-63f5c000 rw-p 00000000 00:00 0 
63f5c000-63f5f000 ---p 00000000 00:00 0 
63f5f000-63fdd000 rw-p 00000000 00:00 0 
63fdd000-63fe0000 ---p 00000000 00:00 0 
63fe0000-6405e000 rw-p 00000000 00:00 0 
6405e000-64061000 ---p 00000000 00:00 0 
64061000-640af000 rw-p 00000000 00:00 0 
640af000-640b2000 ---p 00000000 00:00 0 
640b2000-64100000 rw-p 00000000 00:00 0 
64100000-64121000 rw-p 00000000 00:00 0 
64121000-64200000 ---p 00000000 00:00 0 
64202000-6420b000 r-xp 00000000 08:01 1319005    /usr/lib/i386-linux-gnu/libthai.so.0.2.4
6420b000-6420c000 r--p 00008000 08:01 1319005    /usr/lib/i386-linux-gnu/libthai.so.0.2.4
6420c000-6420d000 rw-p 00009000 08:01 1319005    /usr/lib/i386-linux-gnu/libthai.so.0.2.4
6420d000-64210000 ---p 00000000 00:00 0 
64210000-6425e000 rw-p 00000000 00:00 0 
6425e000-64261000 ---p 00000000 00:00 0 
64261000-642af000 rw-p 00000000 00:00 0 
642af000-642b2000 ---p 00000000 00:00 0 
642b2000-64300000 rw-p 00000000 00:00 0 
64300000-643fe000 rw-p 00000000 00:00 0 
643fe000-64400000 ---p 00000000 00:00 0 
64401000-64403000 r-xp 00000000 08:01 1313615    /usr/lib/i386-linux-gnu/libxcb-dri3.so.0.0.0
64403000-64404000 r--p 00001000 08:01 1313615    /usr/lib/i386-linux-gnu/libxcb-dri3.so.0.0.0
64404000-64405000 rw-p 00002000 08:01 1313615    /usr/lib/i386-linux-gnu/libxcb-dri3.so.0.0.0
64405000-6440e000 r-xp 00000000 08:01 1314599    /usr/lib/i386-linux-gnu/libxcb-render.so.0.0.0
6440e000-6440f000 r--p 00008000 08:01 1314599    /usr/lib/i386-linux-gnu/libxcb-render.so.0.0.0
6440f000-64410000 rw-p 00009000 08:01 1314599    /usr/lib/i386-linux-gnu/libxcb-render.so.0.0.0
64410000-64419000 r-xp 00000000 08:01 1317279    /usr/lib/i386-linux-gnu/libXcursor.so.1.0.2
64419000-6441a000 r--p 00008000 08:01 1317279    /usr/lib/i386-linux-gnu/libXcursor.so.1.0.2
6441a000-6441b000 rw-p 00009000 08:01 1317279    /usr/lib/i386-linux-gnu/libXcursor.so.1.0.2
6441b000-6442c000 r-xp 00000000 08:01 1317424    /usr/lib/i386-linux-gnu/libXi.so.6.1.0
6442c000-6442d000 r--p 00010000 08:01 1317424    /usr/lib/i386-linux-gnu/libXi.so.6.1.0
6442d000-6442e000 rw-p 00011000 08:01 1317424    /usr/lib/i386-linux-gnu/libXi.so.6.1.0
6442e000-64431000 ---p 00000000 00:00 0 
64431000-6447f000 rw-p 00000000 00:00 0 
6447f000-64480000 ---p 00000000 00:00 0 
64480000-64500000 rw-p 00000000 00:00 0 
64500000-645fc000 rw-p 00000000 00:00 0 
645fc000-64600000 ---p 00000000 00:00 0 
64602000-6460d000 r-xp 00000000 08:01 1324240    /usr/lib/i386-linux-gnu/libXrandr.so.2.2.0
6460d000-6460e000 r--p 0000a000 08:01 1324240    /usr/lib/i386-linux-gnu/libXrandr.so.2.2.0
6460e000-6460f000 rw-p 0000b000 08:01 1324240    /usr/lib/i386-linux-gnu/libXrandr.so.2.2.0
6460f000-64619000 r-xp 00000000 08:01 1314605    /usr/lib/i386-linux-gnu/libXrender.so.1.3.0
64619000-6461a000 r--p 00009000 08:01 1314605    /usr/lib/i386-linux-gnu/libXrender.so.1.3.0
6461a000-6461b000 rw-p 0000a000 08:01 1314605    /usr/lib/i386-linux-gnu/libXrender.so.1.3.0
6461b000-64637000 r-xp 00000000 08:01 549621     /lib/i386-linux-gnu/libgcc_s.so.1
64637000-64638000 rw-p 0001b000 08:01 549621     /lib/i386-linux-gnu/libgcc_s.so.1
64638000-64644000 r-xp 00000000 08:01 1319107    /usr/lib/i386-linux-gnu/libpangocairo-1.0.so.0.3800.1
64644000-64645000 r--p 0000b000 08:01 1319107    /usr/lib/i386-linux-gnu/libpangocairo-1.0.so.0.3800.1
64645000-64646000 rw-p 0000c000 08:01 1319107    /usr/lib/i386-linux-gnu/libpangocairo-1.0.so.0.3800.1
64646000-64820000 r--s 03d4d000 08:01 1366594    /usr/lib/jvm/java-8-oracle/jre/lib/rt.jar
64820000-64c66000 rw-p 00000000 00:00 0 
64c66000-64c6c000 ---p 00000000 00:00 0 
64c6c000-67000000 rw-p 00000000 00:00 0 
67000000-67021000 rw-p 00000000 00:00 0 
67021000-67100000 ---p 00000000 00:00 0 
67100000-67101000 r-xp 00000000 08:01 1313660    /usr/lib/i386-linux-gnu/libxshmfence.so.1.0.0
67101000-67102000 r--p 00000000 08:01 1313660    /usr/lib/i386-linux-gnu/libxshmfence.so.1.0.0
67102000-67103000 rw-p 00001000 08:01 1313660    /usr/lib/i386-linux-gnu/libxshmfence.so.1.0.0
67103000-67105000 r-xp 00000000 08:01 1314938    /usr/lib/i386-linux-gnu/libxcb-shm.so.0.0.0
67105000-67106000 r--p 00001000 08:01 1314938    /usr/lib/i386-linux-gnu/libxcb-shm.so.0.0.0
67106000-67107000 rw-p 00002000 08:01 1314938    /usr/lib/i386-linux-gnu/libxcb-shm.so.0.0.0
67107000-6712e000 r-xp 00000000 08:01 1331938    /usr/lib/i386-linux-gnu/libgdk_pixbuf-2.0.so.0.3200.2
6712e000-6712f000 r--p 00026000 08:01 1331938    /usr/lib/i386-linux-gnu/libgdk_pixbuf-2.0.so.0.3200.2
6712f000-67130000 rw-p 00027000 08:01 1331938    /usr/lib/i386-linux-gnu/libgdk_pixbuf-2.0.so.0.3200.2
67130000-6717f000 rw-p 00000000 00:00 0 
6717f000-67180000 ---p 00000000 00:00 0 
67180000-67200000 rw-p 00000000 00:00 0 
67200000-672b5000 rw-p 00000000 00:00 0 
672b5000-67300000 ---p 00000000 00:00 0 
67300000-673a0000 rw-p 00000000 00:00 0 
673a0000-67400000 ---p 00000000 00:00 0 
67401000-67403000 r-xp 00000000 08:01 1313623    /usr/lib/i386-linux-gnu/libXdamage.so.1.1.0
67403000-67404000 r--p 00001000 08:01 1313623    /usr/lib/i386-linux-gnu/libXdamage.so.1.1.0
67404000-67405000 rw-p 00002000 08:01 1313623    /usr/lib/i386-linux-gnu/libXdamage.so.1.1.0
67405000-6740a000 r-xp 00000000 08:01 1317362    /usr/lib/i386-linux-gnu/libXfixes.so.3.1.0
6740a000-6740b000 r--p 00004000 08:01 1317362    /usr/lib/i386-linux-gnu/libXfixes.so.3.1.0
6740b000-6740c000 rw-p 00005000 08:01 1317362    /usr/lib/i386-linux-gnu/libXfixes.so.3.1.0
6740c000-67422000 r-xp 00000000 08:01 1319127    /usr/lib/i386-linux-gnu/libpangoft2-1.0.so.0.3800.1
67422000-67423000 r--p 00015000 08:01 1319127    /usr/lib/i386-linux-gnu/libpangoft2-1.0.so.0.3800.1
67423000-67424000 rw-p 00016000 08:01 1319127    /usr/lib/i386-linux-gnu/libpangoft2-1.0.so.0.3800.1
67424000-6747f000 rw-p 00000000 00:00 0 
6747f000-67480000 ---p 00000000 00:00 0 
67480000-67500000 rw-p 00000000 00:00 0 
67500000-6754c000 rw-p 00000000 00:00 0 
6754c000-67600000 ---p 00000000 00:00 0 
67600000-67602000 r-xp 00000000 08:01 1319141    /usr/lib/i386-linux-gnu/libXcomposite.so.1.0.0
67602000-67603000 r--p 00001000 08:01 1319141    /usr/lib/i386-linux-gnu/libXcomposite.so.1.0.0
67603000-67604000 rw-p 00002000 08:01 1319141    /usr/lib/i386-linux-gnu/libXcomposite.so.1.0.0
67604000-67609000 r-xp 00000000 08:01 1317290    /usr/lib/i386-linux-gnu/libXxf86vm.so.1.0.0
67609000-6760a000 r--p 00004000 08:01 1317290    /usr/lib/i386-linux-gnu/libXxf86vm.so.1.0.0
6760a000-6760b000 rw-p 00005000 08:01 1317290    /usr/lib/i386-linux-gnu/libXxf86vm.so.1.0.0
6760b000-6762f000 r-xp 00000000 08:01 1318049    /usr/lib/i386-linux-gnu/libatk-1.0.so.0.21809.1
6762f000-67631000 r--p 00023000 08:01 1318049    /usr/lib/i386-linux-gnu/libatk-1.0.so.0.21809.1
67631000-67632000 rw-p 00025000 08:01 1318049    /usr/lib/i386-linux-gnu/libatk-1.0.so.0.21809.1
67632000-67633000 ---p 00000000 00:00 0 
67633000-676c9000 rw-p 00000000 00:00 0 
676c9000-67805000 ---p 00000000 00:00 0 
67805000-6781b000 rw-p 00000000 00:00 0 
6781b000-67956000 ---p 00000000 00:00 0 
67956000-67961000 rw-p 00000000 00:00 0 
67961000-679ff000 ---p 00000000 00:00 0 
679ff000-6a4c0000 rw-p 00000000 00:00 0 
6a4c0000-91cc0000 ---p 00000000 00:00 0 
91cc0000-93200000 rw-p 00000000 00:00 0 
93200000-a6e00000 ---p 00000000 00:00 0 
a6e00000-a6e02000 r-xp 00000000 08:01 1317285    /usr/lib/i386-linux-gnu/libXinerama.so.1.0.0
a6e02000-a6e03000 r--p 00001000 08:01 1317285    /usr/lib/i386-linux-gnu/libXinerama.so.1.0.0
a6e03000-a6e04000 rw-p 00002000 08:01 1317285    /usr/lib/i386-linux-gnu/libXinerama.so.1.0.0
a6e04000-a6e09000 r-xp 00000000 08:01 1317291    /usr/lib/i386-linux-gnu/libXtst.so.6.1.0
a6e09000-a6e0a000 r--p 00004000 08:01 1317291    /usr/lib/i386-linux-gnu/libXtst.so.6.1.0
a6e0a000-a6e0b000 rw-p 00005000 08:01 1317291    /usr/lib/i386-linux-gnu/libXtst.so.6.1.0
a6e0d000-a6e0e000 r-xp 00000000 08:01 1382674    /usr/lib/libxProjectCAMLib.so
a6e0e000-a6e0f000 r--p 00000000 08:01 1382674    /usr/lib/libxProjectCAMLib.so
a6e0f000-a6e10000 rw-p 00001000 08:01 1382674    /usr/lib/libxProjectCAMLib.so
a6e10000-a6e15000 r-xp 00000000 08:01 262374     /usr/lib/i386-linux-gnu/gtk-2.0/modules/libcanberra-gtk-module.so
a6e15000-a6e16000 r--p 00004000 08:01 262374     /usr/lib/i386-linux-gnu/gtk-2.0/modules/libcanberra-gtk-module.so
a6e16000-a6e17000 rw-p 00005000 08:01 262374     /usr/lib/i386-linux-gnu/gtk-2.0/modules/libcanberra-gtk-module.so
a6e17000-a6e26000 r-xp 00000000 08:01 1366656    /usr/lib/jvm/java-8-oracle/jre/lib/i386/libprism_sw.so
a6e26000-a6e27000 rw-p 0000f000 08:01 1366656    /usr/lib/jvm/java-8-oracle/jre/lib/i386/libprism_sw.so
a6e27000-a6e3f000 rw-p 00000000 00:00 0 
a6e3f000-a6e40000 ---p 00000000 00:00 0 
a6e40000-a6ec9000 rw-p 00000000 00:00 0 
a6ec9000-a7280000 ---p 00000000 00:00 0 
a7280000-a74c0000 rwxp 00000000 00:00 0 
a74c0000-b6280000 ---p 00000000 00:00 0 
b6280000-b6299000 r-xp 00000000 08:01 1366671    /usr/lib/jvm/java-8-oracle/jre/lib/i386/libzip.so
b6299000-b629a000 rw-p 00019000 08:01 1366671    /usr/lib/jvm/java-8-oracle/jre/lib/i386/libzip.so
b629a000-b62a5000 r-xp 00000000 08:01 529614     /lib/i386-linux-gnu/libnss_files-2.23.so
b62a5000-b62a6000 r--p 0000a000 08:01 529614     /lib/i386-linux-gnu/libnss_files-2.23.so
b62a6000-b62a7000 rw-p 0000b000 08:01 529614     /lib/i386-linux-gnu/libnss_files-2.23.so
b62a7000-b62ad000 rw-p 00000000 00:00 0 
b62ad000-b62c4000 r-xp 00000000 08:01 529608     /lib/i386-linux-gnu/libnsl-2.23.so
b62c4000-b62c5000 r--p 00016000 08:01 529608     /lib/i386-linux-gnu/libnsl-2.23.so
b62c5000-b62c6000 rw-p 00017000 08:01 529608     /lib/i386-linux-gnu/libnsl-2.23.so
b62c6000-b62c8000 rw-p 00000000 00:00 0 
b62c8000-b64c8000 r--p 00000000 08:01 1357384    /usr/lib/locale/locale-archive
b64c8000-b64ff000 r-xp 00000000 08:01 1366672    /usr/lib/jvm/java-8-oracle/jre/lib/i386/libjdwp.so
b64ff000-b6500000 rw-p 00037000 08:01 1366672    /usr/lib/jvm/java-8-oracle/jre/lib/i386/libjdwp.so
b6500000-b65fd000 rw-p 00000000 00:00 0 
b65fd000-b6600000 ---p 00000000 00:00 0 
b6601000-b6604000 r-xp 00000000 08:01 1317842    /usr/lib/i386-linux-gnu/libgmodule-2.0.so.0.4800.2
b6604000-b6605000 r--p 00002000 08:01 1317842    /usr/lib/i386-linux-gnu/libgmodule-2.0.so.0.4800.2
b6605000-b6606000 rw-p 00003000 08:01 1317842    /usr/lib/i386-linux-gnu/libgmodule-2.0.so.0.4800.2
b6606000-b6611000 r-xp 00000000 08:01 547027     /lib/i386-linux-gnu/libnss_nis-2.23.so
b6611000-b6612000 r--p 0000a000 08:01 547027     /lib/i386-linux-gnu/libnss_nis-2.23.so
b6612000-b6613000 rw-p 0000b000 08:01 547027     /lib/i386-linux-gnu/libnss_nis-2.23.so
b6613000-b6614000 r-xp 00000000 08:01 1317843    /usr/lib/i386-linux-gnu/libgthread-2.0.so.0.4800.2
b6614000-b6615000 r--p 00000000 08:01 1317843    /usr/lib/i386-linux-gnu/libgthread-2.0.so.0.4800.2
b6615000-b6616000 rw-p 00001000 08:01 1317843    /usr/lib/i386-linux-gnu/libgthread-2.0.so.0.4800.2
b6616000-b6621000 r-xp 00000000 08:01 1366645    /usr/lib/jvm/java-8-oracle/jre/lib/i386/libprism_es2.so
b6621000-b6622000 rw-p 0000a000 08:01 1366645    /usr/lib/jvm/java-8-oracle/jre/lib/i386/libprism_es2.so
b6622000-b6623000 r--s 00001000 08:01 1197482    /home/ubuntu/NetBeansProjects/xProjectCAM/dist/run2019938255/xProjectCAM-JOL.jar
b6623000-b6626000 r-xp 00000000 08:01 1366678    /usr/lib/jvm/java-8-oracle/jre/lib/i386/libdt_socket.so
b6626000-b6627000 rw-p 00003000 08:01 1366678    /usr/lib/jvm/java-8-oracle/jre/lib/i386/libdt_socket.so
b6627000-b662f000 rw-s 00000000 08:01 670489     /tmp/hsperfdata_root/13218
b662f000-b6653000 r-xp 00000000 08:01 1366638    /usr/lib/jvm/java-8-oracle/jre/lib/i386/libjava.so
b6653000-b6654000 rw-p 00024000 08:01 1366638    /usr/lib/jvm/java-8-oracle/jre/lib/i386/libjava.so
b6654000-b665b000 r-xp 00000000 08:01 547029     /lib/i386-linux-gnu/librt-2.23.so
b665b000-b665c000 r--p 00006000 08:01 547029     /lib/i386-linux-gnu/librt-2.23.so
b665c000-b665d000 rw-p 00007000 08:01 547029     /lib/i386-linux-gnu/librt-2.23.so
b665d000-b6660000 ---p 00000000 00:00 0 
b6660000-b66ae000 rw-p 00000000 00:00 0 
b66ae000-b6701000 r-xp 00000000 08:01 547956     /lib/i386-linux-gnu/libm-2.23.so
b6701000-b6702000 r--p 00052000 08:01 547956     /lib/i386-linux-gnu/libm-2.23.so
b6702000-b6703000 rw-p 00053000 08:01 547956     /lib/i386-linux-gnu/libm-2.23.so
b6703000-b7094000 r-xp 00000000 08:01 1366653    /usr/lib/jvm/java-8-oracle/jre/lib/i386/server/libjvm.so
b7094000-b7102000 rw-p 00990000 08:01 1366653    /usr/lib/jvm/java-8-oracle/jre/lib/i386/server/libjvm.so
b7102000-b752b000 rw-p 00000000 00:00 0 
b752b000-b76db000 r-xp 00000000 08:01 548079     /lib/i386-linux-gnu/libc-2.23.so
b76db000-b76dd000 r--p 001af000 08:01 548079     /lib/i386-linux-gnu/libc-2.23.so
b76dd000-b76de000 rw-p 001b1000 08:01 548079     /lib/i386-linux-gnu/libc-2.23.so
b76de000-b76e1000 rw-p 00000000 00:00 0 
b76e1000-b76e4000 r-xp 00000000 08:01 547145     /lib/i386-linux-gnu/libdl-2.23.so
b76e4000-b76e5000 r--p 00002000 08:01 547145     /lib/i386-linux-gnu/libdl-2.23.so
b76e5000-b76e6000 rw-p 00003000 08:01 547145     /lib/i386-linux-gnu/libdl-2.23.so
b76e6000-b76fa000 r-xp 00000000 08:01 1366680    /usr/lib/jvm/java-8-oracle/jre/lib/i386/jli/libjli.so
b76fa000-b76fb000 rw-p 00014000 08:01 1366680    /usr/lib/jvm/java-8-oracle/jre/lib/i386/jli/libjli.so
b76fb000-b7714000 r-xp 00000000 08:01 546475     /lib/i386-linux-gnu/libpthread-2.23.so
b7714000-b7715000 r--p 00018000 08:01 546475     /lib/i386-linux-gnu/libpthread-2.23.so
b7715000-b7716000 rw-p 00019000 08:01 546475     /lib/i386-linux-gnu/libpthread-2.23.so
b7716000-b7718000 rw-p 00000000 00:00 0 
b7718000-b7720000 r-xp 00000000 08:01 547146     /lib/i386-linux-gnu/libnss_compat-2.23.so
b7720000-b7721000 r--p 00007000 08:01 547146     /lib/i386-linux-gnu/libnss_compat-2.23.so
b7721000-b7722000 rw-p 00008000 08:01 547146     /lib/i386-linux-gnu/libnss_compat-2.23.so
b7722000-b7723000 r--p 002d4000 08:01 1357384    /usr/lib/locale/locale-archive
b7723000-b7725000 r-xp 00000000 08:01 1366642    /usr/lib/jvm/java-8-oracle/jre/lib/i386/libnpt.so
b7725000-b7726000 rw-p 00001000 08:01 1366642    /usr/lib/jvm/java-8-oracle/jre/lib/i386/libnpt.so
b7726000-b7727000 rw-p 00000000 00:00 0 
b7727000-b7728000 r--p 00000000 00:00 0 
b7728000-b7733000 r-xp 00000000 08:01 1366709    /usr/lib/jvm/java-8-oracle/jre/lib/i386/libverify.so
b7733000-b7734000 rw-p 0000b000 08:01 1366709    /usr/lib/jvm/java-8-oracle/jre/lib/i386/libverify.so
b7734000-b7736000 rw-p 00000000 00:00 0 
b7736000-b7738000 r--p 00000000 00:00 0          [vvar]
b7738000-b7739000 r-xp 00000000 00:00 0          [vdso]
b7739000-b775b000 r-xp 00000000 08:01 529610     /lib/i386-linux-gnu/ld-2.23.so
b775b000-b775c000 rw-p 00000000 00:00 0 
b775c000-b775d000 r--p 00022000 08:01 529610     /lib/i386-linux-gnu/ld-2.23.so
b775d000-b775e000 rw-p 00023000 08:01 529610     /lib/i386-linux-gnu/ld-2.23.so
bff71000-bff92000 rw-p 00000000 00:00 0          [stack]

VM Arguments:
jvm_args: -Xdebug -Xrunjdwp:transport=dt_socket,address=localhost:38947 -Dglass.disableGrab=true -Dfile.encoding=UTF-8 
java_command: /home/ubuntu/NetBeansProjects/xProjectCAM/dist/run2019938255/xProjectCAM-JOL.jar
java_class_path (initial): /home/ubuntu/NetBeansProjects/xProjectCAM/dist/run2019938255/xProjectCAM-JOL.jar
Launcher Type: SUN_STANDARD

Environment Variables:
PATH=/usr/local/sbin:/usr/local/bin:/usr/sbin:/usr/bin:/sbin:/bin:/snap/bin
USERNAME=root
LD_LIBRARY_PATH=/usr/lib/jvm/java-8-oracle/jre/lib/amd64:/usr/lib/jvm/java-8-oracle/jre/lib/i386:
SHELL=/bin/bash
DISPLAY=:0

Signal Handlers:
SIGSEGV: [libjvm.so+0x8dbed0], sa_mask[0]=11111111011111111101111111111110, sa_flags=SA_RESTART|SA_SIGINFO
SIGBUS: [libjvm.so+0x8dbed0], sa_mask[0]=11111111011111111101111111111110, sa_flags=SA_RESTART|SA_SIGINFO
SIGFPE: [libjvm.so+0x758b80], sa_mask[0]=11111111011111111101111111111110, sa_flags=SA_RESTART|SA_SIGINFO
SIGPIPE: SIG_IGN, sa_mask[0]=00000000000010000000000000000000, sa_flags=SA_RESTART
SIGXFSZ: [libjvm.so+0x758b80], sa_mask[0]=11111111011111111101111111111110, sa_flags=SA_RESTART|SA_SIGINFO
SIGILL: [libjvm.so+0x758b80], sa_mask[0]=11111111011111111101111111111110, sa_flags=SA_RESTART|SA_SIGINFO
SIGUSR1: SIG_DFL, sa_mask[0]=00000000000000000000000000000000, sa_flags=none
SIGUSR2: [libjvm.so+0x75a430], sa_mask[0]=00100000000000000000000000000000, sa_flags=SA_RESTART|SA_SIGINFO
SIGHUP: [libjvm.so+0x75b8e0], sa_mask[0]=11111111011111111101111111111110, sa_flags=SA_RESTART|SA_SIGINFO
SIGINT: SIG_IGN, sa_mask[0]=00000000000000000000000000000000, sa_flags=none
SIGTERM: [libjvm.so+0x75b8e0], sa_mask[0]=11111111011111111101111111111110, sa_flags=SA_RESTART|SA_SIGINFO
SIGQUIT: [libjvm.so+0x75b8e0], sa_mask[0]=11111111011111111101111111111110, sa_flags=SA_RESTART|SA_SIGINFO


---------------  S Y S T E M  ---------------

OS:DISTRIB_ID=Ubuntu
DISTRIB_RELEASE=16.04
DISTRIB_CODENAME=xenial
DISTRIB_DESCRIPTION="Ubuntu 16.04.3 LTS"

uname:Linux 4.4.0-96-generic #119-Ubuntu SMP Tue Sep 12 14:58:51 UTC 2017 i686
libc:glibc 2.23 NPTL 2.23 
rlimit: STACK 8192k, CORE 0k, NPROC 32038, NOFILE 1048576, AS infinity
load average:0.71 0.69 0.55

/proc/meminfo:
MemTotal:        4138752 kB
MemFree:         1002280 kB
MemAvailable:    2376856 kB
Buffers:          213612 kB
Cached:          1148476 kB
SwapCached:         3000 kB
Active:          1652444 kB
Inactive:         940880 kB
Active(anon):    1029992 kB
Inactive(anon):   222428 kB
Active(file):     622452 kB
Inactive(file):   718452 kB
Unevictable:           0 kB
Mlocked:               0 kB
HighTotal:       3280840 kB
HighFree:         893776 kB
LowTotal:         857912 kB
LowFree:          108504 kB
SwapTotal:       4192252 kB
SwapFree:        4134864 kB
Dirty:              8360 kB
Writeback:             0 kB
AnonPages:       1229220 kB
Mapped:           252756 kB
Shmem:             21184 kB
Slab:             499912 kB
SReclaimable:     478560 kB
SUnreclaim:        21352 kB
KernelStack:        4456 kB
PageTables:        12612 kB
NFS_Unstable:          0 kB
Bounce:                0 kB
WritebackTmp:          0 kB
CommitLimit:     6261628 kB
Committed_AS:    4745772 kB
VmallocTotal:     122880 kB
VmallocUsed:           0 kB
VmallocChunk:          0 kB
AnonHugePages:    628736 kB
CmaTotal:              0 kB
CmaFree:               0 kB
HugePages_Total:       0
HugePages_Free:        0
HugePages_Rsvd:        0
HugePages_Surp:        0
Hugepagesize:       2048 kB
DirectMap4k:       40952 kB
DirectMap2M:      872448 kB


CPU:total 4 (initial active 4) (4 cores per cpu, 1 threads per core) family 6 model 42 stepping 7, cmov, cx8, fxsr, mmx, sse, sse2, sse3, ssse3, sse4.1, sse4.2, popcnt, avx, aes, clmul, tsc, tscinvbit

/proc/cpuinfo:
processor	: 0
vendor_id	: GenuineIntel
cpu family	: 6
model		: 42
model name	: Intel(R) Core(TM) i7-2630QM CPU @ 2.00GHz
stepping	: 7
cpu MHz		: 2026.088
cache size	: 6144 KB
physical id	: 0
siblings	: 4
core id		: 0
cpu cores	: 4
apicid		: 0
initial apicid	: 0
fdiv_bug	: no
f00f_bug	: no
coma_bug	: no
fpu		: yes
fpu_exception	: yes
cpuid level	: 13
wp		: yes
flags		: fpu vme de pse tsc msr pae mce cx8 apic sep mtrr pge mca cmov pat pse36 clflush mmx fxsr sse sse2 ht nx rdtscp constant_tsc xtopology nonstop_tsc pni pclmulqdq ssse3 cx16 sse4_1 sse4_2 x2apic popcnt aes xsave avx hypervisor lahf_lm
bugs		:
bogomips	: 4052.17
clflush size	: 64
cache_alignment	: 64
address sizes	: 36 bits physical, 48 bits virtual
power management:

processor	: 1
vendor_id	: GenuineIntel
cpu family	: 6
model		: 42
model name	: Intel(R) Core(TM) i7-2630QM CPU @ 2.00GHz
stepping	: 7
cpu MHz		: 2026.088
cache size	: 6144 KB
physical id	: 0
siblings	: 4
core id		: 1
cpu cores	: 4
apicid		: 1
initial apicid	: 1
fdiv_bug	: no
f00f_bug	: no
coma_bug	: no
fpu		: yes
fpu_exception	: yes
cpuid level	: 13
wp		: yes
flags		: fpu vme de pse tsc msr pae mce cx8 apic sep mtrr pge mca cmov pat pse36 clflush mmx fxsr sse sse2 ht nx rdtscp constant_tsc xtopology nonstop_tsc pni pclmulqdq ssse3 cx16 sse4_1 sse4_2 x2apic popcnt aes xsave avx hypervisor lahf_lm
bugs		:
bogomips	: 4052.17
clflush size	: 64
cache_alignment	: 64
address sizes	: 36 bits physical, 48 bits virtual
power management:

processor	: 2
vendor_id	: GenuineIntel
cpu family	: 6
model		: 42
model name	: Intel(R) Core(TM) i7-2630QM CPU @ 2.00GHz
stepping	: 7
cpu MHz		: 2026.088
cache size	: 6144 KB
physical id	: 0
siblings	: 4
core id		: 2
cpu cores	: 4
apicid		: 2
initial apicid	: 2
fdiv_bug	: no
f00f_bug	: no
coma_bug	: no
fpu		: yes
fpu_exception	: yes
cpuid level	: 13
wp		: yes
flags		: fpu vme de pse tsc msr pae mce cx8 apic sep mtrr pge mca cmov pat pse36 clflush mmx fxsr sse sse2 ht nx rdtscp constant_tsc xtopology nonstop_tsc pni pclmulqdq ssse3 cx16 sse4_1 sse4_2 x2apic popcnt aes xsave avx hypervisor lahf_lm
bugs		:
bogomips	: 4052.17
clflush size	: 64
cache_alignment	: 64
address sizes	: 36 bits physical, 48 bits virtual
power management:

processor	: 3
vendor_id	: GenuineIntel
cpu family	: 6
model		: 42
model name	: Intel(R) Core(TM) i7-2630QM CPU @ 2.00GHz
stepping	: 7
cpu MHz		: 2026.088
cache size	: 6144 KB
physical id	: 0
siblings	: 4
core id		: 3
cpu cores	: 4
apicid		: 3
initial apicid	: 3
fdiv_bug	: no
f00f_bug	: no
coma_bug	: no
fpu		: yes
fpu_exception	: yes
cpuid level	: 13
wp		: yes
flags		: fpu vme de pse tsc msr pae mce cx8 apic sep mtrr pge mca cmov pat pse36 clflush mmx fxsr sse sse2 ht nx rdtscp constant_tsc xtopology nonstop_tsc pni pclmulqdq ssse3 cx16 sse4_1 sse4_2 x2apic popcnt aes xsave avx hypervisor lahf_lm
bugs		:
bogomips	: 4052.17
clflush size	: 64
cache_alignment	: 64
address sizes	: 36 bits physical, 48 bits virtual
power management:



Memory: 4k page, physical 4138752k(1002280k free), swap 4192252k(4134864k free)

vm_info: Java HotSpot(TM) Server VM (25.144-b01) for linux-x86 JRE (1.8.0_144-b01), built on Jul 22 2017 02:26:52 by "java_re" with gcc 4.3.0 20080428 (Red Hat 4.3.0-8)

time: Thu Sep 28 21:35:01 2017
elapsed time: 1 seconds (0d 0h 0m 1s)

