#
# A fatal error has been detected by the Java Runtime Environment:
#
#  SIGSEGV (0xb) at pc=0xffededed, pid=30171, tid=0x59eb4b40
#
# JRE version: Java(TM) SE Runtime Environment (8.0_144-b01) (build 1.8.0_144-b01)
# Java VM: Java HotSpot(TM) Server VM (25.144-b01 mixed mode linux-x86 )
# Problematic frame:
# C  0xffededed
#
# Failed to write core dump. Core dumps have been disabled. To enable core dumping, try "ulimit -c unlimited" before starting Java again
#
# If you would like to submit a bug report, please visit:
#   http://bugreport.java.com/bugreport/crash.jsp
# The crash happened outside the Java Virtual Machine in native code.
# See problematic frame for where to report the bug.
#

---------------  T H R E A D  ---------------

Current thread (0x59741000):  JavaThread "AWT-EventQueue-0" [_thread_in_native, id=30230, stack(0x59e64000,0x59eb5000)]

siginfo: si_signo: 11 (SIGSEGV), si_code: 1 (SEGV_MAPERR), si_addr: 0xffededed

Registers:
EAX=0x59eb1e7c, EBX=0xb64ff16c, ECX=0x00000022, EDX=0x59741138
ESP=0x59eb1e2c, EBP=0x59eb1e68, ESI=0x931c07a0, EDI=0x59741138
EIP=0xffededed, EFLAGS=0x00010206, CR2=0xffededed

Top of Stack: (sp=0x59eb1e2c)
0x59eb1e2c:   b64e72f7 59741138 59eb1e7c 00000022
0x59eb1e3c:   00000017 59dc0888 00000016 b68b337e
0x59eb1e4c:   674298e0 00000001 00000000 b70942f0
0x59eb1e5c:   647b6220 931c07a0 59741000 59eb1e98
0x59eb1e6c:   a742063b 59741138 59eb1e7c 59eb1e80
0x59eb1e7c:   931c07a0 92001948 59a74018 00000000
0x59eb1e8c:   931c0210 00000000 fffffffe 59eb1f2c
0x59eb1e9c:   a74a262c 00000016 59dc0888 00000015 

Instructions: (pc=0xffededed)
0xffededcd:   
[error occurred during error reporting (printing registers, top of stack, instructions near pc), id 0xb]

Register to memory mapping:

EAX=0x59eb1e7c is pointing into the stack for thread: 0x59741000
EBX=0xb64ff16c: <offset 0x2416c> in /usr/lib/jvm/java-8-oracle/jre/lib/i386/libjava.so at 0xb64db000
ECX=0x00000022 is an unknown value
EDX=0x59741138 is an unknown value
ESP=0x59eb1e2c is pointing into the stack for thread: 0x59741000
EBP=0x59eb1e68 is pointing into the stack for thread: 0x59741000
ESI=0x931c07a0 is an oop
java.lang.ClassLoader$NativeLibrary 
 - klass: 'java/lang/ClassLoader$NativeLibrary'
EDI=0x59741138 is an unknown value


Stack: [0x59e64000,0x59eb5000],  sp=0x59eb1e2c,  free space=311k
Native frames: (J=compiled Java code, j=interpreted, Vv=VM code, C=native code)
C  0xffededed
J 653  java.lang.ClassLoader$NativeLibrary.find(Ljava/lang/String;)J (0 bytes) @ 0xa742063b [0xa74205a0+0x9b]
J 876 C1 java.lang.ClassLoader.findNative(Ljava/lang/ClassLoader;Ljava/lang/String;)J (86 bytes) @ 0xa74a262c [0xa74a2200+0x42c]
v  ~StubRoutines::call_stub
V  [libjvm.so+0x503b2f]  JavaCalls::call_helper(JavaValue*, methodHandle*, JavaCallArguments*, Thread*)+0x101f
V  [libjvm.so+0x756ef9]  os::os_exception_wrapper(void (*)(JavaValue*, methodHandle*, JavaCallArguments*, Thread*), JavaValue*, methodHandle*, JavaCallArguments*, Thread*)+0x19
V  [libjvm.so+0x5045c4]  JavaCalls::call_static(JavaValue*, KlassHandle, Symbol*, Symbol*, JavaCallArguments*, Thread*)+0x244
V  [libjvm.so+0x504935]  JavaCalls::call_static(JavaValue*, KlassHandle, Symbol*, Symbol*, Handle, Handle, Thread*)+0x55
V  [libjvm.so+0x725466]  NativeLookup::lookup_style(methodHandle, char*, char const*, int, bool, bool&, Thread*)+0x296
V  [libjvm.so+0x725871]  NativeLookup::lookup_entry(methodHandle, bool&, Thread*)+0x181
V  [libjvm.so+0x725fd1]  NativeLookup::lookup_base(methodHandle, bool&, Thread*)+0x91
V  [libjvm.so+0x726265]  NativeLookup::lookup(methodHandle, bool&, Thread*)+0x55
V  [libjvm.so+0x4fcae2]  InterpreterRuntime::prepare_native_call(JavaThread*, Method*)+0xa2
j  jogamp.opengl.gl4.GL4bcImpl.dispatch_glFlush1(J)V+0
j  jogamp.opengl.gl4.GL4bcImpl.glFlush()V+38
j  xprojectcam.root.OGLWindow$1.display(Lcom/jogamp/opengl/GLAutoDrawable;)V+47
j  jogamp.opengl.GLDrawableHelper.displayImpl(Lcom/jogamp/opengl/GLAutoDrawable;)V+62
j  jogamp.opengl.GLDrawableHelper.display(Lcom/jogamp/opengl/GLAutoDrawable;)V+2
j  com.jogamp.opengl.awt.GLJPanel$Updater.display(Lcom/jogamp/opengl/GLAutoDrawable;)V+200
j  com.jogamp.opengl.awt.GLJPanel$10.run()V+11
j  jogamp.opengl.GLDrawableHelper.invokeGLImpl(Lcom/jogamp/opengl/GLDrawable;Lcom/jogamp/opengl/GLContext;Ljava/lang/Runnable;Ljava/lang/Runnable;)V+203
j  jogamp.opengl.GLDrawableHelper.invokeGL(Lcom/jogamp/opengl/GLDrawable;Lcom/jogamp/opengl/GLContext;Ljava/lang/Runnable;Ljava/lang/Runnable;)V+72
j  com.jogamp.opengl.awt.GLJPanel$OffscreenBackend.doPaintComponent(Ljava/awt/Graphics;)V+29
j  com.jogamp.opengl.awt.GLJPanel.paintComponent(Ljava/awt/Graphics;)V+224
j  javax.swing.JComponent.paint(Ljava/awt/Graphics;)V+286
j  javax.swing.JComponent.paintChildren(Ljava/awt/Graphics;)V+501
j  javax.swing.JComponent.paint(Ljava/awt/Graphics;)V+318
j  javax.swing.JComponent.paintChildren(Ljava/awt/Graphics;)V+501
j  javax.swing.JComponent.paint(Ljava/awt/Graphics;)V+318
j  javax.swing.JLayeredPane.paint(Ljava/awt/Graphics;)V+73
j  javax.swing.JComponent.paintChildren(Ljava/awt/Graphics;)V+501
j  javax.swing.JComponent.paintToOffscreen(Ljava/awt/Graphics;IIIIII)V+72
j  javax.swing.BufferStrategyPaintManager.paint(Ljavax/swing/JComponent;Ljavax/swing/JComponent;Ljava/awt/Graphics;IIII)Z+164
j  javax.swing.RepaintManager.paint(Ljavax/swing/JComponent;Ljavax/swing/JComponent;Ljava/awt/Graphics;IIII)V+51
j  javax.swing.JComponent.paint(Ljava/awt/Graphics;)V+221
j  java.awt.GraphicsCallback$PaintCallback.run(Ljava/awt/Component;Ljava/awt/Graphics;)V+2
j  sun.awt.SunGraphicsCallback.runOneComponent(Ljava/awt/Component;Ljava/awt/Rectangle;Ljava/awt/Graphics;Ljava/awt/Shape;I)V+155
j  sun.awt.SunGraphicsCallback.runComponents([Ljava/awt/Component;Ljava/awt/Graphics;I)V+194
j  java.awt.Container.paint(Ljava/awt/Graphics;)V+58
j  java.awt.Window.paint(Ljava/awt/Graphics;)V+68
j  javax.swing.RepaintManager$4.run()Ljava/lang/Void;+142
j  javax.swing.RepaintManager$4.run()Ljava/lang/Object;+1
v  ~StubRoutines::call_stub
V  [libjvm.so+0x503b2f]  JavaCalls::call_helper(JavaValue*, methodHandle*, JavaCallArguments*, Thread*)+0x101f
V  [libjvm.so+0x756ef9]  os::os_exception_wrapper(void (*)(JavaValue*, methodHandle*, JavaCallArguments*, Thread*), JavaValue*, methodHandle*, JavaCallArguments*, Thread*)+0x19
V  [libjvm.so+0x5020ff]  JavaCalls::call(JavaValue*, methodHandle, JavaCallArguments*, Thread*)+0x2f
V  [libjvm.so+0x585630]  JVM_DoPrivileged+0x2a0
C  [libjava.so+0x9fca]  Java_java_security_AccessController_doPrivileged__Ljava_security_PrivilegedAction_2Ljava_security_AccessControlContext_2+0x3a
j  java.security.AccessController.doPrivileged(Ljava/security/PrivilegedAction;Ljava/security/AccessControlContext;)Ljava/lang/Object;+0
j  java.security.ProtectionDomain$JavaSecurityAccessImpl.doIntersectionPrivilege(Ljava/security/PrivilegedAction;Ljava/security/AccessControlContext;Ljava/security/AccessControlContext;)Ljava/lang/Object;+18
j  javax.swing.RepaintManager.paintDirtyRegions(Ljava/util/Map;)V+154
j  javax.swing.RepaintManager.paintDirtyRegions()V+46
j  javax.swing.RepaintManager.prePaintDirtyRegions()V+73
j  javax.swing.RepaintManager.access$1200(Ljavax/swing/RepaintManager;)V+1
j  javax.swing.RepaintManager$ProcessingRunnable.run()V+37
j  java.awt.event.InvocationEvent.dispatch()V+47
j  java.awt.EventQueue.dispatchEventImpl(Ljava/awt/AWTEvent;Ljava/lang/Object;)V+21
j  java.awt.EventQueue.access$500(Ljava/awt/EventQueue;Ljava/awt/AWTEvent;Ljava/lang/Object;)V+3
j  java.awt.EventQueue$3.run()Ljava/lang/Void;+32
j  java.awt.EventQueue$3.run()Ljava/lang/Object;+1
v  ~StubRoutines::call_stub
V  [libjvm.so+0x503b2f]  JavaCalls::call_helper(JavaValue*, methodHandle*, JavaCallArguments*, Thread*)+0x101f
V  [libjvm.so+0x756ef9]  os::os_exception_wrapper(void (*)(JavaValue*, methodHandle*, JavaCallArguments*, Thread*), JavaValue*, methodHandle*, JavaCallArguments*, Thread*)+0x19
V  [libjvm.so+0x5020ff]  JavaCalls::call(JavaValue*, methodHandle, JavaCallArguments*, Thread*)+0x2f
V  [libjvm.so+0x585630]  JVM_DoPrivileged+0x2a0
C  [libjava.so+0x9fca]  Java_java_security_AccessController_doPrivileged__Ljava_security_PrivilegedAction_2Ljava_security_AccessControlContext_2+0x3a
j  java.security.AccessController.doPrivileged(Ljava/security/PrivilegedAction;Ljava/security/AccessControlContext;)Ljava/lang/Object;+0
j  java.security.ProtectionDomain$JavaSecurityAccessImpl.doIntersectionPrivilege(Ljava/security/PrivilegedAction;Ljava/security/AccessControlContext;Ljava/security/AccessControlContext;)Ljava/lang/Object;+18
j  java.awt.EventQueue.dispatchEvent(Ljava/awt/AWTEvent;)V+46
j  java.awt.EventDispatchThread.pumpOneEventForFilters(I)V+245
j  java.awt.EventDispatchThread.pumpEventsForFilter(ILjava/awt/Conditional;Ljava/awt/EventFilter;)V+35
j  java.awt.EventDispatchThread.pumpEventsForHierarchy(ILjava/awt/Conditional;Ljava/awt/Component;)V+11
j  java.awt.EventDispatchThread.pumpEvents(ILjava/awt/Conditional;)V+4
j  java.awt.EventDispatchThread.pumpEvents(Ljava/awt/Conditional;)V+3
j  java.awt.EventDispatchThread.run()V+9
v  ~StubRoutines::call_stub
V  [libjvm.so+0x503b2f]  JavaCalls::call_helper(JavaValue*, methodHandle*, JavaCallArguments*, Thread*)+0x101f
V  [libjvm.so+0x756ef9]  os::os_exception_wrapper(void (*)(JavaValue*, methodHandle*, JavaCallArguments*, Thread*), JavaValue*, methodHandle*, JavaCallArguments*, Thread*)+0x19
V  [libjvm.so+0x503f3c]  JavaCalls::call_virtual(JavaValue*, KlassHandle, Symbol*, Symbol*, JavaCallArguments*, Thread*)+0x25c
V  [libjvm.so+0x50437b]  JavaCalls::call_virtual(JavaValue*, Handle, KlassHandle, Symbol*, Symbol*, Thread*)+0x4b
V  [libjvm.so+0x597790]  thread_entry(JavaThread*, Thread*)+0x90
V  [libjvm.so+0x88e6df]  JavaThread::thread_main_inner()+0xff
V  [libjvm.so+0x88e85b]  JavaThread::run()+0x14b
V  [libjvm.so+0x75e759]  java_start(Thread*)+0x119
C  [libpthread.so.0+0x6295]  start_thread+0xe5
C  [libc.so.6+0xe705e]  clone+0x6e

Java frames: (J=compiled Java code, j=interpreted, Vv=VM code)
J 653  java.lang.ClassLoader$NativeLibrary.find(Ljava/lang/String;)J (0 bytes) @ 0xa74205f7 [0xa74205a0+0x57]
J 876 C1 java.lang.ClassLoader.findNative(Ljava/lang/ClassLoader;Ljava/lang/String;)J (86 bytes) @ 0xa74a262c [0xa74a2200+0x42c]
v  ~StubRoutines::call_stub
j  jogamp.opengl.gl4.GL4bcImpl.dispatch_glFlush1(J)V+0
j  jogamp.opengl.gl4.GL4bcImpl.glFlush()V+38
j  xprojectcam.root.OGLWindow$1.display(Lcom/jogamp/opengl/GLAutoDrawable;)V+47
j  jogamp.opengl.GLDrawableHelper.displayImpl(Lcom/jogamp/opengl/GLAutoDrawable;)V+62
j  jogamp.opengl.GLDrawableHelper.display(Lcom/jogamp/opengl/GLAutoDrawable;)V+2
j  com.jogamp.opengl.awt.GLJPanel$Updater.display(Lcom/jogamp/opengl/GLAutoDrawable;)V+200
j  com.jogamp.opengl.awt.GLJPanel$10.run()V+11
j  jogamp.opengl.GLDrawableHelper.invokeGLImpl(Lcom/jogamp/opengl/GLDrawable;Lcom/jogamp/opengl/GLContext;Ljava/lang/Runnable;Ljava/lang/Runnable;)V+203
j  jogamp.opengl.GLDrawableHelper.invokeGL(Lcom/jogamp/opengl/GLDrawable;Lcom/jogamp/opengl/GLContext;Ljava/lang/Runnable;Ljava/lang/Runnable;)V+72
j  com.jogamp.opengl.awt.GLJPanel$OffscreenBackend.doPaintComponent(Ljava/awt/Graphics;)V+29
j  com.jogamp.opengl.awt.GLJPanel.paintComponent(Ljava/awt/Graphics;)V+224
j  javax.swing.JComponent.paint(Ljava/awt/Graphics;)V+286
j  javax.swing.JComponent.paintChildren(Ljava/awt/Graphics;)V+501
j  javax.swing.JComponent.paint(Ljava/awt/Graphics;)V+318
j  javax.swing.JComponent.paintChildren(Ljava/awt/Graphics;)V+501
j  javax.swing.JComponent.paint(Ljava/awt/Graphics;)V+318
j  javax.swing.JLayeredPane.paint(Ljava/awt/Graphics;)V+73
j  javax.swing.JComponent.paintChildren(Ljava/awt/Graphics;)V+501
j  javax.swing.JComponent.paintToOffscreen(Ljava/awt/Graphics;IIIIII)V+72
j  javax.swing.BufferStrategyPaintManager.paint(Ljavax/swing/JComponent;Ljavax/swing/JComponent;Ljava/awt/Graphics;IIII)Z+164
j  javax.swing.RepaintManager.paint(Ljavax/swing/JComponent;Ljavax/swing/JComponent;Ljava/awt/Graphics;IIII)V+51
j  javax.swing.JComponent.paint(Ljava/awt/Graphics;)V+221
j  java.awt.GraphicsCallback$PaintCallback.run(Ljava/awt/Component;Ljava/awt/Graphics;)V+2
j  sun.awt.SunGraphicsCallback.runOneComponent(Ljava/awt/Component;Ljava/awt/Rectangle;Ljava/awt/Graphics;Ljava/awt/Shape;I)V+155
j  sun.awt.SunGraphicsCallback.runComponents([Ljava/awt/Component;Ljava/awt/Graphics;I)V+194
j  java.awt.Container.paint(Ljava/awt/Graphics;)V+58
j  java.awt.Window.paint(Ljava/awt/Graphics;)V+68
j  javax.swing.RepaintManager$4.run()Ljava/lang/Void;+142
j  javax.swing.RepaintManager$4.run()Ljava/lang/Object;+1
v  ~StubRoutines::call_stub
j  java.security.AccessController.doPrivileged(Ljava/security/PrivilegedAction;Ljava/security/AccessControlContext;)Ljava/lang/Object;+0
j  java.security.ProtectionDomain$JavaSecurityAccessImpl.doIntersectionPrivilege(Ljava/security/PrivilegedAction;Ljava/security/AccessControlContext;Ljava/security/AccessControlContext;)Ljava/lang/Object;+18
j  javax.swing.RepaintManager.paintDirtyRegions(Ljava/util/Map;)V+154
j  javax.swing.RepaintManager.paintDirtyRegions()V+46
j  javax.swing.RepaintManager.prePaintDirtyRegions()V+73
j  javax.swing.RepaintManager.access$1200(Ljavax/swing/RepaintManager;)V+1
j  javax.swing.RepaintManager$ProcessingRunnable.run()V+37
j  java.awt.event.InvocationEvent.dispatch()V+47
j  java.awt.EventQueue.dispatchEventImpl(Ljava/awt/AWTEvent;Ljava/lang/Object;)V+21
j  java.awt.EventQueue.access$500(Ljava/awt/EventQueue;Ljava/awt/AWTEvent;Ljava/lang/Object;)V+3
j  java.awt.EventQueue$3.run()Ljava/lang/Void;+32
j  java.awt.EventQueue$3.run()Ljava/lang/Object;+1
v  ~StubRoutines::call_stub
j  java.security.AccessController.doPrivileged(Ljava/security/PrivilegedAction;Ljava/security/AccessControlContext;)Ljava/lang/Object;+0
j  java.security.ProtectionDomain$JavaSecurityAccessImpl.doIntersectionPrivilege(Ljava/security/PrivilegedAction;Ljava/security/AccessControlContext;Ljava/security/AccessControlContext;)Ljava/lang/Object;+18
j  java.awt.EventQueue.dispatchEvent(Ljava/awt/AWTEvent;)V+46
j  java.awt.EventDispatchThread.pumpOneEventForFilters(I)V+245
j  java.awt.EventDispatchThread.pumpEventsForFilter(ILjava/awt/Conditional;Ljava/awt/EventFilter;)V+35
j  java.awt.EventDispatchThread.pumpEventsForHierarchy(ILjava/awt/Conditional;Ljava/awt/Component;)V+11
j  java.awt.EventDispatchThread.pumpEvents(ILjava/awt/Conditional;)V+4
j  java.awt.EventDispatchThread.pumpEvents(Ljava/awt/Conditional;)V+3
j  java.awt.EventDispatchThread.run()V+9
v  ~StubRoutines::call_stub

---------------  P R O C E S S  ---------------

Java Threads: ( => current thread )
=>0x59741000 JavaThread "AWT-EventQueue-0" [_thread_in_native, id=30230, stack(0x59e64000,0x59eb5000)]
  0x59dbe400 JavaThread "AWT-Shutdown" [_thread_blocked, id=30229, stack(0x59e13000,0x59e64000)]
  0x59639c00 JavaThread "JavaFX Application Thread-SharedResourceRunner" daemon [_thread_blocked, id=30215, stack(0x591c1000,0x59212000)]
  0x59de9800 JavaThread "JavaFX Application Thread-SharedResourceRunner" daemon [_thread_blocked, id=30214, stack(0x59993000,0x599e4000)]
  0x66f27800 JavaThread "org.netbeans.modules.debugger.jpda.visual AWT Access Loop" daemon [_thread_blocked, id=30213, stack(0x59caf000,0x59d00000)]
  0x5c0fe800 JavaThread "AWT-XAWT" daemon [_thread_in_native, id=30210, stack(0x59eb5000,0x59f06000)]
  0x5c0f4c00 JavaThread "Java2D Disposer" daemon [_thread_blocked, id=30209, stack(0x5a16f000,0x5a1c0000)]
  0x5c09a800 JavaThread "process reaper" daemon [_thread_blocked, id=30205, stack(0x5bde7000,0x5be00000)]
  0x63acd400 JavaThread "JavaFX-Launcher" [_thread_blocked, id=30202, stack(0x5c48c000,0x5c4dd000)]
  0x63ac8c00 JavaThread "JavaFX Application Thread" [_thread_blocked, id=30201, stack(0x5c55e000,0x5c5af000)]
  0x63ac4400 JavaThread "Thread-1" daemon [_thread_blocked, id=30200, stack(0x5c5af000,0x5c600000)]
  0x63a56c00 JavaThread "QuantumRenderer-0" daemon [_thread_blocked, id=30195, stack(0x63baf000,0x63c00000)]
  0x644b5800 JavaThread "Service Thread" daemon [_thread_blocked, id=30193, stack(0x63e2c000,0x63e7d000)]
  0x644b2800 JavaThread "C1 CompilerThread2" daemon [_thread_blocked, id=30192, stack(0x63e7d000,0x63efe000)]
  0x644b1400 JavaThread "C2 CompilerThread1" daemon [_thread_blocked, id=30191, stack(0x63efe000,0x63f7f000)]
  0x644af400 JavaThread "C2 CompilerThread0" daemon [_thread_blocked, id=30190, stack(0x63f7f000,0x64000000)]
  0x64200800 JavaThread "JDWP Command Reader" daemon [_thread_in_native, id=30187, stack(0x6410d000,0x6415e000)]
  0x644adc00 JavaThread "JDWP Event Helper Thread" daemon [_thread_blocked, id=30186, stack(0x6415e000,0x641af000)]
  0x644aa400 JavaThread "JDWP Transport Listener: dt_socket" daemon [_thread_blocked, id=30184, stack(0x641af000,0x64200000)]
  0x644a2000 JavaThread "Signal Dispatcher" daemon [_thread_blocked, id=30183, stack(0x6432e000,0x6437f000)]
  0x64488000 JavaThread "Finalizer" daemon [_thread_blocked, id=30182, stack(0x6702e000,0x6707f000)]
  0x64485400 JavaThread "Reference Handler" daemon [_thread_blocked, id=30181, stack(0x6722e000,0x6727f000)]
  0xb6508c00 JavaThread "main" [_thread_blocked, id=30175, stack(0xb660c000,0xb665d000)]

Other Threads:
  0x64480c00 VMThread [stack: 0x6437f000,0x64400000] [id=30180]
  0x644b7800 WatcherThread [stack: 0x63dab000,0x63e2c000] [id=30194]

VM state:not at safepoint (normal execution)

VM Mutex/Monitor currently owned by a thread: None

Heap:
 PSYoungGen      total 19200K, used 5901K [0x91cc0000, 0x93200000, 0xa6e00000)
  eden space 16640K, 20% used [0x91cc0000,0x92005b60,0x92d00000)
  from space 2560K, 99% used [0x92f80000,0x931fdc68,0x93200000)
  to   space 2560K, 0% used [0x92d00000,0x92d00000,0x92f80000)
 ParOldGen       total 43776K, used 4369K [0x67a00000, 0x6a4c0000, 0x91cc0000)
  object space 43776K, 9% used [0x67a00000,0x67e446e0,0x6a4c0000)
 Metaspace       used 14845K, capacity 15202K, committed 15512K, reserved 15664K

Card table byte_map: [0x67805000,0x67a00000] byte_map_base: 0x674c8000

Marking Bits: (ParMarkBitMap*) 0xb70c49c0
 Begin Bits: [0x64f60000, 0x65f30000)
 End Bits:   [0x65f30000, 0x66f00000)

Polling page: 0xb76d6000

CodeCache: size=245760Kb used=2515Kb max_used=2517Kb free=243244Kb
 bounds [0xa7232000, 0xa74aa000, 0xb6232000]
 total_blobs=1406 nmethods=868 adapters=460
 compilation: enabled

Compilation events (10 events):
Event: 8.293 Thread 0x644b2800  873       3       java.lang.Long::hashCode (8 bytes)
Event: 8.293 Thread 0x644b2800 nmethod 873 0xa749e0c8 code [0xa749e1e0, 0xa749e320]
Event: 8.293 Thread 0x644b2800  874       3       java.lang.Long::hashCode (8 bytes)
Event: 8.293 Thread 0x644b2800 nmethod 874 0xa749de88 code [0xa749df80, 0xa749e060]
Event: 8.302 Thread 0x644b2800  875       3       java.lang.System::checkKey (34 bytes)
Event: 8.303 Thread 0x644b2800 nmethod 875 0xa749c788 code [0xa749c900, 0xa749cbe4]
Event: 8.309 Thread 0x644b2800  876   !   3       java.lang.ClassLoader::findNative (86 bytes)
Event: 8.310 Thread 0x644b2800 nmethod 876 0xa74a2048 code [0xa74a2200, 0xa74a2958]
Event: 8.314 Thread 0x644b2800  877       3       sun.net.www.ParseUtil::encodePath (336 bytes)
Event: 8.317 Thread 0x644b2800 nmethod 877 0xa74a09c8 code [0xa74a0c00, 0xa74a1838]

GC Heap History (4 events):
Event: 1.357 GC heap before
{Heap before GC invocations=1 (full 0):
 PSYoungGen      total 19200K, used 16640K [0x91cc0000, 0x93200000, 0xa6e00000)
  eden space 16640K, 100% used [0x91cc0000,0x92d00000,0x92d00000)
  from space 2560K, 0% used [0x92f80000,0x92f80000,0x93200000)
  to   space 2560K, 0% used [0x92d00000,0x92d00000,0x92f80000)
 ParOldGen       total 43776K, used 0K [0x67a00000, 0x6a4c0000, 0x91cc0000)
  object space 43776K, 0% used [0x67a00000,0x67a00000,0x6a4c0000)
 Metaspace       used 7241K, capacity 7554K, committed 7704K, reserved 8496K
Event: 1.362 GC heap after
Heap after GC invocations=1 (full 0):
 PSYoungGen      total 19200K, used 2368K [0x91cc0000, 0x93200000, 0xa6e00000)
  eden space 16640K, 0% used [0x91cc0000,0x91cc0000,0x92d00000)
  from space 2560K, 92% used [0x92d00000,0x92f50050,0x92f80000)
  to   space 2560K, 0% used [0x92f80000,0x92f80000,0x93200000)
 ParOldGen       total 43776K, used 72K [0x67a00000, 0x6a4c0000, 0x91cc0000)
  object space 43776K, 0% used [0x67a00000,0x67a12010,0x6a4c0000)
 Metaspace       used 7241K, capacity 7554K, committed 7704K, reserved 8496K
}
Event: 4.769 GC heap before
{Heap before GC invocations=2 (full 0):
 PSYoungGen      total 19200K, used 19008K [0x91cc0000, 0x93200000, 0xa6e00000)
  eden space 16640K, 100% used [0x91cc0000,0x92d00000,0x92d00000)
  from space 2560K, 92% used [0x92d00000,0x92f50050,0x92f80000)
  to   space 2560K, 0% used [0x92f80000,0x92f80000,0x93200000)
 ParOldGen       total 43776K, used 72K [0x67a00000, 0x6a4c0000, 0x91cc0000)
  object space 43776K, 0% used [0x67a00000,0x67a12010,0x6a4c0000)
 Metaspace       used 12955K, capacity 13324K, committed 13592K, reserved 13616K
Event: 4.791 GC heap after
Heap after GC invocations=2 (full 0):
 PSYoungGen      total 19200K, used 2551K [0x91cc0000, 0x93200000, 0xa6e00000)
  eden space 16640K, 0% used [0x91cc0000,0x91cc0000,0x92d00000)
  from space 2560K, 99% used [0x92f80000,0x931fdc68,0x93200000)
  to   space 2560K, 0% used [0x92d00000,0x92d00000,0x92f80000)
 ParOldGen       total 43776K, used 4369K [0x67a00000, 0x6a4c0000, 0x91cc0000)
  object space 43776K, 9% used [0x67a00000,0x67e446e0,0x6a4c0000)
 Metaspace       used 12955K, capacity 13324K, committed 13592K, reserved 13616K
}

Deoptimization events (6 events):
Event: 0.954 Thread 0x63ac8c00 Uncommon trap: reason=unstable_if action=reinterpret pc=0xa734c7b8 method=java.lang.String.replace(CC)Ljava/lang/String; @ 26
Event: 0.955 Thread 0x63ac8c00 Uncommon trap: reason=unstable_if action=reinterpret pc=0xa736fddc method=java.lang.String.indexOf([CII[CIII)I @ 134
Event: 1.113 Thread 0x63ac8c00 Uncommon trap: reason=unstable_if action=reinterpret pc=0xa736e2d4 method=java.lang.String.startsWith(Ljava/lang/String;I)Z @ 25
Event: 1.286 Thread 0x63ac8c00 Uncommon trap: reason=unstable_if action=reinterpret pc=0xa73d22a4 method=java.util.HashMap.hash(Ljava/lang/Object;)I @ 1
Event: 8.112 Thread 0x5c0fe800 Uncommon trap: reason=unstable_if action=reinterpret pc=0xa747ba4c method=java.lang.reflect.AccessibleObject.setAccessible0(Ljava/lang/reflect/AccessibleObject;Z)V @ 4
Event: 8.276 Thread 0x59741000 Uncommon trap: reason=unstable_if action=reinterpret pc=0xa740bd04 method=sun.net.www.ParseUtil.encodePath(Ljava/lang/String;Z)Ljava/lang/String; @ 109

Internal exceptions (10 events):
Event: 0.911 Thread 0x63ac8c00 Exception <a 'java/lang/NullPointerException'> (0x925cbd20) thrown at [/HUDSON3/workspace/8-2-build-linux-i586/jdk8u144/9417/hotspot/src/share/vm/interpreter/linkResolver.cpp, line 1197]
Event: 0.911 Thread 0x63ac8c00 Exception <a 'java/lang/NullPointerException'> (0x925cbd20) thrown at [/HUDSON3/workspace/8-2-build-linux-i586/jdk8u144/9417/hotspot/src/share/vm/prims/jvm.cpp, line 1394]
Event: 1.120 Thread 0x63ac8c00 Exception <a 'java/lang/ArrayIndexOutOfBoundsException': 65> (0x92aff688) thrown at [/HUDSON3/workspace/8-2-build-linux-i586/jdk8u144/9417/hotspot/src/share/vm/interpreter/interpreterRuntime.cpp, line 366]
Event: 1.121 Thread 0x63ac8c00 Exception <a 'java/lang/ArrayIndexOutOfBoundsException': 18> (0x92b003a8) thrown at [/HUDSON3/workspace/8-2-build-linux-i586/jdk8u144/9417/hotspot/src/share/vm/interpreter/interpreterRuntime.cpp, line 366]
Event: 1.122 Thread 0x63ac8c00 Exception <a 'java/lang/ArrayIndexOutOfBoundsException': 86> (0x92b01528) thrown at [/HUDSON3/workspace/8-2-build-linux-i586/jdk8u144/9417/hotspot/src/share/vm/interpreter/interpreterRuntime.cpp, line 366]
Event: 1.133 Thread 0x63ac8c00 Exception <a 'java/lang/ArrayIndexOutOfBoundsException'> (0x92b081f8) thrown at [/HUDSON3/workspace/8-2-build-linux-i586/jdk8u144/9417/hotspot/src/share/vm/runtime/sharedRuntime.cpp, line 605]
Event: 1.286 Thread 0x63ac8c00 Implicit null exception at 0xa73d20bf to 0xa73d2295
Event: 3.661 Thread 0x63ac8c00 Exception <a 'java/io/FileNotFoundException'> (0x92010fd8) thrown at [/HUDSON3/workspace/8-2-build-linux-i586/jdk8u144/9417/hotspot/src/share/vm/prims/jni.cpp, line 709]
Event: 3.704 Thread 0x63ac8c00 Exception <a 'java/io/FileNotFoundException'> (0x920742f0) thrown at [/HUDSON3/workspace/8-2-build-linux-i586/jdk8u144/9417/hotspot/src/share/vm/prims/jni.cpp, line 709]
Event: 3.705 Thread 0x63ac8c00 Exception <a 'java/io/FileNotFoundException'> (0x92074d80) thrown at [/HUDSON3/workspace/8-2-build-linux-i586/jdk8u144/9417/hotspot/src/share/vm/prims/jni.cpp, line 709]

Events (10 events):
Event: 8.315 loading class java/nio/DirectFloatBufferU
Event: 8.315 loading class java/nio/DirectFloatBufferU done
Event: 8.315 loading class jogamp/opengl/util/glsl/GLSLArrayHandlerFlat
Event: 8.315 loading class jogamp/opengl/util/glsl/GLSLArrayHandlerFlat done
Event: 8.316 Thread 0x59741000 DEOPT PACKING pc=0xa737dfcc sp=0x59eb1b90
Event: 8.316 Thread 0x59741000 DEOPT UNPACKING pc=0xa726e850 sp=0x59eb1a40 mode 1
Event: 8.316 Thread 0x59741000 DEOPT PACKING pc=0xa7346180 sp=0x59eb1be0
Event: 8.316 Thread 0x59741000 DEOPT UNPACKING pc=0xa726e850 sp=0x59eb1b00 mode 1
Event: 8.316 Thread 0x59741000 DEOPT PACKING pc=0xa7345fb0 sp=0x59eb1cc0
Event: 8.316 Thread 0x59741000 DEOPT UNPACKING pc=0xa726e850 sp=0x59eb1bec mode 1


Dynamic libraries:
08048000-08049000 r-xp 00000000 08:01 1341235    /usr/lib/jvm/java-8-oracle/jre/bin/java
08049000-0804a000 rw-p 00000000 08:01 1341235    /usr/lib/jvm/java-8-oracle/jre/bin/java
08a49000-08f23000 rw-p 00000000 00:00 0          [heap]
52205000-525fc000 rw-p 00000000 00:00 0 
525fc000-525fd000 ---p 00000000 00:00 0 
525fd000-52dfd000 rw-p 00000000 00:00 0 
52dfd000-52dfe000 ---p 00000000 00:00 0 
52dfe000-535fe000 rw-p 00000000 00:00 0 
535fe000-535ff000 ---p 00000000 00:00 0 
535ff000-53dff000 rw-p 00000000 00:00 0 
53dff000-53e00000 ---p 00000000 00:00 0 
53e00000-54600000 rw-p 00000000 00:00 0 
54600000-54636000 rw-p 00000000 00:00 0 
54636000-54700000 ---p 00000000 00:00 0 
54800000-548fe000 rw-p 00000000 00:00 0 
548fe000-54900000 ---p 00000000 00:00 0 
54900000-549ff000 rw-p 00000000 00:00 0 
549ff000-54a00000 ---p 00000000 00:00 0 
54a00000-54b00000 rw-p 00000000 00:00 0 
54b65000-54bfc000 rw-p 00000000 00:00 0 
54bfc000-54bfd000 ---p 00000000 00:00 0 
54bfd000-553fd000 rw-p 00000000 00:00 0 
553fd000-553fe000 ---p 00000000 00:00 0 
553fe000-55bfe000 rw-p 00000000 00:00 0 
55bfe000-55bff000 ---p 00000000 00:00 0 
55bff000-563ff000 rw-p 00000000 00:00 0 
563ff000-56400000 ---p 00000000 00:00 0 
56400000-56c00000 rw-p 00000000 00:00 0 
56c00000-56cfc000 rw-p 00000000 00:00 0 
56cfc000-56d00000 ---p 00000000 00:00 0 
56d00000-56de0000 rw-p 00000000 00:00 0 
56de0000-56e00000 ---p 00000000 00:00 0 
56e00000-56f00000 rw-p 00000000 00:00 0 
56f00000-57000000 rw-p 00000000 00:00 0 
57000000-570ff000 rw-p 00000000 00:00 0 
570ff000-57100000 ---p 00000000 00:00 0 
57106000-571bd000 rw-p 00000000 00:00 0 
571bd000-571be000 ---p 00000000 00:00 0 
571be000-579be000 rw-p 00000000 00:00 0 
579be000-579bf000 ---p 00000000 00:00 0 
579bf000-581bf000 rw-p 00000000 00:00 0 
581bf000-581c0000 ---p 00000000 00:00 0 
581c0000-589c0000 rw-p 00000000 00:00 0 
589c0000-589c1000 ---p 00000000 00:00 0 
589c1000-591c1000 rw-p 00000000 00:00 0 
591c1000-591c4000 ---p 00000000 00:00 0 
591c4000-59212000 rw-p 00000000 00:00 0 
59212000-59267000 r-xp 00000000 08:01 1199423    /home/ubuntu/NetBeansProjects/xProjectCAM/natives/linux-i586/libjogl_mobile.so
59267000-59268000 rw-p 00054000 08:01 1199423    /home/ubuntu/NetBeansProjects/xProjectCAM/natives/linux-i586/libjogl_mobile.so
59268000-5928d000 r-xp 00000000 08:01 1323763    /usr/lib/i386-linux-gnu/libkj-0.5.3.so
5928d000-5928e000 r--p 00024000 08:01 1323763    /usr/lib/i386-linux-gnu/libkj-0.5.3.so
5928e000-5928f000 rw-p 00025000 08:01 1323763    /usr/lib/i386-linux-gnu/libkj-0.5.3.so
5928f000-592a6000 r-xp 00000000 08:01 1319085    /usr/lib/i386-linux-gnu/libboost_filesystem.so.1.58.0
592a6000-592a7000 r--p 00016000 08:01 1319085    /usr/lib/i386-linux-gnu/libboost_filesystem.so.1.58.0
592a7000-592a8000 rw-p 00017000 08:01 1319085    /usr/lib/i386-linux-gnu/libboost_filesystem.so.1.58.0
592a8000-592d7000 r-xp 00000000 08:01 1319091    /usr/lib/i386-linux-gnu/libprotobuf-lite.so.9.0.1
592d7000-592d8000 ---p 0002f000 08:01 1319091    /usr/lib/i386-linux-gnu/libprotobuf-lite.so.9.0.1
592d8000-592d9000 r--p 0002f000 08:01 1319091    /usr/lib/i386-linux-gnu/libprotobuf-lite.so.9.0.1
592d9000-592da000 rw-p 00030000 08:01 1319091    /usr/lib/i386-linux-gnu/libprotobuf-lite.so.9.0.1
592da000-5935e000 r-xp 00000000 08:01 1328244    /usr/lib/i386-linux-gnu/libcapnp-0.5.3.so
5935e000-5935f000 ---p 00084000 08:01 1328244    /usr/lib/i386-linux-gnu/libcapnp-0.5.3.so
5935f000-59361000 r--p 00084000 08:01 1328244    /usr/lib/i386-linux-gnu/libcapnp-0.5.3.so
59361000-59362000 rw-p 00086000 08:01 1328244    /usr/lib/i386-linux-gnu/libcapnp-0.5.3.so
59362000-593d0000 r-xp 00000000 08:01 1329981    /usr/lib/i386-linux-gnu/libmirprotobuf.so.3
593d0000-593d2000 r--p 0006d000 08:01 1329981    /usr/lib/i386-linux-gnu/libmirprotobuf.so.3
593d2000-593d3000 rw-p 0006f000 08:01 1329981    /usr/lib/i386-linux-gnu/libmirprotobuf.so.3
593d3000-59415000 r-xp 00000000 08:01 1329980    /usr/lib/i386-linux-gnu/libmircommon.so.7
59415000-59416000 ---p 00042000 08:01 1329980    /usr/lib/i386-linux-gnu/libmircommon.so.7
59416000-59417000 r--p 00042000 08:01 1329980    /usr/lib/i386-linux-gnu/libmircommon.so.7
59417000-59418000 rw-p 00043000 08:01 1329980    /usr/lib/i386-linux-gnu/libmircommon.so.7
59418000-5945a000 r-xp 00000000 08:01 1319097    /usr/lib/i386-linux-gnu/libxkbcommon.so.0.0.0
5945a000-5945b000 r--p 00041000 08:01 1319097    /usr/lib/i386-linux-gnu/libxkbcommon.so.0.0.0
5945b000-5945c000 rw-p 00042000 08:01 1319097    /usr/lib/i386-linux-gnu/libxkbcommon.so.0.0.0
5945c000-594fc000 r-xp 00000000 08:01 1329984    /usr/lib/i386-linux-gnu/libmirclient.so.9
594fc000-594ff000 r--p 0009f000 08:01 1329984    /usr/lib/i386-linux-gnu/libmirclient.so.9
594ff000-59500000 rw-p 000a2000 08:01 1329984    /usr/lib/i386-linux-gnu/libmirclient.so.9
59500000-59600000 rw-p 00000000 00:00 0 
59600000-596fa000 rw-p 00000000 00:00 0 
596fa000-59700000 ---p 00000000 00:00 0 
59700000-59798000 rw-p 00000000 00:00 0 
59798000-59800000 ---p 00000000 00:00 0 
59800000-59900000 rw-p 00000000 00:00 0 
59915000-5991c000 r-xp 00000000 08:01 1329979    /usr/lib/i386-linux-gnu/libmircore.so.1
5991c000-5991d000 r--p 00006000 08:01 1329979    /usr/lib/i386-linux-gnu/libmircore.so.1
5991d000-5991e000 rw-p 00007000 08:01 1329979    /usr/lib/i386-linux-gnu/libmircore.so.1
5991e000-5992a000 r-xp 00000000 08:01 1317064    /usr/lib/i386-linux-gnu/libgbm.so.1.0.0
5992a000-5992b000 ---p 0000c000 08:01 1317064    /usr/lib/i386-linux-gnu/libgbm.so.1.0.0
5992b000-5992c000 r--p 0000c000 08:01 1317064    /usr/lib/i386-linux-gnu/libgbm.so.1.0.0
5992c000-5992d000 rw-p 0000d000 08:01 1317064    /usr/lib/i386-linux-gnu/libgbm.so.1.0.0
5992d000-5993c000 r-xp 00000000 08:01 1319147    /usr/lib/i386-linux-gnu/libwayland-server.so.0.1.0
5993c000-5993d000 r--p 0000e000 08:01 1319147    /usr/lib/i386-linux-gnu/libwayland-server.so.0.1.0
5993d000-5993e000 rw-p 0000f000 08:01 1319147    /usr/lib/i386-linux-gnu/libwayland-server.so.0.1.0
5993e000-59949000 r-xp 00000000 08:01 1327779    /usr/lib/i386-linux-gnu/libwayland-client.so.0.3.0
59949000-5994a000 ---p 0000b000 08:01 1327779    /usr/lib/i386-linux-gnu/libwayland-client.so.0.3.0
5994a000-5994b000 r--p 0000b000 08:01 1327779    /usr/lib/i386-linux-gnu/libwayland-client.so.0.3.0
5994b000-5994c000 rw-p 0000c000 08:01 1327779    /usr/lib/i386-linux-gnu/libwayland-client.so.0.3.0
5994c000-59953000 r-xp 00000000 08:01 1317188    /usr/lib/i386-linux-gnu/libxcb-xfixes.so.0.0.0
59953000-59954000 r--p 00006000 08:01 1317188    /usr/lib/i386-linux-gnu/libxcb-xfixes.so.0.0.0
59954000-59955000 rw-p 00007000 08:01 1317188    /usr/lib/i386-linux-gnu/libxcb-xfixes.so.0.0.0
59955000-59990000 r-xp 00000000 08:01 1317054    /usr/lib/i386-linux-gnu/mesa-egl/libEGL.so.1.0.0
59990000-59991000 ---p 0003b000 08:01 1317054    /usr/lib/i386-linux-gnu/mesa-egl/libEGL.so.1.0.0
59991000-59992000 r--p 0003b000 08:01 1317054    /usr/lib/i386-linux-gnu/mesa-egl/libEGL.so.1.0.0
59992000-59993000 rw-p 0003c000 08:01 1317054    /usr/lib/i386-linux-gnu/mesa-egl/libEGL.so.1.0.0
59993000-59996000 ---p 00000000 00:00 0 
59996000-59ae4000 rw-p 00000000 00:00 0 
59b05000-59bae000 r-xp 00000000 08:01 1199425    /home/ubuntu/NetBeansProjects/xProjectCAM/natives/linux-i586/libjogl_desktop.so
59bae000-59baf000 rw-p 000a9000 08:01 1199425    /home/ubuntu/NetBeansProjects/xProjectCAM/natives/linux-i586/libjogl_desktop.so
59baf000-59caf000 rw-p 00000000 00:00 0 
59caf000-59cb2000 ---p 00000000 00:00 0 
59cb2000-59d00000 rw-p 00000000 00:00 0 
59d00000-59dfa000 rw-p 00000000 00:00 0 
59dfa000-59e00000 ---p 00000000 00:00 0 
59e03000-59e04000 rwxp 00000000 00:00 0 
59e04000-59e09000 r-xp 00000000 08:01 1337606    /usr/lib/i386-linux-gnu/mesa-egl/libGLESv2.so.2.0.0
59e09000-59e0a000 r--p 00004000 08:01 1337606    /usr/lib/i386-linux-gnu/mesa-egl/libGLESv2.so.2.0.0
59e0a000-59e0c000 rwxp 00005000 08:01 1337606    /usr/lib/i386-linux-gnu/mesa-egl/libGLESv2.so.2.0.0
59e0c000-59e12000 r-xp 00000000 08:01 1199430    /home/ubuntu/NetBeansProjects/xProjectCAM/natives/linux-i586/libnativewindow_x11.so
59e12000-59e13000 rw-p 00005000 08:01 1199430    /home/ubuntu/NetBeansProjects/xProjectCAM/natives/linux-i586/libnativewindow_x11.so
59e13000-59e16000 ---p 00000000 00:00 0 
59e16000-59e64000 rw-p 00000000 00:00 0 
59e64000-59e67000 ---p 00000000 00:00 0 
59e67000-59eb5000 rw-p 00000000 00:00 0 
59eb5000-59eb8000 ---p 00000000 00:00 0 
59eb8000-5a006000 rw-p 00000000 00:00 0 
5a006000-5a068000 r-xp 00000000 08:01 1366666    /usr/lib/jvm/java-8-oracle/jre/lib/i386/libfontmanager.so
5a068000-5a06b000 rw-p 00061000 08:01 1366666    /usr/lib/jvm/java-8-oracle/jre/lib/i386/libfontmanager.so
5a06b000-5a06f000 rw-p 00000000 00:00 0 
5a06f000-5a0bb000 r-xp 00000000 08:01 1366674    /usr/lib/jvm/java-8-oracle/jre/lib/i386/libawt_xawt.so
5a0bb000-5a0bd000 rw-p 0004c000 08:01 1366674    /usr/lib/jvm/java-8-oracle/jre/lib/i386/libawt_xawt.so
5a0bd000-5a0be000 rw-p 00000000 00:00 0 
5a0be000-5a144000 r-xp 00000000 08:01 1366646    /usr/lib/jvm/java-8-oracle/jre/lib/i386/libawt.so
5a144000-5a14b000 rw-p 00086000 08:01 1366646    /usr/lib/jvm/java-8-oracle/jre/lib/i386/libawt.so
5a14b000-5a16f000 rw-p 00000000 00:00 0 
5a16f000-5a172000 ---p 00000000 00:00 0 
5a172000-5a1c0000 rw-p 00000000 00:00 0 
5a1c0000-5a1cf000 r-xp 00000000 08:01 1366668    /usr/lib/jvm/java-8-oracle/jre/lib/i386/libnio.so
5a1cf000-5a1d0000 rw-p 0000e000 08:01 1366668    /usr/lib/jvm/java-8-oracle/jre/lib/i386/libnio.so
5a1d0000-5bdd1000 rw-p 00000000 00:00 0 
5bdd1000-5bde6000 r-xp 00000000 08:01 1366644    /usr/lib/jvm/java-8-oracle/jre/lib/i386/libnet.so
5bde6000-5bde7000 rw-p 00015000 08:01 1366644    /usr/lib/jvm/java-8-oracle/jre/lib/i386/libnet.so
5bde7000-5bdea000 ---p 00000000 00:00 0 
5bdea000-5bf00000 rw-p 00000000 00:00 0 
5bf00000-5c000000 rw-p 00000000 00:00 0 
5c000000-5c100000 rw-p 00000000 00:00 0 
5c100000-5c103000 r-xp 00000000 08:01 1317973    /usr/lib/i386-linux-gnu/libboost_system.so.1.58.0
5c103000-5c104000 r--p 00002000 08:01 1317973    /usr/lib/i386-linux-gnu/libboost_system.so.1.58.0
5c104000-5c105000 rw-p 00003000 08:01 1317973    /usr/lib/i386-linux-gnu/libboost_system.so.1.58.0
5c105000-5c106000 r-xp 00000000 08:01 1199426    /home/ubuntu/NetBeansProjects/xProjectCAM/natives/linux-i586/libnativewindow_awt.so
5c106000-5c107000 rw-p 00001000 08:01 1199426    /home/ubuntu/NetBeansProjects/xProjectCAM/natives/linux-i586/libnativewindow_awt.so
5c107000-5c108000 r-xp 00000000 08:01 1366684    /usr/lib/jvm/java-8-oracle/jre/lib/i386/libjawt.so
5c108000-5c109000 rw-p 00000000 08:01 1366684    /usr/lib/jvm/java-8-oracle/jre/lib/i386/libjawt.so
5c109000-5c10b000 r-xp 00000000 08:01 670610     /tmp/jogamp_0000/file_cache/jln7180139772506067209/jln3203334959322457301/natives/linux-i586/libgluegen-rt.so
5c10b000-5c10c000 rw-p 00001000 08:01 670610     /tmp/jogamp_0000/file_cache/jln7180139772506067209/jln3203334959322457301/natives/linux-i586/libgluegen-rt.so
5c10c000-5c10d000 r--p 00000000 00:00 0 
5c10d000-5c112000 r--s 0009a000 08:01 1365230    /usr/lib/jvm/java-8-oracle/jre/lib/jsse.jar
5c112000-5c11a000 r--s 00000000 08:01 276588     /var/cache/fontconfig/945677eb7aeaf62f1d50efc3fb3ec7d8-le32d4.cache-6
5c11a000-5c11e000 r--s 00000000 08:01 271504     /var/cache/fontconfig/2cd17615ca594fa2959ae173292e504c-le32d4.cache-6
5c11e000-5c11f000 r--s 00000000 08:01 278881     /var/cache/fontconfig/0d8c3b2ac0904cb8a57a757ad11a4a08-le32d4.cache-6
5c11f000-5c12e000 r--s 00000000 08:01 271502     /var/cache/fontconfig/04aabc0a78ac019cf9454389977116d2-le32d4.cache-6
5c12e000-5c12f000 r--s 00000000 08:01 278874     /var/cache/fontconfig/1ac9eb803944fde146138c791f5cc56a-le32d4.cache-6
5c12f000-5c132000 r--s 00000000 08:01 271500     /var/cache/fontconfig/385c0604a188198f04d133e54aba7fe7-le32d4.cache-6
5c132000-5c133000 r--s 00000000 08:01 278872     /var/cache/fontconfig/dc05db6664285cc2f12bf69c139ae4c3-le32d4.cache-6
5c133000-5c134000 r--s 00000000 08:01 271498     /var/cache/fontconfig/14a5e22175779b556eaa434240950366-le32d4.cache-6
5c134000-5c135000 r--s 00000000 08:01 271496     /var/cache/fontconfig/660208299946a285a940457d1287da33-le32d4.cache-6
5c135000-5c136000 r--s 00000000 08:01 278871     /var/cache/fontconfig/4f3e3037c9980c83b53a9351efadef62-le32d4.cache-6
5c136000-5c138000 r--s 00000000 08:01 278870     /var/cache/fontconfig/767a8244fc0220cfb567a839d0392e0b-le32d4.cache-6
5c138000-5c139000 r--s 00000000 08:01 271494     /var/cache/fontconfig/4794a0821666d79190d59a36cb4f44b5-le32d4.cache-6
5c139000-5c142000 r--s 00000000 08:01 271492     /var/cache/fontconfig/8801497958630a81b71ace7c5f9b32a8-le32d4.cache-6
5c142000-5c144000 r--s 00000000 08:01 271490     /var/cache/fontconfig/a015930274ffcd967d2ca1b57da47cc7-le32d4.cache-6
5c144000-5c145000 r--s 00000000 08:01 271488     /var/cache/fontconfig/b872e6e592da6075ffa4ab0a1fcc0c75-le32d4.cache-6
5c145000-5c146000 r--s 00000000 08:01 271486     /var/cache/fontconfig/f6d4eedfaab2589bde49f7a3ff831d22-le32d4.cache-6
5c146000-5c147000 r--s 00000000 08:01 271484     /var/cache/fontconfig/589f83ef4c36d296ce6e1c846f468f08-le32d4.cache-6
5c147000-5c148000 r--s 00000000 08:01 271482     /var/cache/fontconfig/bab58bb527bb656aaa9f116d68a48d89-le32d4.cache-6
5c148000-5c149000 r--s 00000000 08:01 271480     /var/cache/fontconfig/2171a34dccabdb6bcbbc728186263178-le32d4.cache-6
5c149000-5c14a000 r--s 00000000 08:01 271478     /var/cache/fontconfig/c5c45a61289222e0d30b1a26ef4effbe-le32d4.cache-6
5c14a000-5c14b000 r--s 00000000 08:01 271476     /var/cache/fontconfig/aec30016f93e1b46d1a973dce0d74068-le32d4.cache-6
5c14b000-5c14c000 r--s 00000000 08:01 271474     /var/cache/fontconfig/3f589640d34b7dc9042c8d453f7c8b9c-le32d4.cache-6
5c14c000-5c14d000 r--s 00000000 08:01 271471     /var/cache/fontconfig/16c2fda60d1b4b719f4b3d06fd951d25-le32d4.cache-6
5c14d000-5c14e000 r--s 00000000 08:01 271467     /var/cache/fontconfig/a48eab177a16e4f3713381162db2f3e9-le32d4.cache-6
5c14e000-5c14f000 r--s 00000000 08:01 271465     /var/cache/fontconfig/564b2e68ac9bc4e36a6f7f6d6125ec1c-le32d4.cache-6
5c14f000-5c154000 r--s 00000000 08:01 271462     /var/cache/fontconfig/3047814df9a2f067bd2d96a2b9c36e5a-le32d4.cache-6
5c154000-5c155000 r--s 00000000 08:01 278866     /var/cache/fontconfig/56cf4f4769d0f4abc89a4895d7bd3ae1-le32d4.cache-6
5c155000-5c156000 r--s 00000000 08:01 278865     /var/cache/fontconfig/b9d506c9ac06c20b433354fa67a72993-le32d4.cache-6
5c156000-5c15a000 r--s 00000000 08:01 271460     /var/cache/fontconfig/b47c4e1ecd0709278f4910c18777a504-le32d4.cache-6
5c15a000-5c16a000 r--s 00000000 08:01 278863     /var/cache/fontconfig/d52a8644073d54c13679302ca1180695-le32d4.cache-6
5c16a000-5c16b000 r--s 00000000 08:01 271458     /var/cache/fontconfig/370e5b74bf5dafc30834de68e24a87a4-le32d4.cache-6
5c16b000-5c16c000 r--s 00000000 08:01 271456     /var/cache/fontconfig/6b2c5944714ca7831b25bed9e85cb5c8-le32d4.cache-6
5c16c000-5c175000 r--s 00000000 08:01 271443     /var/cache/fontconfig/d589a48862398ed80a3d6066f4f56f4c-le32d4.cache-6
5c175000-5c17e000 r--s 00000000 08:01 278860     /var/cache/fontconfig/a0513722a37733a9dfd54dccd328039d-le32d4.cache-6
5c17e000-5c18c000 r--s 00000000 08:01 271388     /var/cache/fontconfig/9b89f8e3dae116d678bbf48e5f21f69b-le32d4.cache-6
5c18c000-5c28c000 rw-p 00000000 00:00 0 
5c28c000-5c38c000 rw-p 00000000 00:00 0 
5c38c000-5c48c000 rw-p 00000000 00:00 0 
5c48c000-5c48f000 ---p 00000000 00:00 0 
5c48f000-5c4dd000 rw-p 00000000 00:00 0 
5c4dd000-5c55a000 r-xp 00000000 08:01 1311820    /usr/lib/libxProjectCAMLib.so
5c55a000-5c55b000 r--p 0007c000 08:01 1311820    /usr/lib/libxProjectCAMLib.so
5c55b000-5c55d000 rw-p 0007d000 08:01 1311820    /usr/lib/libxProjectCAMLib.so
5c55d000-5c55e000 rw-p 00000000 00:00 0 
5c55e000-5c561000 ---p 00000000 00:00 0 
5c561000-5c5af000 rw-p 00000000 00:00 0 
5c5af000-5c5b2000 ---p 00000000 00:00 0 
5c5b2000-5c600000 rw-p 00000000 00:00 0 
5c600000-5c6bd000 rw-p 00000000 00:00 0 
5c6bd000-5c700000 ---p 00000000 00:00 0 
5c700000-5c702000 r--s 00000000 08:01 271448     /var/cache/fontconfig/f259c2cffa685e28062317905db73c4a-le32d4.cache-6
5c702000-5c704000 r--s 00000000 08:01 265095     /var/cache/fontconfig/674d1711f2d1d2a09646eb0bdcadee49-le32d4.cache-6
5c704000-5c706000 r--s 00000000 08:01 271441     /var/cache/fontconfig/099525ddca5eae4f2477b69cf2d7f16d-le32d4.cache-6
5c706000-5c708000 r--s 00000000 08:01 271437     /var/cache/fontconfig/61092ac79d9058a69eda095afa0a78f1-le32d4.cache-6
5c708000-5c715000 r--s 00000000 08:01 263376     /var/cache/fontconfig/e13b20fdb08344e0e664864cc2ede53d-le32d4.cache-6
5c715000-5c739000 r--s 0031e000 08:01 1196762    /home/ubuntu/NetBeansProjects/xProjectCAM/dist/run1509022505/lib/jogl-all.jar
5c739000-5c740000 r-xp 00000000 08:01 1314123    /usr/lib/i386-linux-gnu/libogg.so.0.8.2
5c740000-5c741000 r--p 00006000 08:01 1314123    /usr/lib/i386-linux-gnu/libogg.so.0.8.2
5c741000-5c742000 rw-p 00007000 08:01 1314123    /usr/lib/i386-linux-gnu/libogg.so.0.8.2
5c742000-5c76c000 r-xp 00000000 08:01 1314141    /usr/lib/i386-linux-gnu/libvorbis.so.0.4.8
5c76c000-5c76d000 r--p 00029000 08:01 1314141    /usr/lib/i386-linux-gnu/libvorbis.so.0.4.8
5c76d000-5c76e000 rw-p 0002a000 08:01 1314141    /usr/lib/i386-linux-gnu/libvorbis.so.0.4.8
5c76e000-5c777000 r-xp 00000000 08:01 1325645    /usr/lib/i386-linux-gnu/libltdl.so.7.3.1
5c777000-5c778000 ---p 00009000 08:01 1325645    /usr/lib/i386-linux-gnu/libltdl.so.7.3.1
5c778000-5c779000 r--p 00009000 08:01 1325645    /usr/lib/i386-linux-gnu/libltdl.so.7.3.1
5c779000-5c77a000 rw-p 0000a000 08:01 1325645    /usr/lib/i386-linux-gnu/libltdl.so.7.3.1
5c77a000-5c791000 r-xp 00000000 08:01 1323436    /usr/lib/i386-linux-gnu/libtdb.so.1.3.8
5c791000-5c792000 r--p 00016000 08:01 1323436    /usr/lib/i386-linux-gnu/libtdb.so.1.3.8
5c792000-5c793000 rw-p 00017000 08:01 1323436    /usr/lib/i386-linux-gnu/libtdb.so.1.3.8
5c793000-5c79c000 r-xp 00000000 08:01 1314139    /usr/lib/i386-linux-gnu/libvorbisfile.so.3.3.7
5c79c000-5c79d000 r--p 00008000 08:01 1314139    /usr/lib/i386-linux-gnu/libvorbisfile.so.3.3.7
5c79d000-5c79e000 rw-p 00009000 08:01 1314139    /usr/lib/i386-linux-gnu/libvorbisfile.so.3.3.7
5c79e000-5c7af000 r-xp 00000000 08:01 1323536    /usr/lib/i386-linux-gnu/libcanberra.so.0.2.5
5c7af000-5c7b0000 r--p 00010000 08:01 1323536    /usr/lib/i386-linux-gnu/libcanberra.so.0.2.5
5c7b0000-5c7b1000 rw-p 00011000 08:01 1323536    /usr/lib/i386-linux-gnu/libcanberra.so.0.2.5
5c7b1000-5c7b5000 r-xp 00000000 08:01 1332161    /usr/lib/i386-linux-gnu/libcanberra-gtk.so.0.1.9
5c7b5000-5c7b6000 r--p 00003000 08:01 1332161    /usr/lib/i386-linux-gnu/libcanberra-gtk.so.0.1.9
5c7b6000-5c7b7000 rw-p 00004000 08:01 1332161    /usr/lib/i386-linux-gnu/libcanberra-gtk.so.0.1.9
5c7b7000-5c7b8000 r--s 00000000 08:01 271453     /var/cache/fontconfig/d5178ab6d91b49bf20a416737dcea9e8-le32d4.cache-6
5c7b8000-5c7bb000 r--s 00000000 08:01 271421     /var/cache/fontconfig/fac9d1061ce4dddb2143955f84876fd7-le32d4.cache-6
5c7bb000-5c7c3000 r--s 00000000 08:01 271392     /var/cache/fontconfig/83bf95040141907cd45bb53cf7c1c148-le32d4.cache-6
5c7c3000-5c7c7000 r--s 00000000 08:01 263708     /var/cache/fontconfig/7ef2298fde41cc6eeb7af42e48b7d293-le32d4.cache-6
5c7c7000-5c7cc000 r-xp 00000000 08:01 1366658    /usr/lib/jvm/java-8-oracle/jre/lib/i386/libjavafx_font_freetype.so
5c7cc000-5c7cd000 rw-p 00004000 08:01 1366658    /usr/lib/jvm/java-8-oracle/jre/lib/i386/libjavafx_font_freetype.so
5c7cd000-5c7d3000 r--s 0004f000 08:01 1196758    /home/ubuntu/NetBeansProjects/xProjectCAM/dist/run1509022505/lib/gluegen-rt.jar
5c7d3000-5c80f000 r-xp 00000000 08:01 1707823    /usr/lib/i386-linux-gnu/gtk-2.0/2.10.0/engines/libmurrine.so
5c80f000-5c810000 r--p 0003b000 08:01 1707823    /usr/lib/i386-linux-gnu/gtk-2.0/2.10.0/engines/libmurrine.so
5c810000-5c811000 rw-p 0003c000 08:01 1707823    /usr/lib/i386-linux-gnu/gtk-2.0/2.10.0/engines/libmurrine.so
5c811000-5c835000 r-xp 00000000 08:01 1366698    /usr/lib/jvm/java-8-oracle/jre/lib/i386/libglass.so
5c835000-5c837000 rw-p 00024000 08:01 1366698    /usr/lib/jvm/java-8-oracle/jre/lib/i386/libglass.so
5c837000-5c86c000 r-xp 00000000 08:01 1317301    /usr/lib/i386-linux-gnu/libtxc_dxtn_s2tc.so.0.0.0
5c86c000-5c86d000 r--p 00034000 08:01 1317301    /usr/lib/i386-linux-gnu/libtxc_dxtn_s2tc.so.0.0.0
5c86d000-5c86e000 rw-p 00035000 08:01 1317301    /usr/lib/i386-linux-gnu/libtxc_dxtn_s2tc.so.0.0.0
5c86e000-5c86f000 ---p 00000000 00:00 0 
5c86f000-5d06f000 rw-p 00000000 00:00 0 
5d06f000-5d070000 ---p 00000000 00:00 0 
5d070000-5d870000 rw-p 00000000 00:00 0 
5d870000-5d871000 ---p 00000000 00:00 0 
5d871000-5e071000 rw-p 00000000 00:00 0 
5e071000-5e072000 ---p 00000000 00:00 0 
5e072000-5e872000 rw-p 00000000 00:00 0 
5e872000-5e88c000 r-xp 00000000 08:01 543675     /lib/i386-linux-gnu/libbsd.so.0.8.2
5e88c000-5e88d000 r--p 00019000 08:01 543675     /lib/i386-linux-gnu/libbsd.so.0.8.2
5e88d000-5e88e000 rw-p 0001a000 08:01 543675     /lib/i386-linux-gnu/libbsd.so.0.8.2
5e88e000-5e8ae000 r-xp 00000000 08:01 546403     /lib/i386-linux-gnu/libtinfo.so.5.9
5e8ae000-5e8b0000 r--p 0001f000 08:01 546403     /lib/i386-linux-gnu/libtinfo.so.5.9
5e8b0000-5e8b1000 rw-p 00021000 08:01 546403     /lib/i386-linux-gnu/libtinfo.so.5.9
5e8b1000-5e8e3000 r-xp 00000000 08:01 1314960    /usr/lib/i386-linux-gnu/libedit.so.2.0.53
5e8e3000-5e8e4000 ---p 00032000 08:01 1314960    /usr/lib/i386-linux-gnu/libedit.so.2.0.53
5e8e4000-5e8e5000 r--p 00032000 08:01 1314960    /usr/lib/i386-linux-gnu/libedit.so.2.0.53
5e8e5000-5e8e6000 rw-p 00033000 08:01 1314960    /usr/lib/i386-linux-gnu/libedit.so.2.0.53
5e8e6000-5e8e8000 rw-p 00000000 00:00 0 
5e8e8000-619a0000 r-xp 00000000 08:01 1318039    /usr/lib/i386-linux-gnu/libLLVM-4.0.so.1
619a0000-61bce000 r--p 030b7000 08:01 1318039    /usr/lib/i386-linux-gnu/libLLVM-4.0.so.1
61bce000-61bd2000 rw-p 032e5000 08:01 1318039    /usr/lib/i386-linux-gnu/libLLVM-4.0.so.1
61bd2000-61c06000 rw-p 00000000 00:00 0 
61c06000-61c20000 r-xp 00000000 08:01 1314958    /usr/lib/i386-linux-gnu/libelf-0.165.so
61c20000-61c21000 r--p 00019000 08:01 1314958    /usr/lib/i386-linux-gnu/libelf-0.165.so
61c21000-61c22000 rw-p 0001a000 08:01 1314958    /usr/lib/i386-linux-gnu/libelf-0.165.so
61c22000-61c2c000 r-xp 00000000 08:01 1314963    /usr/lib/i386-linux-gnu/libdrm_amdgpu.so.1.0.0
61c2c000-61c2d000 r--p 00009000 08:01 1314963    /usr/lib/i386-linux-gnu/libdrm_amdgpu.so.1.0.0
61c2d000-61c2e000 rw-p 0000a000 08:01 1314963    /usr/lib/i386-linux-gnu/libdrm_amdgpu.so.1.0.0
61c2e000-61c3a000 r-xp 00000000 08:01 1317266    /usr/lib/i386-linux-gnu/libdrm_radeon.so.1.0.1
61c3a000-61c3b000 r--p 0000b000 08:01 1317266    /usr/lib/i386-linux-gnu/libdrm_radeon.so.1.0.1
61c3b000-61c3c000 rw-p 0000c000 08:01 1317266    /usr/lib/i386-linux-gnu/libdrm_radeon.so.1.0.1
61c3c000-61c44000 r-xp 00000000 08:01 1345630    /usr/lib/i386-linux-gnu/libdrm_nouveau.so.2.0.0
61c44000-61c45000 r--p 00007000 08:01 1345630    /usr/lib/i386-linux-gnu/libdrm_nouveau.so.2.0.0
61c45000-61c46000 rw-p 00008000 08:01 1345630    /usr/lib/i386-linux-gnu/libdrm_nouveau.so.2.0.0
61c46000-61c54000 r-xp 00000000 08:01 1318873    /usr/lib/i386-linux-gnu/libsensors.so.4.4.0
61c54000-61c55000 r--p 0000d000 08:01 1318873    /usr/lib/i386-linux-gnu/libsensors.so.4.4.0
61c55000-61c56000 rw-p 0000e000 08:01 1318873    /usr/lib/i386-linux-gnu/libsensors.so.4.4.0
61c56000-626c7000 r-xp 00000000 08:01 1347980    /usr/lib/i386-linux-gnu/dri/swrast_dri.so
626c7000-626c8000 ---p 00a71000 08:01 1347980    /usr/lib/i386-linux-gnu/dri/swrast_dri.so
626c8000-626ed000 r--p 00a71000 08:01 1347980    /usr/lib/i386-linux-gnu/dri/swrast_dri.so
626ed000-626f6000 rw-p 00a96000 08:01 1347980    /usr/lib/i386-linux-gnu/dri/swrast_dri.so
626f6000-628eb000 rw-p 00000000 00:00 0 
628eb000-628f2000 r-xp 00000000 08:01 1319001    /usr/lib/i386-linux-gnu/libdatrie.so.1.3.3
628f2000-628f3000 ---p 00007000 08:01 1319001    /usr/lib/i386-linux-gnu/libdatrie.so.1.3.3
628f3000-628f4000 r--p 00007000 08:01 1319001    /usr/lib/i386-linux-gnu/libdatrie.so.1.3.3
628f4000-628f5000 rw-p 00008000 08:01 1319001    /usr/lib/i386-linux-gnu/libdatrie.so.1.3.3
628f5000-628fa000 r-xp 00000000 08:01 1314596    /usr/lib/i386-linux-gnu/libXdmcp.so.6.0.0
628fa000-628fb000 r--p 00004000 08:01 1314596    /usr/lib/i386-linux-gnu/libXdmcp.so.6.0.0
628fb000-628fc000 rw-p 00005000 08:01 1314596    /usr/lib/i386-linux-gnu/libXdmcp.so.6.0.0
628fc000-628fe000 r-xp 00000000 08:01 1314590    /usr/lib/i386-linux-gnu/libXau.so.6.0.0
628fe000-628ff000 r--p 00001000 08:01 1314590    /usr/lib/i386-linux-gnu/libXau.so.6.0.0
628ff000-62900000 rw-p 00002000 08:01 1314590    /usr/lib/i386-linux-gnu/libXau.so.6.0.0
62900000-62925000 r-xp 00000000 08:01 1313463    /usr/lib/i386-linux-gnu/libgraphite2.so.3.0.1
62925000-62926000 ---p 00025000 08:01 1313463    /usr/lib/i386-linux-gnu/libgraphite2.so.3.0.1
62926000-62927000 r--p 00025000 08:01 1313463    /usr/lib/i386-linux-gnu/libgraphite2.so.3.0.1
62927000-62928000 rw-p 00026000 08:01 1313463    /usr/lib/i386-linux-gnu/libgraphite2.so.3.0.1
62928000-62939000 r-xp 00000000 08:01 1345646    /usr/lib/i386-linux-gnu/libdrm.so.2.4.0
62939000-6293a000 r--p 00010000 08:01 1345646    /usr/lib/i386-linux-gnu/libdrm.so.2.4.0
6293a000-6293b000 rw-p 00011000 08:01 1345646    /usr/lib/i386-linux-gnu/libdrm.so.2.4.0
6293b000-6293f000 r-xp 00000000 08:01 1313583    /usr/lib/i386-linux-gnu/libxcb-dri2.so.0.0.0
6293f000-62940000 r--p 00003000 08:01 1313583    /usr/lib/i386-linux-gnu/libxcb-dri2.so.0.0.0
62940000-62941000 rw-p 00004000 08:01 1313583    /usr/lib/i386-linux-gnu/libxcb-dri2.so.0.0.0
62941000-62959000 r-xp 00000000 08:01 1315203    /usr/lib/i386-linux-gnu/libxcb-glx.so.0.0.0
62959000-6295a000 ---p 00018000 08:01 1315203    /usr/lib/i386-linux-gnu/libxcb-glx.so.0.0.0
6295a000-6295b000 r--p 00018000 08:01 1315203    /usr/lib/i386-linux-gnu/libxcb-glx.so.0.0.0
6295b000-6295c000 rw-p 00019000 08:01 1315203    /usr/lib/i386-linux-gnu/libxcb-glx.so.0.0.0
6295c000-6296f000 r-xp 00000000 08:01 1325890    /usr/lib/i386-linux-gnu/libglapi.so.0.0.0
6296f000-62970000 ---p 00013000 08:01 1325890    /usr/lib/i386-linux-gnu/libglapi.so.0.0.0
62970000-62972000 r--p 00013000 08:01 1325890    /usr/lib/i386-linux-gnu/libglapi.so.0.0.0
62972000-62978000 rwxp 00015000 08:01 1325890    /usr/lib/i386-linux-gnu/libglapi.so.0.0.0
62978000-629eb000 r-xp 00000000 08:01 549519     /lib/i386-linux-gnu/libpcre.so.3.13.2
629eb000-629ec000 r--p 00072000 08:01 549519     /lib/i386-linux-gnu/libpcre.so.3.13.2
629ec000-629ed000 rw-p 00073000 08:01 549519     /lib/i386-linux-gnu/libpcre.so.3.13.2
629ed000-62a13000 r-xp 00000000 08:01 524515     /lib/i386-linux-gnu/libexpat.so.1.6.0
62a13000-62a14000 ---p 00026000 08:01 524515     /lib/i386-linux-gnu/libexpat.so.1.6.0
62a14000-62a16000 r--p 00026000 08:01 524515     /lib/i386-linux-gnu/libexpat.so.1.6.0
62a16000-62a17000 rw-p 00028000 08:01 524515     /lib/i386-linux-gnu/libexpat.so.1.6.0
62a17000-62a3b000 r-xp 00000000 08:01 1314593    /usr/lib/i386-linux-gnu/libxcb.so.1.1.0
62a3b000-62a3c000 r--p 00023000 08:01 1314593    /usr/lib/i386-linux-gnu/libxcb.so.1.1.0
62a3c000-62a3d000 rw-p 00024000 08:01 1314593    /usr/lib/i386-linux-gnu/libxcb.so.1.1.0
62a3d000-62a66000 r-xp 00000000 08:01 549610     /lib/i386-linux-gnu/libpng12.so.0.54.0
62a66000-62a67000 r--p 00028000 08:01 549610     /lib/i386-linux-gnu/libpng12.so.0.54.0
62a67000-62a68000 rw-p 00029000 08:01 549610     /lib/i386-linux-gnu/libpng12.so.0.54.0
62a68000-62b11000 r-xp 00000000 08:01 1312402    /usr/lib/i386-linux-gnu/libpixman-1.so.0.33.6
62b11000-62b17000 r--p 000a8000 08:01 1312402    /usr/lib/i386-linux-gnu/libpixman-1.so.0.33.6
62b17000-62b18000 rw-p 000ae000 08:01 1312402    /usr/lib/i386-linux-gnu/libpixman-1.so.0.33.6
62b18000-62b7a000 r-xp 00000000 08:01 1319111    /usr/lib/i386-linux-gnu/libharfbuzz.so.0.10000.1
62b7a000-62b7b000 r--p 00061000 08:01 1319111    /usr/lib/i386-linux-gnu/libharfbuzz.so.0.10000.1
62b7b000-62b7c000 rw-p 00062000 08:01 1319111    /usr/lib/i386-linux-gnu/libharfbuzz.so.0.10000.1
62b7c000-62b90000 r-xp 00000000 08:01 547953     /lib/i386-linux-gnu/libresolv-2.23.so
62b90000-62b91000 ---p 00014000 08:01 547953     /lib/i386-linux-gnu/libresolv-2.23.so
62b91000-62b92000 r--p 00014000 08:01 547953     /lib/i386-linux-gnu/libresolv-2.23.so
62b92000-62b93000 rw-p 00015000 08:01 547953     /lib/i386-linux-gnu/libresolv-2.23.so
62b93000-62b95000 rw-p 00000000 00:00 0 
62b95000-62bb7000 r-xp 00000000 08:01 546459     /lib/i386-linux-gnu/libselinux.so.1
62bb7000-62bb8000 ---p 00022000 08:01 546459     /lib/i386-linux-gnu/libselinux.so.1
62bb8000-62bb9000 r--p 00022000 08:01 546459     /lib/i386-linux-gnu/libselinux.so.1
62bb9000-62bba000 rw-p 00023000 08:01 546459     /lib/i386-linux-gnu/libselinux.so.1
62bba000-62bbb000 rw-p 00000000 00:00 0 
62bbb000-62bd4000 r-xp 00000000 08:01 524338     /lib/i386-linux-gnu/libz.so.1.2.8
62bd4000-62bd5000 r--p 00018000 08:01 524338     /lib/i386-linux-gnu/libz.so.1.2.8
62bd5000-62bd6000 rw-p 00019000 08:01 524338     /lib/i386-linux-gnu/libz.so.1.2.8
62bd6000-62d43000 r-xp 00000000 08:01 1318002    /usr/lib/i386-linux-gnu/libstdc++.so.6.0.21
62d43000-62d44000 ---p 0016d000 08:01 1318002    /usr/lib/i386-linux-gnu/libstdc++.so.6.0.21
62d44000-62d49000 r--p 0016d000 08:01 1318002    /usr/lib/i386-linux-gnu/libstdc++.so.6.0.21
62d49000-62d4a000 rw-p 00172000 08:01 1318002    /usr/lib/i386-linux-gnu/libstdc++.so.6.0.21
62d4a000-62d4d000 rw-p 00000000 00:00 0 
62d4d000-62db5000 r-xp 00000000 08:01 1315318    /usr/lib/i386-linux-gnu/mesa/libGL.so.1.2.0
62db5000-62db6000 ---p 00068000 08:01 1315318    /usr/lib/i386-linux-gnu/mesa/libGL.so.1.2.0
62db6000-62db8000 r--p 00068000 08:01 1315318    /usr/lib/i386-linux-gnu/mesa/libGL.so.1.2.0
62db8000-62dbd000 rwxp 0006a000 08:01 1315318    /usr/lib/i386-linux-gnu/mesa/libGL.so.1.2.0
62dbd000-62f03000 r-xp 00000000 08:01 1314934    /usr/lib/i386-linux-gnu/libX11.so.6.3.0
62f03000-62f04000 ---p 00146000 08:01 1314934    /usr/lib/i386-linux-gnu/libX11.so.6.3.0
62f04000-62f05000 r--p 00146000 08:01 1314934    /usr/lib/i386-linux-gnu/libX11.so.6.3.0
62f05000-62f07000 rw-p 00147000 08:01 1314934    /usr/lib/i386-linux-gnu/libX11.so.6.3.0
62f07000-62f08000 rw-p 00000000 00:00 0 
62f08000-6302f000 r-xp 00000000 08:01 546543     /lib/i386-linux-gnu/libglib-2.0.so.0.4800.2
6302f000-63030000 r--p 00126000 08:01 546543     /lib/i386-linux-gnu/libglib-2.0.so.0.4800.2
63030000-63031000 rw-p 00127000 08:01 546543     /lib/i386-linux-gnu/libglib-2.0.so.0.4800.2
63031000-6308d000 r-xp 00000000 08:01 1317844    /usr/lib/i386-linux-gnu/libgobject-2.0.so.0.4800.2
6308d000-6308e000 ---p 0005c000 08:01 1317844    /usr/lib/i386-linux-gnu/libgobject-2.0.so.0.4800.2
6308e000-6308f000 r--p 0005c000 08:01 1317844    /usr/lib/i386-linux-gnu/libgobject-2.0.so.0.4800.2
6308f000-63090000 rw-p 0005d000 08:01 1317844    /usr/lib/i386-linux-gnu/libgobject-2.0.so.0.4800.2
63090000-6313b000 r-xp 00000000 08:01 1315068    /usr/lib/i386-linux-gnu/libfreetype.so.6.12.1
6313b000-6313f000 r--p 000aa000 08:01 1315068    /usr/lib/i386-linux-gnu/libfreetype.so.6.12.1
6313f000-63140000 rw-p 000ae000 08:01 1315068    /usr/lib/i386-linux-gnu/libfreetype.so.6.12.1
63140000-6327d000 r-xp 00000000 08:01 1318053    /usr/lib/i386-linux-gnu/libcairo.so.2.11400.6
6327d000-6327f000 r--p 0013c000 08:01 1318053    /usr/lib/i386-linux-gnu/libcairo.so.2.11400.6
6327f000-63280000 rw-p 0013e000 08:01 1318053    /usr/lib/i386-linux-gnu/libcairo.so.2.11400.6
63280000-63281000 rw-p 00000000 00:00 0 
63281000-63445000 r-xp 00000000 08:01 1317845    /usr/lib/i386-linux-gnu/libgio-2.0.so.0.4800.2
63445000-63446000 ---p 001c4000 08:01 1317845    /usr/lib/i386-linux-gnu/libgio-2.0.so.0.4800.2
63446000-63448000 r--p 001c4000 08:01 1317845    /usr/lib/i386-linux-gnu/libgio-2.0.so.0.4800.2
63448000-63449000 rw-p 001c6000 08:01 1317845    /usr/lib/i386-linux-gnu/libgio-2.0.so.0.4800.2
63449000-6344a000 rw-p 00000000 00:00 0 
6344a000-63507000 r-xp 00000000 08:01 1325452    /usr/lib/i386-linux-gnu/libgdk-x11-2.0.so.0.2400.30
63507000-63509000 r--p 000bc000 08:01 1325452    /usr/lib/i386-linux-gnu/libgdk-x11-2.0.so.0.2400.30
63509000-6350a000 rw-p 000be000 08:01 1325452    /usr/lib/i386-linux-gnu/libgdk-x11-2.0.so.0.2400.30
6350a000-639f7000 r-xp 00000000 08:01 1325455    /usr/lib/i386-linux-gnu/libgtk-x11-2.0.so.0.2400.30
639f7000-639f8000 ---p 004ed000 08:01 1325455    /usr/lib/i386-linux-gnu/libgtk-x11-2.0.so.0.2400.30
639f8000-639fc000 r--p 004ed000 08:01 1325455    /usr/lib/i386-linux-gnu/libgtk-x11-2.0.so.0.2400.30
639fc000-639fe000 rw-p 004f1000 08:01 1325455    /usr/lib/i386-linux-gnu/libgtk-x11-2.0.so.0.2400.30
639fe000-63a00000 rw-p 00000000 00:00 0 
63a00000-63af6000 rw-p 00000000 00:00 0 
63af6000-63b00000 ---p 00000000 00:00 0 
63b00000-63b03000 r--s 00000000 08:01 271396     /var/cache/fontconfig/75114ca45c98e8a441da0ff356701271-le32d4.cache-6
63b03000-63b04000 r-xp 00000000 08:01 1317255    /usr/lib/i386-linux-gnu/libX11-xcb.so.1.0.0
63b04000-63b05000 r--p 00000000 08:01 1317255    /usr/lib/i386-linux-gnu/libX11-xcb.so.1.0.0
63b05000-63b06000 rw-p 00001000 08:01 1317255    /usr/lib/i386-linux-gnu/libX11-xcb.so.1.0.0
63b06000-63b07000 r-xp 00000000 08:01 1313660    /usr/lib/i386-linux-gnu/libxshmfence.so.1.0.0
63b07000-63b08000 r--p 00000000 08:01 1313660    /usr/lib/i386-linux-gnu/libxshmfence.so.1.0.0
63b08000-63b09000 rw-p 00001000 08:01 1313660    /usr/lib/i386-linux-gnu/libxshmfence.so.1.0.0
63b09000-63b0e000 r-xp 00000000 08:01 1323038    /usr/lib/i386-linux-gnu/libxcb-sync.so.1.0.0
63b0e000-63b0f000 ---p 00005000 08:01 1323038    /usr/lib/i386-linux-gnu/libxcb-sync.so.1.0.0
63b0f000-63b10000 r--p 00005000 08:01 1323038    /usr/lib/i386-linux-gnu/libxcb-sync.so.1.0.0
63b10000-63b11000 rw-p 00006000 08:01 1323038    /usr/lib/i386-linux-gnu/libxcb-sync.so.1.0.0
63b11000-63b13000 r-xp 00000000 08:01 1315005    /usr/lib/i386-linux-gnu/libxcb-present.so.0.0.0
63b13000-63b14000 r--p 00001000 08:01 1315005    /usr/lib/i386-linux-gnu/libxcb-present.so.0.0.0
63b14000-63b15000 rw-p 00002000 08:01 1315005    /usr/lib/i386-linux-gnu/libxcb-present.so.0.0.0
63b15000-63b57000 r-xp 00000000 08:01 1317809    /usr/lib/i386-linux-gnu/libfontconfig.so.1.9.0
63b57000-63b58000 ---p 00042000 08:01 1317809    /usr/lib/i386-linux-gnu/libfontconfig.so.1.9.0
63b58000-63b59000 r--p 00042000 08:01 1317809    /usr/lib/i386-linux-gnu/libfontconfig.so.1.9.0
63b59000-63b5e000 rw-p 00043000 08:01 1317809    /usr/lib/i386-linux-gnu/libfontconfig.so.1.9.0
63b5e000-63bac000 r-xp 00000000 08:01 1319103    /usr/lib/i386-linux-gnu/libpango-1.0.so.0.3800.1
63bac000-63bad000 ---p 0004e000 08:01 1319103    /usr/lib/i386-linux-gnu/libpango-1.0.so.0.3800.1
63bad000-63bae000 r--p 0004e000 08:01 1319103    /usr/lib/i386-linux-gnu/libpango-1.0.so.0.3800.1
63bae000-63baf000 rw-p 0004f000 08:01 1319103    /usr/lib/i386-linux-gnu/libpango-1.0.so.0.3800.1
63baf000-63bb2000 ---p 00000000 00:00 0 
63bb2000-63c00000 rw-p 00000000 00:00 0 
63c00000-63cff000 rw-p 00000000 00:00 0 
63cff000-63d00000 ---p 00000000 00:00 0 
63d00000-63d02000 r--s 00000000 08:01 271433     /var/cache/fontconfig/a722efc6911bbe16667b1a77497ffd37-le32d4.cache-6
63d02000-63d09000 r-xp 00000000 08:01 1311491    /usr/lib/i386-linux-gnu/libffi.so.6.0.4
63d09000-63d0a000 r--p 00006000 08:01 1311491    /usr/lib/i386-linux-gnu/libffi.so.6.0.4
63d0a000-63d0b000 rw-p 00007000 08:01 1311491    /usr/lib/i386-linux-gnu/libffi.so.6.0.4
63d0b000-63d14000 r-xp 00000000 08:01 1319005    /usr/lib/i386-linux-gnu/libthai.so.0.2.4
63d14000-63d15000 r--p 00008000 08:01 1319005    /usr/lib/i386-linux-gnu/libthai.so.0.2.4
63d15000-63d16000 rw-p 00009000 08:01 1319005    /usr/lib/i386-linux-gnu/libthai.so.0.2.4
63d16000-63dab000 r--s 01110000 08:01 1366606    /usr/lib/jvm/java-8-oracle/jre/lib/ext/jfxrt.jar
63dab000-63dac000 ---p 00000000 00:00 0 
63dac000-63e2c000 rw-p 00000000 00:00 0 
63e2c000-63e2f000 ---p 00000000 00:00 0 
63e2f000-63e7d000 rw-p 00000000 00:00 0 
63e7d000-63e80000 ---p 00000000 00:00 0 
63e80000-63efe000 rw-p 00000000 00:00 0 
63efe000-63f01000 ---p 00000000 00:00 0 
63f01000-63f7f000 rw-p 00000000 00:00 0 
63f7f000-63f82000 ---p 00000000 00:00 0 
63f82000-64000000 rw-p 00000000 00:00 0 
64000000-64021000 rw-p 00000000 00:00 0 
64021000-64100000 ---p 00000000 00:00 0 
64100000-64102000 r--s 00000000 08:01 271429     /var/cache/fontconfig/d63fdd8e0f42559533dd777c334fdfcc-le32d4.cache-6
64102000-6410b000 r-xp 00000000 08:01 1314599    /usr/lib/i386-linux-gnu/libxcb-render.so.0.0.0
6410b000-6410c000 r--p 00008000 08:01 1314599    /usr/lib/i386-linux-gnu/libxcb-render.so.0.0.0
6410c000-6410d000 rw-p 00009000 08:01 1314599    /usr/lib/i386-linux-gnu/libxcb-render.so.0.0.0
6410d000-64110000 ---p 00000000 00:00 0 
64110000-6415e000 rw-p 00000000 00:00 0 
6415e000-64161000 ---p 00000000 00:00 0 
64161000-641af000 rw-p 00000000 00:00 0 
641af000-641b2000 ---p 00000000 00:00 0 
641b2000-64200000 rw-p 00000000 00:00 0 
64200000-642fe000 rw-p 00000000 00:00 0 
642fe000-64300000 ---p 00000000 00:00 0 
64300000-64301000 r--s 00000000 08:01 271451     /var/cache/fontconfig/551ecf3b0e8b0bca0f25c0944f561853-le32d4.cache-6
64301000-64314000 r-xp 00000000 08:01 1314940    /usr/lib/i386-linux-gnu/libXext.so.6.4.0
64314000-64315000 r--p 00012000 08:01 1314940    /usr/lib/i386-linux-gnu/libXext.so.6.4.0
64315000-64316000 rw-p 00013000 08:01 1314940    /usr/lib/i386-linux-gnu/libXext.so.6.4.0
64316000-6431f000 r-xp 00000000 08:01 1317279    /usr/lib/i386-linux-gnu/libXcursor.so.1.0.2
6431f000-64320000 r--p 00008000 08:01 1317279    /usr/lib/i386-linux-gnu/libXcursor.so.1.0.2
64320000-64321000 rw-p 00009000 08:01 1317279    /usr/lib/i386-linux-gnu/libXcursor.so.1.0.2
64321000-6432c000 r-xp 00000000 08:01 1324240    /usr/lib/i386-linux-gnu/libXrandr.so.2.2.0
6432c000-6432d000 r--p 0000a000 08:01 1324240    /usr/lib/i386-linux-gnu/libXrandr.so.2.2.0
6432d000-6432e000 rw-p 0000b000 08:01 1324240    /usr/lib/i386-linux-gnu/libXrandr.so.2.2.0
6432e000-64331000 ---p 00000000 00:00 0 
64331000-6437f000 rw-p 00000000 00:00 0 
6437f000-64380000 ---p 00000000 00:00 0 
64380000-64400000 rw-p 00000000 00:00 0 
64400000-644fc000 rw-p 00000000 00:00 0 
644fc000-64500000 ---p 00000000 00:00 0 
64500000-64501000 r--s 00000000 08:01 271446     /var/cache/fontconfig/550f3886151c940c12a5ed35f6a00586-le32d4.cache-6
64501000-64502000 r--s 00000000 08:01 271425     /var/cache/fontconfig/30829fa25452a46451e813d634d7f916-le32d4.cache-6
64502000-64504000 r-xp 00000000 08:01 1313615    /usr/lib/i386-linux-gnu/libxcb-dri3.so.0.0.0
64504000-64505000 r--p 00001000 08:01 1313615    /usr/lib/i386-linux-gnu/libxcb-dri3.so.0.0.0
64505000-64506000 rw-p 00002000 08:01 1313615    /usr/lib/i386-linux-gnu/libxcb-dri3.so.0.0.0
64506000-64508000 r-xp 00000000 08:01 1314938    /usr/lib/i386-linux-gnu/libxcb-shm.so.0.0.0
64508000-64509000 r--p 00001000 08:01 1314938    /usr/lib/i386-linux-gnu/libxcb-shm.so.0.0.0
64509000-6450a000 rw-p 00002000 08:01 1314938    /usr/lib/i386-linux-gnu/libxcb-shm.so.0.0.0
6450a000-6451b000 r-xp 00000000 08:01 1317424    /usr/lib/i386-linux-gnu/libXi.so.6.1.0
6451b000-6451c000 r--p 00010000 08:01 1317424    /usr/lib/i386-linux-gnu/libXi.so.6.1.0
6451c000-6451d000 rw-p 00011000 08:01 1317424    /usr/lib/i386-linux-gnu/libXi.so.6.1.0
6451d000-64527000 r-xp 00000000 08:01 1314605    /usr/lib/i386-linux-gnu/libXrender.so.1.3.0
64527000-64528000 r--p 00009000 08:01 1314605    /usr/lib/i386-linux-gnu/libXrender.so.1.3.0
64528000-64529000 rw-p 0000a000 08:01 1314605    /usr/lib/i386-linux-gnu/libXrender.so.1.3.0
64529000-64545000 r-xp 00000000 08:01 549621     /lib/i386-linux-gnu/libgcc_s.so.1
64545000-64546000 rw-p 0001b000 08:01 549621     /lib/i386-linux-gnu/libgcc_s.so.1
64546000-64720000 r--s 03d4d000 08:01 1366594    /usr/lib/jvm/java-8-oracle/jre/lib/rt.jar
64720000-64b66000 rw-p 00000000 00:00 0 
64b66000-64b6c000 ---p 00000000 00:00 0 
64b6c000-66f00000 rw-p 00000000 00:00 0 
66f00000-66f37000 rw-p 00000000 00:00 0 
66f37000-67000000 ---p 00000000 00:00 0 
67000000-67001000 r--s 00000000 08:01 271416     /var/cache/fontconfig/0c9eb80ebd1c36541ebe2852d3bb0c49-le32d4.cache-6
67001000-67003000 r-xp 00000000 08:01 1313623    /usr/lib/i386-linux-gnu/libXdamage.so.1.1.0
67003000-67004000 r--p 00001000 08:01 1313623    /usr/lib/i386-linux-gnu/libXdamage.so.1.1.0
67004000-67005000 rw-p 00002000 08:01 1313623    /usr/lib/i386-linux-gnu/libXdamage.so.1.1.0
67005000-6702c000 r-xp 00000000 08:01 1331938    /usr/lib/i386-linux-gnu/libgdk_pixbuf-2.0.so.0.3200.2
6702c000-6702d000 r--p 00026000 08:01 1331938    /usr/lib/i386-linux-gnu/libgdk_pixbuf-2.0.so.0.3200.2
6702d000-6702e000 rw-p 00027000 08:01 1331938    /usr/lib/i386-linux-gnu/libgdk_pixbuf-2.0.so.0.3200.2
6702e000-67031000 ---p 00000000 00:00 0 
67031000-6707f000 rw-p 00000000 00:00 0 
6707f000-67080000 ---p 00000000 00:00 0 
67080000-67100000 rw-p 00000000 00:00 0 
67100000-671fe000 rw-p 00000000 00:00 0 
671fe000-67200000 ---p 00000000 00:00 0 
67200000-67205000 r-xp 00000000 08:01 1317362    /usr/lib/i386-linux-gnu/libXfixes.so.3.1.0
67205000-67206000 r--p 00004000 08:01 1317362    /usr/lib/i386-linux-gnu/libXfixes.so.3.1.0
67206000-67207000 rw-p 00005000 08:01 1317362    /usr/lib/i386-linux-gnu/libXfixes.so.3.1.0
67207000-6722b000 r-xp 00000000 08:01 1318049    /usr/lib/i386-linux-gnu/libatk-1.0.so.0.21809.1
6722b000-6722d000 r--p 00023000 08:01 1318049    /usr/lib/i386-linux-gnu/libatk-1.0.so.0.21809.1
6722d000-6722e000 rw-p 00025000 08:01 1318049    /usr/lib/i386-linux-gnu/libatk-1.0.so.0.21809.1
6722e000-67231000 ---p 00000000 00:00 0 
67231000-6727f000 rw-p 00000000 00:00 0 
6727f000-67280000 ---p 00000000 00:00 0 
67280000-67300000 rw-p 00000000 00:00 0 
67300000-67400000 rw-p 00000000 00:00 0 
67400000-67401000 r--s 00000000 08:01 271412     /var/cache/fontconfig/22368d551a680bfe5a62c02760edf4ea-le32d4.cache-6
67401000-67403000 r-xp 00000000 08:01 1319141    /usr/lib/i386-linux-gnu/libXcomposite.so.1.0.0
67403000-67404000 r--p 00001000 08:01 1319141    /usr/lib/i386-linux-gnu/libXcomposite.so.1.0.0
67404000-67405000 rw-p 00002000 08:01 1319141    /usr/lib/i386-linux-gnu/libXcomposite.so.1.0.0
67405000-6740a000 r-xp 00000000 08:01 1317290    /usr/lib/i386-linux-gnu/libXxf86vm.so.1.0.0
6740a000-6740b000 r--p 00004000 08:01 1317290    /usr/lib/i386-linux-gnu/libXxf86vm.so.1.0.0
6740b000-6740c000 rw-p 00005000 08:01 1317290    /usr/lib/i386-linux-gnu/libXxf86vm.so.1.0.0
6740c000-67422000 r-xp 00000000 08:01 1319127    /usr/lib/i386-linux-gnu/libpangoft2-1.0.so.0.3800.1
67422000-67423000 r--p 00015000 08:01 1319127    /usr/lib/i386-linux-gnu/libpangoft2-1.0.so.0.3800.1
67423000-67424000 rw-p 00016000 08:01 1319127    /usr/lib/i386-linux-gnu/libpangoft2-1.0.so.0.3800.1
67424000-6747f000 rw-p 00000000 00:00 0 
6747f000-67480000 ---p 00000000 00:00 0 
67480000-67500000 rw-p 00000000 00:00 0 
67500000-675ff000 rw-p 00000000 00:00 0 
675ff000-67600000 ---p 00000000 00:00 0 
67600000-67601000 r--s 00000000 08:01 271408     /var/cache/fontconfig/4d9c95eba1cb85bbcf2878543262124a-le32d4.cache-6
67601000-67606000 r-xp 00000000 08:01 1317291    /usr/lib/i386-linux-gnu/libXtst.so.6.1.0
67606000-67607000 r--p 00004000 08:01 1317291    /usr/lib/i386-linux-gnu/libXtst.so.6.1.0
67607000-67608000 rw-p 00005000 08:01 1317291    /usr/lib/i386-linux-gnu/libXtst.so.6.1.0
67608000-67614000 r-xp 00000000 08:01 1319107    /usr/lib/i386-linux-gnu/libpangocairo-1.0.so.0.3800.1
67614000-67615000 r--p 0000b000 08:01 1319107    /usr/lib/i386-linux-gnu/libpangocairo-1.0.so.0.3800.1
67615000-67616000 rw-p 0000c000 08:01 1319107    /usr/lib/i386-linux-gnu/libpangocairo-1.0.so.0.3800.1
67616000-67617000 r--s 00000000 08:01 278853     /var/cache/fontconfig/85e0a52ce643a7ba2ae53e5d6949cead-le32d4.cache-6
67617000-6761a000 r-xp 00000000 08:01 1366700    /usr/lib/jvm/java-8-oracle/jre/lib/i386/libjavafx_font.so
6761a000-6761b000 rw-p 00002000 08:01 1366700    /usr/lib/jvm/java-8-oracle/jre/lib/i386/libjavafx_font.so
6761b000-67620000 r-xp 00000000 08:01 262374     /usr/lib/i386-linux-gnu/gtk-2.0/modules/libcanberra-gtk-module.so
67620000-67621000 r--p 00004000 08:01 262374     /usr/lib/i386-linux-gnu/gtk-2.0/modules/libcanberra-gtk-module.so
67621000-67622000 rw-p 00005000 08:01 262374     /usr/lib/i386-linux-gnu/gtk-2.0/modules/libcanberra-gtk-module.so
67622000-67631000 r-xp 00000000 08:01 1366656    /usr/lib/jvm/java-8-oracle/jre/lib/i386/libprism_sw.so
67631000-67632000 rw-p 0000f000 08:01 1366656    /usr/lib/jvm/java-8-oracle/jre/lib/i386/libprism_sw.so
67632000-67633000 ---p 00000000 00:00 0 
67633000-676c9000 rw-p 00000000 00:00 0 
676c9000-67805000 ---p 00000000 00:00 0 
67805000-6781b000 rw-p 00000000 00:00 0 
6781b000-67956000 ---p 00000000 00:00 0 
67956000-67961000 rw-p 00000000 00:00 0 
67961000-679ff000 ---p 00000000 00:00 0 
679ff000-6a4c0000 rw-p 00000000 00:00 0 
6a4c0000-91cc0000 ---p 00000000 00:00 0 
91cc0000-93200000 rw-p 00000000 00:00 0 
93200000-a6e00000 ---p 00000000 00:00 0 
a6e00000-a6e01000 r--s 00000000 08:01 271404     /var/cache/fontconfig/49f0de54bdd920fe4f0dfd4cbac43e6b-le32d4.cache-6
a6e01000-a6e02000 r--s 00000000 08:01 265025     /var/cache/fontconfig/f6e6e0a5c3d2f6ae0c0c2e0ecd42a997-le32d4.cache-6
a6e02000-a6e04000 r-xp 00000000 08:01 1317285    /usr/lib/i386-linux-gnu/libXinerama.so.1.0.0
a6e04000-a6e05000 r--p 00001000 08:01 1317285    /usr/lib/i386-linux-gnu/libXinerama.so.1.0.0
a6e05000-a6e06000 rw-p 00002000 08:01 1317285    /usr/lib/i386-linux-gnu/libXinerama.so.1.0.0
a6e06000-a6e09000 r-xp 00000000 08:01 1317842    /usr/lib/i386-linux-gnu/libgmodule-2.0.so.0.4800.2
a6e09000-a6e0a000 r--p 00002000 08:01 1317842    /usr/lib/i386-linux-gnu/libgmodule-2.0.so.0.4800.2
a6e0a000-a6e0b000 rw-p 00003000 08:01 1317842    /usr/lib/i386-linux-gnu/libgmodule-2.0.so.0.4800.2
a6e0b000-a6e7c000 rw-p 00000000 00:00 0 
a6e7c000-a7232000 ---p 00000000 00:00 0 
a7232000-a74aa000 rwxp 00000000 00:00 0 
a74aa000-b6232000 ---p 00000000 00:00 0 
b6232000-b624b000 r-xp 00000000 08:01 1366671    /usr/lib/jvm/java-8-oracle/jre/lib/i386/libzip.so
b624b000-b624c000 rw-p 00019000 08:01 1366671    /usr/lib/jvm/java-8-oracle/jre/lib/i386/libzip.so
b624c000-b6257000 r-xp 00000000 08:01 529614     /lib/i386-linux-gnu/libnss_files-2.23.so
b6257000-b6258000 r--p 0000a000 08:01 529614     /lib/i386-linux-gnu/libnss_files-2.23.so
b6258000-b6259000 rw-p 0000b000 08:01 529614     /lib/i386-linux-gnu/libnss_files-2.23.so
b6259000-b625f000 rw-p 00000000 00:00 0 
b625f000-b626a000 r-xp 00000000 08:01 547027     /lib/i386-linux-gnu/libnss_nis-2.23.so
b626a000-b626b000 r--p 0000a000 08:01 547027     /lib/i386-linux-gnu/libnss_nis-2.23.so
b626b000-b626c000 rw-p 0000b000 08:01 547027     /lib/i386-linux-gnu/libnss_nis-2.23.so
b626c000-b6283000 r-xp 00000000 08:01 529608     /lib/i386-linux-gnu/libnsl-2.23.so
b6283000-b6284000 r--p 00016000 08:01 529608     /lib/i386-linux-gnu/libnsl-2.23.so
b6284000-b6285000 rw-p 00017000 08:01 529608     /lib/i386-linux-gnu/libnsl-2.23.so
b6285000-b6287000 rw-p 00000000 00:00 0 
b6287000-b6288000 r--s 00000000 08:01 271400     /var/cache/fontconfig/4b2eda6bb976bda485cb2176619421d5-le32d4.cache-6
b6288000-b6289000 r-xp 00000000 08:01 1317843    /usr/lib/i386-linux-gnu/libgthread-2.0.so.0.4800.2
b6289000-b628a000 r--p 00000000 08:01 1317843    /usr/lib/i386-linux-gnu/libgthread-2.0.so.0.4800.2
b628a000-b628b000 rw-p 00001000 08:01 1317843    /usr/lib/i386-linux-gnu/libgthread-2.0.so.0.4800.2
b628b000-b6296000 r-xp 00000000 08:01 1366645    /usr/lib/jvm/java-8-oracle/jre/lib/i386/libprism_es2.so
b6296000-b6297000 rw-p 0000a000 08:01 1366645    /usr/lib/jvm/java-8-oracle/jre/lib/i386/libprism_es2.so
b6297000-b629a000 r-xp 00000000 08:01 1366678    /usr/lib/jvm/java-8-oracle/jre/lib/i386/libdt_socket.so
b629a000-b629b000 rw-p 00003000 08:01 1366678    /usr/lib/jvm/java-8-oracle/jre/lib/i386/libdt_socket.so
b629b000-b62a3000 rw-s 00000000 08:01 670537     /tmp/hsperfdata_root/30171
b62a3000-b64a3000 r--p 00000000 08:01 1357384    /usr/lib/locale/locale-archive
b64a3000-b64da000 r-xp 00000000 08:01 1366672    /usr/lib/jvm/java-8-oracle/jre/lib/i386/libjdwp.so
b64da000-b64db000 rw-p 00037000 08:01 1366672    /usr/lib/jvm/java-8-oracle/jre/lib/i386/libjdwp.so
b64db000-b64ff000 r-xp 00000000 08:01 1366638    /usr/lib/jvm/java-8-oracle/jre/lib/i386/libjava.so
b64ff000-b6500000 rw-p 00024000 08:01 1366638    /usr/lib/jvm/java-8-oracle/jre/lib/i386/libjava.so
b6500000-b65fd000 rw-p 00000000 00:00 0 
b65fd000-b6600000 ---p 00000000 00:00 0 
b6600000-b6602000 r--s 00000000 08:01 1196735    /home/ubuntu/NetBeansProjects/xProjectCAM/dist/run1509022505/lib/gluegen-rt-natives-linux-i586.jar
b6602000-b6603000 r--s 00001000 08:01 1199605    /home/ubuntu/NetBeansProjects/xProjectCAM/dist/run1509022505/xProjectCAM-JOL.jar
b6603000-b660a000 r-xp 00000000 08:01 547029     /lib/i386-linux-gnu/librt-2.23.so
b660a000-b660b000 r--p 00006000 08:01 547029     /lib/i386-linux-gnu/librt-2.23.so
b660b000-b660c000 rw-p 00007000 08:01 547029     /lib/i386-linux-gnu/librt-2.23.so
b660c000-b660f000 ---p 00000000 00:00 0 
b660f000-b665d000 rw-p 00000000 00:00 0 
b665d000-b66b0000 r-xp 00000000 08:01 547956     /lib/i386-linux-gnu/libm-2.23.so
b66b0000-b66b1000 r--p 00052000 08:01 547956     /lib/i386-linux-gnu/libm-2.23.so
b66b1000-b66b2000 rw-p 00053000 08:01 547956     /lib/i386-linux-gnu/libm-2.23.so
b66b2000-b7043000 r-xp 00000000 08:01 1366653    /usr/lib/jvm/java-8-oracle/jre/lib/i386/server/libjvm.so
b7043000-b70b1000 rw-p 00990000 08:01 1366653    /usr/lib/jvm/java-8-oracle/jre/lib/i386/server/libjvm.so
b70b1000-b74da000 rw-p 00000000 00:00 0 
b74da000-b768a000 r-xp 00000000 08:01 548079     /lib/i386-linux-gnu/libc-2.23.so
b768a000-b768c000 r--p 001af000 08:01 548079     /lib/i386-linux-gnu/libc-2.23.so
b768c000-b768d000 rw-p 001b1000 08:01 548079     /lib/i386-linux-gnu/libc-2.23.so
b768d000-b7690000 rw-p 00000000 00:00 0 
b7690000-b7693000 r-xp 00000000 08:01 547145     /lib/i386-linux-gnu/libdl-2.23.so
b7693000-b7694000 r--p 00002000 08:01 547145     /lib/i386-linux-gnu/libdl-2.23.so
b7694000-b7695000 rw-p 00003000 08:01 547145     /lib/i386-linux-gnu/libdl-2.23.so
b7695000-b76a9000 r-xp 00000000 08:01 1366680    /usr/lib/jvm/java-8-oracle/jre/lib/i386/jli/libjli.so
b76a9000-b76aa000 rw-p 00014000 08:01 1366680    /usr/lib/jvm/java-8-oracle/jre/lib/i386/jli/libjli.so
b76aa000-b76c3000 r-xp 00000000 08:01 546475     /lib/i386-linux-gnu/libpthread-2.23.so
b76c3000-b76c4000 r--p 00018000 08:01 546475     /lib/i386-linux-gnu/libpthread-2.23.so
b76c4000-b76c5000 rw-p 00019000 08:01 546475     /lib/i386-linux-gnu/libpthread-2.23.so
b76c5000-b76c7000 rw-p 00000000 00:00 0 
b76c7000-b76cf000 r-xp 00000000 08:01 547146     /lib/i386-linux-gnu/libnss_compat-2.23.so
b76cf000-b76d0000 r--p 00007000 08:01 547146     /lib/i386-linux-gnu/libnss_compat-2.23.so
b76d0000-b76d1000 rw-p 00008000 08:01 547146     /lib/i386-linux-gnu/libnss_compat-2.23.so
b76d1000-b76d2000 r--p 002d4000 08:01 1357384    /usr/lib/locale/locale-archive
b76d2000-b76d4000 r-xp 00000000 08:01 1366642    /usr/lib/jvm/java-8-oracle/jre/lib/i386/libnpt.so
b76d4000-b76d5000 rw-p 00001000 08:01 1366642    /usr/lib/jvm/java-8-oracle/jre/lib/i386/libnpt.so
b76d5000-b76d6000 rw-p 00000000 00:00 0 
b76d6000-b76d7000 r--p 00000000 00:00 0 
b76d7000-b76e2000 r-xp 00000000 08:01 1366709    /usr/lib/jvm/java-8-oracle/jre/lib/i386/libverify.so
b76e2000-b76e3000 rw-p 0000b000 08:01 1366709    /usr/lib/jvm/java-8-oracle/jre/lib/i386/libverify.so
b76e3000-b76e5000 rw-p 00000000 00:00 0 
b76e5000-b76e7000 r--p 00000000 00:00 0          [vvar]
b76e7000-b76e8000 r-xp 00000000 00:00 0          [vdso]
b76e8000-b770a000 r-xp 00000000 08:01 529610     /lib/i386-linux-gnu/ld-2.23.so
b770a000-b770b000 rw-p 00000000 00:00 0 
b770b000-b770c000 r--p 00022000 08:01 529610     /lib/i386-linux-gnu/ld-2.23.so
b770c000-b770d000 rw-p 00023000 08:01 529610     /lib/i386-linux-gnu/ld-2.23.so
bfd69000-bfd8a000 rw-p 00000000 00:00 0          [stack]

VM Arguments:
jvm_args: -Xdebug -Xrunjdwp:transport=dt_socket,address=localhost:41508 -Dglass.disableGrab=true -Dfile.encoding=UTF-8 
java_command: /home/ubuntu/NetBeansProjects/xProjectCAM/dist/run1509022505/xProjectCAM-JOL.jar
java_class_path (initial): /home/ubuntu/NetBeansProjects/xProjectCAM/dist/run1509022505/xProjectCAM-JOL.jar
Launcher Type: SUN_STANDARD

Environment Variables:
PATH=/usr/local/sbin:/usr/local/bin:/usr/sbin:/usr/bin:/sbin:/bin:/snap/bin
USERNAME=root
LD_LIBRARY_PATH=/usr/lib/jvm/java-8-oracle/jre/lib/amd64:/usr/lib/jvm/java-8-oracle/jre/lib/i386:
SHELL=/bin/bash
DISPLAY=:0

Signal Handlers:
SIGSEGV: [libjvm.so+0x8dbed0], sa_mask[0]=11111111011111111101111111111110, sa_flags=SA_RESTART|SA_SIGINFO
SIGBUS: [libjvm.so+0x8dbed0], sa_mask[0]=11111111011111111101111111111110, sa_flags=SA_RESTART|SA_SIGINFO
SIGFPE: [libjvm.so+0x758b80], sa_mask[0]=11111111011111111101111111111110, sa_flags=SA_RESTART|SA_SIGINFO
SIGPIPE: SIG_IGN, sa_mask[0]=00000000000010000000000000000000, sa_flags=SA_RESTART
SIGXFSZ: [libjvm.so+0x758b80], sa_mask[0]=11111111011111111101111111111110, sa_flags=SA_RESTART|SA_SIGINFO
SIGILL: [libjvm.so+0x758b80], sa_mask[0]=11111111011111111101111111111110, sa_flags=SA_RESTART|SA_SIGINFO
SIGUSR1: SIG_DFL, sa_mask[0]=00000000000000000000000000000000, sa_flags=none
SIGUSR2: [libjvm.so+0x75a430], sa_mask[0]=00100000000000000000000000000000, sa_flags=SA_RESTART|SA_SIGINFO
SIGHUP: [libjvm.so+0x75b8e0], sa_mask[0]=11111111011111111101111111111110, sa_flags=SA_RESTART|SA_SIGINFO
SIGINT: SIG_IGN, sa_mask[0]=00000000000000000000000000000000, sa_flags=none
SIGTERM: [libjvm.so+0x75b8e0], sa_mask[0]=11111111011111111101111111111110, sa_flags=SA_RESTART|SA_SIGINFO
SIGQUIT: [libjvm.so+0x75b8e0], sa_mask[0]=11111111011111111101111111111110, sa_flags=SA_RESTART|SA_SIGINFO


---------------  S Y S T E M  ---------------

OS:DISTRIB_ID=Ubuntu
DISTRIB_RELEASE=16.04
DISTRIB_CODENAME=xenial
DISTRIB_DESCRIPTION="Ubuntu 16.04.3 LTS"

uname:Linux 4.4.0-96-generic #119-Ubuntu SMP Tue Sep 12 14:58:51 UTC 2017 i686
libc:glibc 2.23 NPTL 2.23 
rlimit: STACK 8192k, CORE 0k, NPROC 32038, NOFILE 1048576, AS infinity
load average:1.42 1.07 1.05

/proc/meminfo:
MemTotal:        4138752 kB
MemFree:          860284 kB
MemAvailable:    2161752 kB
Buffers:          236972 kB
Cached:          1149268 kB
SwapCached:         4064 kB
Active:          2259688 kB
Inactive:         568216 kB
Active(anon):    1336368 kB
Inactive(anon):   128964 kB
Active(file):     923320 kB
Inactive(file):   439252 kB
Unevictable:          32 kB
Mlocked:              32 kB
HighTotal:       3280840 kB
HighFree:         705492 kB
LowTotal:         857912 kB
LowFree:          154792 kB
SwapTotal:       4192252 kB
SwapFree:        4161472 kB
Dirty:              8152 kB
Writeback:             0 kB
AnonPages:       1438900 kB
Mapped:           253108 kB
Shmem:             23668 kB
Slab:             405448 kB
SReclaimable:     383784 kB
SUnreclaim:        21664 kB
KernelStack:        4552 kB
PageTables:        12868 kB
NFS_Unstable:          0 kB
Bounce:                0 kB
WritebackTmp:          0 kB
CommitLimit:     6261628 kB
Committed_AS:    4806484 kB
VmallocTotal:     122880 kB
VmallocUsed:           0 kB
VmallocChunk:          0 kB
AnonHugePages:    813056 kB
CmaTotal:              0 kB
CmaFree:               0 kB
HugePages_Total:       0
HugePages_Free:        0
HugePages_Rsvd:        0
HugePages_Surp:        0
Hugepagesize:       2048 kB
DirectMap4k:       32760 kB
DirectMap2M:      880640 kB


CPU:total 4 (initial active 4) (4 cores per cpu, 1 threads per core) family 6 model 42 stepping 7, cmov, cx8, fxsr, mmx, sse, sse2, sse3, ssse3, sse4.1, sse4.2, popcnt, avx, aes, clmul, tsc, tscinvbit

/proc/cpuinfo:
processor	: 0
vendor_id	: GenuineIntel
cpu family	: 6
model		: 42
model name	: Intel(R) Core(TM) i7-2630QM CPU @ 2.00GHz
stepping	: 7
cpu MHz		: 2026.088
cache size	: 6144 KB
physical id	: 0
siblings	: 4
core id		: 0
cpu cores	: 4
apicid		: 0
initial apicid	: 0
fdiv_bug	: no
f00f_bug	: no
coma_bug	: no
fpu		: yes
fpu_exception	: yes
cpuid level	: 13
wp		: yes
flags		: fpu vme de pse tsc msr pae mce cx8 apic sep mtrr pge mca cmov pat pse36 clflush mmx fxsr sse sse2 ht nx rdtscp constant_tsc xtopology nonstop_tsc pni pclmulqdq ssse3 cx16 sse4_1 sse4_2 x2apic popcnt aes xsave avx hypervisor lahf_lm
bugs		:
bogomips	: 4052.17
clflush size	: 64
cache_alignment	: 64
address sizes	: 36 bits physical, 48 bits virtual
power management:

processor	: 1
vendor_id	: GenuineIntel
cpu family	: 6
model		: 42
model name	: Intel(R) Core(TM) i7-2630QM CPU @ 2.00GHz
stepping	: 7
cpu MHz		: 2026.088
cache size	: 6144 KB
physical id	: 0
siblings	: 4
core id		: 1
cpu cores	: 4
apicid		: 1
initial apicid	: 1
fdiv_bug	: no
f00f_bug	: no
coma_bug	: no
fpu		: yes
fpu_exception	: yes
cpuid level	: 13
wp		: yes
flags		: fpu vme de pse tsc msr pae mce cx8 apic sep mtrr pge mca cmov pat pse36 clflush mmx fxsr sse sse2 ht nx rdtscp constant_tsc xtopology nonstop_tsc pni pclmulqdq ssse3 cx16 sse4_1 sse4_2 x2apic popcnt aes xsave avx hypervisor lahf_lm
bugs		:
bogomips	: 4052.17
clflush size	: 64
cache_alignment	: 64
address sizes	: 36 bits physical, 48 bits virtual
power management:

processor	: 2
vendor_id	: GenuineIntel
cpu family	: 6
model		: 42
model name	: Intel(R) Core(TM) i7-2630QM CPU @ 2.00GHz
stepping	: 7
cpu MHz		: 2026.088
cache size	: 6144 KB
physical id	: 0
siblings	: 4
core id		: 2
cpu cores	: 4
apicid		: 2
initial apicid	: 2
fdiv_bug	: no
f00f_bug	: no
coma_bug	: no
fpu		: yes
fpu_exception	: yes
cpuid level	: 13
wp		: yes
flags		: fpu vme de pse tsc msr pae mce cx8 apic sep mtrr pge mca cmov pat pse36 clflush mmx fxsr sse sse2 ht nx rdtscp constant_tsc xtopology nonstop_tsc pni pclmulqdq ssse3 cx16 sse4_1 sse4_2 x2apic popcnt aes xsave avx hypervisor lahf_lm
bugs		:
bogomips	: 4052.17
clflush size	: 64
cache_alignment	: 64
address sizes	: 36 bits physical, 48 bits virtual
power management:

processor	: 3
vendor_id	: GenuineIntel
cpu family	: 6
model		: 42
model name	: Intel(R) Core(TM) i7-2630QM CPU @ 2.00GHz
stepping	: 7
cpu MHz		: 2026.088
cache size	: 6144 KB
physical id	: 0
siblings	: 4
core id		: 3
cpu cores	: 4
apicid		: 3
initial apicid	: 3
fdiv_bug	: no
f00f_bug	: no
coma_bug	: no
fpu		: yes
fpu_exception	: yes
cpuid level	: 13
wp		: yes
flags		: fpu vme de pse tsc msr pae mce cx8 apic sep mtrr pge mca cmov pat pse36 clflush mmx fxsr sse sse2 ht nx rdtscp constant_tsc xtopology nonstop_tsc pni pclmulqdq ssse3 cx16 sse4_1 sse4_2 x2apic popcnt aes xsave avx hypervisor lahf_lm
bugs		:
bogomips	: 4052.17
clflush size	: 64
cache_alignment	: 64
address sizes	: 36 bits physical, 48 bits virtual
power management:



Memory: 4k page, physical 4138752k(860284k free), swap 4192252k(4161472k free)

vm_info: Java HotSpot(TM) Server VM (25.144-b01) for linux-x86 JRE (1.8.0_144-b01), built on Jul 22 2017 02:26:52 by "java_re" with gcc 4.3.0 20080428 (Red Hat 4.3.0-8)

time: Fri Sep 29 19:56:34 2017
elapsed time: 8 seconds (0d 0h 0m 8s)

