#
# A fatal error has been detected by the Java Runtime Environment:
#
#  SIGSEGV (0xb) at pc=0xe400a73e, pid=316, tid=0x59da2b40
#
# JRE version: Java(TM) SE Runtime Environment (8.0_144-b01) (build 1.8.0_144-b01)
# Java VM: Java HotSpot(TM) Server VM (25.144-b01 mixed mode linux-x86 )
# Problematic frame:
# C  0xe400a73e
#
# Failed to write core dump. Core dumps have been disabled. To enable core dumping, try "ulimit -c unlimited" before starting Java again
#
# If you would like to submit a bug report, please visit:
#   http://bugreport.java.com/bugreport/crash.jsp
# The crash happened outside the Java Virtual Machine in native code.
# See problematic frame for where to report the bug.
#

---------------  T H R E A D  ---------------

Current thread (0x59c09000):  JavaThread "AWT-EventQueue-0" [_thread_in_native, id=358, stack(0x59d52000,0x59da3000)]

siginfo: si_signo: 11 (SIGSEGV), si_code: 1 (SEGV_MAPERR), si_addr: 0xe400a73e

Registers:
EAX=0x59d9fe7c, EBX=0xb666016c, ECX=0x00000022, EDX=0x59c09138
ESP=0x59d9fe2c, EBP=0x59d9fe68, ESI=0x67c51a20, EDI=0x59c09138
EIP=0xe400a73e, EFLAGS=0x00010206, CR2=0xe400a73e

Top of Stack: (sp=0x59d9fe2c)
0x59d9fe2c:   b66482f7 59c09138 59d9fe7c 00000022
0x59d9fe3c:   00000017 59c096d8 00000016 b691137e
0x59d9fe4c:   674298e0 00000001 00000000 b70f22f0
0x59d9fe5c:   648b6220 67c51a20 59c09000 59d9fe98
0x59d9fe6c:   a748df3b 59c09138 59d9fe7c 59d9fe80
0x59d9fe7c:   67c51a20 91fe3c08 59888018 00000000
0x59d9fe8c:   67c51910 00000000 fffffffe 59d9ff2c
0x59d9fe9c:   a74f062c 00000016 59c096d8 00000015 

Instructions: (pc=0xe400a73e)
0xe400a71e:   
[error occurred during error reporting (printing registers, top of stack, instructions near pc), id 0xb]

Register to memory mapping:

EAX=0x59d9fe7c is pointing into the stack for thread: 0x59c09000
EBX=0xb666016c: <offset 0x2416c> in /usr/lib/jvm/java-8-oracle/jre/lib/i386/libjava.so at 0xb663c000
ECX=0x00000022 is an unknown value
EDX=0x59c09138 is an unknown value
ESP=0x59d9fe2c is pointing into the stack for thread: 0x59c09000
EBP=0x59d9fe68 is pointing into the stack for thread: 0x59c09000
ESI=0x67c51a20 is an oop
java.lang.ClassLoader$NativeLibrary 
 - klass: 'java/lang/ClassLoader$NativeLibrary'
EDI=0x59c09138 is an unknown value


Stack: [0x59d52000,0x59da3000],  sp=0x59d9fe2c,  free space=311k
Native frames: (J=compiled Java code, j=interpreted, Vv=VM code, C=native code)
C  0xe400a73e
J 698  java.lang.ClassLoader$NativeLibrary.find(Ljava/lang/String;)J (0 bytes) @ 0xa748df3b [0xa748dea0+0x9b]
J 874 C1 java.lang.ClassLoader.findNative(Ljava/lang/ClassLoader;Ljava/lang/String;)J (86 bytes) @ 0xa74f062c [0xa74f0200+0x42c]
v  ~StubRoutines::call_stub
V  [libjvm.so+0x503b2f]  JavaCalls::call_helper(JavaValue*, methodHandle*, JavaCallArguments*, Thread*)+0x101f
V  [libjvm.so+0x756ef9]  os::os_exception_wrapper(void (*)(JavaValue*, methodHandle*, JavaCallArguments*, Thread*), JavaValue*, methodHandle*, JavaCallArguments*, Thread*)+0x19
V  [libjvm.so+0x5045c4]  JavaCalls::call_static(JavaValue*, KlassHandle, Symbol*, Symbol*, JavaCallArguments*, Thread*)+0x244
V  [libjvm.so+0x504935]  JavaCalls::call_static(JavaValue*, KlassHandle, Symbol*, Symbol*, Handle, Handle, Thread*)+0x55
V  [libjvm.so+0x725466]  NativeLookup::lookup_style(methodHandle, char*, char const*, int, bool, bool&, Thread*)+0x296
V  [libjvm.so+0x725871]  NativeLookup::lookup_entry(methodHandle, bool&, Thread*)+0x181
V  [libjvm.so+0x725fd1]  NativeLookup::lookup_base(methodHandle, bool&, Thread*)+0x91
V  [libjvm.so+0x726265]  NativeLookup::lookup(methodHandle, bool&, Thread*)+0x55
V  [libjvm.so+0x4fcae2]  InterpreterRuntime::prepare_native_call(JavaThread*, Method*)+0xa2
j  jogamp.opengl.gl4.GL4bcImpl.dispatch_glFlush1(J)V+0
j  jogamp.opengl.gl4.GL4bcImpl.glFlush()V+38
j  xprojectcam.root.OGLWindow$1.display(Lcom/jogamp/opengl/GLAutoDrawable;)V+47
j  jogamp.opengl.GLDrawableHelper.displayImpl(Lcom/jogamp/opengl/GLAutoDrawable;)V+62
j  jogamp.opengl.GLDrawableHelper.display(Lcom/jogamp/opengl/GLAutoDrawable;)V+2
j  com.jogamp.opengl.awt.GLJPanel$Updater.display(Lcom/jogamp/opengl/GLAutoDrawable;)V+200
j  com.jogamp.opengl.awt.GLJPanel$10.run()V+11
j  jogamp.opengl.GLDrawableHelper.invokeGLImpl(Lcom/jogamp/opengl/GLDrawable;Lcom/jogamp/opengl/GLContext;Ljava/lang/Runnable;Ljava/lang/Runnable;)V+203
j  jogamp.opengl.GLDrawableHelper.invokeGL(Lcom/jogamp/opengl/GLDrawable;Lcom/jogamp/opengl/GLContext;Ljava/lang/Runnable;Ljava/lang/Runnable;)V+72
j  com.jogamp.opengl.awt.GLJPanel$OffscreenBackend.doPaintComponent(Ljava/awt/Graphics;)V+29
j  com.jogamp.opengl.awt.GLJPanel.paintComponent(Ljava/awt/Graphics;)V+224
j  javax.swing.JComponent.paint(Ljava/awt/Graphics;)V+286
j  javax.swing.JComponent.paintChildren(Ljava/awt/Graphics;)V+501
j  javax.swing.JComponent.paint(Ljava/awt/Graphics;)V+318
j  javax.swing.JComponent.paintChildren(Ljava/awt/Graphics;)V+501
j  javax.swing.JComponent.paint(Ljava/awt/Graphics;)V+318
j  javax.swing.JLayeredPane.paint(Ljava/awt/Graphics;)V+73
j  javax.swing.JComponent.paintChildren(Ljava/awt/Graphics;)V+501
j  javax.swing.JComponent.paintToOffscreen(Ljava/awt/Graphics;IIIIII)V+72
j  javax.swing.BufferStrategyPaintManager.paint(Ljavax/swing/JComponent;Ljavax/swing/JComponent;Ljava/awt/Graphics;IIII)Z+164
j  javax.swing.RepaintManager.paint(Ljavax/swing/JComponent;Ljavax/swing/JComponent;Ljava/awt/Graphics;IIII)V+51
j  javax.swing.JComponent.paint(Ljava/awt/Graphics;)V+221
j  java.awt.GraphicsCallback$PaintCallback.run(Ljava/awt/Component;Ljava/awt/Graphics;)V+2
j  sun.awt.SunGraphicsCallback.runOneComponent(Ljava/awt/Component;Ljava/awt/Rectangle;Ljava/awt/Graphics;Ljava/awt/Shape;I)V+155
j  sun.awt.SunGraphicsCallback.runComponents([Ljava/awt/Component;Ljava/awt/Graphics;I)V+194
j  java.awt.Container.paint(Ljava/awt/Graphics;)V+58
j  java.awt.Window.paint(Ljava/awt/Graphics;)V+68
j  javax.swing.RepaintManager$4.run()Ljava/lang/Void;+142
j  javax.swing.RepaintManager$4.run()Ljava/lang/Object;+1
v  ~StubRoutines::call_stub
V  [libjvm.so+0x503b2f]  JavaCalls::call_helper(JavaValue*, methodHandle*, JavaCallArguments*, Thread*)+0x101f
V  [libjvm.so+0x756ef9]  os::os_exception_wrapper(void (*)(JavaValue*, methodHandle*, JavaCallArguments*, Thread*), JavaValue*, methodHandle*, JavaCallArguments*, Thread*)+0x19
V  [libjvm.so+0x5020ff]  JavaCalls::call(JavaValue*, methodHandle, JavaCallArguments*, Thread*)+0x2f
V  [libjvm.so+0x585630]  JVM_DoPrivileged+0x2a0
C  [libjava.so+0x9fca]  Java_java_security_AccessController_doPrivileged__Ljava_security_PrivilegedAction_2Ljava_security_AccessControlContext_2+0x3a
j  java.security.AccessController.doPrivileged(Ljava/security/PrivilegedAction;Ljava/security/AccessControlContext;)Ljava/lang/Object;+0
j  java.security.ProtectionDomain$JavaSecurityAccessImpl.doIntersectionPrivilege(Ljava/security/PrivilegedAction;Ljava/security/AccessControlContext;Ljava/security/AccessControlContext;)Ljava/lang/Object;+18
j  javax.swing.RepaintManager.paintDirtyRegions(Ljava/util/Map;)V+154
j  javax.swing.RepaintManager.paintDirtyRegions()V+46
j  javax.swing.RepaintManager.prePaintDirtyRegions()V+73
j  javax.swing.RepaintManager.access$1200(Ljavax/swing/RepaintManager;)V+1
j  javax.swing.RepaintManager$ProcessingRunnable.run()V+37
j  java.awt.event.InvocationEvent.dispatch()V+47
j  java.awt.EventQueue.dispatchEventImpl(Ljava/awt/AWTEvent;Ljava/lang/Object;)V+21
j  java.awt.EventQueue.access$500(Ljava/awt/EventQueue;Ljava/awt/AWTEvent;Ljava/lang/Object;)V+3
j  java.awt.EventQueue$3.run()Ljava/lang/Void;+32
j  java.awt.EventQueue$3.run()Ljava/lang/Object;+1
v  ~StubRoutines::call_stub
V  [libjvm.so+0x503b2f]  JavaCalls::call_helper(JavaValue*, methodHandle*, JavaCallArguments*, Thread*)+0x101f
V  [libjvm.so+0x756ef9]  os::os_exception_wrapper(void (*)(JavaValue*, methodHandle*, JavaCallArguments*, Thread*), JavaValue*, methodHandle*, JavaCallArguments*, Thread*)+0x19
V  [libjvm.so+0x5020ff]  JavaCalls::call(JavaValue*, methodHandle, JavaCallArguments*, Thread*)+0x2f
V  [libjvm.so+0x585630]  JVM_DoPrivileged+0x2a0
C  [libjava.so+0x9fca]  Java_java_security_AccessController_doPrivileged__Ljava_security_PrivilegedAction_2Ljava_security_AccessControlContext_2+0x3a
j  java.security.AccessController.doPrivileged(Ljava/security/PrivilegedAction;Ljava/security/AccessControlContext;)Ljava/lang/Object;+0
j  java.security.ProtectionDomain$JavaSecurityAccessImpl.doIntersectionPrivilege(Ljava/security/PrivilegedAction;Ljava/security/AccessControlContext;Ljava/security/AccessControlContext;)Ljava/lang/Object;+18
j  java.awt.EventQueue.dispatchEvent(Ljava/awt/AWTEvent;)V+46
j  java.awt.EventDispatchThread.pumpOneEventForFilters(I)V+245
j  java.awt.EventDispatchThread.pumpEventsForFilter(ILjava/awt/Conditional;Ljava/awt/EventFilter;)V+35
j  java.awt.EventDispatchThread.pumpEventsForHierarchy(ILjava/awt/Conditional;Ljava/awt/Component;)V+11
j  java.awt.EventDispatchThread.pumpEvents(ILjava/awt/Conditional;)V+4
j  java.awt.EventDispatchThread.pumpEvents(Ljava/awt/Conditional;)V+3
j  java.awt.EventDispatchThread.run()V+9
v  ~StubRoutines::call_stub
V  [libjvm.so+0x503b2f]  JavaCalls::call_helper(JavaValue*, methodHandle*, JavaCallArguments*, Thread*)+0x101f
V  [libjvm.so+0x756ef9]  os::os_exception_wrapper(void (*)(JavaValue*, methodHandle*, JavaCallArguments*, Thread*), JavaValue*, methodHandle*, JavaCallArguments*, Thread*)+0x19
V  [libjvm.so+0x503f3c]  JavaCalls::call_virtual(JavaValue*, KlassHandle, Symbol*, Symbol*, JavaCallArguments*, Thread*)+0x25c
V  [libjvm.so+0x50437b]  JavaCalls::call_virtual(JavaValue*, Handle, KlassHandle, Symbol*, Symbol*, Thread*)+0x4b
V  [libjvm.so+0x597790]  thread_entry(JavaThread*, Thread*)+0x90
V  [libjvm.so+0x88e6df]  JavaThread::thread_main_inner()+0xff
V  [libjvm.so+0x88e85b]  JavaThread::run()+0x14b
V  [libjvm.so+0x75e759]  java_start(Thread*)+0x119
C  [libpthread.so.0+0x6295]  start_thread+0xe5
C  [libc.so.6+0xe705e]  clone+0x6e

Java frames: (J=compiled Java code, j=interpreted, Vv=VM code)
J 698  java.lang.ClassLoader$NativeLibrary.find(Ljava/lang/String;)J (0 bytes) @ 0xa748def7 [0xa748dea0+0x57]
J 874 C1 java.lang.ClassLoader.findNative(Ljava/lang/ClassLoader;Ljava/lang/String;)J (86 bytes) @ 0xa74f062c [0xa74f0200+0x42c]
v  ~StubRoutines::call_stub
j  jogamp.opengl.gl4.GL4bcImpl.dispatch_glFlush1(J)V+0
j  jogamp.opengl.gl4.GL4bcImpl.glFlush()V+38
j  xprojectcam.root.OGLWindow$1.display(Lcom/jogamp/opengl/GLAutoDrawable;)V+47
j  jogamp.opengl.GLDrawableHelper.displayImpl(Lcom/jogamp/opengl/GLAutoDrawable;)V+62
j  jogamp.opengl.GLDrawableHelper.display(Lcom/jogamp/opengl/GLAutoDrawable;)V+2
j  com.jogamp.opengl.awt.GLJPanel$Updater.display(Lcom/jogamp/opengl/GLAutoDrawable;)V+200
j  com.jogamp.opengl.awt.GLJPanel$10.run()V+11
j  jogamp.opengl.GLDrawableHelper.invokeGLImpl(Lcom/jogamp/opengl/GLDrawable;Lcom/jogamp/opengl/GLContext;Ljava/lang/Runnable;Ljava/lang/Runnable;)V+203
j  jogamp.opengl.GLDrawableHelper.invokeGL(Lcom/jogamp/opengl/GLDrawable;Lcom/jogamp/opengl/GLContext;Ljava/lang/Runnable;Ljava/lang/Runnable;)V+72
j  com.jogamp.opengl.awt.GLJPanel$OffscreenBackend.doPaintComponent(Ljava/awt/Graphics;)V+29
j  com.jogamp.opengl.awt.GLJPanel.paintComponent(Ljava/awt/Graphics;)V+224
j  javax.swing.JComponent.paint(Ljava/awt/Graphics;)V+286
j  javax.swing.JComponent.paintChildren(Ljava/awt/Graphics;)V+501
j  javax.swing.JComponent.paint(Ljava/awt/Graphics;)V+318
j  javax.swing.JComponent.paintChildren(Ljava/awt/Graphics;)V+501
j  javax.swing.JComponent.paint(Ljava/awt/Graphics;)V+318
j  javax.swing.JLayeredPane.paint(Ljava/awt/Graphics;)V+73
j  javax.swing.JComponent.paintChildren(Ljava/awt/Graphics;)V+501
j  javax.swing.JComponent.paintToOffscreen(Ljava/awt/Graphics;IIIIII)V+72
j  javax.swing.BufferStrategyPaintManager.paint(Ljavax/swing/JComponent;Ljavax/swing/JComponent;Ljava/awt/Graphics;IIII)Z+164
j  javax.swing.RepaintManager.paint(Ljavax/swing/JComponent;Ljavax/swing/JComponent;Ljava/awt/Graphics;IIII)V+51
j  javax.swing.JComponent.paint(Ljava/awt/Graphics;)V+221
j  java.awt.GraphicsCallback$PaintCallback.run(Ljava/awt/Component;Ljava/awt/Graphics;)V+2
j  sun.awt.SunGraphicsCallback.runOneComponent(Ljava/awt/Component;Ljava/awt/Rectangle;Ljava/awt/Graphics;Ljava/awt/Shape;I)V+155
j  sun.awt.SunGraphicsCallback.runComponents([Ljava/awt/Component;Ljava/awt/Graphics;I)V+194
j  java.awt.Container.paint(Ljava/awt/Graphics;)V+58
j  java.awt.Window.paint(Ljava/awt/Graphics;)V+68
j  javax.swing.RepaintManager$4.run()Ljava/lang/Void;+142
j  javax.swing.RepaintManager$4.run()Ljava/lang/Object;+1
v  ~StubRoutines::call_stub
j  java.security.AccessController.doPrivileged(Ljava/security/PrivilegedAction;Ljava/security/AccessControlContext;)Ljava/lang/Object;+0
j  java.security.ProtectionDomain$JavaSecurityAccessImpl.doIntersectionPrivilege(Ljava/security/PrivilegedAction;Ljava/security/AccessControlContext;Ljava/security/AccessControlContext;)Ljava/lang/Object;+18
j  javax.swing.RepaintManager.paintDirtyRegions(Ljava/util/Map;)V+154
j  javax.swing.RepaintManager.paintDirtyRegions()V+46
j  javax.swing.RepaintManager.prePaintDirtyRegions()V+73
j  javax.swing.RepaintManager.access$1200(Ljavax/swing/RepaintManager;)V+1
j  javax.swing.RepaintManager$ProcessingRunnable.run()V+37
j  java.awt.event.InvocationEvent.dispatch()V+47
j  java.awt.EventQueue.dispatchEventImpl(Ljava/awt/AWTEvent;Ljava/lang/Object;)V+21
j  java.awt.EventQueue.access$500(Ljava/awt/EventQueue;Ljava/awt/AWTEvent;Ljava/lang/Object;)V+3
j  java.awt.EventQueue$3.run()Ljava/lang/Void;+32
j  java.awt.EventQueue$3.run()Ljava/lang/Object;+1
v  ~StubRoutines::call_stub
j  java.security.AccessController.doPrivileged(Ljava/security/PrivilegedAction;Ljava/security/AccessControlContext;)Ljava/lang/Object;+0
j  java.security.ProtectionDomain$JavaSecurityAccessImpl.doIntersectionPrivilege(Ljava/security/PrivilegedAction;Ljava/security/AccessControlContext;Ljava/security/AccessControlContext;)Ljava/lang/Object;+18
j  java.awt.EventQueue.dispatchEvent(Ljava/awt/AWTEvent;)V+46
j  java.awt.EventDispatchThread.pumpOneEventForFilters(I)V+245
j  java.awt.EventDispatchThread.pumpEventsForFilter(ILjava/awt/Conditional;Ljava/awt/EventFilter;)V+35
j  java.awt.EventDispatchThread.pumpEventsForHierarchy(ILjava/awt/Conditional;Ljava/awt/Component;)V+11
j  java.awt.EventDispatchThread.pumpEvents(ILjava/awt/Conditional;)V+4
j  java.awt.EventDispatchThread.pumpEvents(Ljava/awt/Conditional;)V+3
j  java.awt.EventDispatchThread.run()V+9
v  ~StubRoutines::call_stub

---------------  P R O C E S S  ---------------

Java Threads: ( => current thread )
  0x64107c00 JavaThread "SIGTERM handler" daemon [_thread_blocked, id=425, stack(0x54d14000,0x54d65000)]
  0x6702b000 JavaThread "org.netbeans.modules.debugger.jpda.visual AWT Access Loop" daemon [_thread_blocked, id=360, stack(0x59d01000,0x59d52000)]
=>0x59c09000 JavaThread "AWT-EventQueue-0" [_thread_in_native, id=358, stack(0x59d52000,0x59da3000)]
  0x59c08000 JavaThread "AWT-Shutdown" [_thread_blocked, id=357, stack(0x59da3000,0x59df4000)]
  0x5bff5800 JavaThread "AWT-XAWT" daemon [_thread_in_native, id=356, stack(0x59df4000,0x59e45000)]
  0x5bfeb400 JavaThread "Java2D Disposer" daemon [_thread_blocked, id=355, stack(0x5a0ae000,0x5a0ff000)]
  0x5c569400 JavaThread "JavaFX-Launcher" [_thread_blocked, id=348, stack(0x5c3dc000,0x5c42d000)]
  0x5c560800 JavaThread "JavaFX Application Thread" [_thread_in_native, id=347, stack(0x5c4af000,0x5c500000)]
  0x5c55cc00 JavaThread "Thread-1" daemon [_thread_blocked, id=346, stack(0x5c64a000,0x5c69b000)]
  0x645be000 JavaThread "Service Thread" daemon [_thread_blocked, id=339, stack(0x63e8a000,0x63edb000)]
  0x645b2800 JavaThread "C1 CompilerThread2" daemon [_thread_blocked, id=338, stack(0x63edb000,0x63f5c000)]
  0x645b1400 JavaThread "C2 CompilerThread1" daemon [_thread_blocked, id=337, stack(0x63f5c000,0x63fdd000)]
  0x645af400 JavaThread "C2 CompilerThread0" daemon [_thread_blocked, id=336, stack(0x63fdd000,0x6405e000)]
  0x64300800 JavaThread "JDWP Command Reader" daemon [_thread_blocked, id=333, stack(0x6405e000,0x640af000)]
  0x645adc00 JavaThread "JDWP Event Helper Thread" daemon [_thread_blocked, id=331, stack(0x640af000,0x64100000)]
  0x645aa400 JavaThread "JDWP Transport Listener: dt_socket" daemon [_thread_blocked, id=329, stack(0x6420d000,0x6425e000)]
  0x645a2000 JavaThread "Signal Dispatcher" daemon [_thread_blocked, id=328, stack(0x6425e000,0x642af000)]
  0x64588000 JavaThread "Finalizer" daemon [_thread_blocked, id=327, stack(0x642af000,0x64300000)]
  0x64585400 JavaThread "Reference Handler" daemon [_thread_blocked, id=326, stack(0x6442e000,0x6447f000)]
  0xb6508c00 JavaThread "main" [_thread_blocked, id=317, stack(0xb666a000,0xb66bb000)]

Other Threads:
  0x64580c00 VMThread [stack: 0x6447f000,0x64500000] [id=325]

VM state:at safepoint (normal execution)

VM Mutex/Monitor currently owned by a thread:  ([mutex/lock_event])
[0xb6506420] Threads_lock - owner thread: 0x64580c00

Heap:
 PSYoungGen      total 19200K, used 6655K [0x91cc0000, 0x94240000, 0xa6e00000)
  eden space 16640K, 24% used [0x91cc0000,0x920c01b0,0x92d00000)
  from space 2560K, 99% used [0x92f80000,0x931ffc18,0x93200000)
  to   space 2560K, 0% used [0x92d00000,0x92d00000,0x92f80000)
 ParOldGen       total 43776K, used 4415K [0x67a00000, 0x6a4c0000, 0x91cc0000)
  object space 43776K, 10% used [0x67a00000,0x67e4fed8,0x6a4c0000)
 Metaspace       used 14925K, capacity 15301K, committed 15512K, reserved 15664K

Card table byte_map: [0x67805000,0x67a00000] byte_map_base: 0x674c8000

Marking Bits: (ParMarkBitMap*) 0xb71229c0
 Begin Bits: [0x65060000, 0x66030000)
 End Bits:   [0x66030000, 0x67000000)

Polling page: 0xb7734000

CodeCache: size=245760Kb used=2647Kb max_used=2647Kb free=243112Kb
 bounds [0xa728f000, 0xa7527000, 0xb628f000]
 total_blobs=1517 nmethods=977 adapters=461
 compilation: enabled

Compilation events (10 events):
Event: 74.036 Thread 0x645b2800 nmethod 965 0xa75171c8 code [0xa75172c0, 0xa7517360]
Event: 74.036 Thread 0x645b2800  966       1       sun.awt.X11.XBaseWindow::getStateLock (5 bytes)
Event: 74.036 Thread 0x645b2800 nmethod 966 0xa7516fc8 code [0xa75170c0, 0xa7517160]
Event: 74.036 Thread 0x645b2800  971       1       sun.awt.X11.XWindow::getEventSource (5 bytes)
Event: 74.036 Thread 0x645b2800 nmethod 971 0xa7516d88 code [0xa7516e80, 0xa7516f20]
Event: 74.036 Thread 0x645b2800  972       1       sun.awt.X11.XWindow::prePostEvent (2 bytes)
Event: 74.036 Thread 0x645b2800 nmethod 972 0xa7521e08 code [0xa7521f00, 0xa7521fa0]
Event: 74.044 Thread 0x645b2800  977       3       sun.invoke.util.BytecodeDescriptor::unparse (18 bytes)
Event: 74.045 Thread 0x645b2800 nmethod 977 0xa7522008 code [0xa7522160, 0xa7522538]
Event: 74.052 Thread 0x645b2800  978   !   3       java.lang.StringCoding$StringDecoder::decode (179 bytes)

GC Heap History (4 events):
Event: 1.494 GC heap before
{Heap before GC invocations=1 (full 0):
 PSYoungGen      total 19200K, used 16640K [0x91cc0000, 0x93200000, 0xa6e00000)
  eden space 16640K, 100% used [0x91cc0000,0x92d00000,0x92d00000)
  from space 2560K, 0% used [0x92f80000,0x92f80000,0x93200000)
  to   space 2560K, 0% used [0x92d00000,0x92d00000,0x92f80000)
 ParOldGen       total 43776K, used 0K [0x67a00000, 0x6a4c0000, 0x91cc0000)
  object space 43776K, 0% used [0x67a00000,0x67a00000,0x6a4c0000)
 Metaspace       used 7235K, capacity 7554K, committed 7704K, reserved 8496K
Event: 1.500 GC heap after
Heap after GC invocations=1 (full 0):
 PSYoungGen      total 19200K, used 2336K [0x91cc0000, 0x93200000, 0xa6e00000)
  eden space 16640K, 0% used [0x91cc0000,0x91cc0000,0x92d00000)
  from space 2560K, 91% used [0x92d00000,0x92f48050,0x92f80000)
  to   space 2560K, 0% used [0x92f80000,0x92f80000,0x93200000)
 ParOldGen       total 43776K, used 72K [0x67a00000, 0x6a4c0000, 0x91cc0000)
  object space 43776K, 0% used [0x67a00000,0x67a12010,0x6a4c0000)
 Metaspace       used 7235K, capacity 7554K, committed 7704K, reserved 8496K
}
Event: 2.644 GC heap before
{Heap before GC invocations=2 (full 0):
 PSYoungGen      total 19200K, used 18976K [0x91cc0000, 0x93200000, 0xa6e00000)
  eden space 16640K, 100% used [0x91cc0000,0x92d00000,0x92d00000)
  from space 2560K, 91% used [0x92d00000,0x92f48050,0x92f80000)
  to   space 2560K, 0% used [0x92f80000,0x92f80000,0x93200000)
 ParOldGen       total 43776K, used 72K [0x67a00000, 0x6a4c0000, 0x91cc0000)
  object space 43776K, 0% used [0x67a00000,0x67a12010,0x6a4c0000)
 Metaspace       used 12973K, capacity 13324K, committed 13464K, reserved 13616K
Event: 2.676 GC heap after
Heap after GC invocations=2 (full 0):
 PSYoungGen      total 19200K, used 2559K [0x91cc0000, 0x94240000, 0xa6e00000)
  eden space 16640K, 0% used [0x91cc0000,0x91cc0000,0x92d00000)
  from space 2560K, 99% used [0x92f80000,0x931ffc18,0x93200000)
  to   space 2560K, 0% used [0x92d00000,0x92d00000,0x92f80000)
 ParOldGen       total 43776K, used 4415K [0x67a00000, 0x6a4c0000, 0x91cc0000)
  object space 43776K, 10% used [0x67a00000,0x67e4fed8,0x6a4c0000)
 Metaspace       used 12973K, capacity 13324K, committed 13464K, reserved 13616K
}

Deoptimization events (10 events):
Event: 1.138 Thread 0x5c560800 Uncommon trap: reason=unstable_if action=reinterpret pc=0xa73b10a4 method=java.lang.String.replace(CC)Ljava/lang/String; @ 26
Event: 1.140 Thread 0x5c560800 Uncommon trap: reason=unstable_if action=reinterpret pc=0xa73d481c method=java.lang.String.indexOf([CII[CIII)I @ 134
Event: 1.311 Thread 0x5c560800 Uncommon trap: reason=unstable_if action=reinterpret pc=0xa73c5b14 method=java.lang.String.startsWith(Ljava/lang/String;I)Z @ 25
Event: 1.466 Thread 0x5c560800 Uncommon trap: reason=unstable_if action=reinterpret pc=0xa7425fa8 method=java.util.HashMap.hash(Ljava/lang/Object;)I @ 1
Event: 1.551 Thread 0x5c560800 Uncommon trap: reason=unstable_if action=reinterpret pc=0xa74697a4 method=sun.net.www.ParseUtil.encodePath(Ljava/lang/String;Z)Ljava/lang/String; @ 109
Event: 1.593 Thread 0x5c560800 Uncommon trap: reason=unstable_if action=reinterpret pc=0xa74573e4 method=java.lang.String.indexOf([CII[CIII)I @ 3
Event: 2.746 Thread 0x5c560800 Uncommon trap: reason=unstable_if action=reinterpret pc=0xa74e084c method=java.lang.reflect.AccessibleObject.setAccessible0(Ljava/lang/reflect/AccessibleObject;Z)V @ 4
Event: 2.800 Thread 0x5c560800 Uncommon trap: reason=unstable_if action=reinterpret pc=0xa744b468 method=java.lang.AbstractStringBuilder.append(Ljava/lang/String;)Ljava/lang/AbstractStringBuilder; @ 1
Event: 2.801 Thread 0x5c560800 Uncommon trap: reason=unstable_if action=reinterpret pc=0xa73f52d8 method=java.lang.AbstractStringBuilder.append(Ljava/lang/String;)Ljava/lang/AbstractStringBuilder; @ 1
Event: 2.808 Thread 0x5c560800 Uncommon trap: reason=unstable_if action=reinterpret pc=0xa74da344 method=java.lang.reflect.Field.setFieldAccessor(Lsun/reflect/FieldAccessor;Z)V @ 1

Internal exceptions (10 events):
Event: 2.801 Thread 0x5c560800 Implicit null exception at 0xa73f4e5f to 0xa73f52c5
Event: 74.048 Thread 0x63da4400 Exception <a 'java/lang/IllegalStateException'> (0x92071bb0) thrown at [/HUDSON3/workspace/8-2-build-linux-i586/jdk8u144/9417/hotspot/src/share/vm/prims/jvm.cpp, line 1394]
Event: 74.051 Thread 0x63da5800 Exception <a 'java/io/IOException'> (0x920b2cf0) thrown at [/HUDSON3/workspace/8-2-build-linux-i586/jdk8u144/9417/hotspot/src/share/vm/prims/jni.cpp, line 709]
Event: 74.051 Thread 0x63da5800 Exception <a 'java/io/IOException'> (0x920b2fb0) thrown at [/HUDSON3/workspace/8-2-build-linux-i586/jdk8u144/9417/hotspot/src/share/vm/prims/jni.cpp, line 709]
Event: 74.051 Thread 0x63da5800 Exception <a 'java/io/IOException'> (0x920b3460) thrown at [/HUDSON3/workspace/8-2-build-linux-i586/jdk8u144/9417/hotspot/src/share/vm/prims/jni.cpp, line 709]
Event: 74.051 Thread 0x63da5800 Exception <a 'java/io/IOException'> (0x920b36e0) thrown at [/HUDSON3/workspace/8-2-build-linux-i586/jdk8u144/9417/hotspot/src/share/vm/prims/jni.cpp, line 709]
Event: 74.051 Thread 0x63da5800 Exception <a 'java/io/IOException'> (0x920b3930) thrown at [/HUDSON3/workspace/8-2-build-linux-i586/jdk8u144/9417/hotspot/src/share/vm/prims/jni.cpp, line 709]
Event: 74.051 Thread 0x63da5800 Exception <a 'java/io/IOException'> (0x920b4088) thrown at [/HUDSON3/workspace/8-2-build-linux-i586/jdk8u144/9417/hotspot/src/share/vm/prims/jni.cpp, line 709]
Event: 74.051 Thread 0x63da5800 Exception <a 'java/io/IOException'> (0x920b4308) thrown at [/HUDSON3/workspace/8-2-build-linux-i586/jdk8u144/9417/hotspot/src/share/vm/prims/jni.cpp, line 709]
Event: 74.051 Thread 0x63da5800 Exception <a 'java/io/IOException'> (0x920b4558) thrown at [/HUDSON3/workspace/8-2-build-linux-i586/jdk8u144/9417/hotspot/src/share/vm/prims/jni.cpp, line 709]

Events (10 events):
Event: 74.045 Thread 0x63da2000 Thread exited: 0x63da2000
Event: 74.047 loading class com/sun/javafx/tk/quantum/QuantumToolkit
Event: 74.047 loading class com/sun/javafx/tk/quantum/QuantumToolkit done
Event: 74.047 Thread 0x63beb800 Thread exited: 0x63beb800
Event: 74.048 Thread 0x59783400 Thread exited: 0x59783400
Event: 74.049 Thread 0x597be400 Thread exited: 0x597be400
Event: 74.050 Thread 0x63da4400 Thread exited: 0x63da4400
Event: 74.051 loading class java/io/InterruptedIOException
Event: 74.051 loading class java/io/InterruptedIOException done
Event: 74.052 Thread 0x63da5800 Thread exited: 0x63da5800


Dynamic libraries:
08048000-08049000 r-xp 00000000 08:01 1341235    /usr/lib/jvm/java-8-oracle/jre/bin/java
08049000-0804a000 rw-p 00000000 08:01 1341235    /usr/lib/jvm/java-8-oracle/jre/bin/java
09415000-0946a000 rw-p 00000000 00:00 0          [heap]
52000000-520dc000 rw-p 00000000 00:00 0 
520dc000-52100000 ---p 00000000 00:00 0 
52155000-52158000 ---p 00000000 00:00 0 
52158000-52400000 rw-p 00000000 00:00 0 
52400000-52600000 rw-p 00000000 00:00 0 
52600000-52700000 rw-p 00000000 00:00 0 
52709000-5270c000 ---p 00000000 00:00 0 
5270c000-5275a000 rw-p 00000000 00:00 0 
527fc000-528dc000 rw-p 00000000 00:00 0 
528dc000-528fc000 ---p 00000000 00:00 0 
528fc000-529fc000 rw-p 00000000 00:00 0 
529fc000-529fd000 ---p 00000000 00:00 0 
529fd000-531fd000 rw-p 00000000 00:00 0 
531fd000-531fe000 ---p 00000000 00:00 0 
531fe000-539fe000 rw-p 00000000 00:00 0 
539fe000-539ff000 ---p 00000000 00:00 0 
539ff000-541ff000 rw-p 00000000 00:00 0 
541ff000-54200000 ---p 00000000 00:00 0 
54200000-54a00000 rw-p 00000000 00:00 0 
54a00000-54afe000 rw-p 00000000 00:00 0 
54afe000-54b00000 ---p 00000000 00:00 0 
54b00000-54bb2000 rw-p 00000000 00:00 0 
54bb2000-54c00000 ---p 00000000 00:00 0 
54c00000-54ce2000 rw-p 00000000 00:00 0 
54ce2000-54d00000 ---p 00000000 00:00 0 
54d14000-54d17000 ---p 00000000 00:00 0 
54d17000-54dfc000 rw-p 00000000 00:00 0 
56bac000-56e00000 rw-p 00000000 00:00 0 
56e00000-56f40000 rw-p 00000000 00:00 0 
56f40000-57000000 ---p 00000000 00:00 0 
57000000-570f2000 rw-p 00000000 00:00 0 
570f2000-57100000 ---p 00000000 00:00 0 
57137000-57138000 ---p 00000000 00:00 0 
57138000-57938000 rw-p 00000000 00:00 0 
57938000-57939000 ---p 00000000 00:00 0 
57939000-58139000 rw-p 00000000 00:00 0 
58139000-5813a000 ---p 00000000 00:00 0 
5813a000-5893a000 rw-p 00000000 00:00 0 
5893a000-5893b000 ---p 00000000 00:00 0 
5893b000-5913b000 rw-p 00000000 00:00 0 
5913b000-5913e000 ---p 00000000 00:00 0 
5913e000-5918c000 rw-p 00000000 00:00 0 
5918c000-591e1000 r-xp 00000000 08:01 1199423    /home/ubuntu/NetBeansProjects/xProjectCAM/natives/linux-i586/libjogl_mobile.so
591e1000-591e2000 rw-p 00054000 08:01 1199423    /home/ubuntu/NetBeansProjects/xProjectCAM/natives/linux-i586/libjogl_mobile.so
591e2000-59207000 r-xp 00000000 08:01 1323763    /usr/lib/i386-linux-gnu/libkj-0.5.3.so
59207000-59208000 r--p 00024000 08:01 1323763    /usr/lib/i386-linux-gnu/libkj-0.5.3.so
59208000-59209000 rw-p 00025000 08:01 1323763    /usr/lib/i386-linux-gnu/libkj-0.5.3.so
59209000-59220000 r-xp 00000000 08:01 1319085    /usr/lib/i386-linux-gnu/libboost_filesystem.so.1.58.0
59220000-59221000 r--p 00016000 08:01 1319085    /usr/lib/i386-linux-gnu/libboost_filesystem.so.1.58.0
59221000-59222000 rw-p 00017000 08:01 1319085    /usr/lib/i386-linux-gnu/libboost_filesystem.so.1.58.0
59222000-59251000 r-xp 00000000 08:01 1319091    /usr/lib/i386-linux-gnu/libprotobuf-lite.so.9.0.1
59251000-59252000 ---p 0002f000 08:01 1319091    /usr/lib/i386-linux-gnu/libprotobuf-lite.so.9.0.1
59252000-59253000 r--p 0002f000 08:01 1319091    /usr/lib/i386-linux-gnu/libprotobuf-lite.so.9.0.1
59253000-59254000 rw-p 00030000 08:01 1319091    /usr/lib/i386-linux-gnu/libprotobuf-lite.so.9.0.1
59254000-5925b000 r-xp 00000000 08:01 1329979    /usr/lib/i386-linux-gnu/libmircore.so.1
5925b000-5925c000 r--p 00006000 08:01 1329979    /usr/lib/i386-linux-gnu/libmircore.so.1
5925c000-5925d000 rw-p 00007000 08:01 1329979    /usr/lib/i386-linux-gnu/libmircore.so.1
5925d000-592e1000 r-xp 00000000 08:01 1328244    /usr/lib/i386-linux-gnu/libcapnp-0.5.3.so
592e1000-592e2000 ---p 00084000 08:01 1328244    /usr/lib/i386-linux-gnu/libcapnp-0.5.3.so
592e2000-592e4000 r--p 00084000 08:01 1328244    /usr/lib/i386-linux-gnu/libcapnp-0.5.3.so
592e4000-592e5000 rw-p 00086000 08:01 1328244    /usr/lib/i386-linux-gnu/libcapnp-0.5.3.so
592e5000-59353000 r-xp 00000000 08:01 1329981    /usr/lib/i386-linux-gnu/libmirprotobuf.so.3
59353000-59355000 r--p 0006d000 08:01 1329981    /usr/lib/i386-linux-gnu/libmirprotobuf.so.3
59355000-59356000 rw-p 0006f000 08:01 1329981    /usr/lib/i386-linux-gnu/libmirprotobuf.so.3
59356000-59398000 r-xp 00000000 08:01 1329980    /usr/lib/i386-linux-gnu/libmircommon.so.7
59398000-59399000 ---p 00042000 08:01 1329980    /usr/lib/i386-linux-gnu/libmircommon.so.7
59399000-5939a000 r--p 00042000 08:01 1329980    /usr/lib/i386-linux-gnu/libmircommon.so.7
5939a000-5939b000 rw-p 00043000 08:01 1329980    /usr/lib/i386-linux-gnu/libmircommon.so.7
5939b000-593dd000 r-xp 00000000 08:01 1319097    /usr/lib/i386-linux-gnu/libxkbcommon.so.0.0.0
593dd000-593de000 r--p 00041000 08:01 1319097    /usr/lib/i386-linux-gnu/libxkbcommon.so.0.0.0
593de000-593df000 rw-p 00042000 08:01 1319097    /usr/lib/i386-linux-gnu/libxkbcommon.so.0.0.0
593df000-5947f000 r-xp 00000000 08:01 1329984    /usr/lib/i386-linux-gnu/libmirclient.so.9
5947f000-59482000 r--p 0009f000 08:01 1329984    /usr/lib/i386-linux-gnu/libmirclient.so.9
59482000-59483000 rw-p 000a2000 08:01 1329984    /usr/lib/i386-linux-gnu/libmirclient.so.9
59483000-5948f000 r-xp 00000000 08:01 1317064    /usr/lib/i386-linux-gnu/libgbm.so.1.0.0
5948f000-59490000 ---p 0000c000 08:01 1317064    /usr/lib/i386-linux-gnu/libgbm.so.1.0.0
59490000-59491000 r--p 0000c000 08:01 1317064    /usr/lib/i386-linux-gnu/libgbm.so.1.0.0
59491000-59492000 rw-p 0000d000 08:01 1317064    /usr/lib/i386-linux-gnu/libgbm.so.1.0.0
59492000-594a1000 r-xp 00000000 08:01 1319147    /usr/lib/i386-linux-gnu/libwayland-server.so.0.1.0
594a1000-594a2000 r--p 0000e000 08:01 1319147    /usr/lib/i386-linux-gnu/libwayland-server.so.0.1.0
594a2000-594a3000 rw-p 0000f000 08:01 1319147    /usr/lib/i386-linux-gnu/libwayland-server.so.0.1.0
594a3000-594ae000 r-xp 00000000 08:01 1327779    /usr/lib/i386-linux-gnu/libwayland-client.so.0.3.0
594ae000-594af000 ---p 0000b000 08:01 1327779    /usr/lib/i386-linux-gnu/libwayland-client.so.0.3.0
594af000-594b0000 r--p 0000b000 08:01 1327779    /usr/lib/i386-linux-gnu/libwayland-client.so.0.3.0
594b0000-594b1000 rw-p 0000c000 08:01 1327779    /usr/lib/i386-linux-gnu/libwayland-client.so.0.3.0
594b1000-594b8000 r-xp 00000000 08:01 1317188    /usr/lib/i386-linux-gnu/libxcb-xfixes.so.0.0.0
594b8000-594b9000 r--p 00006000 08:01 1317188    /usr/lib/i386-linux-gnu/libxcb-xfixes.so.0.0.0
594b9000-594ba000 rw-p 00007000 08:01 1317188    /usr/lib/i386-linux-gnu/libxcb-xfixes.so.0.0.0
594ba000-594f5000 r-xp 00000000 08:01 1317054    /usr/lib/i386-linux-gnu/mesa-egl/libEGL.so.1.0.0
594f5000-594f6000 ---p 0003b000 08:01 1317054    /usr/lib/i386-linux-gnu/mesa-egl/libEGL.so.1.0.0
594f6000-594f7000 r--p 0003b000 08:01 1317054    /usr/lib/i386-linux-gnu/mesa-egl/libEGL.so.1.0.0
594f7000-594f8000 rw-p 0003c000 08:01 1317054    /usr/lib/i386-linux-gnu/mesa-egl/libEGL.so.1.0.0
594f8000-594fd000 r-xp 00000000 08:01 1337606    /usr/lib/i386-linux-gnu/mesa-egl/libGLESv2.so.2.0.0
594fd000-594fe000 r--p 00004000 08:01 1337606    /usr/lib/i386-linux-gnu/mesa-egl/libGLESv2.so.2.0.0
594fe000-59500000 rwxp 00005000 08:01 1337606    /usr/lib/i386-linux-gnu/mesa-egl/libGLESv2.so.2.0.0
59500000-595ff000 rw-p 00000000 00:00 0 
595ff000-59600000 ---p 00000000 00:00 0 
59600000-59603000 r-xp 00000000 08:01 1317973    /usr/lib/i386-linux-gnu/libboost_system.so.1.58.0
59603000-59604000 r--p 00002000 08:01 1317973    /usr/lib/i386-linux-gnu/libboost_system.so.1.58.0
59604000-59605000 rw-p 00003000 08:01 1317973    /usr/lib/i386-linux-gnu/libboost_system.so.1.58.0
59605000-59608000 ---p 00000000 00:00 0 
59608000-59656000 rw-p 00000000 00:00 0 
59656000-596ff000 r-xp 00000000 08:01 1199425    /home/ubuntu/NetBeansProjects/xProjectCAM/natives/linux-i586/libjogl_desktop.so
596ff000-59700000 rw-p 000a9000 08:01 1199425    /home/ubuntu/NetBeansProjects/xProjectCAM/natives/linux-i586/libjogl_desktop.so
59700000-597f7000 rw-p 00000000 00:00 0 
597f7000-59800000 ---p 00000000 00:00 0 
59800000-59900000 rw-p 00000000 00:00 0 
59900000-599ff000 rw-p 00000000 00:00 0 
599ff000-59a00000 ---p 00000000 00:00 0 
59a00000-59b00000 rw-p 00000000 00:00 0 
59b00000-59c00000 rw-p 00000000 00:00 0 
59c00000-59cfd000 rw-p 00000000 00:00 0 
59cfd000-59d00000 ---p 00000000 00:00 0 
59d01000-59d04000 ---p 00000000 00:00 0 
59d04000-59d52000 rw-p 00000000 00:00 0 
59d52000-59d55000 ---p 00000000 00:00 0 
59d55000-59da3000 rw-p 00000000 00:00 0 
59da3000-59da6000 ---p 00000000 00:00 0 
59da6000-59df4000 rw-p 00000000 00:00 0 
59df4000-59df7000 ---p 00000000 00:00 0 
59df7000-59f45000 rw-p 00000000 00:00 0 
59f45000-59fa7000 r-xp 00000000 08:01 1366666    /usr/lib/jvm/java-8-oracle/jre/lib/i386/libfontmanager.so
59fa7000-59faa000 rw-p 00061000 08:01 1366666    /usr/lib/jvm/java-8-oracle/jre/lib/i386/libfontmanager.so
59faa000-59fae000 rw-p 00000000 00:00 0 
59fae000-59ffa000 r-xp 00000000 08:01 1366674    /usr/lib/jvm/java-8-oracle/jre/lib/i386/libawt_xawt.so
59ffa000-59ffc000 rw-p 0004c000 08:01 1366674    /usr/lib/jvm/java-8-oracle/jre/lib/i386/libawt_xawt.so
59ffc000-59ffd000 rw-p 00000000 00:00 0 
59ffd000-5a083000 r-xp 00000000 08:01 1366646    /usr/lib/jvm/java-8-oracle/jre/lib/i386/libawt.so
5a083000-5a08a000 rw-p 00086000 08:01 1366646    /usr/lib/jvm/java-8-oracle/jre/lib/i386/libawt.so
5a08a000-5a0ae000 rw-p 00000000 00:00 0 
5a0ae000-5a0b1000 ---p 00000000 00:00 0 
5a0b1000-5be00000 rw-p 00000000 00:00 0 
5be00000-5bf00000 rw-p 00000000 00:00 0 
5bf00000-5bffb000 rw-p 00000000 00:00 0 
5bffb000-5c000000 ---p 00000000 00:00 0 
5c01b000-5c01c000 rwxp 00000000 00:00 0 
5c01c000-5c022000 r-xp 00000000 08:01 1199430    /home/ubuntu/NetBeansProjects/xProjectCAM/natives/linux-i586/libnativewindow_x11.so
5c022000-5c023000 rw-p 00005000 08:01 1199430    /home/ubuntu/NetBeansProjects/xProjectCAM/natives/linux-i586/libnativewindow_x11.so
5c023000-5c024000 r-xp 00000000 08:01 1199426    /home/ubuntu/NetBeansProjects/xProjectCAM/natives/linux-i586/libnativewindow_awt.so
5c024000-5c025000 rw-p 00001000 08:01 1199426    /home/ubuntu/NetBeansProjects/xProjectCAM/natives/linux-i586/libnativewindow_awt.so
5c025000-5c026000 r-xp 00000000 08:01 1366684    /usr/lib/jvm/java-8-oracle/jre/lib/i386/libjawt.so
5c026000-5c027000 rw-p 00000000 08:01 1366684    /usr/lib/jvm/java-8-oracle/jre/lib/i386/libjawt.so
5c027000-5c029000 r-xp 00000000 08:01 670588     /tmp/jogamp_0000/file_cache/jln6088202700671666715/jln4796858433531665104/natives/linux-i586/libgluegen-rt.so
5c029000-5c02a000 rw-p 00001000 08:01 670588     /tmp/jogamp_0000/file_cache/jln6088202700671666715/jln4796858433531665104/natives/linux-i586/libgluegen-rt.so
5c02a000-5c039000 r-xp 00000000 08:01 1366668    /usr/lib/jvm/java-8-oracle/jre/lib/i386/libnio.so
5c039000-5c03a000 rw-p 0000e000 08:01 1366668    /usr/lib/jvm/java-8-oracle/jre/lib/i386/libnio.so
5c03a000-5c04f000 r-xp 00000000 08:01 1366644    /usr/lib/jvm/java-8-oracle/jre/lib/i386/libnet.so
5c04f000-5c050000 rw-p 00015000 08:01 1366644    /usr/lib/jvm/java-8-oracle/jre/lib/i386/libnet.so
5c069000-5c06a000 r--p 00000000 00:00 0 
5c06a000-5c06f000 r--s 0009a000 08:01 1365230    /usr/lib/jvm/java-8-oracle/jre/lib/jsse.jar
5c06f000-5c077000 r--s 00000000 08:01 276588     /var/cache/fontconfig/945677eb7aeaf62f1d50efc3fb3ec7d8-le32d4.cache-6
5c077000-5c07b000 r--s 00000000 08:01 271504     /var/cache/fontconfig/2cd17615ca594fa2959ae173292e504c-le32d4.cache-6
5c07b000-5c07c000 r--s 00000000 08:01 278881     /var/cache/fontconfig/0d8c3b2ac0904cb8a57a757ad11a4a08-le32d4.cache-6
5c07c000-5c08b000 r--s 00000000 08:01 271502     /var/cache/fontconfig/04aabc0a78ac019cf9454389977116d2-le32d4.cache-6
5c08b000-5c08c000 r--s 00000000 08:01 278874     /var/cache/fontconfig/1ac9eb803944fde146138c791f5cc56a-le32d4.cache-6
5c08c000-5c08f000 r--s 00000000 08:01 271500     /var/cache/fontconfig/385c0604a188198f04d133e54aba7fe7-le32d4.cache-6
5c08f000-5c090000 r--s 00000000 08:01 278872     /var/cache/fontconfig/dc05db6664285cc2f12bf69c139ae4c3-le32d4.cache-6
5c090000-5c091000 r--s 00000000 08:01 271498     /var/cache/fontconfig/14a5e22175779b556eaa434240950366-le32d4.cache-6
5c091000-5c092000 r--s 00000000 08:01 271496     /var/cache/fontconfig/660208299946a285a940457d1287da33-le32d4.cache-6
5c092000-5c093000 r--s 00000000 08:01 278871     /var/cache/fontconfig/4f3e3037c9980c83b53a9351efadef62-le32d4.cache-6
5c093000-5c095000 r--s 00000000 08:01 278870     /var/cache/fontconfig/767a8244fc0220cfb567a839d0392e0b-le32d4.cache-6
5c095000-5c096000 r--s 00000000 08:01 271494     /var/cache/fontconfig/4794a0821666d79190d59a36cb4f44b5-le32d4.cache-6
5c096000-5c09f000 r--s 00000000 08:01 271492     /var/cache/fontconfig/8801497958630a81b71ace7c5f9b32a8-le32d4.cache-6
5c09f000-5c0a1000 r--s 00000000 08:01 271490     /var/cache/fontconfig/a015930274ffcd967d2ca1b57da47cc7-le32d4.cache-6
5c0a1000-5c0a2000 r--s 00000000 08:01 271488     /var/cache/fontconfig/b872e6e592da6075ffa4ab0a1fcc0c75-le32d4.cache-6
5c0a2000-5c0a3000 r--s 00000000 08:01 271486     /var/cache/fontconfig/f6d4eedfaab2589bde49f7a3ff831d22-le32d4.cache-6
5c0a3000-5c0a4000 r--s 00000000 08:01 271484     /var/cache/fontconfig/589f83ef4c36d296ce6e1c846f468f08-le32d4.cache-6
5c0a4000-5c0a5000 r--s 00000000 08:01 271482     /var/cache/fontconfig/bab58bb527bb656aaa9f116d68a48d89-le32d4.cache-6
5c0a5000-5c0a6000 r--s 00000000 08:01 271480     /var/cache/fontconfig/2171a34dccabdb6bcbbc728186263178-le32d4.cache-6
5c0a6000-5c0a7000 r--s 00000000 08:01 271478     /var/cache/fontconfig/c5c45a61289222e0d30b1a26ef4effbe-le32d4.cache-6
5c0a7000-5c0a8000 r--s 00000000 08:01 271476     /var/cache/fontconfig/aec30016f93e1b46d1a973dce0d74068-le32d4.cache-6
5c0a8000-5c0a9000 r--s 00000000 08:01 271474     /var/cache/fontconfig/3f589640d34b7dc9042c8d453f7c8b9c-le32d4.cache-6
5c0a9000-5c0aa000 r--s 00000000 08:01 271471     /var/cache/fontconfig/16c2fda60d1b4b719f4b3d06fd951d25-le32d4.cache-6
5c0aa000-5c0ab000 r--s 00000000 08:01 271467     /var/cache/fontconfig/a48eab177a16e4f3713381162db2f3e9-le32d4.cache-6
5c0ab000-5c0ac000 r--s 00000000 08:01 271465     /var/cache/fontconfig/564b2e68ac9bc4e36a6f7f6d6125ec1c-le32d4.cache-6
5c0ac000-5c0b1000 r--s 00000000 08:01 271462     /var/cache/fontconfig/3047814df9a2f067bd2d96a2b9c36e5a-le32d4.cache-6
5c0b1000-5c0b2000 r--s 00000000 08:01 278866     /var/cache/fontconfig/56cf4f4769d0f4abc89a4895d7bd3ae1-le32d4.cache-6
5c0b2000-5c0b3000 r--s 00000000 08:01 278865     /var/cache/fontconfig/b9d506c9ac06c20b433354fa67a72993-le32d4.cache-6
5c0b3000-5c0b7000 r--s 00000000 08:01 271460     /var/cache/fontconfig/b47c4e1ecd0709278f4910c18777a504-le32d4.cache-6
5c0b7000-5c0c7000 r--s 00000000 08:01 278863     /var/cache/fontconfig/d52a8644073d54c13679302ca1180695-le32d4.cache-6
5c0c7000-5c0c8000 r--s 00000000 08:01 271458     /var/cache/fontconfig/370e5b74bf5dafc30834de68e24a87a4-le32d4.cache-6
5c0c8000-5c0ca000 r--s 00000000 08:01 271448     /var/cache/fontconfig/f259c2cffa685e28062317905db73c4a-le32d4.cache-6
5c0ca000-5c0d3000 r--s 00000000 08:01 271443     /var/cache/fontconfig/d589a48862398ed80a3d6066f4f56f4c-le32d4.cache-6
5c0d3000-5c0dc000 r--s 00000000 08:01 278860     /var/cache/fontconfig/a0513722a37733a9dfd54dccd328039d-le32d4.cache-6
5c0dc000-5c1dc000 rw-p 00000000 00:00 0 
5c1dc000-5c2dc000 rw-p 00000000 00:00 0 
5c2dc000-5c3dc000 rw-p 00000000 00:00 0 
5c3dc000-5c3df000 ---p 00000000 00:00 0 
5c3df000-5c42d000 rw-p 00000000 00:00 0 
5c42d000-5c4ab000 r-xp 00000000 08:01 1311820    /usr/lib/libxProjectCAMLib.so
5c4ab000-5c4ac000 r--p 0007d000 08:01 1311820    /usr/lib/libxProjectCAMLib.so
5c4ac000-5c4ae000 rw-p 0007e000 08:01 1311820    /usr/lib/libxProjectCAMLib.so
5c4ae000-5c4af000 rw-p 00000000 00:00 0 
5c4af000-5c4b2000 ---p 00000000 00:00 0 
5c4b2000-5c500000 rw-p 00000000 00:00 0 
5c500000-5c596000 rw-p 00000000 00:00 0 
5c596000-5c600000 ---p 00000000 00:00 0 
5c600000-5c601000 r--s 00000000 08:01 271456     /var/cache/fontconfig/6b2c5944714ca7831b25bed9e85cb5c8-le32d4.cache-6
5c601000-5c603000 r--s 00000000 08:01 265095     /var/cache/fontconfig/674d1711f2d1d2a09646eb0bdcadee49-le32d4.cache-6
5c603000-5c605000 r--s 00000000 08:01 271441     /var/cache/fontconfig/099525ddca5eae4f2477b69cf2d7f16d-le32d4.cache-6
5c605000-5c607000 r--s 00000000 08:01 271437     /var/cache/fontconfig/61092ac79d9058a69eda095afa0a78f1-le32d4.cache-6
5c607000-5c609000 r--s 00000000 08:01 271433     /var/cache/fontconfig/a722efc6911bbe16667b1a77497ffd37-le32d4.cache-6
5c609000-5c60b000 r--s 00000000 08:01 271429     /var/cache/fontconfig/d63fdd8e0f42559533dd777c334fdfcc-le32d4.cache-6
5c60b000-5c619000 r--s 00000000 08:01 271388     /var/cache/fontconfig/9b89f8e3dae116d678bbf48e5f21f69b-le32d4.cache-6
5c619000-5c626000 r--s 00000000 08:01 263376     /var/cache/fontconfig/e13b20fdb08344e0e664864cc2ede53d-le32d4.cache-6
5c626000-5c64a000 r--s 0031e000 08:01 1200593    /home/ubuntu/NetBeansProjects/xProjectCAM/dist/run345995181/lib/jogl-all.jar
5c64a000-5c64d000 ---p 00000000 00:00 0 
5c64d000-5c69b000 rw-p 00000000 00:00 0 
5c69b000-5c6a2000 r-xp 00000000 08:01 1314123    /usr/lib/i386-linux-gnu/libogg.so.0.8.2
5c6a2000-5c6a3000 r--p 00006000 08:01 1314123    /usr/lib/i386-linux-gnu/libogg.so.0.8.2
5c6a3000-5c6a4000 rw-p 00007000 08:01 1314123    /usr/lib/i386-linux-gnu/libogg.so.0.8.2
5c6a4000-5c6ce000 r-xp 00000000 08:01 1314141    /usr/lib/i386-linux-gnu/libvorbis.so.0.4.8
5c6ce000-5c6cf000 r--p 00029000 08:01 1314141    /usr/lib/i386-linux-gnu/libvorbis.so.0.4.8
5c6cf000-5c6d0000 rw-p 0002a000 08:01 1314141    /usr/lib/i386-linux-gnu/libvorbis.so.0.4.8
5c6d0000-5c6d9000 r-xp 00000000 08:01 1325645    /usr/lib/i386-linux-gnu/libltdl.so.7.3.1
5c6d9000-5c6da000 ---p 00009000 08:01 1325645    /usr/lib/i386-linux-gnu/libltdl.so.7.3.1
5c6da000-5c6db000 r--p 00009000 08:01 1325645    /usr/lib/i386-linux-gnu/libltdl.so.7.3.1
5c6db000-5c6dc000 rw-p 0000a000 08:01 1325645    /usr/lib/i386-linux-gnu/libltdl.so.7.3.1
5c6dc000-5c6f3000 r-xp 00000000 08:01 1323436    /usr/lib/i386-linux-gnu/libtdb.so.1.3.8
5c6f3000-5c6f4000 r--p 00016000 08:01 1323436    /usr/lib/i386-linux-gnu/libtdb.so.1.3.8
5c6f4000-5c6f5000 rw-p 00017000 08:01 1323436    /usr/lib/i386-linux-gnu/libtdb.so.1.3.8
5c6f5000-5c6fe000 r-xp 00000000 08:01 1314139    /usr/lib/i386-linux-gnu/libvorbisfile.so.3.3.7
5c6fe000-5c6ff000 r--p 00008000 08:01 1314139    /usr/lib/i386-linux-gnu/libvorbisfile.so.3.3.7
5c6ff000-5c700000 rw-p 00009000 08:01 1314139    /usr/lib/i386-linux-gnu/libvorbisfile.so.3.3.7
5c700000-5c7bb000 rw-p 00000000 00:00 0 
5c7bb000-5c800000 ---p 00000000 00:00 0 
5c800000-5c803000 r--s 00000000 08:01 271421     /var/cache/fontconfig/fac9d1061ce4dddb2143955f84876fd7-le32d4.cache-6
5c803000-5c814000 r-xp 00000000 08:01 1323536    /usr/lib/i386-linux-gnu/libcanberra.so.0.2.5
5c814000-5c815000 r--p 00010000 08:01 1323536    /usr/lib/i386-linux-gnu/libcanberra.so.0.2.5
5c815000-5c816000 rw-p 00011000 08:01 1323536    /usr/lib/i386-linux-gnu/libcanberra.so.0.2.5
5c816000-5c81a000 r-xp 00000000 08:01 1332161    /usr/lib/i386-linux-gnu/libcanberra-gtk.so.0.1.9
5c81a000-5c81b000 r--p 00003000 08:01 1332161    /usr/lib/i386-linux-gnu/libcanberra-gtk.so.0.1.9
5c81b000-5c81c000 rw-p 00004000 08:01 1332161    /usr/lib/i386-linux-gnu/libcanberra-gtk.so.0.1.9
5c81c000-5c81d000 r--s 00000000 08:01 271453     /var/cache/fontconfig/d5178ab6d91b49bf20a416737dcea9e8-le32d4.cache-6
5c81d000-5c820000 r--s 00000000 08:01 271396     /var/cache/fontconfig/75114ca45c98e8a441da0ff356701271-le32d4.cache-6
5c820000-5c828000 r--s 00000000 08:01 271392     /var/cache/fontconfig/83bf95040141907cd45bb53cf7c1c148-le32d4.cache-6
5c828000-5c82c000 r--s 00000000 08:01 263708     /var/cache/fontconfig/7ef2298fde41cc6eeb7af42e48b7d293-le32d4.cache-6
5c82c000-5c831000 r-xp 00000000 08:01 1366658    /usr/lib/jvm/java-8-oracle/jre/lib/i386/libjavafx_font_freetype.so
5c831000-5c832000 rw-p 00004000 08:01 1366658    /usr/lib/jvm/java-8-oracle/jre/lib/i386/libjavafx_font_freetype.so
5c832000-5c838000 r--s 0004f000 08:01 1200592    /home/ubuntu/NetBeansProjects/xProjectCAM/dist/run345995181/lib/gluegen-rt.jar
5c838000-5c874000 r-xp 00000000 08:01 1707823    /usr/lib/i386-linux-gnu/gtk-2.0/2.10.0/engines/libmurrine.so
5c874000-5c875000 r--p 0003b000 08:01 1707823    /usr/lib/i386-linux-gnu/gtk-2.0/2.10.0/engines/libmurrine.so
5c875000-5c876000 rw-p 0003c000 08:01 1707823    /usr/lib/i386-linux-gnu/gtk-2.0/2.10.0/engines/libmurrine.so
5c876000-5c89a000 r-xp 00000000 08:01 1366698    /usr/lib/jvm/java-8-oracle/jre/lib/i386/libglass.so
5c89a000-5c89c000 rw-p 00024000 08:01 1366698    /usr/lib/jvm/java-8-oracle/jre/lib/i386/libglass.so
5c89c000-5c8d1000 r-xp 00000000 08:01 1317301    /usr/lib/i386-linux-gnu/libtxc_dxtn_s2tc.so.0.0.0
5c8d1000-5c8d2000 r--p 00034000 08:01 1317301    /usr/lib/i386-linux-gnu/libtxc_dxtn_s2tc.so.0.0.0
5c8d2000-5c8d3000 rw-p 00035000 08:01 1317301    /usr/lib/i386-linux-gnu/libtxc_dxtn_s2tc.so.0.0.0
5c8d3000-5c8d4000 ---p 00000000 00:00 0 
5c8d4000-5d0d4000 rw-p 00000000 00:00 0 
5d0d4000-5d0d5000 ---p 00000000 00:00 0 
5d0d5000-5d8d5000 rw-p 00000000 00:00 0 
5d8d5000-5d8d6000 ---p 00000000 00:00 0 
5d8d6000-5e0d6000 rw-p 00000000 00:00 0 
5e0d6000-5e0d7000 ---p 00000000 00:00 0 
5e0d7000-5e8d7000 rw-p 00000000 00:00 0 
5e8d7000-5e8f1000 r-xp 00000000 08:01 543675     /lib/i386-linux-gnu/libbsd.so.0.8.2
5e8f1000-5e8f2000 r--p 00019000 08:01 543675     /lib/i386-linux-gnu/libbsd.so.0.8.2
5e8f2000-5e8f3000 rw-p 0001a000 08:01 543675     /lib/i386-linux-gnu/libbsd.so.0.8.2
5e8f3000-5e913000 r-xp 00000000 08:01 546403     /lib/i386-linux-gnu/libtinfo.so.5.9
5e913000-5e915000 r--p 0001f000 08:01 546403     /lib/i386-linux-gnu/libtinfo.so.5.9
5e915000-5e916000 rw-p 00021000 08:01 546403     /lib/i386-linux-gnu/libtinfo.so.5.9
5e916000-5e948000 r-xp 00000000 08:01 1314960    /usr/lib/i386-linux-gnu/libedit.so.2.0.53
5e948000-5e949000 ---p 00032000 08:01 1314960    /usr/lib/i386-linux-gnu/libedit.so.2.0.53
5e949000-5e94a000 r--p 00032000 08:01 1314960    /usr/lib/i386-linux-gnu/libedit.so.2.0.53
5e94a000-5e94b000 rw-p 00033000 08:01 1314960    /usr/lib/i386-linux-gnu/libedit.so.2.0.53
5e94b000-5e94d000 rw-p 00000000 00:00 0 
5e94d000-61a05000 r-xp 00000000 08:01 1318039    /usr/lib/i386-linux-gnu/libLLVM-4.0.so.1
61a05000-61c33000 r--p 030b7000 08:01 1318039    /usr/lib/i386-linux-gnu/libLLVM-4.0.so.1
61c33000-61c37000 rw-p 032e5000 08:01 1318039    /usr/lib/i386-linux-gnu/libLLVM-4.0.so.1
61c37000-61c6b000 rw-p 00000000 00:00 0 
61c6b000-61c85000 r-xp 00000000 08:01 1314958    /usr/lib/i386-linux-gnu/libelf-0.165.so
61c85000-61c86000 r--p 00019000 08:01 1314958    /usr/lib/i386-linux-gnu/libelf-0.165.so
61c86000-61c87000 rw-p 0001a000 08:01 1314958    /usr/lib/i386-linux-gnu/libelf-0.165.so
61c87000-61c91000 r-xp 00000000 08:01 1314963    /usr/lib/i386-linux-gnu/libdrm_amdgpu.so.1.0.0
61c91000-61c92000 r--p 00009000 08:01 1314963    /usr/lib/i386-linux-gnu/libdrm_amdgpu.so.1.0.0
61c92000-61c93000 rw-p 0000a000 08:01 1314963    /usr/lib/i386-linux-gnu/libdrm_amdgpu.so.1.0.0
61c93000-61c9f000 r-xp 00000000 08:01 1317266    /usr/lib/i386-linux-gnu/libdrm_radeon.so.1.0.1
61c9f000-61ca0000 r--p 0000b000 08:01 1317266    /usr/lib/i386-linux-gnu/libdrm_radeon.so.1.0.1
61ca0000-61ca1000 rw-p 0000c000 08:01 1317266    /usr/lib/i386-linux-gnu/libdrm_radeon.so.1.0.1
61ca1000-61ca9000 r-xp 00000000 08:01 1345630    /usr/lib/i386-linux-gnu/libdrm_nouveau.so.2.0.0
61ca9000-61caa000 r--p 00007000 08:01 1345630    /usr/lib/i386-linux-gnu/libdrm_nouveau.so.2.0.0
61caa000-61cab000 rw-p 00008000 08:01 1345630    /usr/lib/i386-linux-gnu/libdrm_nouveau.so.2.0.0
61cab000-61cb9000 r-xp 00000000 08:01 1318873    /usr/lib/i386-linux-gnu/libsensors.so.4.4.0
61cb9000-61cba000 r--p 0000d000 08:01 1318873    /usr/lib/i386-linux-gnu/libsensors.so.4.4.0
61cba000-61cbb000 rw-p 0000e000 08:01 1318873    /usr/lib/i386-linux-gnu/libsensors.so.4.4.0
61cbb000-6272c000 r-xp 00000000 08:01 1347980    /usr/lib/i386-linux-gnu/dri/swrast_dri.so
6272c000-6272d000 ---p 00a71000 08:01 1347980    /usr/lib/i386-linux-gnu/dri/swrast_dri.so
6272d000-62752000 r--p 00a71000 08:01 1347980    /usr/lib/i386-linux-gnu/dri/swrast_dri.so
62752000-6275b000 rw-p 00a96000 08:01 1347980    /usr/lib/i386-linux-gnu/dri/swrast_dri.so
6275b000-62950000 rw-p 00000000 00:00 0 
62950000-62957000 r-xp 00000000 08:01 1319001    /usr/lib/i386-linux-gnu/libdatrie.so.1.3.3
62957000-62958000 ---p 00007000 08:01 1319001    /usr/lib/i386-linux-gnu/libdatrie.so.1.3.3
62958000-62959000 r--p 00007000 08:01 1319001    /usr/lib/i386-linux-gnu/libdatrie.so.1.3.3
62959000-6295a000 rw-p 00008000 08:01 1319001    /usr/lib/i386-linux-gnu/libdatrie.so.1.3.3
6295a000-6295f000 r-xp 00000000 08:01 1314596    /usr/lib/i386-linux-gnu/libXdmcp.so.6.0.0
6295f000-62960000 r--p 00004000 08:01 1314596    /usr/lib/i386-linux-gnu/libXdmcp.so.6.0.0
62960000-62961000 rw-p 00005000 08:01 1314596    /usr/lib/i386-linux-gnu/libXdmcp.so.6.0.0
62961000-62963000 r-xp 00000000 08:01 1314590    /usr/lib/i386-linux-gnu/libXau.so.6.0.0
62963000-62964000 r--p 00001000 08:01 1314590    /usr/lib/i386-linux-gnu/libXau.so.6.0.0
62964000-62965000 rw-p 00002000 08:01 1314590    /usr/lib/i386-linux-gnu/libXau.so.6.0.0
62965000-6298a000 r-xp 00000000 08:01 1313463    /usr/lib/i386-linux-gnu/libgraphite2.so.3.0.1
6298a000-6298b000 ---p 00025000 08:01 1313463    /usr/lib/i386-linux-gnu/libgraphite2.so.3.0.1
6298b000-6298c000 r--p 00025000 08:01 1313463    /usr/lib/i386-linux-gnu/libgraphite2.so.3.0.1
6298c000-6298d000 rw-p 00026000 08:01 1313463    /usr/lib/i386-linux-gnu/libgraphite2.so.3.0.1
6298d000-6299e000 r-xp 00000000 08:01 1345646    /usr/lib/i386-linux-gnu/libdrm.so.2.4.0
6299e000-6299f000 r--p 00010000 08:01 1345646    /usr/lib/i386-linux-gnu/libdrm.so.2.4.0
6299f000-629a0000 rw-p 00011000 08:01 1345646    /usr/lib/i386-linux-gnu/libdrm.so.2.4.0
629a0000-629a4000 r-xp 00000000 08:01 1313583    /usr/lib/i386-linux-gnu/libxcb-dri2.so.0.0.0
629a4000-629a5000 r--p 00003000 08:01 1313583    /usr/lib/i386-linux-gnu/libxcb-dri2.so.0.0.0
629a5000-629a6000 rw-p 00004000 08:01 1313583    /usr/lib/i386-linux-gnu/libxcb-dri2.so.0.0.0
629a6000-629be000 r-xp 00000000 08:01 1315203    /usr/lib/i386-linux-gnu/libxcb-glx.so.0.0.0
629be000-629bf000 ---p 00018000 08:01 1315203    /usr/lib/i386-linux-gnu/libxcb-glx.so.0.0.0
629bf000-629c0000 r--p 00018000 08:01 1315203    /usr/lib/i386-linux-gnu/libxcb-glx.so.0.0.0
629c0000-629c1000 rw-p 00019000 08:01 1315203    /usr/lib/i386-linux-gnu/libxcb-glx.so.0.0.0
629c1000-629c2000 r-xp 00000000 08:01 1317255    /usr/lib/i386-linux-gnu/libX11-xcb.so.1.0.0
629c2000-629c3000 r--p 00000000 08:01 1317255    /usr/lib/i386-linux-gnu/libX11-xcb.so.1.0.0
629c3000-629c4000 rw-p 00001000 08:01 1317255    /usr/lib/i386-linux-gnu/libX11-xcb.so.1.0.0
629c4000-629d7000 r-xp 00000000 08:01 1325890    /usr/lib/i386-linux-gnu/libglapi.so.0.0.0
629d7000-629d8000 ---p 00013000 08:01 1325890    /usr/lib/i386-linux-gnu/libglapi.so.0.0.0
629d8000-629da000 r--p 00013000 08:01 1325890    /usr/lib/i386-linux-gnu/libglapi.so.0.0.0
629da000-629e0000 rwxp 00015000 08:01 1325890    /usr/lib/i386-linux-gnu/libglapi.so.0.0.0
629e0000-629e5000 r-xp 00000000 08:01 1323038    /usr/lib/i386-linux-gnu/libxcb-sync.so.1.0.0
629e5000-629e6000 ---p 00005000 08:01 1323038    /usr/lib/i386-linux-gnu/libxcb-sync.so.1.0.0
629e6000-629e7000 r--p 00005000 08:01 1323038    /usr/lib/i386-linux-gnu/libxcb-sync.so.1.0.0
629e7000-629e8000 rw-p 00006000 08:01 1323038    /usr/lib/i386-linux-gnu/libxcb-sync.so.1.0.0
629e8000-629ea000 r-xp 00000000 08:01 1315005    /usr/lib/i386-linux-gnu/libxcb-present.so.0.0.0
629ea000-629eb000 r--p 00001000 08:01 1315005    /usr/lib/i386-linux-gnu/libxcb-present.so.0.0.0
629eb000-629ec000 rw-p 00002000 08:01 1315005    /usr/lib/i386-linux-gnu/libxcb-present.so.0.0.0
629ec000-62a5f000 r-xp 00000000 08:01 549519     /lib/i386-linux-gnu/libpcre.so.3.13.2
62a5f000-62a60000 r--p 00072000 08:01 549519     /lib/i386-linux-gnu/libpcre.so.3.13.2
62a60000-62a61000 rw-p 00073000 08:01 549519     /lib/i386-linux-gnu/libpcre.so.3.13.2
62a61000-62a87000 r-xp 00000000 08:01 524515     /lib/i386-linux-gnu/libexpat.so.1.6.0
62a87000-62a88000 ---p 00026000 08:01 524515     /lib/i386-linux-gnu/libexpat.so.1.6.0
62a88000-62a8a000 r--p 00026000 08:01 524515     /lib/i386-linux-gnu/libexpat.so.1.6.0
62a8a000-62a8b000 rw-p 00028000 08:01 524515     /lib/i386-linux-gnu/libexpat.so.1.6.0
62a8b000-62a94000 r-xp 00000000 08:01 1319005    /usr/lib/i386-linux-gnu/libthai.so.0.2.4
62a94000-62a95000 r--p 00008000 08:01 1319005    /usr/lib/i386-linux-gnu/libthai.so.0.2.4
62a95000-62a96000 rw-p 00009000 08:01 1319005    /usr/lib/i386-linux-gnu/libthai.so.0.2.4
62a96000-62aba000 r-xp 00000000 08:01 1314593    /usr/lib/i386-linux-gnu/libxcb.so.1.1.0
62aba000-62abb000 r--p 00023000 08:01 1314593    /usr/lib/i386-linux-gnu/libxcb.so.1.1.0
62abb000-62abc000 rw-p 00024000 08:01 1314593    /usr/lib/i386-linux-gnu/libxcb.so.1.1.0
62abc000-62ae5000 r-xp 00000000 08:01 549610     /lib/i386-linux-gnu/libpng12.so.0.54.0
62ae5000-62ae6000 r--p 00028000 08:01 549610     /lib/i386-linux-gnu/libpng12.so.0.54.0
62ae6000-62ae7000 rw-p 00029000 08:01 549610     /lib/i386-linux-gnu/libpng12.so.0.54.0
62ae7000-62b90000 r-xp 00000000 08:01 1312402    /usr/lib/i386-linux-gnu/libpixman-1.so.0.33.6
62b90000-62b96000 r--p 000a8000 08:01 1312402    /usr/lib/i386-linux-gnu/libpixman-1.so.0.33.6
62b96000-62b97000 rw-p 000ae000 08:01 1312402    /usr/lib/i386-linux-gnu/libpixman-1.so.0.33.6
62b97000-62bf9000 r-xp 00000000 08:01 1319111    /usr/lib/i386-linux-gnu/libharfbuzz.so.0.10000.1
62bf9000-62bfa000 r--p 00061000 08:01 1319111    /usr/lib/i386-linux-gnu/libharfbuzz.so.0.10000.1
62bfa000-62bfb000 rw-p 00062000 08:01 1319111    /usr/lib/i386-linux-gnu/libharfbuzz.so.0.10000.1
62bfb000-62c1d000 r-xp 00000000 08:01 546459     /lib/i386-linux-gnu/libselinux.so.1
62c1d000-62c1e000 ---p 00022000 08:01 546459     /lib/i386-linux-gnu/libselinux.so.1
62c1e000-62c1f000 r--p 00022000 08:01 546459     /lib/i386-linux-gnu/libselinux.so.1
62c1f000-62c20000 rw-p 00023000 08:01 546459     /lib/i386-linux-gnu/libselinux.so.1
62c20000-62c21000 rw-p 00000000 00:00 0 
62c21000-62c3a000 r-xp 00000000 08:01 524338     /lib/i386-linux-gnu/libz.so.1.2.8
62c3a000-62c3b000 r--p 00018000 08:01 524338     /lib/i386-linux-gnu/libz.so.1.2.8
62c3b000-62c3c000 rw-p 00019000 08:01 524338     /lib/i386-linux-gnu/libz.so.1.2.8
62c3c000-62da9000 r-xp 00000000 08:01 1318002    /usr/lib/i386-linux-gnu/libstdc++.so.6.0.21
62da9000-62daa000 ---p 0016d000 08:01 1318002    /usr/lib/i386-linux-gnu/libstdc++.so.6.0.21
62daa000-62daf000 r--p 0016d000 08:01 1318002    /usr/lib/i386-linux-gnu/libstdc++.so.6.0.21
62daf000-62db0000 rw-p 00172000 08:01 1318002    /usr/lib/i386-linux-gnu/libstdc++.so.6.0.21
62db0000-62db3000 rw-p 00000000 00:00 0 
62db3000-62e1b000 r-xp 00000000 08:01 1315318    /usr/lib/i386-linux-gnu/mesa/libGL.so.1.2.0
62e1b000-62e1c000 ---p 00068000 08:01 1315318    /usr/lib/i386-linux-gnu/mesa/libGL.so.1.2.0
62e1c000-62e1e000 r--p 00068000 08:01 1315318    /usr/lib/i386-linux-gnu/mesa/libGL.so.1.2.0
62e1e000-62e23000 rwxp 0006a000 08:01 1315318    /usr/lib/i386-linux-gnu/mesa/libGL.so.1.2.0
62e23000-62f69000 r-xp 00000000 08:01 1314934    /usr/lib/i386-linux-gnu/libX11.so.6.3.0
62f69000-62f6a000 ---p 00146000 08:01 1314934    /usr/lib/i386-linux-gnu/libX11.so.6.3.0
62f6a000-62f6b000 r--p 00146000 08:01 1314934    /usr/lib/i386-linux-gnu/libX11.so.6.3.0
62f6b000-62f6d000 rw-p 00147000 08:01 1314934    /usr/lib/i386-linux-gnu/libX11.so.6.3.0
62f6d000-62f6e000 rw-p 00000000 00:00 0 
62f6e000-63095000 r-xp 00000000 08:01 546543     /lib/i386-linux-gnu/libglib-2.0.so.0.4800.2
63095000-63096000 r--p 00126000 08:01 546543     /lib/i386-linux-gnu/libglib-2.0.so.0.4800.2
63096000-63097000 rw-p 00127000 08:01 546543     /lib/i386-linux-gnu/libglib-2.0.so.0.4800.2
63097000-630f3000 r-xp 00000000 08:01 1317844    /usr/lib/i386-linux-gnu/libgobject-2.0.so.0.4800.2
630f3000-630f4000 ---p 0005c000 08:01 1317844    /usr/lib/i386-linux-gnu/libgobject-2.0.so.0.4800.2
630f4000-630f5000 r--p 0005c000 08:01 1317844    /usr/lib/i386-linux-gnu/libgobject-2.0.so.0.4800.2
630f5000-630f6000 rw-p 0005d000 08:01 1317844    /usr/lib/i386-linux-gnu/libgobject-2.0.so.0.4800.2
630f6000-63138000 r-xp 00000000 08:01 1317809    /usr/lib/i386-linux-gnu/libfontconfig.so.1.9.0
63138000-63139000 ---p 00042000 08:01 1317809    /usr/lib/i386-linux-gnu/libfontconfig.so.1.9.0
63139000-6313a000 r--p 00042000 08:01 1317809    /usr/lib/i386-linux-gnu/libfontconfig.so.1.9.0
6313a000-6313f000 rw-p 00043000 08:01 1317809    /usr/lib/i386-linux-gnu/libfontconfig.so.1.9.0
6313f000-631ea000 r-xp 00000000 08:01 1315068    /usr/lib/i386-linux-gnu/libfreetype.so.6.12.1
631ea000-631ee000 r--p 000aa000 08:01 1315068    /usr/lib/i386-linux-gnu/libfreetype.so.6.12.1
631ee000-631ef000 rw-p 000ae000 08:01 1315068    /usr/lib/i386-linux-gnu/libfreetype.so.6.12.1
631ef000-6323d000 r-xp 00000000 08:01 1319103    /usr/lib/i386-linux-gnu/libpango-1.0.so.0.3800.1
6323d000-6323e000 ---p 0004e000 08:01 1319103    /usr/lib/i386-linux-gnu/libpango-1.0.so.0.3800.1
6323e000-6323f000 r--p 0004e000 08:01 1319103    /usr/lib/i386-linux-gnu/libpango-1.0.so.0.3800.1
6323f000-63240000 rw-p 0004f000 08:01 1319103    /usr/lib/i386-linux-gnu/libpango-1.0.so.0.3800.1
63240000-6337d000 r-xp 00000000 08:01 1318053    /usr/lib/i386-linux-gnu/libcairo.so.2.11400.6
6337d000-6337f000 r--p 0013c000 08:01 1318053    /usr/lib/i386-linux-gnu/libcairo.so.2.11400.6
6337f000-63380000 rw-p 0013e000 08:01 1318053    /usr/lib/i386-linux-gnu/libcairo.so.2.11400.6
63380000-63381000 rw-p 00000000 00:00 0 
63381000-63545000 r-xp 00000000 08:01 1317845    /usr/lib/i386-linux-gnu/libgio-2.0.so.0.4800.2
63545000-63546000 ---p 001c4000 08:01 1317845    /usr/lib/i386-linux-gnu/libgio-2.0.so.0.4800.2
63546000-63548000 r--p 001c4000 08:01 1317845    /usr/lib/i386-linux-gnu/libgio-2.0.so.0.4800.2
63548000-63549000 rw-p 001c6000 08:01 1317845    /usr/lib/i386-linux-gnu/libgio-2.0.so.0.4800.2
63549000-6354a000 rw-p 00000000 00:00 0 
6354a000-63607000 r-xp 00000000 08:01 1325452    /usr/lib/i386-linux-gnu/libgdk-x11-2.0.so.0.2400.30
63607000-63609000 r--p 000bc000 08:01 1325452    /usr/lib/i386-linux-gnu/libgdk-x11-2.0.so.0.2400.30
63609000-6360a000 rw-p 000be000 08:01 1325452    /usr/lib/i386-linux-gnu/libgdk-x11-2.0.so.0.2400.30
6360a000-63af7000 r-xp 00000000 08:01 1325455    /usr/lib/i386-linux-gnu/libgtk-x11-2.0.so.0.2400.30
63af7000-63af8000 ---p 004ed000 08:01 1325455    /usr/lib/i386-linux-gnu/libgtk-x11-2.0.so.0.2400.30
63af8000-63afc000 r--p 004ed000 08:01 1325455    /usr/lib/i386-linux-gnu/libgtk-x11-2.0.so.0.2400.30
63afc000-63afe000 rw-p 004f1000 08:01 1325455    /usr/lib/i386-linux-gnu/libgtk-x11-2.0.so.0.2400.30
63afe000-63b00000 rw-p 00000000 00:00 0 
63b00000-63bfe000 rw-p 00000000 00:00 0 
63bfe000-63c00000 ---p 00000000 00:00 0 
63c00000-63c01000 r--s 00000000 08:01 271451     /var/cache/fontconfig/551ecf3b0e8b0bca0f25c0944f561853-le32d4.cache-6
63c01000-63c15000 r-xp 00000000 08:01 547953     /lib/i386-linux-gnu/libresolv-2.23.so
63c15000-63c16000 ---p 00014000 08:01 547953     /lib/i386-linux-gnu/libresolv-2.23.so
63c16000-63c17000 r--p 00014000 08:01 547953     /lib/i386-linux-gnu/libresolv-2.23.so
63c17000-63c18000 rw-p 00015000 08:01 547953     /lib/i386-linux-gnu/libresolv-2.23.so
63c18000-63c1a000 rw-p 00000000 00:00 0 
63c6b000-63d00000 r--s 01110000 08:01 1366606    /usr/lib/jvm/java-8-oracle/jre/lib/ext/jfxrt.jar
63d00000-63dfa000 rw-p 00000000 00:00 0 
63dfa000-63e00000 ---p 00000000 00:00 0 
63e00000-63e07000 r-xp 00000000 08:01 1311491    /usr/lib/i386-linux-gnu/libffi.so.6.0.4
63e07000-63e08000 r--p 00006000 08:01 1311491    /usr/lib/i386-linux-gnu/libffi.so.6.0.4
63e08000-63e09000 rw-p 00007000 08:01 1311491    /usr/lib/i386-linux-gnu/libffi.so.6.0.4
63e09000-63e0a000 ---p 00000000 00:00 0 
63e0a000-63e8a000 rw-p 00000000 00:00 0 
63e8a000-63e8d000 ---p 00000000 00:00 0 
63e8d000-63edb000 rw-p 00000000 00:00 0 
63edb000-63ede000 ---p 00000000 00:00 0 
63ede000-63f5c000 rw-p 00000000 00:00 0 
63f5c000-63f5f000 ---p 00000000 00:00 0 
63f5f000-63fdd000 rw-p 00000000 00:00 0 
63fdd000-63fe0000 ---p 00000000 00:00 0 
63fe0000-6405e000 rw-p 00000000 00:00 0 
6405e000-64061000 ---p 00000000 00:00 0 
64061000-640af000 rw-p 00000000 00:00 0 
640af000-640b2000 ---p 00000000 00:00 0 
640b2000-64100000 rw-p 00000000 00:00 0 
64100000-64121000 rw-p 00000000 00:00 0 
64121000-64200000 ---p 00000000 00:00 0 
64200000-64201000 r--s 00000000 08:01 271446     /var/cache/fontconfig/550f3886151c940c12a5ed35f6a00586-le32d4.cache-6
64201000-64202000 r--s 00000000 08:01 271425     /var/cache/fontconfig/30829fa25452a46451e813d634d7f916-le32d4.cache-6
64202000-6420b000 r-xp 00000000 08:01 1314599    /usr/lib/i386-linux-gnu/libxcb-render.so.0.0.0
6420b000-6420c000 r--p 00008000 08:01 1314599    /usr/lib/i386-linux-gnu/libxcb-render.so.0.0.0
6420c000-6420d000 rw-p 00009000 08:01 1314599    /usr/lib/i386-linux-gnu/libxcb-render.so.0.0.0
6420d000-64210000 ---p 00000000 00:00 0 
64210000-6425e000 rw-p 00000000 00:00 0 
6425e000-64261000 ---p 00000000 00:00 0 
64261000-642af000 rw-p 00000000 00:00 0 
642af000-642b2000 ---p 00000000 00:00 0 
642b2000-64300000 rw-p 00000000 00:00 0 
64300000-643ff000 rw-p 00000000 00:00 0 
643ff000-64400000 ---p 00000000 00:00 0 
64400000-64401000 r--s 00000000 08:01 271416     /var/cache/fontconfig/0c9eb80ebd1c36541ebe2852d3bb0c49-le32d4.cache-6
64401000-64414000 r-xp 00000000 08:01 1314940    /usr/lib/i386-linux-gnu/libXext.so.6.4.0
64414000-64415000 r--p 00012000 08:01 1314940    /usr/lib/i386-linux-gnu/libXext.so.6.4.0
64415000-64416000 rw-p 00013000 08:01 1314940    /usr/lib/i386-linux-gnu/libXext.so.6.4.0
64416000-6441f000 r-xp 00000000 08:01 1317279    /usr/lib/i386-linux-gnu/libXcursor.so.1.0.2
6441f000-64420000 r--p 00008000 08:01 1317279    /usr/lib/i386-linux-gnu/libXcursor.so.1.0.2
64420000-64421000 rw-p 00009000 08:01 1317279    /usr/lib/i386-linux-gnu/libXcursor.so.1.0.2
64421000-6442c000 r-xp 00000000 08:01 1324240    /usr/lib/i386-linux-gnu/libXrandr.so.2.2.0
6442c000-6442d000 r--p 0000a000 08:01 1324240    /usr/lib/i386-linux-gnu/libXrandr.so.2.2.0
6442d000-6442e000 rw-p 0000b000 08:01 1324240    /usr/lib/i386-linux-gnu/libXrandr.so.2.2.0
6442e000-64431000 ---p 00000000 00:00 0 
64431000-6447f000 rw-p 00000000 00:00 0 
6447f000-64480000 ---p 00000000 00:00 0 
64480000-64500000 rw-p 00000000 00:00 0 
64500000-645fc000 rw-p 00000000 00:00 0 
645fc000-64600000 ---p 00000000 00:00 0 
64600000-64601000 r--s 00000000 08:01 271412     /var/cache/fontconfig/22368d551a680bfe5a62c02760edf4ea-le32d4.cache-6
64601000-64602000 r--s 00000000 08:01 271408     /var/cache/fontconfig/4d9c95eba1cb85bbcf2878543262124a-le32d4.cache-6
64602000-64604000 r-xp 00000000 08:01 1313615    /usr/lib/i386-linux-gnu/libxcb-dri3.so.0.0.0
64604000-64605000 r--p 00001000 08:01 1313615    /usr/lib/i386-linux-gnu/libxcb-dri3.so.0.0.0
64605000-64606000 rw-p 00002000 08:01 1313615    /usr/lib/i386-linux-gnu/libxcb-dri3.so.0.0.0
64606000-64608000 r-xp 00000000 08:01 1314938    /usr/lib/i386-linux-gnu/libxcb-shm.so.0.0.0
64608000-64609000 r--p 00001000 08:01 1314938    /usr/lib/i386-linux-gnu/libxcb-shm.so.0.0.0
64609000-6460a000 rw-p 00002000 08:01 1314938    /usr/lib/i386-linux-gnu/libxcb-shm.so.0.0.0
6460a000-6461b000 r-xp 00000000 08:01 1317424    /usr/lib/i386-linux-gnu/libXi.so.6.1.0
6461b000-6461c000 r--p 00010000 08:01 1317424    /usr/lib/i386-linux-gnu/libXi.so.6.1.0
6461c000-6461d000 rw-p 00011000 08:01 1317424    /usr/lib/i386-linux-gnu/libXi.so.6.1.0
6461d000-64627000 r-xp 00000000 08:01 1314605    /usr/lib/i386-linux-gnu/libXrender.so.1.3.0
64627000-64628000 r--p 00009000 08:01 1314605    /usr/lib/i386-linux-gnu/libXrender.so.1.3.0
64628000-64629000 rw-p 0000a000 08:01 1314605    /usr/lib/i386-linux-gnu/libXrender.so.1.3.0
64629000-64645000 r-xp 00000000 08:01 549621     /lib/i386-linux-gnu/libgcc_s.so.1
64645000-64646000 rw-p 0001b000 08:01 549621     /lib/i386-linux-gnu/libgcc_s.so.1
64646000-64820000 r--s 03d4d000 08:01 1366594    /usr/lib/jvm/java-8-oracle/jre/lib/rt.jar
64820000-64c66000 rw-p 00000000 00:00 0 
64c66000-64c6c000 ---p 00000000 00:00 0 
64c6c000-67000000 rw-p 00000000 00:00 0 
67000000-670e9000 rw-p 00000000 00:00 0 
670e9000-67100000 ---p 00000000 00:00 0 
67100000-67101000 r-xp 00000000 08:01 1313660    /usr/lib/i386-linux-gnu/libxshmfence.so.1.0.0
67101000-67102000 r--p 00000000 08:01 1313660    /usr/lib/i386-linux-gnu/libxshmfence.so.1.0.0
67102000-67103000 rw-p 00001000 08:01 1313660    /usr/lib/i386-linux-gnu/libxshmfence.so.1.0.0
67103000-67105000 r-xp 00000000 08:01 1313623    /usr/lib/i386-linux-gnu/libXdamage.so.1.1.0
67105000-67106000 r--p 00001000 08:01 1313623    /usr/lib/i386-linux-gnu/libXdamage.so.1.1.0
67106000-67107000 rw-p 00002000 08:01 1313623    /usr/lib/i386-linux-gnu/libXdamage.so.1.1.0
67107000-6712e000 r-xp 00000000 08:01 1331938    /usr/lib/i386-linux-gnu/libgdk_pixbuf-2.0.so.0.3200.2
6712e000-6712f000 r--p 00026000 08:01 1331938    /usr/lib/i386-linux-gnu/libgdk_pixbuf-2.0.so.0.3200.2
6712f000-67130000 rw-p 00027000 08:01 1331938    /usr/lib/i386-linux-gnu/libgdk_pixbuf-2.0.so.0.3200.2
67130000-6717f000 rw-p 00000000 00:00 0 
6717f000-67180000 ---p 00000000 00:00 0 
67180000-67200000 rw-p 00000000 00:00 0 
67200000-67300000 rw-p 00000000 00:00 0 
67300000-673f1000 rw-p 00000000 00:00 0 
673f1000-67400000 ---p 00000000 00:00 0 
67400000-67402000 r-xp 00000000 08:01 1319141    /usr/lib/i386-linux-gnu/libXcomposite.so.1.0.0
67402000-67403000 r--p 00001000 08:01 1319141    /usr/lib/i386-linux-gnu/libXcomposite.so.1.0.0
67403000-67404000 rw-p 00002000 08:01 1319141    /usr/lib/i386-linux-gnu/libXcomposite.so.1.0.0
67404000-67406000 r-xp 00000000 08:01 1317285    /usr/lib/i386-linux-gnu/libXinerama.so.1.0.0
67406000-67407000 r--p 00001000 08:01 1317285    /usr/lib/i386-linux-gnu/libXinerama.so.1.0.0
67407000-67408000 rw-p 00002000 08:01 1317285    /usr/lib/i386-linux-gnu/libXinerama.so.1.0.0
67408000-6740d000 r-xp 00000000 08:01 1317362    /usr/lib/i386-linux-gnu/libXfixes.so.3.1.0
6740d000-6740e000 r--p 00004000 08:01 1317362    /usr/lib/i386-linux-gnu/libXfixes.so.3.1.0
6740e000-6740f000 rw-p 00005000 08:01 1317362    /usr/lib/i386-linux-gnu/libXfixes.so.3.1.0
6740f000-67414000 r-xp 00000000 08:01 1317290    /usr/lib/i386-linux-gnu/libXxf86vm.so.1.0.0
67414000-67415000 r--p 00004000 08:01 1317290    /usr/lib/i386-linux-gnu/libXxf86vm.so.1.0.0
67415000-67416000 rw-p 00005000 08:01 1317290    /usr/lib/i386-linux-gnu/libXxf86vm.so.1.0.0
67416000-67422000 r-xp 00000000 08:01 1319107    /usr/lib/i386-linux-gnu/libpangocairo-1.0.so.0.3800.1
67422000-67423000 r--p 0000b000 08:01 1319107    /usr/lib/i386-linux-gnu/libpangocairo-1.0.so.0.3800.1
67423000-67424000 rw-p 0000c000 08:01 1319107    /usr/lib/i386-linux-gnu/libpangocairo-1.0.so.0.3800.1
67424000-6747f000 rw-p 00000000 00:00 0 
6747f000-67480000 ---p 00000000 00:00 0 
67480000-67500000 rw-p 00000000 00:00 0 
67500000-675ff000 rw-p 00000000 00:00 0 
675ff000-67600000 ---p 00000000 00:00 0 
67600000-67601000 r--s 00000000 08:01 278853     /var/cache/fontconfig/85e0a52ce643a7ba2ae53e5d6949cead-le32d4.cache-6
67601000-67606000 r-xp 00000000 08:01 1317291    /usr/lib/i386-linux-gnu/libXtst.so.6.1.0
67606000-67607000 r--p 00004000 08:01 1317291    /usr/lib/i386-linux-gnu/libXtst.so.6.1.0
67607000-67608000 rw-p 00005000 08:01 1317291    /usr/lib/i386-linux-gnu/libXtst.so.6.1.0
67608000-67609000 r-xp 00000000 08:01 1317843    /usr/lib/i386-linux-gnu/libgthread-2.0.so.0.4800.2
67609000-6760a000 r--p 00000000 08:01 1317843    /usr/lib/i386-linux-gnu/libgthread-2.0.so.0.4800.2
6760a000-6760b000 rw-p 00001000 08:01 1317843    /usr/lib/i386-linux-gnu/libgthread-2.0.so.0.4800.2
6760b000-6762f000 r-xp 00000000 08:01 1318049    /usr/lib/i386-linux-gnu/libatk-1.0.so.0.21809.1
6762f000-67631000 r--p 00023000 08:01 1318049    /usr/lib/i386-linux-gnu/libatk-1.0.so.0.21809.1
67631000-67632000 rw-p 00025000 08:01 1318049    /usr/lib/i386-linux-gnu/libatk-1.0.so.0.21809.1
67632000-67633000 ---p 00000000 00:00 0 
67633000-676c9000 rw-p 00000000 00:00 0 
676c9000-67805000 ---p 00000000 00:00 0 
67805000-6781b000 rw-p 00000000 00:00 0 
6781b000-67956000 ---p 00000000 00:00 0 
67956000-6796a000 rw-p 00000000 00:00 0 
6796a000-679ff000 ---p 00000000 00:00 0 
679ff000-6a4c0000 rw-p 00000000 00:00 0 
6a4c0000-91cc0000 ---p 00000000 00:00 0 
91cc0000-94240000 rw-p 00000000 00:00 0 
94240000-a6e00000 ---p 00000000 00:00 0 
a6e00000-a6e01000 r--s 00000000 08:01 271404     /var/cache/fontconfig/49f0de54bdd920fe4f0dfd4cbac43e6b-le32d4.cache-6
a6e01000-a6e02000 r--s 00000000 08:01 265025     /var/cache/fontconfig/f6e6e0a5c3d2f6ae0c0c2e0ecd42a997-le32d4.cache-6
a6e02000-a6e18000 r-xp 00000000 08:01 1319127    /usr/lib/i386-linux-gnu/libpangoft2-1.0.so.0.3800.1
a6e18000-a6e19000 r--p 00015000 08:01 1319127    /usr/lib/i386-linux-gnu/libpangoft2-1.0.so.0.3800.1
a6e19000-a6e1a000 rw-p 00016000 08:01 1319127    /usr/lib/i386-linux-gnu/libpangoft2-1.0.so.0.3800.1
a6e1a000-a6e1b000 r--s 00000000 08:01 271400     /var/cache/fontconfig/4b2eda6bb976bda485cb2176619421d5-le32d4.cache-6
a6e1b000-a6e1e000 r-xp 00000000 08:01 1366700    /usr/lib/jvm/java-8-oracle/jre/lib/i386/libjavafx_font.so
a6e1e000-a6e1f000 rw-p 00002000 08:01 1366700    /usr/lib/jvm/java-8-oracle/jre/lib/i386/libjavafx_font.so
a6e1f000-a6e24000 r-xp 00000000 08:01 262374     /usr/lib/i386-linux-gnu/gtk-2.0/modules/libcanberra-gtk-module.so
a6e24000-a6e25000 r--p 00004000 08:01 262374     /usr/lib/i386-linux-gnu/gtk-2.0/modules/libcanberra-gtk-module.so
a6e25000-a6e26000 rw-p 00005000 08:01 262374     /usr/lib/i386-linux-gnu/gtk-2.0/modules/libcanberra-gtk-module.so
a6e26000-a6e35000 r-xp 00000000 08:01 1366656    /usr/lib/jvm/java-8-oracle/jre/lib/i386/libprism_sw.so
a6e35000-a6e36000 rw-p 0000f000 08:01 1366656    /usr/lib/jvm/java-8-oracle/jre/lib/i386/libprism_sw.so
a6e36000-a6e4e000 rw-p 00000000 00:00 0 
a6e4e000-a6e4f000 ---p 00000000 00:00 0 
a6e4f000-a6eda000 rw-p 00000000 00:00 0 
a6eda000-a728f000 ---p 00000000 00:00 0 
a728f000-a7527000 rwxp 00000000 00:00 0 
a7527000-b628f000 ---p 00000000 00:00 0 
b628f000-b62a8000 r-xp 00000000 08:01 1366671    /usr/lib/jvm/java-8-oracle/jre/lib/i386/libzip.so
b62a8000-b62a9000 rw-p 00019000 08:01 1366671    /usr/lib/jvm/java-8-oracle/jre/lib/i386/libzip.so
b62a9000-b62b4000 r-xp 00000000 08:01 529614     /lib/i386-linux-gnu/libnss_files-2.23.so
b62b4000-b62b5000 r--p 0000a000 08:01 529614     /lib/i386-linux-gnu/libnss_files-2.23.so
b62b5000-b62b6000 rw-p 0000b000 08:01 529614     /lib/i386-linux-gnu/libnss_files-2.23.so
b62b6000-b62bc000 rw-p 00000000 00:00 0 
b62bc000-b62c7000 r-xp 00000000 08:01 547027     /lib/i386-linux-gnu/libnss_nis-2.23.so
b62c7000-b62c8000 r--p 0000a000 08:01 547027     /lib/i386-linux-gnu/libnss_nis-2.23.so
b62c8000-b62c9000 rw-p 0000b000 08:01 547027     /lib/i386-linux-gnu/libnss_nis-2.23.so
b62c9000-b62e0000 r-xp 00000000 08:01 529608     /lib/i386-linux-gnu/libnsl-2.23.so
b62e0000-b62e1000 r--p 00016000 08:01 529608     /lib/i386-linux-gnu/libnsl-2.23.so
b62e1000-b62e2000 rw-p 00017000 08:01 529608     /lib/i386-linux-gnu/libnsl-2.23.so
b62e2000-b62e4000 rw-p 00000000 00:00 0 
b62e4000-b62e6000 r--s 00000000 08:01 1200591    /home/ubuntu/NetBeansProjects/xProjectCAM/dist/run345995181/lib/gluegen-rt-natives-linux-i586.jar
b62e6000-b62e9000 r-xp 00000000 08:01 1317842    /usr/lib/i386-linux-gnu/libgmodule-2.0.so.0.4800.2
b62e9000-b62ea000 r--p 00002000 08:01 1317842    /usr/lib/i386-linux-gnu/libgmodule-2.0.so.0.4800.2
b62ea000-b62eb000 rw-p 00003000 08:01 1317842    /usr/lib/i386-linux-gnu/libgmodule-2.0.so.0.4800.2
b62eb000-b62f6000 r-xp 00000000 08:01 1366645    /usr/lib/jvm/java-8-oracle/jre/lib/i386/libprism_es2.so
b62f6000-b62f7000 rw-p 0000a000 08:01 1366645    /usr/lib/jvm/java-8-oracle/jre/lib/i386/libprism_es2.so
b62f7000-b62f8000 r--s 00001000 08:01 1200636    /home/ubuntu/NetBeansProjects/xProjectCAM/dist/run345995181/xProjectCAM-JOL.jar
b62f8000-b6300000 rw-s 00000000 08:01 670610     /tmp/hsperfdata_root/316
b6300000-b6500000 r--p 00000000 08:01 1357384    /usr/lib/locale/locale-archive
b6500000-b65fd000 rw-p 00000000 00:00 0 
b65fd000-b6600000 ---p 00000000 00:00 0 
b6600000-b6603000 r-xp 00000000 08:01 1366678    /usr/lib/jvm/java-8-oracle/jre/lib/i386/libdt_socket.so
b6603000-b6604000 rw-p 00003000 08:01 1366678    /usr/lib/jvm/java-8-oracle/jre/lib/i386/libdt_socket.so
b6604000-b663b000 r-xp 00000000 08:01 1366672    /usr/lib/jvm/java-8-oracle/jre/lib/i386/libjdwp.so
b663b000-b663c000 rw-p 00037000 08:01 1366672    /usr/lib/jvm/java-8-oracle/jre/lib/i386/libjdwp.so
b663c000-b6660000 r-xp 00000000 08:01 1366638    /usr/lib/jvm/java-8-oracle/jre/lib/i386/libjava.so
b6660000-b6661000 rw-p 00024000 08:01 1366638    /usr/lib/jvm/java-8-oracle/jre/lib/i386/libjava.so
b6661000-b6668000 r-xp 00000000 08:01 547029     /lib/i386-linux-gnu/librt-2.23.so
b6668000-b6669000 r--p 00006000 08:01 547029     /lib/i386-linux-gnu/librt-2.23.so
b6669000-b666a000 rw-p 00007000 08:01 547029     /lib/i386-linux-gnu/librt-2.23.so
b666a000-b666d000 ---p 00000000 00:00 0 
b666d000-b66bb000 rw-p 00000000 00:00 0 
b66bb000-b670e000 r-xp 00000000 08:01 547956     /lib/i386-linux-gnu/libm-2.23.so
b670e000-b670f000 r--p 00052000 08:01 547956     /lib/i386-linux-gnu/libm-2.23.so
b670f000-b6710000 rw-p 00053000 08:01 547956     /lib/i386-linux-gnu/libm-2.23.so
b6710000-b70a1000 r-xp 00000000 08:01 1366653    /usr/lib/jvm/java-8-oracle/jre/lib/i386/server/libjvm.so
b70a1000-b710f000 rw-p 00990000 08:01 1366653    /usr/lib/jvm/java-8-oracle/jre/lib/i386/server/libjvm.so
b710f000-b7538000 rw-p 00000000 00:00 0 
b7538000-b76e8000 r-xp 00000000 08:01 548079     /lib/i386-linux-gnu/libc-2.23.so
b76e8000-b76ea000 r--p 001af000 08:01 548079     /lib/i386-linux-gnu/libc-2.23.so
b76ea000-b76eb000 rw-p 001b1000 08:01 548079     /lib/i386-linux-gnu/libc-2.23.so
b76eb000-b76ee000 rw-p 00000000 00:00 0 
b76ee000-b76f1000 r-xp 00000000 08:01 547145     /lib/i386-linux-gnu/libdl-2.23.so
b76f1000-b76f2000 r--p 00002000 08:01 547145     /lib/i386-linux-gnu/libdl-2.23.so
b76f2000-b76f3000 rw-p 00003000 08:01 547145     /lib/i386-linux-gnu/libdl-2.23.so
b76f3000-b7707000 r-xp 00000000 08:01 1366680    /usr/lib/jvm/java-8-oracle/jre/lib/i386/jli/libjli.so
b7707000-b7708000 rw-p 00014000 08:01 1366680    /usr/lib/jvm/java-8-oracle/jre/lib/i386/jli/libjli.so
b7708000-b7721000 r-xp 00000000 08:01 546475     /lib/i386-linux-gnu/libpthread-2.23.so
b7721000-b7722000 r--p 00018000 08:01 546475     /lib/i386-linux-gnu/libpthread-2.23.so
b7722000-b7723000 rw-p 00019000 08:01 546475     /lib/i386-linux-gnu/libpthread-2.23.so
b7723000-b7725000 rw-p 00000000 00:00 0 
b7725000-b772d000 r-xp 00000000 08:01 547146     /lib/i386-linux-gnu/libnss_compat-2.23.so
b772d000-b772e000 r--p 00007000 08:01 547146     /lib/i386-linux-gnu/libnss_compat-2.23.so
b772e000-b772f000 rw-p 00008000 08:01 547146     /lib/i386-linux-gnu/libnss_compat-2.23.so
b772f000-b7730000 r--p 002d4000 08:01 1357384    /usr/lib/locale/locale-archive
b7730000-b7732000 r-xp 00000000 08:01 1366642    /usr/lib/jvm/java-8-oracle/jre/lib/i386/libnpt.so
b7732000-b7733000 rw-p 00001000 08:01 1366642    /usr/lib/jvm/java-8-oracle/jre/lib/i386/libnpt.so
b7733000-b7734000 rw-p 00000000 00:00 0 
b7734000-b7735000 ---p 00000000 00:00 0 
b7735000-b7740000 r-xp 00000000 08:01 1366709    /usr/lib/jvm/java-8-oracle/jre/lib/i386/libverify.so
b7740000-b7741000 rw-p 0000b000 08:01 1366709    /usr/lib/jvm/java-8-oracle/jre/lib/i386/libverify.so
b7741000-b7743000 rw-p 00000000 00:00 0 
b7743000-b7745000 r--p 00000000 00:00 0          [vvar]
b7745000-b7746000 r-xp 00000000 00:00 0          [vdso]
b7746000-b7768000 r-xp 00000000 08:01 529610     /lib/i386-linux-gnu/ld-2.23.so
b7768000-b7769000 rw-p 00000000 00:00 0 
b7769000-b776a000 r--p 00022000 08:01 529610     /lib/i386-linux-gnu/ld-2.23.so
b776a000-b776b000 rw-p 00023000 08:01 529610     /lib/i386-linux-gnu/ld-2.23.so
bfc8e000-bfcaf000 rw-p 00000000 00:00 0          [stack]

VM Arguments:
jvm_args: -Xdebug -Xrunjdwp:transport=dt_socket,address=localhost:33174 -Dglass.disableGrab=true -Dfile.encoding=UTF-8 
java_command: /home/ubuntu/NetBeansProjects/xProjectCAM/dist/run345995181/xProjectCAM-JOL.jar
java_class_path (initial): /home/ubuntu/NetBeansProjects/xProjectCAM/dist/run345995181/xProjectCAM-JOL.jar
Launcher Type: SUN_STANDARD

Environment Variables:
PATH=/usr/local/sbin:/usr/local/bin:/usr/sbin:/usr/bin:/sbin:/bin:/snap/bin
USERNAME=root
LD_LIBRARY_PATH=/usr/lib/jvm/java-8-oracle/jre/lib/amd64:/usr/lib/jvm/java-8-oracle/jre/lib/i386:
SHELL=/bin/bash
DISPLAY=:0

Signal Handlers:
SIGSEGV: [libjvm.so+0x8dbed0], sa_mask[0]=11111111011111111101111111111110, sa_flags=SA_RESTART|SA_SIGINFO
SIGBUS: [libjvm.so+0x8dbed0], sa_mask[0]=11111111011111111101111111111110, sa_flags=SA_RESTART|SA_SIGINFO
SIGFPE: [libjvm.so+0x758b80], sa_mask[0]=11111111011111111101111111111110, sa_flags=SA_RESTART|SA_SIGINFO
SIGPIPE: SIG_IGN, sa_mask[0]=00000000000010000000000000000000, sa_flags=SA_RESTART
SIGXFSZ: [libjvm.so+0x758b80], sa_mask[0]=11111111011111111101111111111110, sa_flags=SA_RESTART|SA_SIGINFO
SIGILL: [libjvm.so+0x758b80], sa_mask[0]=11111111011111111101111111111110, sa_flags=SA_RESTART|SA_SIGINFO
SIGUSR1: SIG_DFL, sa_mask[0]=00000000000000000000000000000000, sa_flags=none
SIGUSR2: [libjvm.so+0x75a430], sa_mask[0]=00100000000000000000000000000000, sa_flags=SA_RESTART|SA_SIGINFO
SIGHUP: [libjvm.so+0x75b8e0], sa_mask[0]=11111111011111111101111111111110, sa_flags=SA_RESTART|SA_SIGINFO
SIGINT: SIG_IGN, sa_mask[0]=00000000000000000000000000000000, sa_flags=none
SIGTERM: [libjvm.so+0x75b8e0], sa_mask[0]=11111111011111111101111111111110, sa_flags=SA_RESTART|SA_SIGINFO
SIGQUIT: [libjvm.so+0x75b8e0], sa_mask[0]=11111111011111111101111111111110, sa_flags=SA_RESTART|SA_SIGINFO


---------------  S Y S T E M  ---------------

OS:DISTRIB_ID=Ubuntu
DISTRIB_RELEASE=16.04
DISTRIB_CODENAME=xenial
DISTRIB_DESCRIPTION="Ubuntu 16.04.3 LTS"

uname:Linux 4.4.0-96-generic #119-Ubuntu SMP Tue Sep 12 14:58:51 UTC 2017 i686
libc:glibc 2.23 NPTL 2.23 
rlimit: STACK 8192k, CORE 0k, NPROC 32038, NOFILE 1048576, AS infinity
load average:0.66 0.77 0.80

/proc/meminfo:
MemTotal:        4138752 kB
MemFree:          721372 kB
MemAvailable:    2035060 kB
Buffers:          243192 kB
Cached:          1154764 kB
SwapCached:         4064 kB
Active:          2400176 kB
Inactive:         564984 kB
Active(anon):    1461916 kB
Inactive(anon):   128964 kB
Active(file):     938260 kB
Inactive(file):   436020 kB
Unevictable:          32 kB
Mlocked:              32 kB
HighTotal:       3280840 kB
HighFree:         573860 kB
LowTotal:         857912 kB
LowFree:          147512 kB
SwapTotal:       4192252 kB
SwapFree:        4161472 kB
Dirty:                56 kB
Writeback:             0 kB
AnonPages:       1564476 kB
Mapped:           253048 kB
Shmem:             23668 kB
Slab:             406308 kB
SReclaimable:     384296 kB
SUnreclaim:        22012 kB
KernelStack:        4696 kB
PageTables:        13160 kB
NFS_Unstable:          0 kB
Bounce:                0 kB
WritebackTmp:          0 kB
CommitLimit:     6261628 kB
Committed_AS:    4942668 kB
VmallocTotal:     122880 kB
VmallocUsed:           0 kB
VmallocChunk:          0 kB
AnonHugePages:    927744 kB
CmaTotal:              0 kB
CmaFree:               0 kB
HugePages_Total:       0
HugePages_Free:        0
HugePages_Rsvd:        0
HugePages_Surp:        0
Hugepagesize:       2048 kB
DirectMap4k:       32760 kB
DirectMap2M:      880640 kB


CPU:total 4 (initial active 4) (4 cores per cpu, 1 threads per core) family 6 model 42 stepping 7, cmov, cx8, fxsr, mmx, sse, sse2, sse3, ssse3, sse4.1, sse4.2, popcnt, avx, aes, clmul, tsc, tscinvbit

/proc/cpuinfo:
processor	: 0
vendor_id	: GenuineIntel
cpu family	: 6
model		: 42
model name	: Intel(R) Core(TM) i7-2630QM CPU @ 2.00GHz
stepping	: 7
cpu MHz		: 2026.088
cache size	: 6144 KB
physical id	: 0
siblings	: 4
core id		: 0
cpu cores	: 4
apicid		: 0
initial apicid	: 0
fdiv_bug	: no
f00f_bug	: no
coma_bug	: no
fpu		: yes
fpu_exception	: yes
cpuid level	: 13
wp		: yes
flags		: fpu vme de pse tsc msr pae mce cx8 apic sep mtrr pge mca cmov pat pse36 clflush mmx fxsr sse sse2 ht nx rdtscp constant_tsc xtopology nonstop_tsc pni pclmulqdq ssse3 cx16 sse4_1 sse4_2 x2apic popcnt aes xsave avx hypervisor lahf_lm
bugs		:
bogomips	: 4052.17
clflush size	: 64
cache_alignment	: 64
address sizes	: 36 bits physical, 48 bits virtual
power management:

processor	: 1
vendor_id	: GenuineIntel
cpu family	: 6
model		: 42
model name	: Intel(R) Core(TM) i7-2630QM CPU @ 2.00GHz
stepping	: 7
cpu MHz		: 2026.088
cache size	: 6144 KB
physical id	: 0
siblings	: 4
core id		: 1
cpu cores	: 4
apicid		: 1
initial apicid	: 1
fdiv_bug	: no
f00f_bug	: no
coma_bug	: no
fpu		: yes
fpu_exception	: yes
cpuid level	: 13
wp		: yes
flags		: fpu vme de pse tsc msr pae mce cx8 apic sep mtrr pge mca cmov pat pse36 clflush mmx fxsr sse sse2 ht nx rdtscp constant_tsc xtopology nonstop_tsc pni pclmulqdq ssse3 cx16 sse4_1 sse4_2 x2apic popcnt aes xsave avx hypervisor lahf_lm
bugs		:
bogomips	: 4052.17
clflush size	: 64
cache_alignment	: 64
address sizes	: 36 bits physical, 48 bits virtual
power management:

processor	: 2
vendor_id	: GenuineIntel
cpu family	: 6
model		: 42
model name	: Intel(R) Core(TM) i7-2630QM CPU @ 2.00GHz
stepping	: 7
cpu MHz		: 2026.088
cache size	: 6144 KB
physical id	: 0
siblings	: 4
core id		: 2
cpu cores	: 4
apicid		: 2
initial apicid	: 2
fdiv_bug	: no
f00f_bug	: no
coma_bug	: no
fpu		: yes
fpu_exception	: yes
cpuid level	: 13
wp		: yes
flags		: fpu vme de pse tsc msr pae mce cx8 apic sep mtrr pge mca cmov pat pse36 clflush mmx fxsr sse sse2 ht nx rdtscp constant_tsc xtopology nonstop_tsc pni pclmulqdq ssse3 cx16 sse4_1 sse4_2 x2apic popcnt aes xsave avx hypervisor lahf_lm
bugs		:
bogomips	: 4052.17
clflush size	: 64
cache_alignment	: 64
address sizes	: 36 bits physical, 48 bits virtual
power management:

processor	: 3
vendor_id	: GenuineIntel
cpu family	: 6
model		: 42
model name	: Intel(R) Core(TM) i7-2630QM CPU @ 2.00GHz
stepping	: 7
cpu MHz		: 2026.088
cache size	: 6144 KB
physical id	: 0
siblings	: 4
core id		: 3
cpu cores	: 4
apicid		: 3
initial apicid	: 3
fdiv_bug	: no
f00f_bug	: no
coma_bug	: no
fpu		: yes
fpu_exception	: yes
cpuid level	: 13
wp		: yes
flags		: fpu vme de pse tsc msr pae mce cx8 apic sep mtrr pge mca cmov pat pse36 clflush mmx fxsr sse sse2 ht nx rdtscp constant_tsc xtopology nonstop_tsc pni pclmulqdq ssse3 cx16 sse4_1 sse4_2 x2apic popcnt aes xsave avx hypervisor lahf_lm
bugs		:
bogomips	: 4052.17
clflush size	: 64
cache_alignment	: 64
address sizes	: 36 bits physical, 48 bits virtual
power management:



Memory: 4k page, physical 4138752k(721124k free), swap 4192252k(4161472k free)

vm_info: Java HotSpot(TM) Server VM (25.144-b01) for linux-x86 JRE (1.8.0_144-b01), built on Jul 22 2017 02:26:52 by "java_re" with gcc 4.3.0 20080428 (Red Hat 4.3.0-8)

time: Fri Sep 29 21:10:16 2017
elapsed time: 74 seconds (0d 0h 1m 14s)

