#
# A fatal error has been detected by the Java Runtime Environment:
#
#  SIGSEGV (0xb) at pc=0xb75a2496, pid=32595, tid=0x5c649b40
#
# JRE version: Java(TM) SE Runtime Environment (8.0_144-b01) (build 1.8.0_144-b01)
# Java VM: Java HotSpot(TM) Server VM (25.144-b01 mixed mode linux-x86 )
# Problematic frame:
# C  [libc.so.6+0x71496]  cfree+0x26
#
# Failed to write core dump. Core dumps have been disabled. To enable core dumping, try "ulimit -c unlimited" before starting Java again
#
# If you would like to submit a bug report, please visit:
#   http://bugreport.java.com/bugreport/crash.jsp
# The crash happened outside the Java Virtual Machine in native code.
# See problematic frame for where to report the bug.
#

---------------  T H R E A D  ---------------

Current thread (0x63ae3000):  JavaThread "JavaFX Application Thread" [_thread_in_native, id=32625, stack(0x5c5f9000,0x5c64a000)]

siginfo: si_signo: 11 (SIGSEGV), si_code: 2 (SEGV_ACCERR), si_addr: 0x9b65a004

Registers:
EAX=0x00000000, EBX=0xb76e3000, ECX=0x9b65a008, EDX=0x9b65a000
ESP=0x5c647c50, EBP=0x5c647c88, ESI=0x5c5f6000, EDI=0x5c5f6000
EIP=0xb75a2496, EFLAGS=0x00010282, CR2=0x9b65a004

Top of Stack: (sp=0x5c647c50)
0x5c647c50:   5c5f6000 b75a2476 5c5f6000 5c5a3afa
0x5c647c60:   9b65a008 5c5f6000 5c5f6000 5c5a3a9c
0x5c647c70:   5c647de8 b7754030 59ad8cf0 b75730cb
0x5c647c80:   00000000 5c5f6000 5c647de8 5c5a3e2a
0x5c647c90:   5c647d70 00000014 00000000 5c5a3cb6
0x5c647ca0:   b7747fe9 5c5f6000 5c5f79cc 5c647ea8
0x5c647cb0:   5c647d70 59af2570 00000000 00000070
0x5c647cc0:   00000000 00024a20 00000000 dc52e3fd 

Instructions: (pc=0xb75a2496)
0xb75a2476:   81 c3 8a 0b 14 00 83 ec 08 8b 83 64 ff ff ff 8b
0xb75a2486:   4c 24 10 8b 00 85 c0 75 71 85 c9 74 7a 8d 51 f8
0xb75a2496:   8b 49 fc f6 c1 02 75 22 83 e1 04 8d 83 80 07 00
0xb75a24a6:   00 74 09 89 d0 25 00 00 f0 ff 8b 00 83 c4 08 31 

Register to memory mapping:

EAX=0x00000000 is an unknown value
EBX=0xb76e3000: <offset 0x1b2000> in /lib/i386-linux-gnu/libc.so.6 at 0xb7531000
ECX=0x9b65a008 is an unallocated location in the heap
EDX=0x9b65a000 is an unallocated location in the heap
ESP=0x5c647c50 is pointing into the stack for thread: 0x63ae3000
EBP=0x5c647c88 is pointing into the stack for thread: 0x63ae3000
ESI=0x5c5f6000: <offset 0x7f000> in /usr/lib/libxProjectCAMLib.so at 0x5c577000
EDI=0x5c5f6000: <offset 0x7f000> in /usr/lib/libxProjectCAMLib.so at 0x5c577000


Stack: [0x5c5f9000,0x5c64a000],  sp=0x5c647c50,  free space=315k
Native frames: (J=compiled Java code, j=interpreted, Vv=VM code, C=native code)
C  [libc.so.6+0x71496]  cfree+0x26
C  [libxProjectCAMLib.so+0x2ce2a]  read_r2007_meta_data+0x185
C  [libxProjectCAMLib.so+0x14ce9]  decode_R2007+0x345
C  [libxProjectCAMLib.so+0x115a7]  dwg_decode_data+0x287
C  [libxProjectCAMLib.so+0x2ceb3]  dwg_read_data+0x68
C  [libxProjectCAMLib.so+0x52b6]  Java_xprojectcam_root_Main_nDwgLoad+0x3fe
j  xprojectcam.root.Main.nDwgLoad(Ljava/lang/String;I)I+0
j  xprojectcam.root.Main.start(Ljavafx/stage/Stage;)V+207
j  com.sun.javafx.application.LauncherImpl.lambda$launchApplication1$162(Ljava/util/concurrent/atomic/AtomicBoolean;Ljavafx/application/Application;)V+20
j  com.sun.javafx.application.LauncherImpl$$Lambda$59.run()V+8
j  com.sun.javafx.application.PlatformImpl.lambda$runAndWait$175(Ljava/lang/Runnable;Ljava/util/concurrent/CountDownLatch;)V+1
j  com.sun.javafx.application.PlatformImpl$$Lambda$52.run()V+8
j  com.sun.javafx.application.PlatformImpl.lambda$null$173(Ljava/lang/Runnable;)Ljava/lang/Void;+1
j  com.sun.javafx.application.PlatformImpl$$Lambda$54.run()Ljava/lang/Object;+4
v  ~StubRoutines::call_stub
V  [libjvm.so+0x503b2f]  JavaCalls::call_helper(JavaValue*, methodHandle*, JavaCallArguments*, Thread*)+0x101f
V  [libjvm.so+0x756ef9]  os::os_exception_wrapper(void (*)(JavaValue*, methodHandle*, JavaCallArguments*, Thread*), JavaValue*, methodHandle*, JavaCallArguments*, Thread*)+0x19
V  [libjvm.so+0x5020ff]  JavaCalls::call(JavaValue*, methodHandle, JavaCallArguments*, Thread*)+0x2f
V  [libjvm.so+0x585630]  JVM_DoPrivileged+0x2a0
C  [libjava.so+0x9fca]  Java_java_security_AccessController_doPrivileged__Ljava_security_PrivilegedAction_2Ljava_security_AccessControlContext_2+0x3a
j  java.security.AccessController.doPrivileged(Ljava/security/PrivilegedAction;Ljava/security/AccessControlContext;)Ljava/lang/Object;+0
j  com.sun.javafx.application.PlatformImpl.lambda$runLater$174(Ljava/lang/Runnable;Ljava/security/AccessControlContext;)V+7
j  com.sun.javafx.application.PlatformImpl$$Lambda$53.run()V+8
j  com.sun.glass.ui.InvokeLaterDispatcher$Future.run()V+4
v  ~StubRoutines::call_stub
V  [libjvm.so+0x503b2f]  JavaCalls::call_helper(JavaValue*, methodHandle*, JavaCallArguments*, Thread*)+0x101f
V  [libjvm.so+0x756ef9]  os::os_exception_wrapper(void (*)(JavaValue*, methodHandle*, JavaCallArguments*, Thread*), JavaValue*, methodHandle*, JavaCallArguments*, Thread*)+0x19
V  [libjvm.so+0x5020ff]  JavaCalls::call(JavaValue*, methodHandle, JavaCallArguments*, Thread*)+0x2f
V  [libjvm.so+0x5467b1]  jni_invoke_nonstatic(JNIEnv_*, JavaValue*, _jobject*, JNICallType, _jmethodID*, JNI_ArgumentPusher*, Thread*)+0x441
V  [libjvm.so+0x5491e1]  jni_CallVoidMethodV+0xe1
C  [libglass.so+0x12ffc]  JNIEnv_::CallVoidMethod(_jobject*, _jmethodID*, ...)+0x1c
C  [libglass.so+0x1dad0]  call_runnable(void*)+0x30
C  [libgdk-x11-2.0.so.0+0x150a0]

Java frames: (J=compiled Java code, j=interpreted, Vv=VM code)
j  xprojectcam.root.Main.nDwgLoad(Ljava/lang/String;I)I+0
j  xprojectcam.root.Main.start(Ljavafx/stage/Stage;)V+207
j  com.sun.javafx.application.LauncherImpl.lambda$launchApplication1$162(Ljava/util/concurrent/atomic/AtomicBoolean;Ljavafx/application/Application;)V+20
j  com.sun.javafx.application.LauncherImpl$$Lambda$59.run()V+8
j  com.sun.javafx.application.PlatformImpl.lambda$runAndWait$175(Ljava/lang/Runnable;Ljava/util/concurrent/CountDownLatch;)V+1
j  com.sun.javafx.application.PlatformImpl$$Lambda$52.run()V+8
j  com.sun.javafx.application.PlatformImpl.lambda$null$173(Ljava/lang/Runnable;)Ljava/lang/Void;+1
j  com.sun.javafx.application.PlatformImpl$$Lambda$54.run()Ljava/lang/Object;+4
v  ~StubRoutines::call_stub
j  java.security.AccessController.doPrivileged(Ljava/security/PrivilegedAction;Ljava/security/AccessControlContext;)Ljava/lang/Object;+0
j  com.sun.javafx.application.PlatformImpl.lambda$runLater$174(Ljava/lang/Runnable;Ljava/security/AccessControlContext;)V+7
j  com.sun.javafx.application.PlatformImpl$$Lambda$53.run()V+8
j  com.sun.glass.ui.InvokeLaterDispatcher$Future.run()V+4
v  ~StubRoutines::call_stub
j  com.sun.glass.ui.gtk.GtkApplication._runLoop(Ljava/lang/Runnable;Z)V+0
j  com.sun.glass.ui.gtk.GtkApplication.lambda$null$49(Ljava/lang/Runnable;Z)V+7
j  com.sun.glass.ui.gtk.GtkApplication$$Lambda$42.run()V+12
j  java.lang.Thread.run()V+11
v  ~StubRoutines::call_stub

---------------  P R O C E S S  ---------------

Java Threads: ( => current thread )
  0x59a32400 JavaThread "JavaFX Application Thread-SharedResourceRunner" daemon [_thread_blocked, id=32639, stack(0x59130000,0x59181000)]
  0x59a15000 JavaThread "JavaFX Application Thread-SharedResourceRunner" daemon [_thread_blocked, id=32638, stack(0x59505000,0x59556000)]
  0x67027400 JavaThread "org.netbeans.modules.debugger.jpda.visual AWT Access Loop" daemon [_thread_blocked, id=32637, stack(0x59d01000,0x59d52000)]
  0x59c08c00 JavaThread "AWT-EventQueue-0" [_thread_blocked, id=32636, stack(0x59d52000,0x59da3000)]
  0x59c07c00 JavaThread "AWT-Shutdown" [_thread_blocked, id=32635, stack(0x59da3000,0x59df4000)]
  0x5bff4800 JavaThread "AWT-XAWT" daemon [_thread_in_native, id=32634, stack(0x59df4000,0x59e45000)]
  0x5bfea400 JavaThread "Java2D Disposer" daemon [_thread_blocked, id=32633, stack(0x5a0ae000,0x5a0ff000)]
  0x63ae9000 JavaThread "JavaFX-Launcher" [_thread_blocked, id=32626, stack(0x5c526000,0x5c577000)]
=>0x63ae3000 JavaThread "JavaFX Application Thread" [_thread_in_native, id=32625, stack(0x5c5f9000,0x5c64a000)]
  0x63adf800 JavaThread "Thread-1" daemon [_thread_blocked, id=32624, stack(0x5c64a000,0x5c69b000)]
  0x63a70800 JavaThread "QuantumRenderer-0" daemon [_thread_blocked, id=32619, stack(0x63d23000,0x63d74000)]
  0x645b5400 JavaThread "Service Thread" daemon [_thread_blocked, id=32617, stack(0x63e8a000,0x63edb000)]
  0x645b2800 JavaThread "C1 CompilerThread2" daemon [_thread_blocked, id=32616, stack(0x63edb000,0x63f5c000)]
  0x645b1400 JavaThread "C2 CompilerThread1" daemon [_thread_blocked, id=32615, stack(0x63f5c000,0x63fdd000)]
  0x645af400 JavaThread "C2 CompilerThread0" daemon [_thread_blocked, id=32614, stack(0x63fdd000,0x6405e000)]
  0x64300800 JavaThread "JDWP Command Reader" daemon [_thread_in_native, id=32612, stack(0x6405e000,0x640af000)]
  0x645adc00 JavaThread "JDWP Event Helper Thread" daemon [_thread_blocked, id=32611, stack(0x640af000,0x64100000)]
  0x645aa400 JavaThread "JDWP Transport Listener: dt_socket" daemon [_thread_blocked, id=32608, stack(0x6420d000,0x6425e000)]
  0x645a2000 JavaThread "Signal Dispatcher" daemon [_thread_blocked, id=32607, stack(0x6425e000,0x642af000)]
  0x64588000 JavaThread "Finalizer" daemon [_thread_blocked, id=32606, stack(0x642af000,0x64300000)]
  0x64585400 JavaThread "Reference Handler" daemon [_thread_blocked, id=32605, stack(0x6442e000,0x6447f000)]
  0xb6508c00 JavaThread "main" [_thread_blocked, id=32597, stack(0xb6663000,0xb66b4000)]

Other Threads:
  0x64580c00 VMThread [stack: 0x6447f000,0x64500000] [id=32604]
  0x645b7c00 WatcherThread [stack: 0x63e09000,0x63e8a000] [id=32618]

VM state:not at safepoint (normal execution)

VM Mutex/Monitor currently owned by a thread: None

Heap:
 PSYoungGen      total 19200K, used 5841K [0x91cc0000, 0x94240000, 0xa6e00000)
  eden space 16640K, 19% used [0x91cc0000,0x91ff4c38,0x92d00000)
  from space 2560K, 99% used [0x92f80000,0x931ffab0,0x93200000)
  to   space 2560K, 0% used [0x92d00000,0x92d00000,0x92f80000)
 ParOldGen       total 43776K, used 4405K [0x67a00000, 0x6a4c0000, 0x91cc0000)
  object space 43776K, 10% used [0x67a00000,0x67e4d598,0x6a4c0000)
 Metaspace       used 14881K, capacity 15232K, committed 15512K, reserved 15664K

Card table byte_map: [0x67805000,0x67a00000] byte_map_base: 0x674c8000

Marking Bits: (ParMarkBitMap*) 0xb711b9c0
 Begin Bits: [0x65060000, 0x66030000)
 End Bits:   [0x66030000, 0x67000000)

Polling page: 0xb772d000

CodeCache: size=245760Kb used=2714Kb max_used=2733Kb free=243045Kb
 bounds [0xa7280000, 0xa7530000, 0xb6280000]
 total_blobs=1525 nmethods=986 adapters=460
 compilation: enabled

Compilation events (10 events):
Event: 3.142 Thread 0x645b2800 nmethod 983 0xa751f488 code [0xa751f5a0, 0xa751f660]
Event: 3.143 Thread 0x645b2800  984       3       java.lang.StringBuilder::append (8 bytes)
Event: 3.143 Thread 0x645b2800 nmethod 984 0xa751f6c8 code [0xa751f7e0, 0xa751f8ec]
Event: 3.143 Thread 0x645b2800  986       3       java.io.BufferedReader::readLine (6 bytes)
Event: 3.143 Thread 0x645b2800 nmethod 986 0xa751f988 code [0xa751faa0, 0xa751fbac]
Event: 3.143 Thread 0x645b2800  985       3       java.lang.String::lastIndexOf (11 bytes)
Event: 3.143 Thread 0x645b2800 nmethod 985 0xa751fc48 code [0xa751fd60, 0xa751ff6c]
Event: 3.148 Thread 0x645b2800  987       3       sun.awt.X11.XWrapperBase::<init> (5 bytes)
Event: 3.148 Thread 0x645b2800 nmethod 987 0xa75200c8 code [0xa75201e0, 0xa7520300]
Event: 3.256 Thread 0x645af400 nmethod 977 0xa7526308 code [0xa7526700, 0xa7528614]

GC Heap History (4 events):
Event: 1.504 GC heap before
{Heap before GC invocations=1 (full 0):
 PSYoungGen      total 19200K, used 16640K [0x91cc0000, 0x93200000, 0xa6e00000)
  eden space 16640K, 100% used [0x91cc0000,0x92d00000,0x92d00000)
  from space 2560K, 0% used [0x92f80000,0x92f80000,0x93200000)
  to   space 2560K, 0% used [0x92d00000,0x92d00000,0x92f80000)
 ParOldGen       total 43776K, used 0K [0x67a00000, 0x6a4c0000, 0x91cc0000)
  object space 43776K, 0% used [0x67a00000,0x67a00000,0x6a4c0000)
 Metaspace       used 7252K, capacity 7554K, committed 7704K, reserved 8496K
Event: 1.513 GC heap after
Heap after GC invocations=1 (full 0):
 PSYoungGen      total 19200K, used 2416K [0x91cc0000, 0x93200000, 0xa6e00000)
  eden space 16640K, 0% used [0x91cc0000,0x91cc0000,0x92d00000)
  from space 2560K, 94% used [0x92d00000,0x92f5c060,0x92f80000)
  to   space 2560K, 0% used [0x92f80000,0x92f80000,0x93200000)
 ParOldGen       total 43776K, used 4K [0x67a00000, 0x6a4c0000, 0x91cc0000)
  object space 43776K, 0% used [0x67a00000,0x67a01000,0x6a4c0000)
 Metaspace       used 7252K, capacity 7554K, committed 7704K, reserved 8496K
}
Event: 2.697 GC heap before
{Heap before GC invocations=2 (full 0):
 PSYoungGen      total 19200K, used 19056K [0x91cc0000, 0x93200000, 0xa6e00000)
  eden space 16640K, 100% used [0x91cc0000,0x92d00000,0x92d00000)
  from space 2560K, 94% used [0x92d00000,0x92f5c060,0x92f80000)
  to   space 2560K, 0% used [0x92f80000,0x92f80000,0x93200000)
 ParOldGen       total 43776K, used 4K [0x67a00000, 0x6a4c0000, 0x91cc0000)
  object space 43776K, 0% used [0x67a00000,0x67a01000,0x6a4c0000)
 Metaspace       used 12987K, capacity 13356K, committed 13592K, reserved 13616K
Event: 2.727 GC heap after
Heap after GC invocations=2 (full 0):
 PSYoungGen      total 19200K, used 2558K [0x91cc0000, 0x94240000, 0xa6e00000)
  eden space 16640K, 0% used [0x91cc0000,0x91cc0000,0x92d00000)
  from space 2560K, 99% used [0x92f80000,0x931ffab0,0x93200000)
  to   space 2560K, 0% used [0x92d00000,0x92d00000,0x92f80000)
 ParOldGen       total 43776K, used 4405K [0x67a00000, 0x6a4c0000, 0x91cc0000)
  object space 43776K, 10% used [0x67a00000,0x67e4d598,0x6a4c0000)
 Metaspace       used 12987K, capacity 13356K, committed 13592K, reserved 13616K
}

Deoptimization events (10 events):
Event: 1.173 Thread 0x63ae3000 Uncommon trap: reason=unstable_if action=reinterpret pc=0xa741d1b0 method=java.util.HashMap.getNode(ILjava/lang/Object;)Ljava/util/HashMap$Node; @ 84
Event: 1.174 Thread 0x63ae3000 Uncommon trap: reason=unstable_if action=reinterpret pc=0xa7423604 method=java.util.HashMap.getNode(ILjava/lang/Object;)Ljava/util/HashMap$Node; @ 84
Event: 1.316 Thread 0x63ae3000 Uncommon trap: reason=unstable_if action=reinterpret pc=0xa73b5794 method=java.lang.String.startsWith(Ljava/lang/String;I)Z @ 25
Event: 1.576 Thread 0x63ae3000 Uncommon trap: reason=unstable_if action=reinterpret pc=0xa7469924 method=sun.net.www.ParseUtil.encodePath(Ljava/lang/String;Z)Ljava/lang/String; @ 109
Event: 1.619 Thread 0x63ae3000 Uncommon trap: reason=unstable_if action=reinterpret pc=0xa74547a4 method=java.lang.String.indexOf([CII[CIII)I @ 3
Event: 2.833 Thread 0x63ae3000 Uncommon trap: reason=unstable_if action=reinterpret pc=0xa74ec28c method=java.lang.reflect.AccessibleObject.setAccessible0(Ljava/lang/reflect/AccessibleObject;Z)V @ 4
Event: 2.913 Thread 0x63ae3000 Uncommon trap: reason=unstable_if action=reinterpret pc=0xa744f968 method=java.lang.AbstractStringBuilder.append(Ljava/lang/String;)Ljava/lang/AbstractStringBuilder; @ 1
Event: 2.914 Thread 0x63ae3000 Uncommon trap: reason=unstable_if action=reinterpret pc=0xa73f9e58 method=java.lang.AbstractStringBuilder.append(Ljava/lang/String;)Ljava/lang/AbstractStringBuilder; @ 1
Event: 2.921 Thread 0x63ae3000 Uncommon trap: reason=unstable_if action=reinterpret pc=0xa74e1d84 method=java.lang.reflect.Field.setFieldAccessor(Lsun/reflect/FieldAccessor;Z)V @ 1
Event: 2.941 Thread 0x63ae3000 Uncommon trap: reason=bimorphic action=maybe_recompile pc=0xa7508774 method=java.util.HashMap.putVal(ILjava/lang/Object;Ljava/lang/Object;ZZ)Ljava/lang/Object; @ 203

Internal exceptions (10 events):
Event: 1.046 Thread 0x63ae3000 Exception <a 'java/lang/NullPointerException'> (0x925c5860) thrown at [/HUDSON3/workspace/8-2-build-linux-i586/jdk8u144/9417/hotspot/src/share/vm/prims/jvm.cpp, line 1394]
Event: 1.330 Thread 0x63ae3000 Exception <a 'java/lang/ArrayIndexOutOfBoundsException': 65> (0x92af8f18) thrown at [/HUDSON3/workspace/8-2-build-linux-i586/jdk8u144/9417/hotspot/src/share/vm/interpreter/interpreterRuntime.cpp, line 366]
Event: 1.332 Thread 0x63ae3000 Exception <a 'java/lang/ArrayIndexOutOfBoundsException': 18> (0x92af9c38) thrown at [/HUDSON3/workspace/8-2-build-linux-i586/jdk8u144/9417/hotspot/src/share/vm/interpreter/interpreterRuntime.cpp, line 366]
Event: 1.338 Thread 0x63ae3000 Exception <a 'java/lang/ArrayIndexOutOfBoundsException'> (0x92afadb8) thrown at [/HUDSON3/workspace/8-2-build-linux-i586/jdk8u144/9417/hotspot/src/share/vm/runtime/sharedRuntime.cpp, line 605]
Event: 1.349 Thread 0x63ae3000 Exception <a 'java/lang/ArrayIndexOutOfBoundsException'> (0x92b01a88) thrown at [/HUDSON3/workspace/8-2-build-linux-i586/jdk8u144/9417/hotspot/src/share/vm/runtime/sharedRuntime.cpp, line 605]
Event: 1.709 Thread 0x63ae3000 Exception <a 'java/io/FileNotFoundException'> (0x92008110) thrown at [/HUDSON3/workspace/8-2-build-linux-i586/jdk8u144/9417/hotspot/src/share/vm/prims/jni.cpp, line 709]
Event: 1.742 Thread 0x63ae3000 Exception <a 'java/io/FileNotFoundException'> (0x9206b230) thrown at [/HUDSON3/workspace/8-2-build-linux-i586/jdk8u144/9417/hotspot/src/share/vm/prims/jni.cpp, line 709]
Event: 1.743 Thread 0x63ae3000 Exception <a 'java/io/FileNotFoundException'> (0x9206bcc0) thrown at [/HUDSON3/workspace/8-2-build-linux-i586/jdk8u144/9417/hotspot/src/share/vm/prims/jni.cpp, line 709]
Event: 2.913 Thread 0x63ae3000 Implicit null exception at 0xa744f4df to 0xa744f951
Event: 2.914 Thread 0x63ae3000 Implicit null exception at 0xa73f99df to 0xa73f9e45

Events (10 events):
Event: 5.806 Executing VM operation: EnterInterpOnlyMode
Event: 5.806 Executing VM operation: EnterInterpOnlyMode done
Event: 5.806 Executing VM operation: GetCurrentLocation
Event: 5.806 Executing VM operation: GetCurrentLocation done
Event: 5.806 Executing VM operation: ChangeSingleStep
Event: 5.806 Executing VM operation: ChangeSingleStep done
Event: 5.824 Executing VM operation: ChangeSingleStep
Event: 5.824 Executing VM operation: ChangeSingleStep done
Event: 5.824 Executing VM operation: ChangeBreakpoints
Event: 5.824 Executing VM operation: ChangeBreakpoints done


Dynamic libraries:
08048000-08049000 r-xp 00000000 08:01 1341235    /usr/lib/jvm/java-8-oracle/jre/bin/java
08049000-0804a000 rw-p 00000000 08:01 1341235    /usr/lib/jvm/java-8-oracle/jre/bin/java
09535000-09556000 rw-p 00000000 00:00 0          [heap]
51d63000-51f00000 rw-p 00000000 00:00 0 
51f00000-51fdd000 rw-p 00000000 00:00 0 
51fdd000-52000000 ---p 00000000 00:00 0 
520a6000-52300000 rw-p 00000000 00:00 0 
52300000-52500000 rw-p 00000000 00:00 0 
52500000-52600000 rw-p 00000000 00:00 0 
526fc000-527dc000 rw-p 00000000 00:00 0 
527dc000-527fc000 ---p 00000000 00:00 0 
527fc000-527fd000 ---p 00000000 00:00 0 
527fd000-52ffd000 rw-p 00000000 00:00 0 
52ffd000-52ffe000 ---p 00000000 00:00 0 
52ffe000-537fe000 rw-p 00000000 00:00 0 
537fe000-537ff000 ---p 00000000 00:00 0 
537ff000-53fff000 rw-p 00000000 00:00 0 
53fff000-54000000 ---p 00000000 00:00 0 
54000000-54800000 rw-p 00000000 00:00 0 
54800000-5487f000 rw-p 00000000 00:00 0 
5487f000-54900000 ---p 00000000 00:00 0 
54900000-54a00000 rw-p 00000000 00:00 0 
54a00000-54aff000 rw-p 00000000 00:00 0 
54aff000-54b00000 ---p 00000000 00:00 0 
54b45000-54bfc000 rw-p 00000000 00:00 0 
54bfc000-54bfd000 ---p 00000000 00:00 0 
54bfd000-553fd000 rw-p 00000000 00:00 0 
553fd000-553fe000 ---p 00000000 00:00 0 
553fe000-55bfe000 rw-p 00000000 00:00 0 
55bfe000-55bff000 ---p 00000000 00:00 0 
55bff000-563ff000 rw-p 00000000 00:00 0 
563ff000-56400000 ---p 00000000 00:00 0 
56400000-56c00000 rw-p 00000000 00:00 0 
56c00000-56c9f000 rw-p 00000000 00:00 0 
56c9f000-56d00000 ---p 00000000 00:00 0 
56d00000-56e00000 rw-p 00000000 00:00 0 
56e00000-56efe000 rw-p 00000000 00:00 0 
56efe000-56f00000 ---p 00000000 00:00 0 
56f65000-56ffc000 rw-p 00000000 00:00 0 
56ffc000-56ffd000 ---p 00000000 00:00 0 
56ffd000-577fd000 rw-p 00000000 00:00 0 
577fd000-577fe000 ---p 00000000 00:00 0 
577fe000-57ffe000 rw-p 00000000 00:00 0 
57ffe000-57fff000 ---p 00000000 00:00 0 
57fff000-587ff000 rw-p 00000000 00:00 0 
587ff000-58800000 ---p 00000000 00:00 0 
58800000-59000000 rw-p 00000000 00:00 0 
59000000-59100000 rw-p 00000000 00:00 0 
59130000-59133000 ---p 00000000 00:00 0 
59133000-59181000 rw-p 00000000 00:00 0 
59181000-591d6000 r-xp 00000000 08:01 1199423    /home/ubuntu/NetBeansProjects/xProjectCAM/natives/linux-i586/libjogl_mobile.so
591d6000-591d7000 rw-p 00054000 08:01 1199423    /home/ubuntu/NetBeansProjects/xProjectCAM/natives/linux-i586/libjogl_mobile.so
591d7000-591fc000 r-xp 00000000 08:01 1323763    /usr/lib/i386-linux-gnu/libkj-0.5.3.so
591fc000-591fd000 r--p 00024000 08:01 1323763    /usr/lib/i386-linux-gnu/libkj-0.5.3.so
591fd000-591fe000 rw-p 00025000 08:01 1323763    /usr/lib/i386-linux-gnu/libkj-0.5.3.so
591fe000-59215000 r-xp 00000000 08:01 1319085    /usr/lib/i386-linux-gnu/libboost_filesystem.so.1.58.0
59215000-59216000 r--p 00016000 08:01 1319085    /usr/lib/i386-linux-gnu/libboost_filesystem.so.1.58.0
59216000-59217000 rw-p 00017000 08:01 1319085    /usr/lib/i386-linux-gnu/libboost_filesystem.so.1.58.0
59217000-59246000 r-xp 00000000 08:01 1319091    /usr/lib/i386-linux-gnu/libprotobuf-lite.so.9.0.1
59246000-59247000 ---p 0002f000 08:01 1319091    /usr/lib/i386-linux-gnu/libprotobuf-lite.so.9.0.1
59247000-59248000 r--p 0002f000 08:01 1319091    /usr/lib/i386-linux-gnu/libprotobuf-lite.so.9.0.1
59248000-59249000 rw-p 00030000 08:01 1319091    /usr/lib/i386-linux-gnu/libprotobuf-lite.so.9.0.1
59249000-5924c000 r-xp 00000000 08:01 1317973    /usr/lib/i386-linux-gnu/libboost_system.so.1.58.0
5924c000-5924d000 r--p 00002000 08:01 1317973    /usr/lib/i386-linux-gnu/libboost_system.so.1.58.0
5924d000-5924e000 rw-p 00003000 08:01 1317973    /usr/lib/i386-linux-gnu/libboost_system.so.1.58.0
5924e000-59255000 r-xp 00000000 08:01 1329979    /usr/lib/i386-linux-gnu/libmircore.so.1
59255000-59256000 r--p 00006000 08:01 1329979    /usr/lib/i386-linux-gnu/libmircore.so.1
59256000-59257000 rw-p 00007000 08:01 1329979    /usr/lib/i386-linux-gnu/libmircore.so.1
59257000-592db000 r-xp 00000000 08:01 1328244    /usr/lib/i386-linux-gnu/libcapnp-0.5.3.so
592db000-592dc000 ---p 00084000 08:01 1328244    /usr/lib/i386-linux-gnu/libcapnp-0.5.3.so
592dc000-592de000 r--p 00084000 08:01 1328244    /usr/lib/i386-linux-gnu/libcapnp-0.5.3.so
592de000-592df000 rw-p 00086000 08:01 1328244    /usr/lib/i386-linux-gnu/libcapnp-0.5.3.so
592df000-5934d000 r-xp 00000000 08:01 1329981    /usr/lib/i386-linux-gnu/libmirprotobuf.so.3
5934d000-5934f000 r--p 0006d000 08:01 1329981    /usr/lib/i386-linux-gnu/libmirprotobuf.so.3
5934f000-59350000 rw-p 0006f000 08:01 1329981    /usr/lib/i386-linux-gnu/libmirprotobuf.so.3
59350000-59392000 r-xp 00000000 08:01 1329980    /usr/lib/i386-linux-gnu/libmircommon.so.7
59392000-59393000 ---p 00042000 08:01 1329980    /usr/lib/i386-linux-gnu/libmircommon.so.7
59393000-59394000 r--p 00042000 08:01 1329980    /usr/lib/i386-linux-gnu/libmircommon.so.7
59394000-59395000 rw-p 00043000 08:01 1329980    /usr/lib/i386-linux-gnu/libmircommon.so.7
59395000-593d7000 r-xp 00000000 08:01 1319097    /usr/lib/i386-linux-gnu/libxkbcommon.so.0.0.0
593d7000-593d8000 r--p 00041000 08:01 1319097    /usr/lib/i386-linux-gnu/libxkbcommon.so.0.0.0
593d8000-593d9000 rw-p 00042000 08:01 1319097    /usr/lib/i386-linux-gnu/libxkbcommon.so.0.0.0
593d9000-59479000 r-xp 00000000 08:01 1329984    /usr/lib/i386-linux-gnu/libmirclient.so.9
59479000-5947c000 r--p 0009f000 08:01 1329984    /usr/lib/i386-linux-gnu/libmirclient.so.9
5947c000-5947d000 rw-p 000a2000 08:01 1329984    /usr/lib/i386-linux-gnu/libmirclient.so.9
5947d000-59489000 r-xp 00000000 08:01 1317064    /usr/lib/i386-linux-gnu/libgbm.so.1.0.0
59489000-5948a000 ---p 0000c000 08:01 1317064    /usr/lib/i386-linux-gnu/libgbm.so.1.0.0
5948a000-5948b000 r--p 0000c000 08:01 1317064    /usr/lib/i386-linux-gnu/libgbm.so.1.0.0
5948b000-5948c000 rw-p 0000d000 08:01 1317064    /usr/lib/i386-linux-gnu/libgbm.so.1.0.0
5948c000-5949b000 r-xp 00000000 08:01 1319147    /usr/lib/i386-linux-gnu/libwayland-server.so.0.1.0
5949b000-5949c000 r--p 0000e000 08:01 1319147    /usr/lib/i386-linux-gnu/libwayland-server.so.0.1.0
5949c000-5949d000 rw-p 0000f000 08:01 1319147    /usr/lib/i386-linux-gnu/libwayland-server.so.0.1.0
5949d000-594a8000 r-xp 00000000 08:01 1327779    /usr/lib/i386-linux-gnu/libwayland-client.so.0.3.0
594a8000-594a9000 ---p 0000b000 08:01 1327779    /usr/lib/i386-linux-gnu/libwayland-client.so.0.3.0
594a9000-594aa000 r--p 0000b000 08:01 1327779    /usr/lib/i386-linux-gnu/libwayland-client.so.0.3.0
594aa000-594ab000 rw-p 0000c000 08:01 1327779    /usr/lib/i386-linux-gnu/libwayland-client.so.0.3.0
594ab000-594e6000 r-xp 00000000 08:01 1317054    /usr/lib/i386-linux-gnu/mesa-egl/libEGL.so.1.0.0
594e6000-594e7000 ---p 0003b000 08:01 1317054    /usr/lib/i386-linux-gnu/mesa-egl/libEGL.so.1.0.0
594e7000-594e8000 r--p 0003b000 08:01 1317054    /usr/lib/i386-linux-gnu/mesa-egl/libEGL.so.1.0.0
594e8000-594e9000 rw-p 0003c000 08:01 1317054    /usr/lib/i386-linux-gnu/mesa-egl/libEGL.so.1.0.0
59505000-59508000 ---p 00000000 00:00 0 
59508000-59556000 rw-p 00000000 00:00 0 
59556000-595ff000 r-xp 00000000 08:01 1199425    /home/ubuntu/NetBeansProjects/xProjectCAM/natives/linux-i586/libjogl_desktop.so
595ff000-59600000 rw-p 000a9000 08:01 1199425    /home/ubuntu/NetBeansProjects/xProjectCAM/natives/linux-i586/libjogl_desktop.so
59600000-59700000 rw-p 00000000 00:00 0 
59700000-597fa000 rw-p 00000000 00:00 0 
597fa000-59800000 ---p 00000000 00:00 0 
59800000-59900000 rw-p 00000000 00:00 0 
59900000-59a00000 rw-p 00000000 00:00 0 
59a00000-59afb000 rw-p 00000000 00:00 0 
59afb000-59b00000 ---p 00000000 00:00 0 
59b00000-59c00000 rw-p 00000000 00:00 0 
59c00000-59cf9000 rw-p 00000000 00:00 0 
59cf9000-59d00000 ---p 00000000 00:00 0 
59d01000-59d04000 ---p 00000000 00:00 0 
59d04000-59d52000 rw-p 00000000 00:00 0 
59d52000-59d55000 ---p 00000000 00:00 0 
59d55000-59da3000 rw-p 00000000 00:00 0 
59da3000-59da6000 ---p 00000000 00:00 0 
59da6000-59df4000 rw-p 00000000 00:00 0 
59df4000-59df7000 ---p 00000000 00:00 0 
59df7000-59e45000 rw-p 00000000 00:00 0 
59e45000-59ea7000 r-xp 00000000 08:01 1366666    /usr/lib/jvm/java-8-oracle/jre/lib/i386/libfontmanager.so
59ea7000-59eaa000 rw-p 00061000 08:01 1366666    /usr/lib/jvm/java-8-oracle/jre/lib/i386/libfontmanager.so
59eaa000-59fae000 rw-p 00000000 00:00 0 
59fae000-59ffa000 r-xp 00000000 08:01 1366674    /usr/lib/jvm/java-8-oracle/jre/lib/i386/libawt_xawt.so
59ffa000-59ffc000 rw-p 0004c000 08:01 1366674    /usr/lib/jvm/java-8-oracle/jre/lib/i386/libawt_xawt.so
59ffc000-59ffd000 rw-p 00000000 00:00 0 
59ffd000-5a083000 r-xp 00000000 08:01 1366646    /usr/lib/jvm/java-8-oracle/jre/lib/i386/libawt.so
5a083000-5a08a000 rw-p 00086000 08:01 1366646    /usr/lib/jvm/java-8-oracle/jre/lib/i386/libawt.so
5a08a000-5a0ae000 rw-p 00000000 00:00 0 
5a0ae000-5a0b1000 ---p 00000000 00:00 0 
5a0b1000-5be00000 rw-p 00000000 00:00 0 
5be00000-5bf00000 rw-p 00000000 00:00 0 
5bf00000-5bffa000 rw-p 00000000 00:00 0 
5bffa000-5c000000 ---p 00000000 00:00 0 
5c003000-5c004000 rwxp 00000000 00:00 0 
5c004000-5c00b000 r-xp 00000000 08:01 1317188    /usr/lib/i386-linux-gnu/libxcb-xfixes.so.0.0.0
5c00b000-5c00c000 r--p 00006000 08:01 1317188    /usr/lib/i386-linux-gnu/libxcb-xfixes.so.0.0.0
5c00c000-5c00d000 rw-p 00007000 08:01 1317188    /usr/lib/i386-linux-gnu/libxcb-xfixes.so.0.0.0
5c00d000-5c012000 r-xp 00000000 08:01 1337606    /usr/lib/i386-linux-gnu/mesa-egl/libGLESv2.so.2.0.0
5c012000-5c013000 r--p 00004000 08:01 1337606    /usr/lib/i386-linux-gnu/mesa-egl/libGLESv2.so.2.0.0
5c013000-5c015000 rwxp 00005000 08:01 1337606    /usr/lib/i386-linux-gnu/mesa-egl/libGLESv2.so.2.0.0
5c015000-5c01b000 r-xp 00000000 08:01 1199430    /home/ubuntu/NetBeansProjects/xProjectCAM/natives/linux-i586/libnativewindow_x11.so
5c01b000-5c01c000 rw-p 00005000 08:01 1199430    /home/ubuntu/NetBeansProjects/xProjectCAM/natives/linux-i586/libnativewindow_x11.so
5c01c000-5c01d000 r-xp 00000000 08:01 1199426    /home/ubuntu/NetBeansProjects/xProjectCAM/natives/linux-i586/libnativewindow_awt.so
5c01d000-5c01e000 rw-p 00001000 08:01 1199426    /home/ubuntu/NetBeansProjects/xProjectCAM/natives/linux-i586/libnativewindow_awt.so
5c01e000-5c01f000 r-xp 00000000 08:01 1366684    /usr/lib/jvm/java-8-oracle/jre/lib/i386/libjawt.so
5c01f000-5c020000 rw-p 00000000 08:01 1366684    /usr/lib/jvm/java-8-oracle/jre/lib/i386/libjawt.so
5c020000-5c022000 r-xp 00000000 08:01 670588     /tmp/jogamp_0000/file_cache/jln3092981398145587856/jln219030414404659732/natives/linux-i586/libgluegen-rt.so
5c022000-5c023000 rw-p 00001000 08:01 670588     /tmp/jogamp_0000/file_cache/jln3092981398145587856/jln219030414404659732/natives/linux-i586/libgluegen-rt.so
5c023000-5c032000 r-xp 00000000 08:01 1366668    /usr/lib/jvm/java-8-oracle/jre/lib/i386/libnio.so
5c032000-5c033000 rw-p 0000e000 08:01 1366668    /usr/lib/jvm/java-8-oracle/jre/lib/i386/libnio.so
5c033000-5c048000 r-xp 00000000 08:01 1366644    /usr/lib/jvm/java-8-oracle/jre/lib/i386/libnet.so
5c048000-5c049000 rw-p 00015000 08:01 1366644    /usr/lib/jvm/java-8-oracle/jre/lib/i386/libnet.so
5c049000-5c04c000 ---p 00000000 00:00 0 
5c04c000-5c062000 rw-p 00000000 00:00 0 
5c062000-5c063000 r--p 00000000 00:00 0 
5c063000-5c068000 r--s 0009a000 08:01 1365230    /usr/lib/jvm/java-8-oracle/jre/lib/jsse.jar
5c068000-5c070000 r--s 00000000 08:01 276588     /var/cache/fontconfig/945677eb7aeaf62f1d50efc3fb3ec7d8-le32d4.cache-6
5c070000-5c074000 r--s 00000000 08:01 271504     /var/cache/fontconfig/2cd17615ca594fa2959ae173292e504c-le32d4.cache-6
5c074000-5c075000 r--s 00000000 08:01 278881     /var/cache/fontconfig/0d8c3b2ac0904cb8a57a757ad11a4a08-le32d4.cache-6
5c075000-5c084000 r--s 00000000 08:01 271502     /var/cache/fontconfig/04aabc0a78ac019cf9454389977116d2-le32d4.cache-6
5c084000-5c085000 r--s 00000000 08:01 278874     /var/cache/fontconfig/1ac9eb803944fde146138c791f5cc56a-le32d4.cache-6
5c085000-5c088000 r--s 00000000 08:01 271500     /var/cache/fontconfig/385c0604a188198f04d133e54aba7fe7-le32d4.cache-6
5c088000-5c089000 r--s 00000000 08:01 278872     /var/cache/fontconfig/dc05db6664285cc2f12bf69c139ae4c3-le32d4.cache-6
5c089000-5c08a000 r--s 00000000 08:01 271498     /var/cache/fontconfig/14a5e22175779b556eaa434240950366-le32d4.cache-6
5c08a000-5c08b000 r--s 00000000 08:01 271496     /var/cache/fontconfig/660208299946a285a940457d1287da33-le32d4.cache-6
5c08b000-5c08c000 r--s 00000000 08:01 278871     /var/cache/fontconfig/4f3e3037c9980c83b53a9351efadef62-le32d4.cache-6
5c08c000-5c08e000 r--s 00000000 08:01 278870     /var/cache/fontconfig/767a8244fc0220cfb567a839d0392e0b-le32d4.cache-6
5c08e000-5c08f000 r--s 00000000 08:01 271494     /var/cache/fontconfig/4794a0821666d79190d59a36cb4f44b5-le32d4.cache-6
5c08f000-5c098000 r--s 00000000 08:01 271492     /var/cache/fontconfig/8801497958630a81b71ace7c5f9b32a8-le32d4.cache-6
5c098000-5c09a000 r--s 00000000 08:01 271490     /var/cache/fontconfig/a015930274ffcd967d2ca1b57da47cc7-le32d4.cache-6
5c09a000-5c09b000 r--s 00000000 08:01 271488     /var/cache/fontconfig/b872e6e592da6075ffa4ab0a1fcc0c75-le32d4.cache-6
5c09b000-5c09c000 r--s 00000000 08:01 271486     /var/cache/fontconfig/f6d4eedfaab2589bde49f7a3ff831d22-le32d4.cache-6
5c09c000-5c09d000 r--s 00000000 08:01 271484     /var/cache/fontconfig/589f83ef4c36d296ce6e1c846f468f08-le32d4.cache-6
5c09d000-5c09e000 r--s 00000000 08:01 271482     /var/cache/fontconfig/bab58bb527bb656aaa9f116d68a48d89-le32d4.cache-6
5c09e000-5c09f000 r--s 00000000 08:01 271480     /var/cache/fontconfig/2171a34dccabdb6bcbbc728186263178-le32d4.cache-6
5c09f000-5c0a0000 r--s 00000000 08:01 271478     /var/cache/fontconfig/c5c45a61289222e0d30b1a26ef4effbe-le32d4.cache-6
5c0a0000-5c0a1000 r--s 00000000 08:01 271476     /var/cache/fontconfig/aec30016f93e1b46d1a973dce0d74068-le32d4.cache-6
5c0a1000-5c0a2000 r--s 00000000 08:01 271474     /var/cache/fontconfig/3f589640d34b7dc9042c8d453f7c8b9c-le32d4.cache-6
5c0a2000-5c0a3000 r--s 00000000 08:01 271471     /var/cache/fontconfig/16c2fda60d1b4b719f4b3d06fd951d25-le32d4.cache-6
5c0a3000-5c0a4000 r--s 00000000 08:01 271467     /var/cache/fontconfig/a48eab177a16e4f3713381162db2f3e9-le32d4.cache-6
5c0a4000-5c0a5000 r--s 00000000 08:01 271465     /var/cache/fontconfig/564b2e68ac9bc4e36a6f7f6d6125ec1c-le32d4.cache-6
5c0a5000-5c0aa000 r--s 00000000 08:01 271462     /var/cache/fontconfig/3047814df9a2f067bd2d96a2b9c36e5a-le32d4.cache-6
5c0aa000-5c0ab000 r--s 00000000 08:01 278866     /var/cache/fontconfig/56cf4f4769d0f4abc89a4895d7bd3ae1-le32d4.cache-6
5c0ab000-5c0ac000 r--s 00000000 08:01 278865     /var/cache/fontconfig/b9d506c9ac06c20b433354fa67a72993-le32d4.cache-6
5c0ac000-5c0b0000 r--s 00000000 08:01 271460     /var/cache/fontconfig/b47c4e1ecd0709278f4910c18777a504-le32d4.cache-6
5c0b0000-5c0c0000 r--s 00000000 08:01 278863     /var/cache/fontconfig/d52a8644073d54c13679302ca1180695-le32d4.cache-6
5c0c0000-5c0c1000 r--s 00000000 08:01 271458     /var/cache/fontconfig/370e5b74bf5dafc30834de68e24a87a4-le32d4.cache-6
5c0c1000-5c0c2000 r--s 00000000 08:01 271456     /var/cache/fontconfig/6b2c5944714ca7831b25bed9e85cb5c8-le32d4.cache-6
5c0c2000-5c0c3000 r--s 00000000 08:01 271453     /var/cache/fontconfig/d5178ab6d91b49bf20a416737dcea9e8-le32d4.cache-6
5c0c3000-5c0c4000 r--s 00000000 08:01 271451     /var/cache/fontconfig/551ecf3b0e8b0bca0f25c0944f561853-le32d4.cache-6
5c0c4000-5c0c6000 r--s 00000000 08:01 271448     /var/cache/fontconfig/f259c2cffa685e28062317905db73c4a-le32d4.cache-6
5c0c6000-5c0c8000 r--s 00000000 08:01 265095     /var/cache/fontconfig/674d1711f2d1d2a09646eb0bdcadee49-le32d4.cache-6
5c0c8000-5c0d1000 r--s 00000000 08:01 271443     /var/cache/fontconfig/d589a48862398ed80a3d6066f4f56f4c-le32d4.cache-6
5c0d1000-5c0da000 r--s 00000000 08:01 278860     /var/cache/fontconfig/a0513722a37733a9dfd54dccd328039d-le32d4.cache-6
5c0da000-5c0dc000 r--s 00000000 08:01 271441     /var/cache/fontconfig/099525ddca5eae4f2477b69cf2d7f16d-le32d4.cache-6
5c0dc000-5c0de000 r--s 00000000 08:01 271437     /var/cache/fontconfig/61092ac79d9058a69eda095afa0a78f1-le32d4.cache-6
5c0de000-5c0e0000 r--s 00000000 08:01 271433     /var/cache/fontconfig/a722efc6911bbe16667b1a77497ffd37-le32d4.cache-6
5c0e0000-5c0e2000 r--s 00000000 08:01 271429     /var/cache/fontconfig/d63fdd8e0f42559533dd777c334fdfcc-le32d4.cache-6
5c0e2000-5c0e5000 r--s 00000000 08:01 271421     /var/cache/fontconfig/fac9d1061ce4dddb2143955f84876fd7-le32d4.cache-6
5c0e5000-5c0f3000 r--s 00000000 08:01 271388     /var/cache/fontconfig/9b89f8e3dae116d678bbf48e5f21f69b-le32d4.cache-6
5c0f3000-5c100000 r--s 00000000 08:01 263376     /var/cache/fontconfig/e13b20fdb08344e0e664864cc2ede53d-le32d4.cache-6
5c100000-5c121000 rw-p 00000000 00:00 0 
5c121000-5c200000 ---p 00000000 00:00 0 
5c200000-5c201000 r--s 00000000 08:01 271446     /var/cache/fontconfig/550f3886151c940c12a5ed35f6a00586-le32d4.cache-6
5c201000-5c202000 r--s 00000000 08:01 271425     /var/cache/fontconfig/30829fa25452a46451e813d634d7f916-le32d4.cache-6
5c202000-5c302000 rw-p 00000000 00:00 0 
5c302000-5c326000 r--s 0031e000 08:01 1200591    /home/ubuntu/NetBeansProjects/xProjectCAM/dist/run865126026/lib/jogl-all.jar
5c326000-5c426000 rw-p 00000000 00:00 0 
5c426000-5c526000 rw-p 00000000 00:00 0 
5c526000-5c529000 ---p 00000000 00:00 0 
5c529000-5c577000 rw-p 00000000 00:00 0 
5c577000-5c5f5000 r-xp 00000000 08:01 1311820    /usr/lib/libxProjectCAMLib.so
5c5f5000-5c5f6000 r--p 0007d000 08:01 1311820    /usr/lib/libxProjectCAMLib.so
5c5f6000-5c5f8000 rw-p 0007e000 08:01 1311820    /usr/lib/libxProjectCAMLib.so
5c5f8000-5c5f9000 rw-p 00000000 00:00 0 
5c5f9000-5c5fc000 ---p 00000000 00:00 0 
5c5fc000-5c64a000 rw-p 00000000 00:00 0 
5c64a000-5c64d000 ---p 00000000 00:00 0 
5c64d000-5c69b000 rw-p 00000000 00:00 0 
5c69b000-5c6a2000 r-xp 00000000 08:01 1314123    /usr/lib/i386-linux-gnu/libogg.so.0.8.2
5c6a2000-5c6a3000 r--p 00006000 08:01 1314123    /usr/lib/i386-linux-gnu/libogg.so.0.8.2
5c6a3000-5c6a4000 rw-p 00007000 08:01 1314123    /usr/lib/i386-linux-gnu/libogg.so.0.8.2
5c6a4000-5c6ce000 r-xp 00000000 08:01 1314141    /usr/lib/i386-linux-gnu/libvorbis.so.0.4.8
5c6ce000-5c6cf000 r--p 00029000 08:01 1314141    /usr/lib/i386-linux-gnu/libvorbis.so.0.4.8
5c6cf000-5c6d0000 rw-p 0002a000 08:01 1314141    /usr/lib/i386-linux-gnu/libvorbis.so.0.4.8
5c6d0000-5c6d9000 r-xp 00000000 08:01 1325645    /usr/lib/i386-linux-gnu/libltdl.so.7.3.1
5c6d9000-5c6da000 ---p 00009000 08:01 1325645    /usr/lib/i386-linux-gnu/libltdl.so.7.3.1
5c6da000-5c6db000 r--p 00009000 08:01 1325645    /usr/lib/i386-linux-gnu/libltdl.so.7.3.1
5c6db000-5c6dc000 rw-p 0000a000 08:01 1325645    /usr/lib/i386-linux-gnu/libltdl.so.7.3.1
5c6dc000-5c6f3000 r-xp 00000000 08:01 1323436    /usr/lib/i386-linux-gnu/libtdb.so.1.3.8
5c6f3000-5c6f4000 r--p 00016000 08:01 1323436    /usr/lib/i386-linux-gnu/libtdb.so.1.3.8
5c6f4000-5c6f5000 rw-p 00017000 08:01 1323436    /usr/lib/i386-linux-gnu/libtdb.so.1.3.8
5c6f5000-5c6fe000 r-xp 00000000 08:01 1314139    /usr/lib/i386-linux-gnu/libvorbisfile.so.3.3.7
5c6fe000-5c6ff000 r--p 00008000 08:01 1314139    /usr/lib/i386-linux-gnu/libvorbisfile.so.3.3.7
5c6ff000-5c700000 rw-p 00009000 08:01 1314139    /usr/lib/i386-linux-gnu/libvorbisfile.so.3.3.7
5c700000-5c7c6000 rw-p 00000000 00:00 0 
5c7c6000-5c800000 ---p 00000000 00:00 0 
5c800000-5c801000 r--s 00000000 08:01 271416     /var/cache/fontconfig/0c9eb80ebd1c36541ebe2852d3bb0c49-le32d4.cache-6
5c801000-5c802000 r--s 00000000 08:01 271412     /var/cache/fontconfig/22368d551a680bfe5a62c02760edf4ea-le32d4.cache-6
5c802000-5c813000 r-xp 00000000 08:01 1323536    /usr/lib/i386-linux-gnu/libcanberra.so.0.2.5
5c813000-5c814000 r--p 00010000 08:01 1323536    /usr/lib/i386-linux-gnu/libcanberra.so.0.2.5
5c814000-5c815000 rw-p 00011000 08:01 1323536    /usr/lib/i386-linux-gnu/libcanberra.so.0.2.5
5c815000-5c819000 r-xp 00000000 08:01 1332161    /usr/lib/i386-linux-gnu/libcanberra-gtk.so.0.1.9
5c819000-5c81a000 r--p 00003000 08:01 1332161    /usr/lib/i386-linux-gnu/libcanberra-gtk.so.0.1.9
5c81a000-5c81b000 rw-p 00004000 08:01 1332161    /usr/lib/i386-linux-gnu/libcanberra-gtk.so.0.1.9
5c81b000-5c81c000 r--s 00000000 08:01 271408     /var/cache/fontconfig/4d9c95eba1cb85bbcf2878543262124a-le32d4.cache-6
5c81c000-5c81f000 r--s 00000000 08:01 271396     /var/cache/fontconfig/75114ca45c98e8a441da0ff356701271-le32d4.cache-6
5c81f000-5c827000 r--s 00000000 08:01 271392     /var/cache/fontconfig/83bf95040141907cd45bb53cf7c1c148-le32d4.cache-6
5c827000-5c82b000 r--s 00000000 08:01 263708     /var/cache/fontconfig/7ef2298fde41cc6eeb7af42e48b7d293-le32d4.cache-6
5c82b000-5c830000 r-xp 00000000 08:01 1366658    /usr/lib/jvm/java-8-oracle/jre/lib/i386/libjavafx_font_freetype.so
5c830000-5c831000 rw-p 00004000 08:01 1366658    /usr/lib/jvm/java-8-oracle/jre/lib/i386/libjavafx_font_freetype.so
5c831000-5c837000 r--s 0004f000 08:01 1200589    /home/ubuntu/NetBeansProjects/xProjectCAM/dist/run865126026/lib/gluegen-rt.jar
5c837000-5c873000 r-xp 00000000 08:01 1707823    /usr/lib/i386-linux-gnu/gtk-2.0/2.10.0/engines/libmurrine.so
5c873000-5c874000 r--p 0003b000 08:01 1707823    /usr/lib/i386-linux-gnu/gtk-2.0/2.10.0/engines/libmurrine.so
5c874000-5c875000 rw-p 0003c000 08:01 1707823    /usr/lib/i386-linux-gnu/gtk-2.0/2.10.0/engines/libmurrine.so
5c875000-5c899000 r-xp 00000000 08:01 1366698    /usr/lib/jvm/java-8-oracle/jre/lib/i386/libglass.so
5c899000-5c89b000 rw-p 00024000 08:01 1366698    /usr/lib/jvm/java-8-oracle/jre/lib/i386/libglass.so
5c89b000-5c8d0000 r-xp 00000000 08:01 1317301    /usr/lib/i386-linux-gnu/libtxc_dxtn_s2tc.so.0.0.0
5c8d0000-5c8d1000 r--p 00034000 08:01 1317301    /usr/lib/i386-linux-gnu/libtxc_dxtn_s2tc.so.0.0.0
5c8d1000-5c8d2000 rw-p 00035000 08:01 1317301    /usr/lib/i386-linux-gnu/libtxc_dxtn_s2tc.so.0.0.0
5c8d2000-5c8d3000 ---p 00000000 00:00 0 
5c8d3000-5d0d3000 rw-p 00000000 00:00 0 
5d0d3000-5d0d4000 ---p 00000000 00:00 0 
5d0d4000-5d8d4000 rw-p 00000000 00:00 0 
5d8d4000-5d8d5000 ---p 00000000 00:00 0 
5d8d5000-5e0d5000 rw-p 00000000 00:00 0 
5e0d5000-5e0d6000 ---p 00000000 00:00 0 
5e0d6000-5e8d6000 rw-p 00000000 00:00 0 
5e8d6000-5e8f0000 r-xp 00000000 08:01 543675     /lib/i386-linux-gnu/libbsd.so.0.8.2
5e8f0000-5e8f1000 r--p 00019000 08:01 543675     /lib/i386-linux-gnu/libbsd.so.0.8.2
5e8f1000-5e8f2000 rw-p 0001a000 08:01 543675     /lib/i386-linux-gnu/libbsd.so.0.8.2
5e8f2000-5e912000 r-xp 00000000 08:01 546403     /lib/i386-linux-gnu/libtinfo.so.5.9
5e912000-5e914000 r--p 0001f000 08:01 546403     /lib/i386-linux-gnu/libtinfo.so.5.9
5e914000-5e915000 rw-p 00021000 08:01 546403     /lib/i386-linux-gnu/libtinfo.so.5.9
5e915000-5e947000 r-xp 00000000 08:01 1314960    /usr/lib/i386-linux-gnu/libedit.so.2.0.53
5e947000-5e948000 ---p 00032000 08:01 1314960    /usr/lib/i386-linux-gnu/libedit.so.2.0.53
5e948000-5e949000 r--p 00032000 08:01 1314960    /usr/lib/i386-linux-gnu/libedit.so.2.0.53
5e949000-5e94a000 rw-p 00033000 08:01 1314960    /usr/lib/i386-linux-gnu/libedit.so.2.0.53
5e94a000-5e94c000 rw-p 00000000 00:00 0 
5e94c000-61a04000 r-xp 00000000 08:01 1318039    /usr/lib/i386-linux-gnu/libLLVM-4.0.so.1
61a04000-61c32000 r--p 030b7000 08:01 1318039    /usr/lib/i386-linux-gnu/libLLVM-4.0.so.1
61c32000-61c36000 rw-p 032e5000 08:01 1318039    /usr/lib/i386-linux-gnu/libLLVM-4.0.so.1
61c36000-61c6a000 rw-p 00000000 00:00 0 
61c6a000-61c84000 r-xp 00000000 08:01 1314958    /usr/lib/i386-linux-gnu/libelf-0.165.so
61c84000-61c85000 r--p 00019000 08:01 1314958    /usr/lib/i386-linux-gnu/libelf-0.165.so
61c85000-61c86000 rw-p 0001a000 08:01 1314958    /usr/lib/i386-linux-gnu/libelf-0.165.so
61c86000-61c90000 r-xp 00000000 08:01 1314963    /usr/lib/i386-linux-gnu/libdrm_amdgpu.so.1.0.0
61c90000-61c91000 r--p 00009000 08:01 1314963    /usr/lib/i386-linux-gnu/libdrm_amdgpu.so.1.0.0
61c91000-61c92000 rw-p 0000a000 08:01 1314963    /usr/lib/i386-linux-gnu/libdrm_amdgpu.so.1.0.0
61c92000-61c9e000 r-xp 00000000 08:01 1317266    /usr/lib/i386-linux-gnu/libdrm_radeon.so.1.0.1
61c9e000-61c9f000 r--p 0000b000 08:01 1317266    /usr/lib/i386-linux-gnu/libdrm_radeon.so.1.0.1
61c9f000-61ca0000 rw-p 0000c000 08:01 1317266    /usr/lib/i386-linux-gnu/libdrm_radeon.so.1.0.1
61ca0000-61ca8000 r-xp 00000000 08:01 1345630    /usr/lib/i386-linux-gnu/libdrm_nouveau.so.2.0.0
61ca8000-61ca9000 r--p 00007000 08:01 1345630    /usr/lib/i386-linux-gnu/libdrm_nouveau.so.2.0.0
61ca9000-61caa000 rw-p 00008000 08:01 1345630    /usr/lib/i386-linux-gnu/libdrm_nouveau.so.2.0.0
61caa000-61cb8000 r-xp 00000000 08:01 1318873    /usr/lib/i386-linux-gnu/libsensors.so.4.4.0
61cb8000-61cb9000 r--p 0000d000 08:01 1318873    /usr/lib/i386-linux-gnu/libsensors.so.4.4.0
61cb9000-61cba000 rw-p 0000e000 08:01 1318873    /usr/lib/i386-linux-gnu/libsensors.so.4.4.0
61cba000-6272b000 r-xp 00000000 08:01 1347980    /usr/lib/i386-linux-gnu/dri/swrast_dri.so
6272b000-6272c000 ---p 00a71000 08:01 1347980    /usr/lib/i386-linux-gnu/dri/swrast_dri.so
6272c000-62751000 r--p 00a71000 08:01 1347980    /usr/lib/i386-linux-gnu/dri/swrast_dri.so
62751000-6275a000 rw-p 00a96000 08:01 1347980    /usr/lib/i386-linux-gnu/dri/swrast_dri.so
6275a000-6294f000 rw-p 00000000 00:00 0 
6294f000-62956000 r-xp 00000000 08:01 1319001    /usr/lib/i386-linux-gnu/libdatrie.so.1.3.3
62956000-62957000 ---p 00007000 08:01 1319001    /usr/lib/i386-linux-gnu/libdatrie.so.1.3.3
62957000-62958000 r--p 00007000 08:01 1319001    /usr/lib/i386-linux-gnu/libdatrie.so.1.3.3
62958000-62959000 rw-p 00008000 08:01 1319001    /usr/lib/i386-linux-gnu/libdatrie.so.1.3.3
62959000-6295e000 r-xp 00000000 08:01 1314596    /usr/lib/i386-linux-gnu/libXdmcp.so.6.0.0
6295e000-6295f000 r--p 00004000 08:01 1314596    /usr/lib/i386-linux-gnu/libXdmcp.so.6.0.0
6295f000-62960000 rw-p 00005000 08:01 1314596    /usr/lib/i386-linux-gnu/libXdmcp.so.6.0.0
62960000-62962000 r-xp 00000000 08:01 1314590    /usr/lib/i386-linux-gnu/libXau.so.6.0.0
62962000-62963000 r--p 00001000 08:01 1314590    /usr/lib/i386-linux-gnu/libXau.so.6.0.0
62963000-62964000 rw-p 00002000 08:01 1314590    /usr/lib/i386-linux-gnu/libXau.so.6.0.0
62964000-62989000 r-xp 00000000 08:01 1313463    /usr/lib/i386-linux-gnu/libgraphite2.so.3.0.1
62989000-6298a000 ---p 00025000 08:01 1313463    /usr/lib/i386-linux-gnu/libgraphite2.so.3.0.1
6298a000-6298b000 r--p 00025000 08:01 1313463    /usr/lib/i386-linux-gnu/libgraphite2.so.3.0.1
6298b000-6298c000 rw-p 00026000 08:01 1313463    /usr/lib/i386-linux-gnu/libgraphite2.so.3.0.1
6298c000-6299d000 r-xp 00000000 08:01 1345646    /usr/lib/i386-linux-gnu/libdrm.so.2.4.0
6299d000-6299e000 r--p 00010000 08:01 1345646    /usr/lib/i386-linux-gnu/libdrm.so.2.4.0
6299e000-6299f000 rw-p 00011000 08:01 1345646    /usr/lib/i386-linux-gnu/libdrm.so.2.4.0
6299f000-629a3000 r-xp 00000000 08:01 1313583    /usr/lib/i386-linux-gnu/libxcb-dri2.so.0.0.0
629a3000-629a4000 r--p 00003000 08:01 1313583    /usr/lib/i386-linux-gnu/libxcb-dri2.so.0.0.0
629a4000-629a5000 rw-p 00004000 08:01 1313583    /usr/lib/i386-linux-gnu/libxcb-dri2.so.0.0.0
629a5000-629bd000 r-xp 00000000 08:01 1315203    /usr/lib/i386-linux-gnu/libxcb-glx.so.0.0.0
629bd000-629be000 ---p 00018000 08:01 1315203    /usr/lib/i386-linux-gnu/libxcb-glx.so.0.0.0
629be000-629bf000 r--p 00018000 08:01 1315203    /usr/lib/i386-linux-gnu/libxcb-glx.so.0.0.0
629bf000-629c0000 rw-p 00019000 08:01 1315203    /usr/lib/i386-linux-gnu/libxcb-glx.so.0.0.0
629c0000-629d3000 r-xp 00000000 08:01 1325890    /usr/lib/i386-linux-gnu/libglapi.so.0.0.0
629d3000-629d4000 ---p 00013000 08:01 1325890    /usr/lib/i386-linux-gnu/libglapi.so.0.0.0
629d4000-629d6000 r--p 00013000 08:01 1325890    /usr/lib/i386-linux-gnu/libglapi.so.0.0.0
629d6000-629dc000 rwxp 00015000 08:01 1325890    /usr/lib/i386-linux-gnu/libglapi.so.0.0.0
629dc000-629e1000 r-xp 00000000 08:01 1323038    /usr/lib/i386-linux-gnu/libxcb-sync.so.1.0.0
629e1000-629e2000 ---p 00005000 08:01 1323038    /usr/lib/i386-linux-gnu/libxcb-sync.so.1.0.0
629e2000-629e3000 r--p 00005000 08:01 1323038    /usr/lib/i386-linux-gnu/libxcb-sync.so.1.0.0
629e3000-629e4000 rw-p 00006000 08:01 1323038    /usr/lib/i386-linux-gnu/libxcb-sync.so.1.0.0
629e4000-62a57000 r-xp 00000000 08:01 549519     /lib/i386-linux-gnu/libpcre.so.3.13.2
62a57000-62a58000 r--p 00072000 08:01 549519     /lib/i386-linux-gnu/libpcre.so.3.13.2
62a58000-62a59000 rw-p 00073000 08:01 549519     /lib/i386-linux-gnu/libpcre.so.3.13.2
62a59000-62a60000 r-xp 00000000 08:01 1311491    /usr/lib/i386-linux-gnu/libffi.so.6.0.4
62a60000-62a61000 r--p 00006000 08:01 1311491    /usr/lib/i386-linux-gnu/libffi.so.6.0.4
62a61000-62a62000 rw-p 00007000 08:01 1311491    /usr/lib/i386-linux-gnu/libffi.so.6.0.4
62a62000-62a88000 r-xp 00000000 08:01 524515     /lib/i386-linux-gnu/libexpat.so.1.6.0
62a88000-62a89000 ---p 00026000 08:01 524515     /lib/i386-linux-gnu/libexpat.so.1.6.0
62a89000-62a8b000 r--p 00026000 08:01 524515     /lib/i386-linux-gnu/libexpat.so.1.6.0
62a8b000-62a8c000 rw-p 00028000 08:01 524515     /lib/i386-linux-gnu/libexpat.so.1.6.0
62a8c000-62a95000 r-xp 00000000 08:01 1319005    /usr/lib/i386-linux-gnu/libthai.so.0.2.4
62a95000-62a96000 r--p 00008000 08:01 1319005    /usr/lib/i386-linux-gnu/libthai.so.0.2.4
62a96000-62a97000 rw-p 00009000 08:01 1319005    /usr/lib/i386-linux-gnu/libthai.so.0.2.4
62a97000-62abb000 r-xp 00000000 08:01 1314593    /usr/lib/i386-linux-gnu/libxcb.so.1.1.0
62abb000-62abc000 r--p 00023000 08:01 1314593    /usr/lib/i386-linux-gnu/libxcb.so.1.1.0
62abc000-62abd000 rw-p 00024000 08:01 1314593    /usr/lib/i386-linux-gnu/libxcb.so.1.1.0
62abd000-62ae6000 r-xp 00000000 08:01 549610     /lib/i386-linux-gnu/libpng12.so.0.54.0
62ae6000-62ae7000 r--p 00028000 08:01 549610     /lib/i386-linux-gnu/libpng12.so.0.54.0
62ae7000-62ae8000 rw-p 00029000 08:01 549610     /lib/i386-linux-gnu/libpng12.so.0.54.0
62ae8000-62b91000 r-xp 00000000 08:01 1312402    /usr/lib/i386-linux-gnu/libpixman-1.so.0.33.6
62b91000-62b97000 r--p 000a8000 08:01 1312402    /usr/lib/i386-linux-gnu/libpixman-1.so.0.33.6
62b97000-62b98000 rw-p 000ae000 08:01 1312402    /usr/lib/i386-linux-gnu/libpixman-1.so.0.33.6
62b98000-62bfa000 r-xp 00000000 08:01 1319111    /usr/lib/i386-linux-gnu/libharfbuzz.so.0.10000.1
62bfa000-62bfb000 r--p 00061000 08:01 1319111    /usr/lib/i386-linux-gnu/libharfbuzz.so.0.10000.1
62bfb000-62bfc000 rw-p 00062000 08:01 1319111    /usr/lib/i386-linux-gnu/libharfbuzz.so.0.10000.1
62bfc000-62d69000 r-xp 00000000 08:01 1318002    /usr/lib/i386-linux-gnu/libstdc++.so.6.0.21
62d69000-62d6a000 ---p 0016d000 08:01 1318002    /usr/lib/i386-linux-gnu/libstdc++.so.6.0.21
62d6a000-62d6f000 r--p 0016d000 08:01 1318002    /usr/lib/i386-linux-gnu/libstdc++.so.6.0.21
62d6f000-62d70000 rw-p 00172000 08:01 1318002    /usr/lib/i386-linux-gnu/libstdc++.so.6.0.21
62d70000-62d73000 rw-p 00000000 00:00 0 
62d73000-62ddb000 r-xp 00000000 08:01 1315318    /usr/lib/i386-linux-gnu/mesa/libGL.so.1.2.0
62ddb000-62ddc000 ---p 00068000 08:01 1315318    /usr/lib/i386-linux-gnu/mesa/libGL.so.1.2.0
62ddc000-62dde000 r--p 00068000 08:01 1315318    /usr/lib/i386-linux-gnu/mesa/libGL.so.1.2.0
62dde000-62de3000 rwxp 0006a000 08:01 1315318    /usr/lib/i386-linux-gnu/mesa/libGL.so.1.2.0
62de3000-62f29000 r-xp 00000000 08:01 1314934    /usr/lib/i386-linux-gnu/libX11.so.6.3.0
62f29000-62f2a000 ---p 00146000 08:01 1314934    /usr/lib/i386-linux-gnu/libX11.so.6.3.0
62f2a000-62f2b000 r--p 00146000 08:01 1314934    /usr/lib/i386-linux-gnu/libX11.so.6.3.0
62f2b000-62f2d000 rw-p 00147000 08:01 1314934    /usr/lib/i386-linux-gnu/libX11.so.6.3.0
62f2d000-62f2e000 rw-p 00000000 00:00 0 
62f2e000-63055000 r-xp 00000000 08:01 546543     /lib/i386-linux-gnu/libglib-2.0.so.0.4800.2
63055000-63056000 r--p 00126000 08:01 546543     /lib/i386-linux-gnu/libglib-2.0.so.0.4800.2
63056000-63057000 rw-p 00127000 08:01 546543     /lib/i386-linux-gnu/libglib-2.0.so.0.4800.2
63057000-630b3000 r-xp 00000000 08:01 1317844    /usr/lib/i386-linux-gnu/libgobject-2.0.so.0.4800.2
630b3000-630b4000 ---p 0005c000 08:01 1317844    /usr/lib/i386-linux-gnu/libgobject-2.0.so.0.4800.2
630b4000-630b5000 r--p 0005c000 08:01 1317844    /usr/lib/i386-linux-gnu/libgobject-2.0.so.0.4800.2
630b5000-630b6000 rw-p 0005d000 08:01 1317844    /usr/lib/i386-linux-gnu/libgobject-2.0.so.0.4800.2
630b6000-630f8000 r-xp 00000000 08:01 1317809    /usr/lib/i386-linux-gnu/libfontconfig.so.1.9.0
630f8000-630f9000 ---p 00042000 08:01 1317809    /usr/lib/i386-linux-gnu/libfontconfig.so.1.9.0
630f9000-630fa000 r--p 00042000 08:01 1317809    /usr/lib/i386-linux-gnu/libfontconfig.so.1.9.0
630fa000-630ff000 rw-p 00043000 08:01 1317809    /usr/lib/i386-linux-gnu/libfontconfig.so.1.9.0
630ff000-631aa000 r-xp 00000000 08:01 1315068    /usr/lib/i386-linux-gnu/libfreetype.so.6.12.1
631aa000-631ae000 r--p 000aa000 08:01 1315068    /usr/lib/i386-linux-gnu/libfreetype.so.6.12.1
631ae000-631af000 rw-p 000ae000 08:01 1315068    /usr/lib/i386-linux-gnu/libfreetype.so.6.12.1
631af000-631fd000 r-xp 00000000 08:01 1319103    /usr/lib/i386-linux-gnu/libpango-1.0.so.0.3800.1
631fd000-631fe000 ---p 0004e000 08:01 1319103    /usr/lib/i386-linux-gnu/libpango-1.0.so.0.3800.1
631fe000-631ff000 r--p 0004e000 08:01 1319103    /usr/lib/i386-linux-gnu/libpango-1.0.so.0.3800.1
631ff000-63200000 rw-p 0004f000 08:01 1319103    /usr/lib/i386-linux-gnu/libpango-1.0.so.0.3800.1
63200000-6333d000 r-xp 00000000 08:01 1318053    /usr/lib/i386-linux-gnu/libcairo.so.2.11400.6
6333d000-6333f000 r--p 0013c000 08:01 1318053    /usr/lib/i386-linux-gnu/libcairo.so.2.11400.6
6333f000-63340000 rw-p 0013e000 08:01 1318053    /usr/lib/i386-linux-gnu/libcairo.so.2.11400.6
63340000-63341000 rw-p 00000000 00:00 0 
63341000-63505000 r-xp 00000000 08:01 1317845    /usr/lib/i386-linux-gnu/libgio-2.0.so.0.4800.2
63505000-63506000 ---p 001c4000 08:01 1317845    /usr/lib/i386-linux-gnu/libgio-2.0.so.0.4800.2
63506000-63508000 r--p 001c4000 08:01 1317845    /usr/lib/i386-linux-gnu/libgio-2.0.so.0.4800.2
63508000-63509000 rw-p 001c6000 08:01 1317845    /usr/lib/i386-linux-gnu/libgio-2.0.so.0.4800.2
63509000-6350a000 rw-p 00000000 00:00 0 
6350a000-639f7000 r-xp 00000000 08:01 1325455    /usr/lib/i386-linux-gnu/libgtk-x11-2.0.so.0.2400.30
639f7000-639f8000 ---p 004ed000 08:01 1325455    /usr/lib/i386-linux-gnu/libgtk-x11-2.0.so.0.2400.30
639f8000-639fc000 r--p 004ed000 08:01 1325455    /usr/lib/i386-linux-gnu/libgtk-x11-2.0.so.0.2400.30
639fc000-639fe000 rw-p 004f1000 08:01 1325455    /usr/lib/i386-linux-gnu/libgtk-x11-2.0.so.0.2400.30
639fe000-63a00000 rw-p 00000000 00:00 0 
63a00000-63b00000 rw-p 00000000 00:00 0 
63b00000-63b01000 r--s 00000000 08:01 278853     /var/cache/fontconfig/85e0a52ce643a7ba2ae53e5d6949cead-le32d4.cache-6
63b01000-63b15000 r-xp 00000000 08:01 547953     /lib/i386-linux-gnu/libresolv-2.23.so
63b15000-63b16000 ---p 00014000 08:01 547953     /lib/i386-linux-gnu/libresolv-2.23.so
63b16000-63b17000 r--p 00014000 08:01 547953     /lib/i386-linux-gnu/libresolv-2.23.so
63b17000-63b18000 rw-p 00015000 08:01 547953     /lib/i386-linux-gnu/libresolv-2.23.so
63b18000-63b1a000 rw-p 00000000 00:00 0 
63b1a000-63b3c000 r-xp 00000000 08:01 546459     /lib/i386-linux-gnu/libselinux.so.1
63b3c000-63b3d000 ---p 00022000 08:01 546459     /lib/i386-linux-gnu/libselinux.so.1
63b3d000-63b3e000 r--p 00022000 08:01 546459     /lib/i386-linux-gnu/libselinux.so.1
63b3e000-63b3f000 rw-p 00023000 08:01 546459     /lib/i386-linux-gnu/libselinux.so.1
63b3f000-63b40000 rw-p 00000000 00:00 0 
63b40000-63bfd000 r-xp 00000000 08:01 1325452    /usr/lib/i386-linux-gnu/libgdk-x11-2.0.so.0.2400.30
63bfd000-63bff000 r--p 000bc000 08:01 1325452    /usr/lib/i386-linux-gnu/libgdk-x11-2.0.so.0.2400.30
63bff000-63c00000 rw-p 000be000 08:01 1325452    /usr/lib/i386-linux-gnu/libgdk-x11-2.0.so.0.2400.30
63c00000-63cfb000 rw-p 00000000 00:00 0 
63cfb000-63d00000 ---p 00000000 00:00 0 
63d00000-63d01000 r--s 00000000 08:01 271404     /var/cache/fontconfig/49f0de54bdd920fe4f0dfd4cbac43e6b-le32d4.cache-6
63d01000-63d02000 r-xp 00000000 08:01 1317255    /usr/lib/i386-linux-gnu/libX11-xcb.so.1.0.0
63d02000-63d03000 r--p 00000000 08:01 1317255    /usr/lib/i386-linux-gnu/libX11-xcb.so.1.0.0
63d03000-63d04000 rw-p 00001000 08:01 1317255    /usr/lib/i386-linux-gnu/libX11-xcb.so.1.0.0
63d04000-63d06000 r-xp 00000000 08:01 1315005    /usr/lib/i386-linux-gnu/libxcb-present.so.0.0.0
63d06000-63d07000 r--p 00001000 08:01 1315005    /usr/lib/i386-linux-gnu/libxcb-present.so.0.0.0
63d07000-63d08000 rw-p 00002000 08:01 1315005    /usr/lib/i386-linux-gnu/libxcb-present.so.0.0.0
63d08000-63d21000 r-xp 00000000 08:01 524338     /lib/i386-linux-gnu/libz.so.1.2.8
63d21000-63d22000 r--p 00018000 08:01 524338     /lib/i386-linux-gnu/libz.so.1.2.8
63d22000-63d23000 rw-p 00019000 08:01 524338     /lib/i386-linux-gnu/libz.so.1.2.8
63d23000-63d26000 ---p 00000000 00:00 0 
63d26000-63d74000 rw-p 00000000 00:00 0 
63d74000-63e09000 r--s 01110000 08:01 1366606    /usr/lib/jvm/java-8-oracle/jre/lib/ext/jfxrt.jar
63e09000-63e0a000 ---p 00000000 00:00 0 
63e0a000-63e8a000 rw-p 00000000 00:00 0 
63e8a000-63e8d000 ---p 00000000 00:00 0 
63e8d000-63edb000 rw-p 00000000 00:00 0 
63edb000-63ede000 ---p 00000000 00:00 0 
63ede000-63f5c000 rw-p 00000000 00:00 0 
63f5c000-63f5f000 ---p 00000000 00:00 0 
63f5f000-63fdd000 rw-p 00000000 00:00 0 
63fdd000-63fe0000 ---p 00000000 00:00 0 
63fe0000-6405e000 rw-p 00000000 00:00 0 
6405e000-64061000 ---p 00000000 00:00 0 
64061000-640af000 rw-p 00000000 00:00 0 
640af000-640b2000 ---p 00000000 00:00 0 
640b2000-64100000 rw-p 00000000 00:00 0 
64100000-64121000 rw-p 00000000 00:00 0 
64121000-64200000 ---p 00000000 00:00 0 
64200000-64202000 r--s 00000000 08:01 1200588    /home/ubuntu/NetBeansProjects/xProjectCAM/dist/run865126026/lib/gluegen-rt-natives-linux-i586.jar
64202000-6420b000 r-xp 00000000 08:01 1314599    /usr/lib/i386-linux-gnu/libxcb-render.so.0.0.0
6420b000-6420c000 r--p 00008000 08:01 1314599    /usr/lib/i386-linux-gnu/libxcb-render.so.0.0.0
6420c000-6420d000 rw-p 00009000 08:01 1314599    /usr/lib/i386-linux-gnu/libxcb-render.so.0.0.0
6420d000-64210000 ---p 00000000 00:00 0 
64210000-6425e000 rw-p 00000000 00:00 0 
6425e000-64261000 ---p 00000000 00:00 0 
64261000-642af000 rw-p 00000000 00:00 0 
642af000-642b2000 ---p 00000000 00:00 0 
642b2000-64300000 rw-p 00000000 00:00 0 
64300000-643fe000 rw-p 00000000 00:00 0 
643fe000-64400000 ---p 00000000 00:00 0 
64400000-64401000 r--s 00000000 08:01 265025     /var/cache/fontconfig/f6e6e0a5c3d2f6ae0c0c2e0ecd42a997-le32d4.cache-6
64401000-64414000 r-xp 00000000 08:01 1314940    /usr/lib/i386-linux-gnu/libXext.so.6.4.0
64414000-64415000 r--p 00012000 08:01 1314940    /usr/lib/i386-linux-gnu/libXext.so.6.4.0
64415000-64416000 rw-p 00013000 08:01 1314940    /usr/lib/i386-linux-gnu/libXext.so.6.4.0
64416000-6441f000 r-xp 00000000 08:01 1317279    /usr/lib/i386-linux-gnu/libXcursor.so.1.0.2
6441f000-64420000 r--p 00008000 08:01 1317279    /usr/lib/i386-linux-gnu/libXcursor.so.1.0.2
64420000-64421000 rw-p 00009000 08:01 1317279    /usr/lib/i386-linux-gnu/libXcursor.so.1.0.2
64421000-6442c000 r-xp 00000000 08:01 1324240    /usr/lib/i386-linux-gnu/libXrandr.so.2.2.0
6442c000-6442d000 r--p 0000a000 08:01 1324240    /usr/lib/i386-linux-gnu/libXrandr.so.2.2.0
6442d000-6442e000 rw-p 0000b000 08:01 1324240    /usr/lib/i386-linux-gnu/libXrandr.so.2.2.0
6442e000-64431000 ---p 00000000 00:00 0 
64431000-6447f000 rw-p 00000000 00:00 0 
6447f000-64480000 ---p 00000000 00:00 0 
64480000-64500000 rw-p 00000000 00:00 0 
64500000-645fd000 rw-p 00000000 00:00 0 
645fd000-64600000 ---p 00000000 00:00 0 
64600000-64602000 r-xp 00000000 08:01 1313615    /usr/lib/i386-linux-gnu/libxcb-dri3.so.0.0.0
64602000-64603000 r--p 00001000 08:01 1313615    /usr/lib/i386-linux-gnu/libxcb-dri3.so.0.0.0
64603000-64604000 rw-p 00002000 08:01 1313615    /usr/lib/i386-linux-gnu/libxcb-dri3.so.0.0.0
64604000-64606000 r-xp 00000000 08:01 1314938    /usr/lib/i386-linux-gnu/libxcb-shm.so.0.0.0
64606000-64607000 r--p 00001000 08:01 1314938    /usr/lib/i386-linux-gnu/libxcb-shm.so.0.0.0
64607000-64608000 rw-p 00002000 08:01 1314938    /usr/lib/i386-linux-gnu/libxcb-shm.so.0.0.0
64608000-64619000 r-xp 00000000 08:01 1317424    /usr/lib/i386-linux-gnu/libXi.so.6.1.0
64619000-6461a000 r--p 00010000 08:01 1317424    /usr/lib/i386-linux-gnu/libXi.so.6.1.0
6461a000-6461b000 rw-p 00011000 08:01 1317424    /usr/lib/i386-linux-gnu/libXi.so.6.1.0
6461b000-64637000 r-xp 00000000 08:01 549621     /lib/i386-linux-gnu/libgcc_s.so.1
64637000-64638000 rw-p 0001b000 08:01 549621     /lib/i386-linux-gnu/libgcc_s.so.1
64638000-64644000 r-xp 00000000 08:01 1319107    /usr/lib/i386-linux-gnu/libpangocairo-1.0.so.0.3800.1
64644000-64645000 r--p 0000b000 08:01 1319107    /usr/lib/i386-linux-gnu/libpangocairo-1.0.so.0.3800.1
64645000-64646000 rw-p 0000c000 08:01 1319107    /usr/lib/i386-linux-gnu/libpangocairo-1.0.so.0.3800.1
64646000-64820000 r--s 03d4d000 08:01 1366594    /usr/lib/jvm/java-8-oracle/jre/lib/rt.jar
64820000-64c66000 rw-p 00000000 00:00 0 
64c66000-64c6c000 ---p 00000000 00:00 0 
64c6c000-67000000 rw-p 00000000 00:00 0 
67000000-670ea000 rw-p 00000000 00:00 0 
670ea000-67100000 ---p 00000000 00:00 0 
67100000-67101000 r-xp 00000000 08:01 1313660    /usr/lib/i386-linux-gnu/libxshmfence.so.1.0.0
67101000-67102000 r--p 00000000 08:01 1313660    /usr/lib/i386-linux-gnu/libxshmfence.so.1.0.0
67102000-67103000 rw-p 00001000 08:01 1313660    /usr/lib/i386-linux-gnu/libxshmfence.so.1.0.0
67103000-67105000 r-xp 00000000 08:01 1313623    /usr/lib/i386-linux-gnu/libXdamage.so.1.1.0
67105000-67106000 r--p 00001000 08:01 1313623    /usr/lib/i386-linux-gnu/libXdamage.so.1.1.0
67106000-67107000 rw-p 00002000 08:01 1313623    /usr/lib/i386-linux-gnu/libXdamage.so.1.1.0
67107000-6712e000 r-xp 00000000 08:01 1331938    /usr/lib/i386-linux-gnu/libgdk_pixbuf-2.0.so.0.3200.2
6712e000-6712f000 r--p 00026000 08:01 1331938    /usr/lib/i386-linux-gnu/libgdk_pixbuf-2.0.so.0.3200.2
6712f000-67130000 rw-p 00027000 08:01 1331938    /usr/lib/i386-linux-gnu/libgdk_pixbuf-2.0.so.0.3200.2
67130000-6717f000 rw-p 00000000 00:00 0 
6717f000-67180000 ---p 00000000 00:00 0 
67180000-67200000 rw-p 00000000 00:00 0 
67200000-67300000 rw-p 00000000 00:00 0 
67300000-673fb000 rw-p 00000000 00:00 0 
673fb000-67400000 ---p 00000000 00:00 0 
67400000-6740a000 r-xp 00000000 08:01 1314605    /usr/lib/i386-linux-gnu/libXrender.so.1.3.0
6740a000-6740b000 r--p 00009000 08:01 1314605    /usr/lib/i386-linux-gnu/libXrender.so.1.3.0
6740b000-6740c000 rw-p 0000a000 08:01 1314605    /usr/lib/i386-linux-gnu/libXrender.so.1.3.0
6740c000-67422000 r-xp 00000000 08:01 1319127    /usr/lib/i386-linux-gnu/libpangoft2-1.0.so.0.3800.1
67422000-67423000 r--p 00015000 08:01 1319127    /usr/lib/i386-linux-gnu/libpangoft2-1.0.so.0.3800.1
67423000-67424000 rw-p 00016000 08:01 1319127    /usr/lib/i386-linux-gnu/libpangoft2-1.0.so.0.3800.1
67424000-6747f000 rw-p 00000000 00:00 0 
6747f000-67480000 ---p 00000000 00:00 0 
67480000-67500000 rw-p 00000000 00:00 0 
67500000-675fe000 rw-p 00000000 00:00 0 
675fe000-67600000 ---p 00000000 00:00 0 
67600000-67602000 r-xp 00000000 08:01 1319141    /usr/lib/i386-linux-gnu/libXcomposite.so.1.0.0
67602000-67603000 r--p 00001000 08:01 1319141    /usr/lib/i386-linux-gnu/libXcomposite.so.1.0.0
67603000-67604000 rw-p 00002000 08:01 1319141    /usr/lib/i386-linux-gnu/libXcomposite.so.1.0.0
67604000-67609000 r-xp 00000000 08:01 1317362    /usr/lib/i386-linux-gnu/libXfixes.so.3.1.0
67609000-6760a000 r--p 00004000 08:01 1317362    /usr/lib/i386-linux-gnu/libXfixes.so.3.1.0
6760a000-6760b000 rw-p 00005000 08:01 1317362    /usr/lib/i386-linux-gnu/libXfixes.so.3.1.0
6760b000-6762f000 r-xp 00000000 08:01 1318049    /usr/lib/i386-linux-gnu/libatk-1.0.so.0.21809.1
6762f000-67631000 r--p 00023000 08:01 1318049    /usr/lib/i386-linux-gnu/libatk-1.0.so.0.21809.1
67631000-67632000 rw-p 00025000 08:01 1318049    /usr/lib/i386-linux-gnu/libatk-1.0.so.0.21809.1
67632000-67633000 ---p 00000000 00:00 0 
67633000-676c9000 rw-p 00000000 00:00 0 
676c9000-67805000 ---p 00000000 00:00 0 
67805000-6781b000 rw-p 00000000 00:00 0 
6781b000-67956000 ---p 00000000 00:00 0 
67956000-6796a000 rw-p 00000000 00:00 0 
6796a000-679ff000 ---p 00000000 00:00 0 
679ff000-6a4c0000 rw-p 00000000 00:00 0 
6a4c0000-91cc0000 ---p 00000000 00:00 0 
91cc0000-94240000 rw-p 00000000 00:00 0 
94240000-a6e00000 ---p 00000000 00:00 0 
a6e00000-a6e02000 r-xp 00000000 08:01 1317285    /usr/lib/i386-linux-gnu/libXinerama.so.1.0.0
a6e02000-a6e03000 r--p 00001000 08:01 1317285    /usr/lib/i386-linux-gnu/libXinerama.so.1.0.0
a6e03000-a6e04000 rw-p 00002000 08:01 1317285    /usr/lib/i386-linux-gnu/libXinerama.so.1.0.0
a6e04000-a6e09000 r-xp 00000000 08:01 1317290    /usr/lib/i386-linux-gnu/libXxf86vm.so.1.0.0
a6e09000-a6e0a000 r--p 00004000 08:01 1317290    /usr/lib/i386-linux-gnu/libXxf86vm.so.1.0.0
a6e0a000-a6e0b000 rw-p 00005000 08:01 1317290    /usr/lib/i386-linux-gnu/libXxf86vm.so.1.0.0
a6e0b000-a6e0c000 r--s 00000000 08:01 271400     /var/cache/fontconfig/4b2eda6bb976bda485cb2176619421d5-le32d4.cache-6
a6e0c000-a6e0f000 r-xp 00000000 08:01 1366700    /usr/lib/jvm/java-8-oracle/jre/lib/i386/libjavafx_font.so
a6e0f000-a6e10000 rw-p 00002000 08:01 1366700    /usr/lib/jvm/java-8-oracle/jre/lib/i386/libjavafx_font.so
a6e10000-a6e15000 r-xp 00000000 08:01 262374     /usr/lib/i386-linux-gnu/gtk-2.0/modules/libcanberra-gtk-module.so
a6e15000-a6e16000 r--p 00004000 08:01 262374     /usr/lib/i386-linux-gnu/gtk-2.0/modules/libcanberra-gtk-module.so
a6e16000-a6e17000 rw-p 00005000 08:01 262374     /usr/lib/i386-linux-gnu/gtk-2.0/modules/libcanberra-gtk-module.so
a6e17000-a6e26000 r-xp 00000000 08:01 1366656    /usr/lib/jvm/java-8-oracle/jre/lib/i386/libprism_sw.so
a6e26000-a6e27000 rw-p 0000f000 08:01 1366656    /usr/lib/jvm/java-8-oracle/jre/lib/i386/libprism_sw.so
a6e27000-a6e3f000 rw-p 00000000 00:00 0 
a6e3f000-a6e40000 ---p 00000000 00:00 0 
a6e40000-a6ecb000 rw-p 00000000 00:00 0 
a6ecb000-a7280000 ---p 00000000 00:00 0 
a7280000-a7530000 rwxp 00000000 00:00 0 
a7530000-b6280000 ---p 00000000 00:00 0 
b6280000-b6299000 r-xp 00000000 08:01 1366671    /usr/lib/jvm/java-8-oracle/jre/lib/i386/libzip.so
b6299000-b629a000 rw-p 00019000 08:01 1366671    /usr/lib/jvm/java-8-oracle/jre/lib/i386/libzip.so
b629a000-b62a5000 r-xp 00000000 08:01 529614     /lib/i386-linux-gnu/libnss_files-2.23.so
b62a5000-b62a6000 r--p 0000a000 08:01 529614     /lib/i386-linux-gnu/libnss_files-2.23.so
b62a6000-b62a7000 rw-p 0000b000 08:01 529614     /lib/i386-linux-gnu/libnss_files-2.23.so
b62a7000-b62ad000 rw-p 00000000 00:00 0 
b62ad000-b62c4000 r-xp 00000000 08:01 529608     /lib/i386-linux-gnu/libnsl-2.23.so
b62c4000-b62c5000 r--p 00016000 08:01 529608     /lib/i386-linux-gnu/libnsl-2.23.so
b62c5000-b62c6000 rw-p 00017000 08:01 529608     /lib/i386-linux-gnu/libnsl-2.23.so
b62c6000-b62c8000 rw-p 00000000 00:00 0 
b62c8000-b64c8000 r--p 00000000 08:01 1357384    /usr/lib/locale/locale-archive
b64c8000-b64ff000 r-xp 00000000 08:01 1366672    /usr/lib/jvm/java-8-oracle/jre/lib/i386/libjdwp.so
b64ff000-b6500000 rw-p 00037000 08:01 1366672    /usr/lib/jvm/java-8-oracle/jre/lib/i386/libjdwp.so
b6500000-b65fd000 rw-p 00000000 00:00 0 
b65fd000-b6600000 ---p 00000000 00:00 0 
b6600000-b6605000 r-xp 00000000 08:01 1317291    /usr/lib/i386-linux-gnu/libXtst.so.6.1.0
b6605000-b6606000 r--p 00004000 08:01 1317291    /usr/lib/i386-linux-gnu/libXtst.so.6.1.0
b6606000-b6607000 rw-p 00005000 08:01 1317291    /usr/lib/i386-linux-gnu/libXtst.so.6.1.0
b6607000-b660a000 r-xp 00000000 08:01 1317842    /usr/lib/i386-linux-gnu/libgmodule-2.0.so.0.4800.2
b660a000-b660b000 r--p 00002000 08:01 1317842    /usr/lib/i386-linux-gnu/libgmodule-2.0.so.0.4800.2
b660b000-b660c000 rw-p 00003000 08:01 1317842    /usr/lib/i386-linux-gnu/libgmodule-2.0.so.0.4800.2
b660c000-b6617000 r-xp 00000000 08:01 547027     /lib/i386-linux-gnu/libnss_nis-2.23.so
b6617000-b6618000 r--p 0000a000 08:01 547027     /lib/i386-linux-gnu/libnss_nis-2.23.so
b6618000-b6619000 rw-p 0000b000 08:01 547027     /lib/i386-linux-gnu/libnss_nis-2.23.so
b6619000-b661a000 r-xp 00000000 08:01 1317843    /usr/lib/i386-linux-gnu/libgthread-2.0.so.0.4800.2
b661a000-b661b000 r--p 00000000 08:01 1317843    /usr/lib/i386-linux-gnu/libgthread-2.0.so.0.4800.2
b661b000-b661c000 rw-p 00001000 08:01 1317843    /usr/lib/i386-linux-gnu/libgthread-2.0.so.0.4800.2
b661c000-b6627000 r-xp 00000000 08:01 1366645    /usr/lib/jvm/java-8-oracle/jre/lib/i386/libprism_es2.so
b6627000-b6628000 rw-p 0000a000 08:01 1366645    /usr/lib/jvm/java-8-oracle/jre/lib/i386/libprism_es2.so
b6628000-b6629000 r--s 00001000 08:01 1200628    /home/ubuntu/NetBeansProjects/xProjectCAM/dist/run865126026/xProjectCAM-JOL.jar
b6629000-b662c000 r-xp 00000000 08:01 1366678    /usr/lib/jvm/java-8-oracle/jre/lib/i386/libdt_socket.so
b662c000-b662d000 rw-p 00003000 08:01 1366678    /usr/lib/jvm/java-8-oracle/jre/lib/i386/libdt_socket.so
b662d000-b6635000 rw-s 00000000 08:01 670544     /tmp/hsperfdata_root/32595
b6635000-b6659000 r-xp 00000000 08:01 1366638    /usr/lib/jvm/java-8-oracle/jre/lib/i386/libjava.so
b6659000-b665a000 rw-p 00024000 08:01 1366638    /usr/lib/jvm/java-8-oracle/jre/lib/i386/libjava.so
b665a000-b6661000 r-xp 00000000 08:01 547029     /lib/i386-linux-gnu/librt-2.23.so
b6661000-b6662000 r--p 00006000 08:01 547029     /lib/i386-linux-gnu/librt-2.23.so
b6662000-b6663000 rw-p 00007000 08:01 547029     /lib/i386-linux-gnu/librt-2.23.so
b6663000-b6666000 ---p 00000000 00:00 0 
b6666000-b66b4000 rw-p 00000000 00:00 0 
b66b4000-b6707000 r-xp 00000000 08:01 547956     /lib/i386-linux-gnu/libm-2.23.so
b6707000-b6708000 r--p 00052000 08:01 547956     /lib/i386-linux-gnu/libm-2.23.so
b6708000-b6709000 rw-p 00053000 08:01 547956     /lib/i386-linux-gnu/libm-2.23.so
b6709000-b709a000 r-xp 00000000 08:01 1366653    /usr/lib/jvm/java-8-oracle/jre/lib/i386/server/libjvm.so
b709a000-b7108000 rw-p 00990000 08:01 1366653    /usr/lib/jvm/java-8-oracle/jre/lib/i386/server/libjvm.so
b7108000-b7531000 rw-p 00000000 00:00 0 
b7531000-b76e1000 r-xp 00000000 08:01 548079     /lib/i386-linux-gnu/libc-2.23.so
b76e1000-b76e3000 r--p 001af000 08:01 548079     /lib/i386-linux-gnu/libc-2.23.so
b76e3000-b76e4000 rw-p 001b1000 08:01 548079     /lib/i386-linux-gnu/libc-2.23.so
b76e4000-b76e7000 rw-p 00000000 00:00 0 
b76e7000-b76ea000 r-xp 00000000 08:01 547145     /lib/i386-linux-gnu/libdl-2.23.so
b76ea000-b76eb000 r--p 00002000 08:01 547145     /lib/i386-linux-gnu/libdl-2.23.so
b76eb000-b76ec000 rw-p 00003000 08:01 547145     /lib/i386-linux-gnu/libdl-2.23.so
b76ec000-b7700000 r-xp 00000000 08:01 1366680    /usr/lib/jvm/java-8-oracle/jre/lib/i386/jli/libjli.so
b7700000-b7701000 rw-p 00014000 08:01 1366680    /usr/lib/jvm/java-8-oracle/jre/lib/i386/jli/libjli.so
b7701000-b771a000 r-xp 00000000 08:01 546475     /lib/i386-linux-gnu/libpthread-2.23.so
b771a000-b771b000 r--p 00018000 08:01 546475     /lib/i386-linux-gnu/libpthread-2.23.so
b771b000-b771c000 rw-p 00019000 08:01 546475     /lib/i386-linux-gnu/libpthread-2.23.so
b771c000-b771e000 rw-p 00000000 00:00 0 
b771e000-b7726000 r-xp 00000000 08:01 547146     /lib/i386-linux-gnu/libnss_compat-2.23.so
b7726000-b7727000 r--p 00007000 08:01 547146     /lib/i386-linux-gnu/libnss_compat-2.23.so
b7727000-b7728000 rw-p 00008000 08:01 547146     /lib/i386-linux-gnu/libnss_compat-2.23.so
b7728000-b7729000 r--p 002d4000 08:01 1357384    /usr/lib/locale/locale-archive
b7729000-b772b000 r-xp 00000000 08:01 1366642    /usr/lib/jvm/java-8-oracle/jre/lib/i386/libnpt.so
b772b000-b772c000 rw-p 00001000 08:01 1366642    /usr/lib/jvm/java-8-oracle/jre/lib/i386/libnpt.so
b772c000-b772d000 rw-p 00000000 00:00 0 
b772d000-b772e000 r--p 00000000 00:00 0 
b772e000-b7739000 r-xp 00000000 08:01 1366709    /usr/lib/jvm/java-8-oracle/jre/lib/i386/libverify.so
b7739000-b773a000 rw-p 0000b000 08:01 1366709    /usr/lib/jvm/java-8-oracle/jre/lib/i386/libverify.so
b773a000-b773c000 rw-p 00000000 00:00 0 
b773c000-b773e000 r--p 00000000 00:00 0          [vvar]
b773e000-b773f000 r-xp 00000000 00:00 0          [vdso]
b773f000-b7761000 r-xp 00000000 08:01 529610     /lib/i386-linux-gnu/ld-2.23.so
b7761000-b7762000 rw-p 00000000 00:00 0 
b7762000-b7763000 r--p 00022000 08:01 529610     /lib/i386-linux-gnu/ld-2.23.so
b7763000-b7764000 rw-p 00023000 08:01 529610     /lib/i386-linux-gnu/ld-2.23.so
bf831000-bf852000 rw-p 00000000 00:00 0          [stack]

VM Arguments:
jvm_args: -Xdebug -Xrunjdwp:transport=dt_socket,address=localhost:42010 -Dglass.disableGrab=true -Dfile.encoding=UTF-8 
java_command: /home/ubuntu/NetBeansProjects/xProjectCAM/dist/run865126026/xProjectCAM-JOL.jar
java_class_path (initial): /home/ubuntu/NetBeansProjects/xProjectCAM/dist/run865126026/xProjectCAM-JOL.jar
Launcher Type: SUN_STANDARD

Environment Variables:
PATH=/usr/local/sbin:/usr/local/bin:/usr/sbin:/usr/bin:/sbin:/bin:/snap/bin
USERNAME=root
LD_LIBRARY_PATH=/usr/lib/jvm/java-8-oracle/jre/lib/amd64:/usr/lib/jvm/java-8-oracle/jre/lib/i386:
SHELL=/bin/bash
DISPLAY=:0

Signal Handlers:
SIGSEGV: [libjvm.so+0x8dbed0], sa_mask[0]=11111111011111111101111111111110, sa_flags=SA_RESTART|SA_SIGINFO
SIGBUS: [libjvm.so+0x8dbed0], sa_mask[0]=11111111011111111101111111111110, sa_flags=SA_RESTART|SA_SIGINFO
SIGFPE: [libjvm.so+0x758b80], sa_mask[0]=11111111011111111101111111111110, sa_flags=SA_RESTART|SA_SIGINFO
SIGPIPE: SIG_IGN, sa_mask[0]=00000000000010000000000000000000, sa_flags=SA_RESTART
SIGXFSZ: [libjvm.so+0x758b80], sa_mask[0]=11111111011111111101111111111110, sa_flags=SA_RESTART|SA_SIGINFO
SIGILL: [libjvm.so+0x758b80], sa_mask[0]=11111111011111111101111111111110, sa_flags=SA_RESTART|SA_SIGINFO
SIGUSR1: SIG_DFL, sa_mask[0]=00000000000000000000000000000000, sa_flags=none
SIGUSR2: [libjvm.so+0x75a430], sa_mask[0]=00100000000000000000000000000000, sa_flags=SA_RESTART|SA_SIGINFO
SIGHUP: [libjvm.so+0x75b8e0], sa_mask[0]=11111111011111111101111111111110, sa_flags=SA_RESTART|SA_SIGINFO
SIGINT: SIG_IGN, sa_mask[0]=00000000000000000000000000000000, sa_flags=none
SIGTERM: [libjvm.so+0x75b8e0], sa_mask[0]=11111111011111111101111111111110, sa_flags=SA_RESTART|SA_SIGINFO
SIGQUIT: [libjvm.so+0x75b8e0], sa_mask[0]=11111111011111111101111111111110, sa_flags=SA_RESTART|SA_SIGINFO


---------------  S Y S T E M  ---------------

OS:DISTRIB_ID=Ubuntu
DISTRIB_RELEASE=16.04
DISTRIB_CODENAME=xenial
DISTRIB_DESCRIPTION="Ubuntu 16.04.3 LTS"

uname:Linux 4.4.0-96-generic #119-Ubuntu SMP Tue Sep 12 14:58:51 UTC 2017 i686
libc:glibc 2.23 NPTL 2.23 
rlimit: STACK 8192k, CORE 0k, NPROC 32038, NOFILE 1048576, AS infinity
load average:0.67 0.93 0.85

/proc/meminfo:
MemTotal:        4138752 kB
MemFree:          710280 kB
MemAvailable:    2023724 kB
Buffers:          242964 kB
Cached:          1154664 kB
SwapCached:         4064 kB
Active:          2410472 kB
Inactive:         565140 kB
Active(anon):    1472688 kB
Inactive(anon):   128964 kB
Active(file):     937784 kB
Inactive(file):   436176 kB
Unevictable:          32 kB
Mlocked:              32 kB
HighTotal:       3280840 kB
HighFree:         562848 kB
LowTotal:         857912 kB
LowFree:          147432 kB
SwapTotal:       4192252 kB
SwapFree:        4161472 kB
Dirty:                16 kB
Writeback:             0 kB
AnonPages:       1575200 kB
Mapped:           253088 kB
Shmem:             23668 kB
Slab:             406404 kB
SReclaimable:     384372 kB
SUnreclaim:        22032 kB
KernelStack:        4656 kB
PageTables:        13216 kB
NFS_Unstable:          0 kB
Bounce:                0 kB
WritebackTmp:          0 kB
CommitLimit:     6261628 kB
Committed_AS:    4987380 kB
VmallocTotal:     122880 kB
VmallocUsed:           0 kB
VmallocChunk:          0 kB
AnonHugePages:    940032 kB
CmaTotal:              0 kB
CmaFree:               0 kB
HugePages_Total:       0
HugePages_Free:        0
HugePages_Rsvd:        0
HugePages_Surp:        0
Hugepagesize:       2048 kB
DirectMap4k:       32760 kB
DirectMap2M:      880640 kB


CPU:total 4 (initial active 4) (4 cores per cpu, 1 threads per core) family 6 model 42 stepping 7, cmov, cx8, fxsr, mmx, sse, sse2, sse3, ssse3, sse4.1, sse4.2, popcnt, avx, aes, clmul, tsc, tscinvbit

/proc/cpuinfo:
processor	: 0
vendor_id	: GenuineIntel
cpu family	: 6
model		: 42
model name	: Intel(R) Core(TM) i7-2630QM CPU @ 2.00GHz
stepping	: 7
cpu MHz		: 2026.088
cache size	: 6144 KB
physical id	: 0
siblings	: 4
core id		: 0
cpu cores	: 4
apicid		: 0
initial apicid	: 0
fdiv_bug	: no
f00f_bug	: no
coma_bug	: no
fpu		: yes
fpu_exception	: yes
cpuid level	: 13
wp		: yes
flags		: fpu vme de pse tsc msr pae mce cx8 apic sep mtrr pge mca cmov pat pse36 clflush mmx fxsr sse sse2 ht nx rdtscp constant_tsc xtopology nonstop_tsc pni pclmulqdq ssse3 cx16 sse4_1 sse4_2 x2apic popcnt aes xsave avx hypervisor lahf_lm
bugs		:
bogomips	: 4052.17
clflush size	: 64
cache_alignment	: 64
address sizes	: 36 bits physical, 48 bits virtual
power management:

processor	: 1
vendor_id	: GenuineIntel
cpu family	: 6
model		: 42
model name	: Intel(R) Core(TM) i7-2630QM CPU @ 2.00GHz
stepping	: 7
cpu MHz		: 2026.088
cache size	: 6144 KB
physical id	: 0
siblings	: 4
core id		: 1
cpu cores	: 4
apicid		: 1
initial apicid	: 1
fdiv_bug	: no
f00f_bug	: no
coma_bug	: no
fpu		: yes
fpu_exception	: yes
cpuid level	: 13
wp		: yes
flags		: fpu vme de pse tsc msr pae mce cx8 apic sep mtrr pge mca cmov pat pse36 clflush mmx fxsr sse sse2 ht nx rdtscp constant_tsc xtopology nonstop_tsc pni pclmulqdq ssse3 cx16 sse4_1 sse4_2 x2apic popcnt aes xsave avx hypervisor lahf_lm
bugs		:
bogomips	: 4052.17
clflush size	: 64
cache_alignment	: 64
address sizes	: 36 bits physical, 48 bits virtual
power management:

processor	: 2
vendor_id	: GenuineIntel
cpu family	: 6
model		: 42
model name	: Intel(R) Core(TM) i7-2630QM CPU @ 2.00GHz
stepping	: 7
cpu MHz		: 2026.088
cache size	: 6144 KB
physical id	: 0
siblings	: 4
core id		: 2
cpu cores	: 4
apicid		: 2
initial apicid	: 2
fdiv_bug	: no
f00f_bug	: no
coma_bug	: no
fpu		: yes
fpu_exception	: yes
cpuid level	: 13
wp		: yes
flags		: fpu vme de pse tsc msr pae mce cx8 apic sep mtrr pge mca cmov pat pse36 clflush mmx fxsr sse sse2 ht nx rdtscp constant_tsc xtopology nonstop_tsc pni pclmulqdq ssse3 cx16 sse4_1 sse4_2 x2apic popcnt aes xsave avx hypervisor lahf_lm
bugs		:
bogomips	: 4052.17
clflush size	: 64
cache_alignment	: 64
address sizes	: 36 bits physical, 48 bits virtual
power management:

processor	: 3
vendor_id	: GenuineIntel
cpu family	: 6
model		: 42
model name	: Intel(R) Core(TM) i7-2630QM CPU @ 2.00GHz
stepping	: 7
cpu MHz		: 2026.088
cache size	: 6144 KB
physical id	: 0
siblings	: 4
core id		: 3
cpu cores	: 4
apicid		: 3
initial apicid	: 3
fdiv_bug	: no
f00f_bug	: no
coma_bug	: no
fpu		: yes
fpu_exception	: yes
cpuid level	: 13
wp		: yes
flags		: fpu vme de pse tsc msr pae mce cx8 apic sep mtrr pge mca cmov pat pse36 clflush mmx fxsr sse sse2 ht nx rdtscp constant_tsc xtopology nonstop_tsc pni pclmulqdq ssse3 cx16 sse4_1 sse4_2 x2apic popcnt aes xsave avx hypervisor lahf_lm
bugs		:
bogomips	: 4052.17
clflush size	: 64
cache_alignment	: 64
address sizes	: 36 bits physical, 48 bits virtual
power management:



Memory: 4k page, physical 4138752k(709536k free), swap 4192252k(4161472k free)

vm_info: Java HotSpot(TM) Server VM (25.144-b01) for linux-x86 JRE (1.8.0_144-b01), built on Jul 22 2017 02:26:52 by "java_re" with gcc 4.3.0 20080428 (Red Hat 4.3.0-8)

time: Fri Sep 29 21:06:56 2017
elapsed time: 135 seconds (0d 0h 2m 15s)

